TIMESTAMP: 13, UE_ID: 289, CELL_SOURCE_ID: 19, CELL_TARGET_ID: 1, RSRP_SOURCE: -94.28, RSRP_TARGET: -70.81, RSRQ_SOURCE: -3.00, RSRQ_TARGET: -3.00, SINR_SOURCE: 12.95, SINR_TARGET: 38.97, TIME_TO_TRIGGER: 8.00, A3_OFFSET: 8.00, HOF: 1
TIMESTAMP: 14, UE_ID: 246, CELL_SOURCE_ID: 15, CELL_TARGET_ID: 1, RSRP_SOURCE: -89.70, RSRP_TARGET: -45.66, RSRQ_SOURCE: -3.00, RSRQ_TARGET: -3.00, SINR_SOURCE: 11.49, SINR_TARGET: 62.56, TIME_TO_TRIGGER: 8.00, A3_OFFSET: 8.00, HOF: 1
TIMESTAMP: 14, UE_ID: 284, CELL_SOURCE_ID: 15, CELL_TARGET_ID: 1, RSRP_SOURCE: -99.54, RSRP_TARGET: -86.75, RSRQ_SOURCE: -3.00, RSRQ_TARGET: -3.00, SINR_SOURCE: -0.21, SINR_TARGET: 26.16, TIME_TO_TRIGGER: 8.00, A3_OFFSET: 8.00, HOF: 1
TIMESTAMP: 17, UE_ID: 284, CELL_SOURCE_ID: 1, CELL_TARGET_ID: 2, RSRP_SOURCE: -96.07, RSRP_TARGET: -87.54, RSRQ_SOURCE: -3.00, RSRQ_TARGET: -3.00, SINR_SOURCE: 14.90, SINR_TARGET: 23.06, TIME_TO_TRIGGER: 8.00, A3_OFFSET: 8.00, HOF: 1
TIMESTAMP: 18, UE_ID: 243, CELL_SOURCE_ID: 8, CELL_TARGET_ID: 1, RSRP_SOURCE: -79.90, RSRP_TARGET: -28.44, RSRQ_SOURCE: -3.00, RSRQ_TARGET: -3.00, SINR_SOURCE: 28.39, SINR_TARGET: 78.58, TIME_TO_TRIGGER: 8.00, A3_OFFSET: 8.00, HOF: 1
TIMESTAMP: 18, UE_ID: 253, CELL_SOURCE_ID: 17, CELL_TARGET_ID: 1, RSRP_SOURCE: -76.92, RSRP_TARGET: -65.08, RSRQ_SOURCE: -3.00, RSRQ_TARGET: -3.00, SINR_SOURCE: 26.91, SINR_TARGET: 44.91, TIME_TO_TRIGGER: 8.00, A3_OFFSET: 8.00, HOF: 0
TIMESTAMP: 24, UE_ID: 262, CELL_SOURCE_ID: 3, CELL_TARGET_ID: 1, RSRP_SOURCE: -81.93, RSRP_TARGET: -73.69, RSRQ_SOURCE: -3.00, RSRQ_TARGET: -3.00, SINR_SOURCE: 25.83, SINR_TARGET: 32.43, TIME_TO_TRIGGER: 8.00, A3_OFFSET: 8.00, HOF: 1
TIMESTAMP: 25, UE_ID: 273, CELL_SOURCE_ID: 21, CELL_TARGET_ID: 1, RSRP_SOURCE: -94.81, RSRP_TARGET: -75.44, RSRQ_SOURCE: -3.00, RSRQ_TARGET: -3.00, SINR_SOURCE: 10.31, SINR_TARGET: 34.85, TIME_TO_TRIGGER: 8.00, A3_OFFSET: 8.00, HOF: 1
TIMESTAMP: 27, UE_ID: 253, CELL_SOURCE_ID: 17, CELL_TARGET_ID: 1, RSRP_SOURCE: -87.85, RSRP_TARGET: -78.87, RSRQ_SOURCE: -3.00, RSRQ_TARGET: -3.00, SINR_SOURCE: 19.54, SINR_TARGET: 36.28, TIME_TO_TRIGGER: 8.00, A3_OFFSET: 8.00, HOF: 1
TIMESTAMP: 29, UE_ID: 253, CELL_SOURCE_ID: 1, CELL_TARGET_ID: 2, RSRP_SOURCE: -91.52, RSRP_TARGET: -75.95, RSRQ_SOURCE: -3.00, RSRQ_TARGET: -3.00, SINR_SOURCE: 20.76, SINR_TARGET: 37.19, TIME_TO_TRIGGER: 8.00, A3_OFFSET: 8.00, HOF: 1
TIMESTAMP: 29, UE_ID: 262, CELL_SOURCE_ID: 1, CELL_TARGET_ID: 2, RSRP_SOURCE: -85.14, RSRP_TARGET: -76.22, RSRQ_SOURCE: -3.00, RSRQ_TARGET: -3.00, SINR_SOURCE: 24.66, SINR_TARGET: 36.34, TIME_TO_TRIGGER: 8.00, A3_OFFSET: 8.00, HOF: 1
TIMESTAMP: 29, UE_ID: 273, CELL_SOURCE_ID: 1, CELL_TARGET_ID: 2, RSRP_SOURCE: -82.82, RSRP_TARGET: -73.31, RSRQ_SOURCE: -3.00, RSRQ_TARGET: -3.00, SINR_SOURCE: 26.87, SINR_TARGET: 37.31, TIME_TO_TRIGGER: 8.00, A3_OFFSET: 8.00, HOF: 1
TIMESTAMP: 30, UE_ID: 258, CELL_SOURCE_ID: 11, CELL_TARGET_ID: 3, RSRP_SOURCE: -105.21, RSRP_TARGET: -93.90, RSRQ_SOURCE: -3.00, RSRQ_TARGET: -3.00, SINR_SOURCE: 4.93, SINR_TARGET: 19.31, TIME_TO_TRIGGER: 8.00, A3_OFFSET: 8.00, HOF: 1
TIMESTAMP: 30, UE_ID: 267, CELL_SOURCE_ID: 17, CELL_TARGET_ID: 1, RSRP_SOURCE: -108.66, RSRP_TARGET: -95.67, RSRQ_SOURCE: -3.00, RSRQ_TARGET: -3.00, SINR_SOURCE: -6.38, SINR_TARGET: 17.29, TIME_TO_TRIGGER: 8.00, A3_OFFSET: 8.00, HOF: 1
TIMESTAMP: 30, UE_ID: 293, CELL_SOURCE_ID: 12, CELL_TARGET_ID: 1, RSRP_SOURCE: -82.66, RSRP_TARGET: -69.46, RSRQ_SOURCE: -3.00, RSRQ_TARGET: -3.00, SINR_SOURCE: 28.56, SINR_TARGET: 40.28, TIME_TO_TRIGGER: 8.00, A3_OFFSET: 8.00, HOF: 1
TIMESTAMP: 31, UE_ID: 243, CELL_SOURCE_ID: 1, CELL_TARGET_ID: 2, RSRP_SOURCE: -84.01, RSRP_TARGET: -68.68, RSRQ_SOURCE: -3.00, RSRQ_TARGET: -3.00, SINR_SOURCE: 25.26, SINR_TARGET: 42.35, TIME_TO_TRIGGER: 8.00, A3_OFFSET: 8.00, HOF: 1
TIMESTAMP: 31, UE_ID: 287, CELL_SOURCE_ID: 17, CELL_TARGET_ID: 1, RSRP_SOURCE: -80.11, RSRP_TARGET: -68.95, RSRQ_SOURCE: -3.00, RSRQ_TARGET: -3.00, SINR_SOURCE: 29.00, SINR_TARGET: 41.74, TIME_TO_TRIGGER: 8.00, A3_OFFSET: 8.00, HOF: 1
TIMESTAMP: 32, UE_ID: 253, CELL_SOURCE_ID: 2, CELL_TARGET_ID: 1, RSRP_SOURCE: -101.26, RSRP_TARGET: -88.27, RSRQ_SOURCE: -3.00, RSRQ_TARGET: -3.00, SINR_SOURCE: 6.03, SINR_TARGET: 19.96, TIME_TO_TRIGGER: 8.00, A3_OFFSET: 8.00, HOF: 1
TIMESTAMP: 32, UE_ID: 262, CELL_SOURCE_ID: 2, CELL_TARGET_ID: 1, RSRP_SOURCE: -96.12, RSRP_TARGET: -78.23, RSRQ_SOURCE: -3.00, RSRQ_TARGET: -3.00, SINR_SOURCE: 6.12, SINR_TARGET: 32.02, TIME_TO_TRIGGER: 8.00, A3_OFFSET: 8.00, HOF: 1
TIMESTAMP: 33, UE_ID: 273, CELL_SOURCE_ID: 2, CELL_TARGET_ID: 1, RSRP_SOURCE: -82.05, RSRP_TARGET: -72.29, RSRQ_SOURCE: -3.00, RSRQ_TARGET: -3.00, SINR_SOURCE: 24.68, SINR_TARGET: 39.41, TIME_TO_TRIGGER: 8.00, A3_OFFSET: 8.00, HOF: 1
TIMESTAMP: 33, UE_ID: 284, CELL_SOURCE_ID: 2, CELL_TARGET_ID: 1, RSRP_SOURCE: -96.44, RSRP_TARGET: -85.75, RSRQ_SOURCE: -3.00, RSRQ_TARGET: -3.00, SINR_SOURCE: 12.50, SINR_TARGET: 25.62, TIME_TO_TRIGGER: 8.00, A3_OFFSET: 8.00, HOF: 1
TIMESTAMP: 33, UE_ID: 296, CELL_SOURCE_ID: 3, CELL_TARGET_ID: 1, RSRP_SOURCE: -62.74, RSRP_TARGET: -50.22, RSRQ_SOURCE: -3.00, RSRQ_TARGET: -3.00, SINR_SOURCE: 45.95, SINR_TARGET: 54.65, TIME_TO_TRIGGER: 8.00, A3_OFFSET: 8.00, HOF: 1
TIMESTAMP: 34, UE_ID: 262, CELL_SOURCE_ID: 1, CELL_TARGET_ID: 2, RSRP_SOURCE: -85.34, RSRP_TARGET: -75.75, RSRQ_SOURCE: -3.00, RSRQ_TARGET: -3.00, SINR_SOURCE: 24.79, SINR_TARGET: 36.36, TIME_TO_TRIGGER: 8.00, A3_OFFSET: 8.00, HOF: 1
TIMESTAMP: 36, UE_ID: 243, CELL_SOURCE_ID: 2, CELL_TARGET_ID: 1, RSRP_SOURCE: -78.19, RSRP_TARGET: -69.87, RSRQ_SOURCE: -3.00, RSRQ_TARGET: -3.00, SINR_SOURCE: 31.19, SINR_TARGET: 38.66, TIME_TO_TRIGGER: 8.00, A3_OFFSET: 8.00, HOF: 1
TIMESTAMP: 38, UE_ID: 252, CELL_SOURCE_ID: 17, CELL_TARGET_ID: 1, RSRP_SOURCE: -101.89, RSRP_TARGET: -83.88, RSRQ_SOURCE: -3.00, RSRQ_TARGET: -3.00, SINR_SOURCE: 3.85, SINR_TARGET: 28.45, TIME_TO_TRIGGER: 8.00, A3_OFFSET: 8.00, HOF: 1
TIMESTAMP: 38, UE_ID: 260, CELL_SOURCE_ID: 10, CELL_TARGET_ID: 1, RSRP_SOURCE: -87.30, RSRP_TARGET: -48.09, RSRQ_SOURCE: -3.00, RSRQ_TARGET: -3.00, SINR_SOURCE: 25.47, SINR_TARGET: 56.90, TIME_TO_TRIGGER: 8.00, A3_OFFSET: 8.00, HOF: 1
TIMESTAMP: 38, UE_ID: 262, CELL_SOURCE_ID: 2, CELL_TARGET_ID: 1, RSRP_SOURCE: -88.14, RSRP_TARGET: -77.60, RSRQ_SOURCE: -3.00, RSRQ_TARGET: -3.00, SINR_SOURCE: 22.08, SINR_TARGET: 32.41, TIME_TO_TRIGGER: 8.00, A3_OFFSET: 8.00, HOF: 1
TIMESTAMP: 38, UE_ID: 278, CELL_SOURCE_ID: 10, CELL_TARGET_ID: 1, RSRP_SOURCE: -93.13, RSRP_TARGET: -80.96, RSRQ_SOURCE: -3.00, RSRQ_TARGET: -3.00, SINR_SOURCE: 15.10, SINR_TARGET: 31.53, TIME_TO_TRIGGER: 8.00, A3_OFFSET: 8.00, HOF: 1
TIMESTAMP: 39, UE_ID: 241, CELL_SOURCE_ID: 17, CELL_TARGET_ID: 1, RSRP_SOURCE: -93.48, RSRP_TARGET: -74.79, RSRQ_SOURCE: -3.00, RSRQ_TARGET: -3.00, SINR_SOURCE: 14.03, SINR_TARGET: 32.71, TIME_TO_TRIGGER: 8.00, A3_OFFSET: 8.00, HOF: 1
TIMESTAMP: 39, UE_ID: 251, CELL_SOURCE_ID: 19, CELL_TARGET_ID: 1, RSRP_SOURCE: -95.43, RSRP_TARGET: -86.18, RSRQ_SOURCE: -3.00, RSRQ_TARGET: -3.00, SINR_SOURCE: 15.32, SINR_TARGET: 21.81, TIME_TO_TRIGGER: 8.00, A3_OFFSET: 8.00, HOF: 1
TIMESTAMP: 39, UE_ID: 266, CELL_SOURCE_ID: 19, CELL_TARGET_ID: 1, RSRP_SOURCE: -96.01, RSRP_TARGET: -84.18, RSRQ_SOURCE: -3.00, RSRQ_TARGET: -3.00, SINR_SOURCE: 14.28, SINR_TARGET: 30.52, TIME_TO_TRIGGER: 8.00, A3_OFFSET: 8.00, HOF: 1
TIMESTAMP: 39, UE_ID: 268, CELL_SOURCE_ID: 17, CELL_TARGET_ID: 1, RSRP_SOURCE: -78.74, RSRP_TARGET: -65.05, RSRQ_SOURCE: -3.00, RSRQ_TARGET: -3.00, SINR_SOURCE: 31.54, SINR_TARGET: 41.72, TIME_TO_TRIGGER: 8.00, A3_OFFSET: 8.00, HOF: 1
TIMESTAMP: 39, UE_ID: 272, CELL_SOURCE_ID: 12, CELL_TARGET_ID: 1, RSRP_SOURCE: -95.26, RSRP_TARGET: -84.29, RSRQ_SOURCE: -3.00, RSRQ_TARGET: -3.00, SINR_SOURCE: 15.95, SINR_TARGET: 24.79, TIME_TO_TRIGGER: 8.00, A3_OFFSET: 8.00, HOF: 1
TIMESTAMP: 45, UE_ID: 244, CELL_SOURCE_ID: 13, CELL_TARGET_ID: 1, RSRP_SOURCE: -79.43, RSRP_TARGET: -69.41, RSRQ_SOURCE: -3.00, RSRQ_TARGET: -3.00, SINR_SOURCE: 33.33, SINR_TARGET: 39.66, TIME_TO_TRIGGER: 8.00, A3_OFFSET: 8.00, HOF: 1
TIMESTAMP: 45, UE_ID: 280, CELL_SOURCE_ID: 17, CELL_TARGET_ID: 1, RSRP_SOURCE: -66.68, RSRP_TARGET: -53.96, RSRQ_SOURCE: -3.00, RSRQ_TARGET: -3.00, SINR_SOURCE: 42.10, SINR_TARGET: 61.29, TIME_TO_TRIGGER: 8.00, A3_OFFSET: 8.00, HOF: 1
TIMESTAMP: 46, UE_ID: 269, CELL_SOURCE_ID: 6, CELL_TARGET_ID: 4, RSRP_SOURCE: -106.38, RSRP_TARGET: -88.35, RSRQ_SOURCE: -3.00, RSRQ_TARGET: -3.00, SINR_SOURCE: 1.29, SINR_TARGET: 23.78, TIME_TO_TRIGGER: 8.00, A3_OFFSET: 8.00, HOF: 1
TIMESTAMP: 48, UE_ID: 267, CELL_SOURCE_ID: 1, CELL_TARGET_ID: 2, RSRP_SOURCE: -95.18, RSRP_TARGET: -84.86, RSRQ_SOURCE: -3.00, RSRQ_TARGET: -3.00, SINR_SOURCE: 18.92, SINR_TARGET: 24.74, TIME_TO_TRIGGER: 8.00, A3_OFFSET: 8.00, HOF: 1
TIMESTAMP: 48, UE_ID: 296, CELL_SOURCE_ID: 1, CELL_TARGET_ID: 2, RSRP_SOURCE: -87.72, RSRP_TARGET: -78.65, RSRQ_SOURCE: -3.00, RSRQ_TARGET: -3.00, SINR_SOURCE: 23.50, SINR_TARGET: 34.12, TIME_TO_TRIGGER: 8.00, A3_OFFSET: 8.00, HOF: 1
TIMESTAMP: 49, UE_ID: 243, CELL_SOURCE_ID: 1, CELL_TARGET_ID: 2, RSRP_SOURCE: -89.55, RSRP_TARGET: -78.91, RSRQ_SOURCE: -3.00, RSRQ_TARGET: -3.00, SINR_SOURCE: 20.10, SINR_TARGET: 29.21, TIME_TO_TRIGGER: 8.00, A3_OFFSET: 8.00, HOF: 1
TIMESTAMP: 49, UE_ID: 244, CELL_SOURCE_ID: 1, CELL_TARGET_ID: 2, RSRP_SOURCE: -85.80, RSRP_TARGET: -77.74, RSRQ_SOURCE: -3.00, RSRQ_TARGET: -3.00, SINR_SOURCE: 22.32, SINR_TARGET: 32.09, TIME_TO_TRIGGER: 8.00, A3_OFFSET: 8.00, HOF: 1
TIMESTAMP: 49, UE_ID: 246, CELL_SOURCE_ID: 1, CELL_TARGET_ID: 2, RSRP_SOURCE: -91.15, RSRP_TARGET: -80.26, RSRQ_SOURCE: -3.00, RSRQ_TARGET: -3.00, SINR_SOURCE: 19.65, SINR_TARGET: 29.82, TIME_TO_TRIGGER: 8.00, A3_OFFSET: 8.00, HOF: 1
TIMESTAMP: 49, UE_ID: 253, CELL_SOURCE_ID: 1, CELL_TARGET_ID: 2, RSRP_SOURCE: -97.25, RSRP_TARGET: -86.02, RSRQ_SOURCE: -3.00, RSRQ_TARGET: -3.00, SINR_SOURCE: 14.26, SINR_TARGET: 26.23, TIME_TO_TRIGGER: 8.00, A3_OFFSET: 8.00, HOF: 1
TIMESTAMP: 49, UE_ID: 262, CELL_SOURCE_ID: 1, CELL_TARGET_ID: 2, RSRP_SOURCE: -86.40, RSRP_TARGET: -72.96, RSRQ_SOURCE: -3.00, RSRQ_TARGET: -3.00, SINR_SOURCE: 25.58, SINR_TARGET: 37.15, TIME_TO_TRIGGER: 8.00, A3_OFFSET: 8.00, HOF: 1
TIMESTAMP: 50, UE_ID: 247, CELL_SOURCE_ID: 19, CELL_TARGET_ID: 1, RSRP_SOURCE: -107.30, RSRP_TARGET: -96.58, RSRQ_SOURCE: -3.00, RSRQ_TARGET: -3.00, SINR_SOURCE: -5.71, SINR_TARGET: 10.71, TIME_TO_TRIGGER: 8.00, A3_OFFSET: 8.00, HOF: 1
TIMESTAMP: 53, UE_ID: 253, CELL_SOURCE_ID: 2, CELL_TARGET_ID: 1, RSRP_SOURCE: -98.20, RSRP_TARGET: -90.19, RSRQ_SOURCE: -3.00, RSRQ_TARGET: -3.00, SINR_SOURCE: 9.32, SINR_TARGET: 23.69, TIME_TO_TRIGGER: 8.00, A3_OFFSET: 8.00, HOF: 1
TIMESTAMP: 53, UE_ID: 258, CELL_SOURCE_ID: 10, CELL_TARGET_ID: 1, RSRP_SOURCE: -104.51, RSRP_TARGET: -88.37, RSRQ_SOURCE: -3.00, RSRQ_TARGET: -3.00, SINR_SOURCE: 1.44, SINR_TARGET: 19.81, TIME_TO_TRIGGER: 8.00, A3_OFFSET: 8.00, HOF: 1
TIMESTAMP: 53, UE_ID: 262, CELL_SOURCE_ID: 2, CELL_TARGET_ID: 1, RSRP_SOURCE: -93.51, RSRP_TARGET: -84.06, RSRQ_SOURCE: -3.00, RSRQ_TARGET: -3.00, SINR_SOURCE: 17.36, SINR_TARGET: 24.84, TIME_TO_TRIGGER: 8.00, A3_OFFSET: 8.00, HOF: 1
TIMESTAMP: 53, UE_ID: 296, CELL_SOURCE_ID: 2, CELL_TARGET_ID: 1, RSRP_SOURCE: -85.57, RSRP_TARGET: -75.82, RSRQ_SOURCE: -3.00, RSRQ_TARGET: -3.00, SINR_SOURCE: 22.93, SINR_TARGET: 33.22, TIME_TO_TRIGGER: 8.00, A3_OFFSET: 8.00, HOF: 1
TIMESTAMP: 55, UE_ID: 260, CELL_SOURCE_ID: 1, CELL_TARGET_ID: 2, RSRP_SOURCE: -79.43, RSRP_TARGET: -71.09, RSRQ_SOURCE: -3.00, RSRQ_TARGET: -3.00, SINR_SOURCE: 30.93, SINR_TARGET: 37.05, TIME_TO_TRIGGER: 8.00, A3_OFFSET: 8.00, HOF: 1
TIMESTAMP: 56, UE_ID: 246, CELL_SOURCE_ID: 2, CELL_TARGET_ID: 1, RSRP_SOURCE: -98.58, RSRP_TARGET: -90.48, RSRQ_SOURCE: -3.00, RSRQ_TARGET: -3.00, SINR_SOURCE: 11.54, SINR_TARGET: 20.32, TIME_TO_TRIGGER: 8.00, A3_OFFSET: 8.00, HOF: 1
TIMESTAMP: 59, UE_ID: 243, CELL_SOURCE_ID: 2, CELL_TARGET_ID: 1, RSRP_SOURCE: -100.40, RSRP_TARGET: -83.87, RSRQ_SOURCE: -3.00, RSRQ_TARGET: -3.00, SINR_SOURCE: 6.74, SINR_TARGET: 27.84, TIME_TO_TRIGGER: 8.00, A3_OFFSET: 8.00, HOF: 1
TIMESTAMP: 59, UE_ID: 244, CELL_SOURCE_ID: 2, CELL_TARGET_ID: 1, RSRP_SOURCE: -101.22, RSRP_TARGET: -78.97, RSRQ_SOURCE: -3.00, RSRQ_TARGET: -3.00, SINR_SOURCE: 3.91, SINR_TARGET: 28.77, TIME_TO_TRIGGER: 8.00, A3_OFFSET: 8.00, HOF: 1
TIMESTAMP: 59, UE_ID: 256, CELL_SOURCE_ID: 17, CELL_TARGET_ID: 1, RSRP_SOURCE: -93.65, RSRP_TARGET: -82.06, RSRQ_SOURCE: -3.00, RSRQ_TARGET: -3.00, SINR_SOURCE: 12.63, SINR_TARGET: 29.48, TIME_TO_TRIGGER: 8.00, A3_OFFSET: 8.00, HOF: 1
TIMESTAMP: 59, UE_ID: 260, CELL_SOURCE_ID: 2, CELL_TARGET_ID: 1, RSRP_SOURCE: -93.44, RSRP_TARGET: -76.17, RSRQ_SOURCE: -3.00, RSRQ_TARGET: -3.00, SINR_SOURCE: 13.02, SINR_TARGET: 34.03, TIME_TO_TRIGGER: 8.00, A3_OFFSET: 8.00, HOF: 1
TIMESTAMP: 60, UE_ID: 281, CELL_SOURCE_ID: 4, CELL_TARGET_ID: 1, RSRP_SOURCE: -93.32, RSRP_TARGET: -79.26, RSRQ_SOURCE: -3.00, RSRQ_TARGET: -3.00, SINR_SOURCE: 17.23, SINR_TARGET: 32.39, TIME_TO_TRIGGER: 8.00, A3_OFFSET: 8.00, HOF: 1
TIMESTAMP: 60, UE_ID: 286, CELL_SOURCE_ID: 4, CELL_TARGET_ID: 1, RSRP_SOURCE: -98.91, RSRP_TARGET: -83.26, RSRQ_SOURCE: -3.00, RSRQ_TARGET: -3.00, SINR_SOURCE: 8.10, SINR_TARGET: 25.80, TIME_TO_TRIGGER: 8.00, A3_OFFSET: 8.00, HOF: 1
TIMESTAMP: 62, UE_ID: 290, CELL_SOURCE_ID: 15, CELL_TARGET_ID: 1, RSRP_SOURCE: -99.04, RSRP_TARGET: -90.14, RSRQ_SOURCE: -3.00, RSRQ_TARGET: -3.00, SINR_SOURCE: 7.11, SINR_TARGET: 21.95, TIME_TO_TRIGGER: 8.00, A3_OFFSET: 8.00, HOF: 1
TIMESTAMP: 63, UE_ID: 244, CELL_SOURCE_ID: 1, CELL_TARGET_ID: 2, RSRP_SOURCE: -99.67, RSRP_TARGET: -89.85, RSRQ_SOURCE: -3.00, RSRQ_TARGET: -3.00, SINR_SOURCE: 11.35, SINR_TARGET: 18.34, TIME_TO_TRIGGER: 8.00, A3_OFFSET: 8.00, HOF: 1
TIMESTAMP: 63, UE_ID: 296, CELL_SOURCE_ID: 1, CELL_TARGET_ID: 2, RSRP_SOURCE: -92.90, RSRP_TARGET: -84.70, RSRQ_SOURCE: -3.00, RSRQ_TARGET: -3.00, SINR_SOURCE: 20.06, SINR_TARGET: 24.59, TIME_TO_TRIGGER: 8.00, A3_OFFSET: 8.00, HOF: 1
TIMESTAMP: 64, UE_ID: 256, CELL_SOURCE_ID: 1, CELL_TARGET_ID: 3, RSRP_SOURCE: -104.88, RSRP_TARGET: -96.80, RSRQ_SOURCE: -3.00, RSRQ_TARGET: -3.00, SINR_SOURCE: 2.02, SINR_TARGET: 10.90, TIME_TO_TRIGGER: 8.00, A3_OFFSET: 8.00, HOF: 0
TIMESTAMP: 64, UE_ID: 262, CELL_SOURCE_ID: 1, CELL_TARGET_ID: 3, RSRP_SOURCE: -101.68, RSRP_TARGET: -93.54, RSRQ_SOURCE: -3.00, RSRQ_TARGET: -3.00, SINR_SOURCE: 9.31, SINR_TARGET: 18.89, TIME_TO_TRIGGER: 8.00, A3_OFFSET: 8.00, HOF: 1
TIMESTAMP: 67, UE_ID: 243, CELL_SOURCE_ID: 1, CELL_TARGET_ID: 2, RSRP_SOURCE: -94.00, RSRP_TARGET: -85.73, RSRQ_SOURCE: -3.00, RSRQ_TARGET: -3.00, SINR_SOURCE: 16.79, SINR_TARGET: 22.32, TIME_TO_TRIGGER: 8.00, A3_OFFSET: 8.00, HOF: 1
TIMESTAMP: 67, UE_ID: 246, CELL_SOURCE_ID: 1, CELL_TARGET_ID: 2, RSRP_SOURCE: -96.07, RSRP_TARGET: -86.72, RSRQ_SOURCE: -3.00, RSRQ_TARGET: -3.00, SINR_SOURCE: 15.28, SINR_TARGET: 23.58, TIME_TO_TRIGGER: 8.00, A3_OFFSET: 8.00, HOF: 1
TIMESTAMP: 67, UE_ID: 247, CELL_SOURCE_ID: 1, CELL_TARGET_ID: 2, RSRP_SOURCE: -68.31, RSRP_TARGET: -59.73, RSRQ_SOURCE: -3.00, RSRQ_TARGET: -3.00, SINR_SOURCE: 42.00, SINR_TARGET: 50.69, TIME_TO_TRIGGER: 8.00, A3_OFFSET: 8.00, HOF: 1
TIMESTAMP: 67, UE_ID: 250, CELL_SOURCE_ID: 7, CELL_TARGET_ID: 1, RSRP_SOURCE: -92.00, RSRP_TARGET: -73.59, RSRQ_SOURCE: -3.00, RSRQ_TARGET: -3.00, SINR_SOURCE: 10.53, SINR_TARGET: 36.84, TIME_TO_TRIGGER: 8.00, A3_OFFSET: 8.00, HOF: 1
TIMESTAMP: 67, UE_ID: 251, CELL_SOURCE_ID: 1, CELL_TARGET_ID: 2, RSRP_SOURCE: -97.81, RSRP_TARGET: -87.90, RSRQ_SOURCE: -3.00, RSRQ_TARGET: -3.00, SINR_SOURCE: 14.33, SINR_TARGET: 20.71, TIME_TO_TRIGGER: 8.00, A3_OFFSET: 8.00, HOF: 1
TIMESTAMP: 67, UE_ID: 252, CELL_SOURCE_ID: 1, CELL_TARGET_ID: 2, RSRP_SOURCE: -94.36, RSRP_TARGET: -85.31, RSRQ_SOURCE: -3.00, RSRQ_TARGET: -3.00, SINR_SOURCE: 14.24, SINR_TARGET: 21.92, TIME_TO_TRIGGER: 8.00, A3_OFFSET: 8.00, HOF: 1
TIMESTAMP: 67, UE_ID: 256, CELL_SOURCE_ID: 1, CELL_TARGET_ID: 2, RSRP_SOURCE: -99.63, RSRP_TARGET: -89.09, RSRQ_SOURCE: -3.00, RSRQ_TARGET: -3.00, SINR_SOURCE: 8.50, SINR_TARGET: 24.06, TIME_TO_TRIGGER: 8.00, A3_OFFSET: 8.00, HOF: 1
TIMESTAMP: 67, UE_ID: 258, CELL_SOURCE_ID: 10, CELL_TARGET_ID: 1, RSRP_SOURCE: -108.25, RSRP_TARGET: -99.79, RSRQ_SOURCE: -3.00, RSRQ_TARGET: -3.00, SINR_SOURCE: -5.79, SINR_TARGET: 9.31, TIME_TO_TRIGGER: 8.00, A3_OFFSET: 8.00, HOF: 1
TIMESTAMP: 67, UE_ID: 260, CELL_SOURCE_ID: 1, CELL_TARGET_ID: 2, RSRP_SOURCE: -87.74, RSRP_TARGET: -78.03, RSRQ_SOURCE: -3.00, RSRQ_TARGET: -3.00, SINR_SOURCE: 23.66, SINR_TARGET: 31.30, TIME_TO_TRIGGER: 8.00, A3_OFFSET: 8.00, HOF: 1
TIMESTAMP: 67, UE_ID: 276, CELL_SOURCE_ID: 7, CELL_TARGET_ID: 1, RSRP_SOURCE: -109.93, RSRP_TARGET: -97.50, RSRQ_SOURCE: -3.00, RSRQ_TARGET: -3.00, SINR_SOURCE: -10.72, SINR_TARGET: 11.05, TIME_TO_TRIGGER: 8.00, A3_OFFSET: 8.00, HOF: 1
TIMESTAMP: 67, UE_ID: 278, CELL_SOURCE_ID: 1, CELL_TARGET_ID: 2, RSRP_SOURCE: -99.66, RSRP_TARGET: -88.82, RSRQ_SOURCE: -3.00, RSRQ_TARGET: -3.00, SINR_SOURCE: 8.77, SINR_TARGET: 19.30, TIME_TO_TRIGGER: 8.00, A3_OFFSET: 8.00, HOF: 1
TIMESTAMP: 67, UE_ID: 293, CELL_SOURCE_ID: 1, CELL_TARGET_ID: 2, RSRP_SOURCE: -94.71, RSRP_TARGET: -85.95, RSRQ_SOURCE: -3.00, RSRQ_TARGET: -3.00, SINR_SOURCE: 9.44, SINR_TARGET: 21.83, TIME_TO_TRIGGER: 8.00, A3_OFFSET: 8.00, HOF: 1
TIMESTAMP: 67, UE_ID: 299, CELL_SOURCE_ID: 10, CELL_TARGET_ID: 2, RSRP_SOURCE: -107.86, RSRP_TARGET: -92.42, RSRQ_SOURCE: -3.00, RSRQ_TARGET: -3.00, SINR_SOURCE: -4.78, SINR_TARGET: 17.07, TIME_TO_TRIGGER: 8.00, A3_OFFSET: 8.00, HOF: 1
TIMESTAMP: 69, UE_ID: 244, CELL_SOURCE_ID: 2, CELL_TARGET_ID: 1, RSRP_SOURCE: -85.53, RSRP_TARGET: -76.00, RSRQ_SOURCE: -3.00, RSRQ_TARGET: -3.00, SINR_SOURCE: 22.78, SINR_TARGET: 33.69, TIME_TO_TRIGGER: 8.00, A3_OFFSET: 8.00, HOF: 1
TIMESTAMP: 70, UE_ID: 247, CELL_SOURCE_ID: 2, CELL_TARGET_ID: 1, RSRP_SOURCE: -106.72, RSRP_TARGET: -95.41, RSRQ_SOURCE: -3.00, RSRQ_TARGET: -3.00, SINR_SOURCE: 2.44, SINR_TARGET: 18.77, TIME_TO_TRIGGER: 8.00, A3_OFFSET: 8.00, HOF: 1
TIMESTAMP: 70, UE_ID: 262, CELL_SOURCE_ID: 3, CELL_TARGET_ID: 1, RSRP_SOURCE: -107.83, RSRP_TARGET: -81.07, RSRQ_SOURCE: -3.00, RSRQ_TARGET: -3.00, SINR_SOURCE: -7.34, SINR_TARGET: 32.77, TIME_TO_TRIGGER: 8.00, A3_OFFSET: 8.00, HOF: 1
TIMESTAMP: 70, UE_ID: 269, CELL_SOURCE_ID: 8, CELL_TARGET_ID: 1, RSRP_SOURCE: -104.86, RSRP_TARGET: -94.35, RSRQ_SOURCE: -3.00, RSRQ_TARGET: -3.00, SINR_SOURCE: 6.48, SINR_TARGET: 15.41, TIME_TO_TRIGGER: 8.00, A3_OFFSET: 8.00, HOF: 1
TIMESTAMP: 70, UE_ID: 293, CELL_SOURCE_ID: 2, CELL_TARGET_ID: 1, RSRP_SOURCE: -91.38, RSRP_TARGET: -82.97, RSRQ_SOURCE: -3.00, RSRQ_TARGET: -3.00, SINR_SOURCE: 17.92, SINR_TARGET: 27.78, TIME_TO_TRIGGER: 8.00, A3_OFFSET: 8.00, HOF: 1
TIMESTAMP: 71, UE_ID: 105, CELL_SOURCE_ID: 21, CELL_TARGET_ID: 1, RSRP_SOURCE: -86.50, RSRP_TARGET: -70.95, RSRQ_SOURCE: -3.00, RSRQ_TARGET: -3.00, SINR_SOURCE: 16.36, SINR_TARGET: 37.12, TIME_TO_TRIGGER: 8.00, A3_OFFSET: 8.00, HOF: 1
TIMESTAMP: 71, UE_ID: 254, CELL_SOURCE_ID: 21, CELL_TARGET_ID: 1, RSRP_SOURCE: -101.87, RSRP_TARGET: -86.44, RSRQ_SOURCE: -3.00, RSRQ_TARGET: -3.00, SINR_SOURCE: -2.21, SINR_TARGET: 20.76, TIME_TO_TRIGGER: 8.00, A3_OFFSET: 8.00, HOF: 1
TIMESTAMP: 74, UE_ID: 261, CELL_SOURCE_ID: 11, CELL_TARGET_ID: 1, RSRP_SOURCE: -108.30, RSRP_TARGET: -96.79, RSRQ_SOURCE: -3.00, RSRQ_TARGET: -3.00, SINR_SOURCE: -5.18, SINR_TARGET: 9.98, TIME_TO_TRIGGER: 8.00, A3_OFFSET: 8.00, HOF: 1
TIMESTAMP: 74, UE_ID: 282, CELL_SOURCE_ID: 11, CELL_TARGET_ID: 1, RSRP_SOURCE: -102.06, RSRP_TARGET: -90.52, RSRQ_SOURCE: -3.00, RSRQ_TARGET: -3.00, SINR_SOURCE: 0.18, SINR_TARGET: 17.65, TIME_TO_TRIGGER: 8.00, A3_OFFSET: 8.00, HOF: 1
TIMESTAMP: 75, UE_ID: 255, CELL_SOURCE_ID: 4, CELL_TARGET_ID: 1, RSRP_SOURCE: -102.53, RSRP_TARGET: -90.41, RSRQ_SOURCE: -3.00, RSRQ_TARGET: -3.00, SINR_SOURCE: 3.01, SINR_TARGET: 22.71, TIME_TO_TRIGGER: 8.00, A3_OFFSET: 8.00, HOF: 1
TIMESTAMP: 75, UE_ID: 291, CELL_SOURCE_ID: 11, CELL_TARGET_ID: 1, RSRP_SOURCE: -85.80, RSRP_TARGET: -76.86, RSRQ_SOURCE: -3.00, RSRQ_TARGET: -3.00, SINR_SOURCE: 25.20, SINR_TARGET: 30.48, TIME_TO_TRIGGER: 8.00, A3_OFFSET: 8.00, HOF: 1
TIMESTAMP: 76, UE_ID: 249, CELL_SOURCE_ID: 17, CELL_TARGET_ID: 1, RSRP_SOURCE: -98.46, RSRP_TARGET: -89.55, RSRQ_SOURCE: -3.00, RSRQ_TARGET: -3.00, SINR_SOURCE: 9.68, SINR_TARGET: 23.17, TIME_TO_TRIGGER: 8.00, A3_OFFSET: 8.00, HOF: 1
TIMESTAMP: 77, UE_ID: 158, CELL_SOURCE_ID: 11, CELL_TARGET_ID: 1, RSRP_SOURCE: -84.64, RSRP_TARGET: -75.47, RSRQ_SOURCE: -3.00, RSRQ_TARGET: -3.00, SINR_SOURCE: 24.68, SINR_TARGET: 34.63, TIME_TO_TRIGGER: 8.00, A3_OFFSET: 8.00, HOF: 1
TIMESTAMP: 78, UE_ID: 244, CELL_SOURCE_ID: 1, CELL_TARGET_ID: 2, RSRP_SOURCE: -95.15, RSRP_TARGET: -83.25, RSRQ_SOURCE: -3.00, RSRQ_TARGET: -3.00, SINR_SOURCE: 13.32, SINR_TARGET: 27.15, TIME_TO_TRIGGER: 8.00, A3_OFFSET: 8.00, HOF: 1
TIMESTAMP: 78, UE_ID: 266, CELL_SOURCE_ID: 1, CELL_TARGET_ID: 2, RSRP_SOURCE: -105.46, RSRP_TARGET: -95.50, RSRQ_SOURCE: -3.00, RSRQ_TARGET: -3.00, SINR_SOURCE: 4.07, SINR_TARGET: 17.01, TIME_TO_TRIGGER: 8.00, A3_OFFSET: 8.00, HOF: 1
TIMESTAMP: 79, UE_ID: 298, CELL_SOURCE_ID: 17, CELL_TARGET_ID: 1, RSRP_SOURCE: -99.89, RSRP_TARGET: -86.82, RSRQ_SOURCE: -3.00, RSRQ_TARGET: -3.00, SINR_SOURCE: 2.36, SINR_TARGET: 26.63, TIME_TO_TRIGGER: 8.00, A3_OFFSET: 8.00, HOF: 1
TIMESTAMP: 82, UE_ID: 296, CELL_SOURCE_ID: 2, CELL_TARGET_ID: 1, RSRP_SOURCE: -102.50, RSRP_TARGET: -94.31, RSRQ_SOURCE: -3.00, RSRQ_TARGET: -3.00, SINR_SOURCE: 7.15, SINR_TARGET: 17.31, TIME_TO_TRIGGER: 8.00, A3_OFFSET: 8.00, HOF: 1
TIMESTAMP: 88, UE_ID: 297, CELL_SOURCE_ID: 4, CELL_TARGET_ID: 1, RSRP_SOURCE: -91.46, RSRP_TARGET: -64.76, RSRQ_SOURCE: -3.00, RSRQ_TARGET: -3.00, SINR_SOURCE: 14.39, SINR_TARGET: 45.12, TIME_TO_TRIGGER: 8.00, A3_OFFSET: 8.00, HOF: 1
TIMESTAMP: 91, UE_ID: 255, CELL_SOURCE_ID: 1, CELL_TARGET_ID: 4, RSRP_SOURCE: -106.33, RSRP_TARGET: -97.98, RSRQ_SOURCE: -3.00, RSRQ_TARGET: -3.00, SINR_SOURCE: 3.13, SINR_TARGET: 13.04, TIME_TO_TRIGGER: 8.00, A3_OFFSET: 8.00, HOF: 1
TIMESTAMP: 96, UE_ID: 279, CELL_SOURCE_ID: 21, CELL_TARGET_ID: 5, RSRP_SOURCE: -109.13, RSRP_TARGET: -99.98, RSRQ_SOURCE: -3.00, RSRQ_TARGET: -3.00, SINR_SOURCE: 0.50, SINR_TARGET: 8.26, TIME_TO_TRIGGER: 8.00, A3_OFFSET: 8.00, HOF: 1
TIMESTAMP: 99, UE_ID: 263, CELL_SOURCE_ID: 9, CELL_TARGET_ID: 1, RSRP_SOURCE: -108.16, RSRP_TARGET: -98.81, RSRQ_SOURCE: -3.00, RSRQ_TARGET: -3.00, SINR_SOURCE: 5.03, SINR_TARGET: 11.95, TIME_TO_TRIGGER: 8.00, A3_OFFSET: 8.00, HOF: 1
TIMESTAMP: 99, UE_ID: 298, CELL_SOURCE_ID: 1, CELL_TARGET_ID: 17, RSRP_SOURCE: -106.94, RSRP_TARGET: -98.29, RSRQ_SOURCE: -3.00, RSRQ_TARGET: -3.00, SINR_SOURCE: 3.65, SINR_TARGET: 9.57, TIME_TO_TRIGGER: 8.00, A3_OFFSET: 8.00, HOF: 1
TIMESTAMP: 102, UE_ID: 255, CELL_SOURCE_ID: 12, CELL_TARGET_ID: 4, RSRP_SOURCE: -109.61, RSRP_TARGET: -94.57, RSRQ_SOURCE: -3.00, RSRQ_TARGET: -3.00, SINR_SOURCE: -1.34, SINR_TARGET: 18.91, TIME_TO_TRIGGER: 8.00, A3_OFFSET: 8.00, HOF: 1
TIMESTAMP: 104, UE_ID: 105, CELL_SOURCE_ID: 1, CELL_TARGET_ID: 2, RSRP_SOURCE: -73.80, RSRP_TARGET: -65.52, RSRQ_SOURCE: -3.00, RSRQ_TARGET: -3.00, SINR_SOURCE: 35.36, SINR_TARGET: 45.46, TIME_TO_TRIGGER: 8.00, A3_OFFSET: 8.00, HOF: 1
TIMESTAMP: 106, UE_ID: 243, CELL_SOURCE_ID: 2, CELL_TARGET_ID: 3, RSRP_SOURCE: -98.97, RSRP_TARGET: -90.36, RSRQ_SOURCE: -3.00, RSRQ_TARGET: -3.00, SINR_SOURCE: 12.35, SINR_TARGET: 23.93, TIME_TO_TRIGGER: 8.00, A3_OFFSET: 8.00, HOF: 1
TIMESTAMP: 106, UE_ID: 245, CELL_SOURCE_ID: 7, CELL_TARGET_ID: 3, RSRP_SOURCE: -104.68, RSRP_TARGET: -93.71, RSRQ_SOURCE: -3.00, RSRQ_TARGET: -3.00, SINR_SOURCE: 2.04, SINR_TARGET: 19.47, TIME_TO_TRIGGER: 8.00, A3_OFFSET: 8.00, HOF: 1
TIMESTAMP: 106, UE_ID: 255, CELL_SOURCE_ID: 4, CELL_TARGET_ID: 3, RSRP_SOURCE: -107.05, RSRP_TARGET: -89.65, RSRQ_SOURCE: -3.00, RSRQ_TARGET: -3.00, SINR_SOURCE: -7.30, SINR_TARGET: 22.14, TIME_TO_TRIGGER: 8.00, A3_OFFSET: 8.00, HOF: 1
TIMESTAMP: 112, UE_ID: 297, CELL_SOURCE_ID: 6, CELL_TARGET_ID: 1, RSRP_SOURCE: -106.81, RSRP_TARGET: -98.28, RSRQ_SOURCE: -3.00, RSRQ_TARGET: -3.00, SINR_SOURCE: 4.06, SINR_TARGET: 11.58, TIME_TO_TRIGGER: 8.00, A3_OFFSET: 8.00, HOF: 1
TIMESTAMP: 113, UE_ID: 246, CELL_SOURCE_ID: 2, CELL_TARGET_ID: 1, RSRP_SOURCE: -104.38, RSRP_TARGET: -96.02, RSRQ_SOURCE: -3.00, RSRQ_TARGET: -3.00, SINR_SOURCE: 7.86, SINR_TARGET: 12.93, TIME_TO_TRIGGER: 8.00, A3_OFFSET: 8.00, HOF: 1
TIMESTAMP: 115, UE_ID: 261, CELL_SOURCE_ID: 1, CELL_TARGET_ID: 3, RSRP_SOURCE: -104.08, RSRP_TARGET: -94.92, RSRQ_SOURCE: -3.00, RSRQ_TARGET: -3.00, SINR_SOURCE: 6.81, SINR_TARGET: 13.67, TIME_TO_TRIGGER: 8.00, A3_OFFSET: 8.00, HOF: 1
TIMESTAMP: 115, UE_ID: 268, CELL_SOURCE_ID: 1, CELL_TARGET_ID: 15, RSRP_SOURCE: -109.70, RSRP_TARGET: -99.61, RSRQ_SOURCE: -3.00, RSRQ_TARGET: -3.00, SINR_SOURCE: 0.33, SINR_TARGET: 13.69, TIME_TO_TRIGGER: 8.00, A3_OFFSET: 8.00, HOF: 1
TIMESTAMP: 115, UE_ID: 297, CELL_SOURCE_ID: 1, CELL_TARGET_ID: 4, RSRP_SOURCE: -108.43, RSRP_TARGET: -99.16, RSRQ_SOURCE: -3.00, RSRQ_TARGET: -3.00, SINR_SOURCE: 0.80, SINR_TARGET: 10.71, TIME_TO_TRIGGER: 8.00, A3_OFFSET: 8.00, HOF: 1
TIMESTAMP: 117, UE_ID: 289, CELL_SOURCE_ID: 14, CELL_TARGET_ID: 1, RSRP_SOURCE: -84.13, RSRP_TARGET: -65.10, RSRQ_SOURCE: -3.00, RSRQ_TARGET: -3.00, SINR_SOURCE: 22.03, SINR_TARGET: 44.74, TIME_TO_TRIGGER: 8.00, A3_OFFSET: 8.00, HOF: 1
TIMESTAMP: 119, UE_ID: 268, CELL_SOURCE_ID: 3, CELL_TARGET_ID: 1, RSRP_SOURCE: -104.19, RSRP_TARGET: -95.35, RSRQ_SOURCE: -3.00, RSRQ_TARGET: -3.00, SINR_SOURCE: 9.26, SINR_TARGET: 15.10, TIME_TO_TRIGGER: 8.00, A3_OFFSET: 8.00, HOF: 1
TIMESTAMP: 130, UE_ID: 251, CELL_SOURCE_ID: 21, CELL_TARGET_ID: 4, RSRP_SOURCE: -107.71, RSRP_TARGET: -99.64, RSRQ_SOURCE: -3.00, RSRQ_TARGET: -3.00, SINR_SOURCE: 5.56, SINR_TARGET: 11.25, TIME_TO_TRIGGER: 8.00, A3_OFFSET: 8.00, HOF: 0
TIMESTAMP: 130, UE_ID: 290, CELL_SOURCE_ID: 17, CELL_TARGET_ID: 8, RSRP_SOURCE: -107.96, RSRP_TARGET: -99.67, RSRQ_SOURCE: -3.00, RSRQ_TARGET: -3.00, SINR_SOURCE: 5.11, SINR_TARGET: 10.86, TIME_TO_TRIGGER: 8.00, A3_OFFSET: 8.00, HOF: 1
TIMESTAMP: 133, UE_ID: 258, CELL_SOURCE_ID: 14, CELL_TARGET_ID: 3, RSRP_SOURCE: -107.46, RSRP_TARGET: -98.85, RSRQ_SOURCE: -3.00, RSRQ_TARGET: -3.00, SINR_SOURCE: 4.20, SINR_TARGET: 8.31, TIME_TO_TRIGGER: 8.00, A3_OFFSET: 8.00, HOF: 1
TIMESTAMP: 134, UE_ID: 254, CELL_SOURCE_ID: 20, CELL_TARGET_ID: 3, RSRP_SOURCE: -109.59, RSRP_TARGET: -96.77, RSRQ_SOURCE: -3.00, RSRQ_TARGET: -3.00, SINR_SOURCE: 0.03, SINR_TARGET: 12.19, TIME_TO_TRIGGER: 8.00, A3_OFFSET: 8.00, HOF: 1
TIMESTAMP: 137, UE_ID: 105, CELL_SOURCE_ID: 2, CELL_TARGET_ID: 1, RSRP_SOURCE: -87.88, RSRP_TARGET: -75.38, RSRQ_SOURCE: -3.00, RSRQ_TARGET: -3.00, SINR_SOURCE: 13.81, SINR_TARGET: 34.82, TIME_TO_TRIGGER: 8.00, A3_OFFSET: 8.00, HOF: 1
TIMESTAMP: 138, UE_ID: 282, CELL_SOURCE_ID: 10, CELL_TARGET_ID: 1, RSRP_SOURCE: -105.37, RSRP_TARGET: -96.67, RSRQ_SOURCE: -3.00, RSRQ_TARGET: -3.00, SINR_SOURCE: 6.10, SINR_TARGET: 13.87, TIME_TO_TRIGGER: 8.00, A3_OFFSET: 8.00, HOF: 1
TIMESTAMP: 141, UE_ID: 257, CELL_SOURCE_ID: 19, CELL_TARGET_ID: 16, RSRP_SOURCE: -107.08, RSRP_TARGET: -97.11, RSRQ_SOURCE: -3.00, RSRQ_TARGET: -3.00, SINR_SOURCE: 2.41, SINR_TARGET: 16.96, TIME_TO_TRIGGER: 8.00, A3_OFFSET: 8.00, HOF: 1
TIMESTAMP: 141, UE_ID: 296, CELL_SOURCE_ID: 19, CELL_TARGET_ID: 16, RSRP_SOURCE: -107.46, RSRP_TARGET: -97.86, RSRQ_SOURCE: -3.00, RSRQ_TARGET: -3.00, SINR_SOURCE: -0.56, SINR_TARGET: 12.26, TIME_TO_TRIGGER: 8.00, A3_OFFSET: 8.00, HOF: 1
TIMESTAMP: 144, UE_ID: 254, CELL_SOURCE_ID: 1, CELL_TARGET_ID: 6, RSRP_SOURCE: -109.04, RSRP_TARGET: -98.56, RSRQ_SOURCE: -3.00, RSRQ_TARGET: -3.00, SINR_SOURCE: 2.84, SINR_TARGET: 14.00, TIME_TO_TRIGGER: 8.00, A3_OFFSET: 8.00, HOF: 1
TIMESTAMP: 145, UE_ID: 294, CELL_SOURCE_ID: 13, CELL_TARGET_ID: 3, RSRP_SOURCE: -106.59, RSRP_TARGET: -98.19, RSRQ_SOURCE: -3.00, RSRQ_TARGET: -3.00, SINR_SOURCE: 6.99, SINR_TARGET: 13.15, TIME_TO_TRIGGER: 8.00, A3_OFFSET: 8.00, HOF: 1
TIMESTAMP: 148, UE_ID: 244, CELL_SOURCE_ID: 6, CELL_TARGET_ID: 5, RSRP_SOURCE: -106.39, RSRP_TARGET: -97.14, RSRQ_SOURCE: -3.00, RSRQ_TARGET: -3.00, SINR_SOURCE: 7.41, SINR_TARGET: 13.30, TIME_TO_TRIGGER: 8.00, A3_OFFSET: 8.00, HOF: 1
TIMESTAMP: 149, UE_ID: 105, CELL_SOURCE_ID: 1, CELL_TARGET_ID: 2, RSRP_SOURCE: -56.80, RSRP_TARGET: -45.74, RSRQ_SOURCE: -3.00, RSRQ_TARGET: -3.00, SINR_SOURCE: 52.69, SINR_TARGET: 64.12, TIME_TO_TRIGGER: 8.00, A3_OFFSET: 8.00, HOF: 1
TIMESTAMP: 150, UE_ID: 272, CELL_SOURCE_ID: 8, CELL_TARGET_ID: 3, RSRP_SOURCE: -108.93, RSRP_TARGET: -97.82, RSRQ_SOURCE: -3.00, RSRQ_TARGET: -3.00, SINR_SOURCE: 4.42, SINR_TARGET: 16.95, TIME_TO_TRIGGER: 8.00, A3_OFFSET: 8.00, HOF: 1
TIMESTAMP: 152, UE_ID: 241, CELL_SOURCE_ID: 7, CELL_TARGET_ID: 5, RSRP_SOURCE: -109.71, RSRP_TARGET: -95.38, RSRQ_SOURCE: -3.00, RSRQ_TARGET: -3.00, SINR_SOURCE: -4.68, SINR_TARGET: 18.14, TIME_TO_TRIGGER: 8.00, A3_OFFSET: 8.00, HOF: 1
TIMESTAMP: 152, UE_ID: 251, CELL_SOURCE_ID: 17, CELL_TARGET_ID: 14, RSRP_SOURCE: -105.31, RSRP_TARGET: -95.25, RSRQ_SOURCE: -3.00, RSRQ_TARGET: -3.00, SINR_SOURCE: 3.04, SINR_TARGET: 13.27, TIME_TO_TRIGGER: 8.00, A3_OFFSET: 8.00, HOF: 1
TIMESTAMP: 153, UE_ID: 253, CELL_SOURCE_ID: 20, CELL_TARGET_ID: 5, RSRP_SOURCE: -108.23, RSRP_TARGET: -99.34, RSRQ_SOURCE: -3.00, RSRQ_TARGET: -3.00, SINR_SOURCE: 3.92, SINR_TARGET: 9.37, TIME_TO_TRIGGER: 8.00, A3_OFFSET: 8.00, HOF: 1
TIMESTAMP: 153, UE_ID: 280, CELL_SOURCE_ID: 12, CELL_TARGET_ID: 14, RSRP_SOURCE: -107.36, RSRP_TARGET: -98.64, RSRQ_SOURCE: -3.00, RSRQ_TARGET: -3.00, SINR_SOURCE: 2.72, SINR_TARGET: 11.18, TIME_TO_TRIGGER: 8.00, A3_OFFSET: 8.00, HOF: 0
TIMESTAMP: 153, UE_ID: 295, CELL_SOURCE_ID: 20, CELL_TARGET_ID: 5, RSRP_SOURCE: -106.41, RSRP_TARGET: -98.29, RSRQ_SOURCE: -3.00, RSRQ_TARGET: -3.00, SINR_SOURCE: 1.40, SINR_TARGET: 11.69, TIME_TO_TRIGGER: 8.00, A3_OFFSET: 8.00, HOF: 1
TIMESTAMP: 153, UE_ID: 298, CELL_SOURCE_ID: 17, CELL_TARGET_ID: 2, RSRP_SOURCE: -101.71, RSRP_TARGET: -87.66, RSRQ_SOURCE: -3.00, RSRQ_TARGET: -3.00, SINR_SOURCE: 6.11, SINR_TARGET: 22.31, TIME_TO_TRIGGER: 8.00, A3_OFFSET: 8.00, HOF: 1
TIMESTAMP: 155, UE_ID: 103, CELL_SOURCE_ID: 3, CELL_TARGET_ID: 1, RSRP_SOURCE: -51.97, RSRP_TARGET: -40.46, RSRQ_SOURCE: -3.00, RSRQ_TARGET: -3.00, SINR_SOURCE: 58.33, SINR_TARGET: 70.06, TIME_TO_TRIGGER: 8.00, A3_OFFSET: 8.00, HOF: 1
TIMESTAMP: 156, UE_ID: 105, CELL_SOURCE_ID: 2, CELL_TARGET_ID: 1, RSRP_SOURCE: -79.70, RSRP_TARGET: -66.76, RSRQ_SOURCE: -3.00, RSRQ_TARGET: -3.00, SINR_SOURCE: 26.49, SINR_TARGET: 41.57, TIME_TO_TRIGGER: 8.00, A3_OFFSET: 8.00, HOF: 1
TIMESTAMP: 157, UE_ID: 254, CELL_SOURCE_ID: 20, CELL_TARGET_ID: 5, RSRP_SOURCE: -108.77, RSRP_TARGET: -99.13, RSRQ_SOURCE: -3.00, RSRQ_TARGET: -3.00, SINR_SOURCE: 1.76, SINR_TARGET: 10.95, TIME_TO_TRIGGER: 8.00, A3_OFFSET: 8.00, HOF: 1
TIMESTAMP: 157, UE_ID: 268, CELL_SOURCE_ID: 7, CELL_TARGET_ID: 5, RSRP_SOURCE: -109.31, RSRP_TARGET: -98.22, RSRQ_SOURCE: -3.00, RSRQ_TARGET: -3.00, SINR_SOURCE: 1.94, SINR_TARGET: 15.47, TIME_TO_TRIGGER: 8.00, A3_OFFSET: 8.00, HOF: 1
TIMESTAMP: 158, UE_ID: 248, CELL_SOURCE_ID: 17, CELL_TARGET_ID: 5, RSRP_SOURCE: -108.13, RSRP_TARGET: -94.30, RSRQ_SOURCE: -3.00, RSRQ_TARGET: -3.00, SINR_SOURCE: 0.56, SINR_TARGET: 14.46, TIME_TO_TRIGGER: 8.00, A3_OFFSET: 8.00, HOF: 1
TIMESTAMP: 161, UE_ID: 105, CELL_SOURCE_ID: 1, CELL_TARGET_ID: 2, RSRP_SOURCE: -76.60, RSRP_TARGET: -68.52, RSRQ_SOURCE: -3.00, RSRQ_TARGET: -3.00, SINR_SOURCE: 35.98, SINR_TARGET: 40.49, TIME_TO_TRIGGER: 8.00, A3_OFFSET: 8.00, HOF: 1
TIMESTAMP: 161, UE_ID: 158, CELL_SOURCE_ID: 1, CELL_TARGET_ID: 2, RSRP_SOURCE: -74.28, RSRP_TARGET: -66.17, RSRQ_SOURCE: -3.00, RSRQ_TARGET: -3.00, SINR_SOURCE: 32.87, SINR_TARGET: 44.18, TIME_TO_TRIGGER: 8.00, A3_OFFSET: 8.00, HOF: 1
TIMESTAMP: 163, UE_ID: 105, CELL_SOURCE_ID: 2, CELL_TARGET_ID: 1, RSRP_SOURCE: -94.41, RSRP_TARGET: -71.52, RSRQ_SOURCE: -3.00, RSRQ_TARGET: -3.00, SINR_SOURCE: 3.41, SINR_TARGET: 39.07, TIME_TO_TRIGGER: 8.00, A3_OFFSET: 8.00, HOF: 1
TIMESTAMP: 164, UE_ID: 252, CELL_SOURCE_ID: 19, CELL_TARGET_ID: 2, RSRP_SOURCE: -106.54, RSRP_TARGET: -98.42, RSRQ_SOURCE: -3.00, RSRQ_TARGET: -3.00, SINR_SOURCE: 2.78, SINR_TARGET: 12.61, TIME_TO_TRIGGER: 8.00, A3_OFFSET: 8.00, HOF: 1
TIMESTAMP: 167, UE_ID: 275, CELL_SOURCE_ID: 17, CELL_TARGET_ID: 1, RSRP_SOURCE: -106.47, RSRP_TARGET: -94.20, RSRQ_SOURCE: -3.00, RSRQ_TARGET: -3.00, SINR_SOURCE: 2.70, SINR_TARGET: 17.42, TIME_TO_TRIGGER: 8.00, A3_OFFSET: 8.00, HOF: 0
TIMESTAMP: 168, UE_ID: 105, CELL_SOURCE_ID: 1, CELL_TARGET_ID: 2, RSRP_SOURCE: -61.26, RSRP_TARGET: -44.09, RSRQ_SOURCE: -3.00, RSRQ_TARGET: -3.00, SINR_SOURCE: 45.64, SINR_TARGET: 67.56, TIME_TO_TRIGGER: 8.00, A3_OFFSET: 8.00, HOF: 1
TIMESTAMP: 172, UE_ID: 103, CELL_SOURCE_ID: 1, CELL_TARGET_ID: 2, RSRP_SOURCE: -64.86, RSRP_TARGET: -47.21, RSRQ_SOURCE: -3.00, RSRQ_TARGET: -3.00, SINR_SOURCE: 36.45, SINR_TARGET: 58.34, TIME_TO_TRIGGER: 8.00, A3_OFFSET: 8.00, HOF: 0
TIMESTAMP: 172, UE_ID: 244, CELL_SOURCE_ID: 3, CELL_TARGET_ID: 4, RSRP_SOURCE: -108.56, RSRP_TARGET: -98.04, RSRQ_SOURCE: -3.00, RSRQ_TARGET: -3.00, SINR_SOURCE: 4.56, SINR_TARGET: 13.04, TIME_TO_TRIGGER: 8.00, A3_OFFSET: 8.00, HOF: 1
TIMESTAMP: 172, UE_ID: 278, CELL_SOURCE_ID: 5, CELL_TARGET_ID: 4, RSRP_SOURCE: -106.24, RSRP_TARGET: -95.26, RSRQ_SOURCE: -3.00, RSRQ_TARGET: -3.00, SINR_SOURCE: 1.65, SINR_TARGET: 11.58, TIME_TO_TRIGGER: 8.00, A3_OFFSET: 8.00, HOF: 1
TIMESTAMP: 173, UE_ID: 254, CELL_SOURCE_ID: 14, CELL_TARGET_ID: 7, RSRP_SOURCE: -108.80, RSRP_TARGET: -99.42, RSRQ_SOURCE: -3.00, RSRQ_TARGET: -3.00, SINR_SOURCE: 0.57, SINR_TARGET: 14.08, TIME_TO_TRIGGER: 8.00, A3_OFFSET: 8.00, HOF: 1
TIMESTAMP: 173, UE_ID: 262, CELL_SOURCE_ID: 14, CELL_TARGET_ID: 3, RSRP_SOURCE: -106.64, RSRP_TARGET: -98.05, RSRQ_SOURCE: -3.00, RSRQ_TARGET: -3.00, SINR_SOURCE: 3.36, SINR_TARGET: 8.34, TIME_TO_TRIGGER: 8.00, A3_OFFSET: 8.00, HOF: 1
TIMESTAMP: 173, UE_ID: 298, CELL_SOURCE_ID: 8, CELL_TARGET_ID: 3, RSRP_SOURCE: -106.26, RSRP_TARGET: -98.12, RSRQ_SOURCE: -3.00, RSRQ_TARGET: -3.00, SINR_SOURCE: 3.78, SINR_TARGET: 13.15, TIME_TO_TRIGGER: 8.00, A3_OFFSET: 8.00, HOF: 1
TIMESTAMP: 174, UE_ID: 105, CELL_SOURCE_ID: 2, CELL_TARGET_ID: 1, RSRP_SOURCE: -90.34, RSRP_TARGET: -68.56, RSRQ_SOURCE: -3.00, RSRQ_TARGET: -3.00, SINR_SOURCE: 11.68, SINR_TARGET: 41.45, TIME_TO_TRIGGER: 8.00, A3_OFFSET: 8.00, HOF: 1
TIMESTAMP: 175, UE_ID: 288, CELL_SOURCE_ID: 16, CELL_TARGET_ID: 3, RSRP_SOURCE: -109.70, RSRP_TARGET: -98.89, RSRQ_SOURCE: -3.00, RSRQ_TARGET: -3.00, SINR_SOURCE: 0.24, SINR_TARGET: 8.30, TIME_TO_TRIGGER: 8.00, A3_OFFSET: 8.00, HOF: 1
TIMESTAMP: 177, UE_ID: 262, CELL_SOURCE_ID: 3, CELL_TARGET_ID: 10, RSRP_SOURCE: -108.32, RSRP_TARGET: -99.59, RSRQ_SOURCE: -3.00, RSRQ_TARGET: -3.00, SINR_SOURCE: 2.56, SINR_TARGET: 12.16, TIME_TO_TRIGGER: 8.00, A3_OFFSET: 8.00, HOF: 1
TIMESTAMP: 177, UE_ID: 279, CELL_SOURCE_ID: 21, CELL_TARGET_ID: 7, RSRP_SOURCE: -109.65, RSRP_TARGET: -97.63, RSRQ_SOURCE: -3.00, RSRQ_TARGET: -3.00, SINR_SOURCE: -1.68, SINR_TARGET: 12.07, TIME_TO_TRIGGER: 8.00, A3_OFFSET: 8.00, HOF: 0
TIMESTAMP: 179, UE_ID: 243, CELL_SOURCE_ID: 17, CELL_TARGET_ID: 1, RSRP_SOURCE: -80.78, RSRP_TARGET: -65.67, RSRQ_SOURCE: -3.00, RSRQ_TARGET: -3.00, SINR_SOURCE: 26.15, SINR_TARGET: 41.81, TIME_TO_TRIGGER: 8.00, A3_OFFSET: 8.00, HOF: 1
TIMESTAMP: 181, UE_ID: 297, CELL_SOURCE_ID: 19, CELL_TARGET_ID: 5, RSRP_SOURCE: -109.53, RSRP_TARGET: -99.36, RSRQ_SOURCE: -3.00, RSRQ_TARGET: -3.00, SINR_SOURCE: 0.38, SINR_TARGET: 13.59, TIME_TO_TRIGGER: 8.00, A3_OFFSET: 8.00, HOF: 1
TIMESTAMP: 182, UE_ID: 259, CELL_SOURCE_ID: 21, CELL_TARGET_ID: 16, RSRP_SOURCE: -104.71, RSRP_TARGET: -96.50, RSRQ_SOURCE: -3.00, RSRQ_TARGET: -3.00, SINR_SOURCE: 6.15, SINR_TARGET: 13.85, TIME_TO_TRIGGER: 8.00, A3_OFFSET: 8.00, HOF: 0
TIMESTAMP: 188, UE_ID: 39, CELL_SOURCE_ID: 19, CELL_TARGET_ID: 1, RSRP_SOURCE: -93.69, RSRP_TARGET: -80.90, RSRQ_SOURCE: -3.00, RSRQ_TARGET: -3.00, SINR_SOURCE: 5.68, SINR_TARGET: 31.11, TIME_TO_TRIGGER: 8.00, A3_OFFSET: 8.00, HOF: 1
TIMESTAMP: 188, UE_ID: 47, CELL_SOURCE_ID: 19, CELL_TARGET_ID: 1, RSRP_SOURCE: -82.70, RSRP_TARGET: -66.05, RSRQ_SOURCE: -3.00, RSRQ_TARGET: -3.00, SINR_SOURCE: 13.12, SINR_TARGET: 44.30, TIME_TO_TRIGGER: 8.00, A3_OFFSET: 8.00, HOF: 1
TIMESTAMP: 188, UE_ID: 194, CELL_SOURCE_ID: 19, CELL_TARGET_ID: 1, RSRP_SOURCE: -96.34, RSRP_TARGET: -79.57, RSRQ_SOURCE: -3.00, RSRQ_TARGET: -3.00, SINR_SOURCE: 1.89, SINR_TARGET: 28.00, TIME_TO_TRIGGER: 8.00, A3_OFFSET: 8.00, HOF: 1
TIMESTAMP: 188, UE_ID: 236, CELL_SOURCE_ID: 19, CELL_TARGET_ID: 1, RSRP_SOURCE: -86.41, RSRP_TARGET: -74.47, RSRQ_SOURCE: -3.00, RSRQ_TARGET: -3.00, SINR_SOURCE: 15.91, SINR_TARGET: 35.04, TIME_TO_TRIGGER: 8.00, A3_OFFSET: 8.00, HOF: 1
TIMESTAMP: 195, UE_ID: 194, CELL_SOURCE_ID: 1, CELL_TARGET_ID: 2, RSRP_SOURCE: -55.29, RSRP_TARGET: -47.24, RSRQ_SOURCE: -3.00, RSRQ_TARGET: -3.00, SINR_SOURCE: 56.05, SINR_TARGET: 61.91, TIME_TO_TRIGGER: 8.00, A3_OFFSET: 8.00, HOF: 1
TIMESTAMP: 196, UE_ID: 39, CELL_SOURCE_ID: 1, CELL_TARGET_ID: 2, RSRP_SOURCE: -63.95, RSRP_TARGET: -51.54, RSRQ_SOURCE: -3.00, RSRQ_TARGET: -3.00, SINR_SOURCE: 49.18, SINR_TARGET: 59.29, TIME_TO_TRIGGER: 8.00, A3_OFFSET: 8.00, HOF: 1
TIMESTAMP: 196, UE_ID: 47, CELL_SOURCE_ID: 1, CELL_TARGET_ID: 2, RSRP_SOURCE: -76.40, RSRP_TARGET: -63.42, RSRQ_SOURCE: -3.00, RSRQ_TARGET: -3.00, SINR_SOURCE: 32.65, SINR_TARGET: 42.89, TIME_TO_TRIGGER: 8.00, A3_OFFSET: 8.00, HOF: 1
TIMESTAMP: 196, UE_ID: 236, CELL_SOURCE_ID: 1, CELL_TARGET_ID: 2, RSRP_SOURCE: -75.54, RSRP_TARGET: -66.92, RSRQ_SOURCE: -3.00, RSRQ_TARGET: -3.00, SINR_SOURCE: 32.66, SINR_TARGET: 44.09, TIME_TO_TRIGGER: 8.00, A3_OFFSET: 8.00, HOF: 1
TIMESTAMP: 196, UE_ID: 293, CELL_SOURCE_ID: 4, CELL_TARGET_ID: 6, RSRP_SOURCE: -105.94, RSRP_TARGET: -96.15, RSRQ_SOURCE: -3.00, RSRQ_TARGET: -3.00, SINR_SOURCE: 3.59, SINR_TARGET: 11.69, TIME_TO_TRIGGER: 8.00, A3_OFFSET: 8.00, HOF: 1
TIMESTAMP: 198, UE_ID: 264, CELL_SOURCE_ID: 10, CELL_TARGET_ID: 15, RSRP_SOURCE: -107.81, RSRP_TARGET: -99.36, RSRQ_SOURCE: -3.00, RSRQ_TARGET: -3.00, SINR_SOURCE: 0.88, SINR_TARGET: 13.76, TIME_TO_TRIGGER: 8.00, A3_OFFSET: 8.00, HOF: 1
TIMESTAMP: 199, UE_ID: 244, CELL_SOURCE_ID: 19, CELL_TARGET_ID: 1, RSRP_SOURCE: -103.68, RSRP_TARGET: -94.48, RSRQ_SOURCE: -3.00, RSRQ_TARGET: -3.00, SINR_SOURCE: 9.56, SINR_TARGET: 18.68, TIME_TO_TRIGGER: 8.00, A3_OFFSET: 8.00, HOF: 1
TIMESTAMP: 200, UE_ID: 260, CELL_SOURCE_ID: 19, CELL_TARGET_ID: 17, RSRP_SOURCE: -108.91, RSRP_TARGET: -99.61, RSRQ_SOURCE: -3.00, RSRQ_TARGET: -3.00, SINR_SOURCE: 2.06, SINR_TARGET: 8.48, TIME_TO_TRIGGER: 8.00, A3_OFFSET: 8.00, HOF: 1
TIMESTAMP: 202, UE_ID: 105, CELL_SOURCE_ID: 1, CELL_TARGET_ID: 2, RSRP_SOURCE: -76.67, RSRP_TARGET: -67.44, RSRQ_SOURCE: -3.00, RSRQ_TARGET: -3.00, SINR_SOURCE: 32.88, SINR_TARGET: 43.07, TIME_TO_TRIGGER: 8.00, A3_OFFSET: 8.00, HOF: 1
TIMESTAMP: 203, UE_ID: 39, CELL_SOURCE_ID: 2, CELL_TARGET_ID: 1, RSRP_SOURCE: -89.21, RSRP_TARGET: -76.68, RSRQ_SOURCE: -3.00, RSRQ_TARGET: -3.00, SINR_SOURCE: 21.18, SINR_TARGET: 31.67, TIME_TO_TRIGGER: 8.00, A3_OFFSET: 8.00, HOF: 1
TIMESTAMP: 203, UE_ID: 47, CELL_SOURCE_ID: 2, CELL_TARGET_ID: 1, RSRP_SOURCE: -79.10, RSRP_TARGET: -70.58, RSRQ_SOURCE: -3.00, RSRQ_TARGET: -3.00, SINR_SOURCE: 32.68, SINR_TARGET: 38.69, TIME_TO_TRIGGER: 8.00, A3_OFFSET: 8.00, HOF: 1
TIMESTAMP: 203, UE_ID: 194, CELL_SOURCE_ID: 2, CELL_TARGET_ID: 1, RSRP_SOURCE: -85.69, RSRP_TARGET: -75.07, RSRQ_SOURCE: -3.00, RSRQ_TARGET: -3.00, SINR_SOURCE: 23.15, SINR_TARGET: 35.43, TIME_TO_TRIGGER: 8.00, A3_OFFSET: 8.00, HOF: 1
TIMESTAMP: 204, UE_ID: 105, CELL_SOURCE_ID: 2, CELL_TARGET_ID: 1, RSRP_SOURCE: -74.32, RSRP_TARGET: -61.14, RSRQ_SOURCE: -3.00, RSRQ_TARGET: -3.00, SINR_SOURCE: 35.01, SINR_TARGET: 49.94, TIME_TO_TRIGGER: 8.00, A3_OFFSET: 8.00, HOF: 1
TIMESTAMP: 204, UE_ID: 236, CELL_SOURCE_ID: 2, CELL_TARGET_ID: 1, RSRP_SOURCE: -82.97, RSRP_TARGET: -70.36, RSRQ_SOURCE: -3.00, RSRQ_TARGET: -3.00, SINR_SOURCE: 21.29, SINR_TARGET: 38.16, TIME_TO_TRIGGER: 8.00, A3_OFFSET: 8.00, HOF: 1
TIMESTAMP: 211, UE_ID: 39, CELL_SOURCE_ID: 1, CELL_TARGET_ID: 2, RSRP_SOURCE: -93.60, RSRP_TARGET: -77.81, RSRQ_SOURCE: -3.00, RSRQ_TARGET: -3.00, SINR_SOURCE: 8.42, SINR_TARGET: 36.12, TIME_TO_TRIGGER: 8.00, A3_OFFSET: 8.00, HOF: 1
TIMESTAMP: 211, UE_ID: 194, CELL_SOURCE_ID: 1, CELL_TARGET_ID: 2, RSRP_SOURCE: -103.17, RSRP_TARGET: -83.87, RSRQ_SOURCE: -3.00, RSRQ_TARGET: -3.00, SINR_SOURCE: 3.99, SINR_TARGET: 24.73, TIME_TO_TRIGGER: 8.00, A3_OFFSET: 8.00, HOF: 1
TIMESTAMP: 211, UE_ID: 236, CELL_SOURCE_ID: 1, CELL_TARGET_ID: 2, RSRP_SOURCE: -88.12, RSRP_TARGET: -73.06, RSRQ_SOURCE: -3.00, RSRQ_TARGET: -3.00, SINR_SOURCE: 16.48, SINR_TARGET: 39.66, TIME_TO_TRIGGER: 8.00, A3_OFFSET: 8.00, HOF: 1
TIMESTAMP: 214, UE_ID: 28, CELL_SOURCE_ID: 21, CELL_TARGET_ID: 1, RSRP_SOURCE: -67.17, RSRP_TARGET: -56.65, RSRQ_SOURCE: -3.00, RSRQ_TARGET: -3.00, SINR_SOURCE: 36.44, SINR_TARGET: 55.99, TIME_TO_TRIGGER: 8.00, A3_OFFSET: 8.00, HOF: 1
TIMESTAMP: 214, UE_ID: 39, CELL_SOURCE_ID: 2, CELL_TARGET_ID: 1, RSRP_SOURCE: -83.38, RSRP_TARGET: -73.10, RSRQ_SOURCE: -3.00, RSRQ_TARGET: -3.00, SINR_SOURCE: 28.17, SINR_TARGET: 38.87, TIME_TO_TRIGGER: 8.00, A3_OFFSET: 8.00, HOF: 1
TIMESTAMP: 214, UE_ID: 57, CELL_SOURCE_ID: 21, CELL_TARGET_ID: 1, RSRP_SOURCE: -88.32, RSRP_TARGET: -80.26, RSRQ_SOURCE: -3.00, RSRQ_TARGET: -3.00, SINR_SOURCE: 15.86, SINR_TARGET: 29.54, TIME_TO_TRIGGER: 8.00, A3_OFFSET: 8.00, HOF: 1
TIMESTAMP: 215, UE_ID: 194, CELL_SOURCE_ID: 2, CELL_TARGET_ID: 1, RSRP_SOURCE: -101.72, RSRP_TARGET: -74.37, RSRQ_SOURCE: -3.00, RSRQ_TARGET: -3.00, SINR_SOURCE: 3.96, SINR_TARGET: 36.18, TIME_TO_TRIGGER: 8.00, A3_OFFSET: 8.00, HOF: 1
TIMESTAMP: 215, UE_ID: 236, CELL_SOURCE_ID: 2, CELL_TARGET_ID: 1, RSRP_SOURCE: -85.30, RSRP_TARGET: -70.66, RSRQ_SOURCE: -3.00, RSRQ_TARGET: -3.00, SINR_SOURCE: 20.00, SINR_TARGET: 43.36, TIME_TO_TRIGGER: 8.00, A3_OFFSET: 8.00, HOF: 1
TIMESTAMP: 215, UE_ID: 273, CELL_SOURCE_ID: 12, CELL_TARGET_ID: 1, RSRP_SOURCE: -102.02, RSRP_TARGET: -92.82, RSRQ_SOURCE: -3.00, RSRQ_TARGET: -3.00, SINR_SOURCE: 9.49, SINR_TARGET: 15.66, TIME_TO_TRIGGER: 8.00, A3_OFFSET: 8.00, HOF: 1
TIMESTAMP: 220, UE_ID: 282, CELL_SOURCE_ID: 9, CELL_TARGET_ID: 3, RSRP_SOURCE: -108.47, RSRP_TARGET: -97.63, RSRQ_SOURCE: -3.00, RSRQ_TARGET: -3.00, SINR_SOURCE: -0.61, SINR_TARGET: 12.01, TIME_TO_TRIGGER: 8.00, A3_OFFSET: 8.00, HOF: 1
TIMESTAMP: 220, UE_ID: 289, CELL_SOURCE_ID: 17, CELL_TARGET_ID: 3, RSRP_SOURCE: -108.89, RSRP_TARGET: -99.74, RSRQ_SOURCE: -3.00, RSRQ_TARGET: -3.00, SINR_SOURCE: -0.15, SINR_TARGET: 10.76, TIME_TO_TRIGGER: 8.00, A3_OFFSET: 8.00, HOF: 1
TIMESTAMP: 223, UE_ID: 28, CELL_SOURCE_ID: 1, CELL_TARGET_ID: 2, RSRP_SOURCE: -84.72, RSRP_TARGET: -72.33, RSRQ_SOURCE: -3.00, RSRQ_TARGET: -3.00, SINR_SOURCE: 23.24, SINR_TARGET: 36.49, TIME_TO_TRIGGER: 8.00, A3_OFFSET: 8.00, HOF: 1
TIMESTAMP: 223, UE_ID: 39, CELL_SOURCE_ID: 1, CELL_TARGET_ID: 2, RSRP_SOURCE: -95.80, RSRP_TARGET: -76.23, RSRQ_SOURCE: -3.00, RSRQ_TARGET: -3.00, SINR_SOURCE: 10.52, SINR_TARGET: 35.37, TIME_TO_TRIGGER: 8.00, A3_OFFSET: 8.00, HOF: 1
TIMESTAMP: 223, UE_ID: 47, CELL_SOURCE_ID: 1, CELL_TARGET_ID: 2, RSRP_SOURCE: -89.54, RSRP_TARGET: -70.24, RSRQ_SOURCE: -3.00, RSRQ_TARGET: -3.00, SINR_SOURCE: 15.55, SINR_TARGET: 35.08, TIME_TO_TRIGGER: 8.00, A3_OFFSET: 8.00, HOF: 1
TIMESTAMP: 223, UE_ID: 57, CELL_SOURCE_ID: 1, CELL_TARGET_ID: 2, RSRP_SOURCE: -96.29, RSRP_TARGET: -78.42, RSRQ_SOURCE: -3.00, RSRQ_TARGET: -3.00, SINR_SOURCE: 5.93, SINR_TARGET: 33.21, TIME_TO_TRIGGER: 8.00, A3_OFFSET: 8.00, HOF: 1
TIMESTAMP: 223, UE_ID: 105, CELL_SOURCE_ID: 1, CELL_TARGET_ID: 2, RSRP_SOURCE: -85.86, RSRP_TARGET: -66.12, RSRQ_SOURCE: -3.00, RSRQ_TARGET: -3.00, SINR_SOURCE: 17.17, SINR_TARGET: 45.04, TIME_TO_TRIGGER: 8.00, A3_OFFSET: 8.00, HOF: 1
TIMESTAMP: 223, UE_ID: 194, CELL_SOURCE_ID: 1, CELL_TARGET_ID: 2, RSRP_SOURCE: -91.21, RSRP_TARGET: -76.83, RSRQ_SOURCE: -3.00, RSRQ_TARGET: -3.00, SINR_SOURCE: 18.93, SINR_TARGET: 34.53, TIME_TO_TRIGGER: 8.00, A3_OFFSET: 8.00, HOF: 1
TIMESTAMP: 223, UE_ID: 236, CELL_SOURCE_ID: 1, CELL_TARGET_ID: 2, RSRP_SOURCE: -89.03, RSRP_TARGET: -71.32, RSRQ_SOURCE: -3.00, RSRQ_TARGET: -3.00, SINR_SOURCE: 18.20, SINR_TARGET: 39.33, TIME_TO_TRIGGER: 8.00, A3_OFFSET: 8.00, HOF: 1
TIMESTAMP: 226, UE_ID: 284, CELL_SOURCE_ID: 17, CELL_TARGET_ID: 1, RSRP_SOURCE: -103.06, RSRP_TARGET: -94.72, RSRQ_SOURCE: -3.00, RSRQ_TARGET: -3.00, SINR_SOURCE: 7.02, SINR_TARGET: 15.68, TIME_TO_TRIGGER: 8.00, A3_OFFSET: 8.00, HOF: 1
TIMESTAMP: 238, UE_ID: 28, CELL_SOURCE_ID: 2, CELL_TARGET_ID: 1, RSRP_SOURCE: -62.87, RSRP_TARGET: -54.22, RSRQ_SOURCE: -3.00, RSRQ_TARGET: -3.00, SINR_SOURCE: 43.98, SINR_TARGET: 56.46, TIME_TO_TRIGGER: 8.00, A3_OFFSET: 8.00, HOF: 1
TIMESTAMP: 238, UE_ID: 39, CELL_SOURCE_ID: 2, CELL_TARGET_ID: 1, RSRP_SOURCE: -81.47, RSRP_TARGET: -71.74, RSRQ_SOURCE: -3.00, RSRQ_TARGET: -3.00, SINR_SOURCE: 29.87, SINR_TARGET: 39.11, TIME_TO_TRIGGER: 8.00, A3_OFFSET: 8.00, HOF: 1
TIMESTAMP: 238, UE_ID: 105, CELL_SOURCE_ID: 2, CELL_TARGET_ID: 1, RSRP_SOURCE: -70.08, RSRP_TARGET: -61.77, RSRQ_SOURCE: -3.00, RSRQ_TARGET: -3.00, SINR_SOURCE: 37.23, SINR_TARGET: 51.71, TIME_TO_TRIGGER: 8.00, A3_OFFSET: 8.00, HOF: 1
TIMESTAMP: 239, UE_ID: 47, CELL_SOURCE_ID: 2, CELL_TARGET_ID: 1, RSRP_SOURCE: -78.49, RSRP_TARGET: -70.12, RSRQ_SOURCE: -3.00, RSRQ_TARGET: -3.00, SINR_SOURCE: 29.60, SINR_TARGET: 38.57, TIME_TO_TRIGGER: 8.00, A3_OFFSET: 8.00, HOF: 1
TIMESTAMP: 239, UE_ID: 57, CELL_SOURCE_ID: 2, CELL_TARGET_ID: 1, RSRP_SOURCE: -82.31, RSRP_TARGET: -72.94, RSRQ_SOURCE: -3.00, RSRQ_TARGET: -3.00, SINR_SOURCE: 29.97, SINR_TARGET: 33.67, TIME_TO_TRIGGER: 8.00, A3_OFFSET: 8.00, HOF: 1
TIMESTAMP: 239, UE_ID: 236, CELL_SOURCE_ID: 2, CELL_TARGET_ID: 1, RSRP_SOURCE: -83.84, RSRP_TARGET: -73.69, RSRQ_SOURCE: -3.00, RSRQ_TARGET: -3.00, SINR_SOURCE: 26.01, SINR_TARGET: 34.89, TIME_TO_TRIGGER: 8.00, A3_OFFSET: 8.00, HOF: 1
TIMESTAMP: 240, UE_ID: 194, CELL_SOURCE_ID: 2, CELL_TARGET_ID: 1, RSRP_SOURCE: -86.27, RSRP_TARGET: -76.19, RSRQ_SOURCE: -3.00, RSRQ_TARGET: -3.00, SINR_SOURCE: 22.01, SINR_TARGET: 34.86, TIME_TO_TRIGGER: 8.00, A3_OFFSET: 8.00, HOF: 1
TIMESTAMP: 242, UE_ID: 28, CELL_SOURCE_ID: 1, CELL_TARGET_ID: 2, RSRP_SOURCE: -105.07, RSRP_TARGET: -80.14, RSRQ_SOURCE: -3.00, RSRQ_TARGET: -3.00, SINR_SOURCE: -4.05, SINR_TARGET: 28.97, TIME_TO_TRIGGER: 8.00, A3_OFFSET: 8.00, HOF: 1
TIMESTAMP: 242, UE_ID: 39, CELL_SOURCE_ID: 1, CELL_TARGET_ID: 2, RSRP_SOURCE: -103.71, RSRP_TARGET: -82.19, RSRQ_SOURCE: -3.00, RSRQ_TARGET: -3.00, SINR_SOURCE: -2.12, SINR_TARGET: 26.14, TIME_TO_TRIGGER: 8.00, A3_OFFSET: 8.00, HOF: 1
TIMESTAMP: 242, UE_ID: 47, CELL_SOURCE_ID: 1, CELL_TARGET_ID: 2, RSRP_SOURCE: -71.30, RSRP_TARGET: -49.30, RSRQ_SOURCE: -3.00, RSRQ_TARGET: -3.00, SINR_SOURCE: 32.19, SINR_TARGET: 57.00, TIME_TO_TRIGGER: 8.00, A3_OFFSET: 8.00, HOF: 1
TIMESTAMP: 242, UE_ID: 57, CELL_SOURCE_ID: 1, CELL_TARGET_ID: 2, RSRP_SOURCE: -99.81, RSRP_TARGET: -77.58, RSRQ_SOURCE: -3.00, RSRQ_TARGET: -3.00, SINR_SOURCE: -0.66, SINR_TARGET: 32.46, TIME_TO_TRIGGER: 8.00, A3_OFFSET: 8.00, HOF: 1
TIMESTAMP: 242, UE_ID: 105, CELL_SOURCE_ID: 1, CELL_TARGET_ID: 2, RSRP_SOURCE: -91.24, RSRP_TARGET: -69.22, RSRQ_SOURCE: -3.00, RSRQ_TARGET: -3.00, SINR_SOURCE: 10.16, SINR_TARGET: 40.99, TIME_TO_TRIGGER: 8.00, A3_OFFSET: 8.00, HOF: 1
TIMESTAMP: 242, UE_ID: 194, CELL_SOURCE_ID: 1, CELL_TARGET_ID: 2, RSRP_SOURCE: -102.46, RSRP_TARGET: -81.51, RSRQ_SOURCE: -3.00, RSRQ_TARGET: -3.00, SINR_SOURCE: -3.15, SINR_TARGET: 28.61, TIME_TO_TRIGGER: 8.00, A3_OFFSET: 8.00, HOF: 1
TIMESTAMP: 242, UE_ID: 236, CELL_SOURCE_ID: 1, CELL_TARGET_ID: 2, RSRP_SOURCE: -71.53, RSRP_TARGET: -49.52, RSRQ_SOURCE: -3.00, RSRQ_TARGET: -3.00, SINR_SOURCE: 26.81, SINR_TARGET: 63.58, TIME_TO_TRIGGER: 8.00, A3_OFFSET: 8.00, HOF: 1
TIMESTAMP: 248, UE_ID: 28, CELL_SOURCE_ID: 2, CELL_TARGET_ID: 1, RSRP_SOURCE: -82.41, RSRP_TARGET: -71.19, RSRQ_SOURCE: -3.00, RSRQ_TARGET: -3.00, SINR_SOURCE: 25.67, SINR_TARGET: 38.19, TIME_TO_TRIGGER: 8.00, A3_OFFSET: 8.00, HOF: 0
TIMESTAMP: 249, UE_ID: 39, CELL_SOURCE_ID: 2, CELL_TARGET_ID: 3, RSRP_SOURCE: -108.16, RSRP_TARGET: -87.03, RSRQ_SOURCE: -3.00, RSRQ_TARGET: -3.00, SINR_SOURCE: -5.11, SINR_TARGET: 21.22, TIME_TO_TRIGGER: 8.00, A3_OFFSET: 8.00, HOF: 1
TIMESTAMP: 249, UE_ID: 47, CELL_SOURCE_ID: 2, CELL_TARGET_ID: 1, RSRP_SOURCE: -88.57, RSRP_TARGET: -77.17, RSRQ_SOURCE: -3.00, RSRQ_TARGET: -3.00, SINR_SOURCE: 13.27, SINR_TARGET: 29.17, TIME_TO_TRIGGER: 8.00, A3_OFFSET: 8.00, HOF: 1
TIMESTAMP: 249, UE_ID: 57, CELL_SOURCE_ID: 2, CELL_TARGET_ID: 1, RSRP_SOURCE: -98.79, RSRP_TARGET: -85.69, RSRQ_SOURCE: -3.00, RSRQ_TARGET: -3.00, SINR_SOURCE: 4.28, SINR_TARGET: 23.07, TIME_TO_TRIGGER: 8.00, A3_OFFSET: 8.00, HOF: 1
TIMESTAMP: 253, UE_ID: 28, CELL_SOURCE_ID: 2, CELL_TARGET_ID: 1, RSRP_SOURCE: -91.61, RSRP_TARGET: -83.28, RSRQ_SOURCE: -3.00, RSRQ_TARGET: -3.00, SINR_SOURCE: 18.44, SINR_TARGET: 25.83, TIME_TO_TRIGGER: 8.00, A3_OFFSET: 8.00, HOF: 1
TIMESTAMP: 253, UE_ID: 105, CELL_SOURCE_ID: 2, CELL_TARGET_ID: 1, RSRP_SOURCE: -82.81, RSRP_TARGET: -72.54, RSRQ_SOURCE: -3.00, RSRQ_TARGET: -3.00, SINR_SOURCE: 27.12, SINR_TARGET: 38.64, TIME_TO_TRIGGER: 8.00, A3_OFFSET: 8.00, HOF: 1
TIMESTAMP: 253, UE_ID: 194, CELL_SOURCE_ID: 2, CELL_TARGET_ID: 1, RSRP_SOURCE: -83.26, RSRP_TARGET: -74.75, RSRQ_SOURCE: -3.00, RSRQ_TARGET: -3.00, SINR_SOURCE: 26.60, SINR_TARGET: 32.78, TIME_TO_TRIGGER: 8.00, A3_OFFSET: 8.00, HOF: 1
TIMESTAMP: 257, UE_ID: 57, CELL_SOURCE_ID: 1, CELL_TARGET_ID: 2, RSRP_SOURCE: -84.94, RSRP_TARGET: -76.55, RSRQ_SOURCE: -3.00, RSRQ_TARGET: -3.00, SINR_SOURCE: 22.41, SINR_TARGET: 34.59, TIME_TO_TRIGGER: 8.00, A3_OFFSET: 8.00, HOF: 1
TIMESTAMP: 257, UE_ID: 194, CELL_SOURCE_ID: 1, CELL_TARGET_ID: 2, RSRP_SOURCE: -84.45, RSRP_TARGET: -76.35, RSRQ_SOURCE: -3.00, RSRQ_TARGET: -3.00, SINR_SOURCE: 25.02, SINR_TARGET: 35.90, TIME_TO_TRIGGER: 8.00, A3_OFFSET: 8.00, HOF: 1
TIMESTAMP: 260, UE_ID: 194, CELL_SOURCE_ID: 2, CELL_TARGET_ID: 1, RSRP_SOURCE: -77.51, RSRP_TARGET: -49.41, RSRQ_SOURCE: -3.00, RSRQ_TARGET: -3.00, SINR_SOURCE: 25.01, SINR_TARGET: 59.85, TIME_TO_TRIGGER: 8.00, A3_OFFSET: 8.00, HOF: 1
TIMESTAMP: 260, UE_ID: 236, CELL_SOURCE_ID: 2, CELL_TARGET_ID: 1, RSRP_SOURCE: -96.29, RSRP_TARGET: -67.86, RSRQ_SOURCE: -3.00, RSRQ_TARGET: -3.00, SINR_SOURCE: 1.25, SINR_TARGET: 43.74, TIME_TO_TRIGGER: 8.00, A3_OFFSET: 8.00, HOF: 1
TIMESTAMP: 263, UE_ID: 47, CELL_SOURCE_ID: 1, CELL_TARGET_ID: 2, RSRP_SOURCE: -73.60, RSRP_TARGET: -60.77, RSRQ_SOURCE: -3.00, RSRQ_TARGET: -3.00, SINR_SOURCE: 35.10, SINR_TARGET: 50.62, TIME_TO_TRIGGER: 8.00, A3_OFFSET: 8.00, HOF: 1
TIMESTAMP: 263, UE_ID: 105, CELL_SOURCE_ID: 1, CELL_TARGET_ID: 2, RSRP_SOURCE: -75.27, RSRP_TARGET: -61.30, RSRQ_SOURCE: -3.00, RSRQ_TARGET: -3.00, SINR_SOURCE: 34.67, SINR_TARGET: 49.40, TIME_TO_TRIGGER: 8.00, A3_OFFSET: 8.00, HOF: 1
TIMESTAMP: 263, UE_ID: 194, CELL_SOURCE_ID: 1, CELL_TARGET_ID: 2, RSRP_SOURCE: -86.17, RSRP_TARGET: -76.11, RSRQ_SOURCE: -3.00, RSRQ_TARGET: -3.00, SINR_SOURCE: 25.99, SINR_TARGET: 35.85, TIME_TO_TRIGGER: 8.00, A3_OFFSET: 8.00, HOF: 1
TIMESTAMP: 264, UE_ID: 28, CELL_SOURCE_ID: 1, CELL_TARGET_ID: 2, RSRP_SOURCE: -91.96, RSRP_TARGET: -75.10, RSRQ_SOURCE: -3.00, RSRQ_TARGET: -3.00, SINR_SOURCE: 20.81, SINR_TARGET: 36.14, TIME_TO_TRIGGER: 8.00, A3_OFFSET: 8.00, HOF: 1
TIMESTAMP: 264, UE_ID: 103, CELL_SOURCE_ID: 1, CELL_TARGET_ID: 2, RSRP_SOURCE: -71.17, RSRP_TARGET: -56.36, RSRQ_SOURCE: -3.00, RSRQ_TARGET: -3.00, SINR_SOURCE: 37.68, SINR_TARGET: 56.23, TIME_TO_TRIGGER: 8.00, A3_OFFSET: 8.00, HOF: 1
TIMESTAMP: 264, UE_ID: 236, CELL_SOURCE_ID: 1, CELL_TARGET_ID: 2, RSRP_SOURCE: -84.97, RSRP_TARGET: -73.98, RSRQ_SOURCE: -3.00, RSRQ_TARGET: -3.00, SINR_SOURCE: 23.65, SINR_TARGET: 38.20, TIME_TO_TRIGGER: 8.00, A3_OFFSET: 8.00, HOF: 1
TIMESTAMP: 268, UE_ID: 28, CELL_SOURCE_ID: 2, CELL_TARGET_ID: 1, RSRP_SOURCE: -102.66, RSRP_TARGET: -79.00, RSRQ_SOURCE: -3.00, RSRQ_TARGET: -3.00, SINR_SOURCE: 0.02, SINR_TARGET: 30.22, TIME_TO_TRIGGER: 8.00, A3_OFFSET: 8.00, HOF: 1
TIMESTAMP: 268, UE_ID: 47, CELL_SOURCE_ID: 2, CELL_TARGET_ID: 1, RSRP_SOURCE: -83.41, RSRP_TARGET: -62.95, RSRQ_SOURCE: -3.00, RSRQ_TARGET: -3.00, SINR_SOURCE: 25.34, SINR_TARGET: 45.52, TIME_TO_TRIGGER: 8.00, A3_OFFSET: 8.00, HOF: 1
TIMESTAMP: 268, UE_ID: 57, CELL_SOURCE_ID: 2, CELL_TARGET_ID: 1, RSRP_SOURCE: -80.56, RSRP_TARGET: -65.05, RSRQ_SOURCE: -3.00, RSRQ_TARGET: -3.00, SINR_SOURCE: 25.06, SINR_TARGET: 45.66, TIME_TO_TRIGGER: 8.00, A3_OFFSET: 8.00, HOF: 1
TIMESTAMP: 268, UE_ID: 105, CELL_SOURCE_ID: 2, CELL_TARGET_ID: 1, RSRP_SOURCE: -60.96, RSRP_TARGET: -43.59, RSRQ_SOURCE: -3.00, RSRQ_TARGET: -3.00, SINR_SOURCE: 44.30, SINR_TARGET: 66.84, TIME_TO_TRIGGER: 8.00, A3_OFFSET: 8.00, HOF: 1
TIMESTAMP: 268, UE_ID: 194, CELL_SOURCE_ID: 2, CELL_TARGET_ID: 1, RSRP_SOURCE: -106.34, RSRP_TARGET: -82.90, RSRQ_SOURCE: -3.00, RSRQ_TARGET: -3.00, SINR_SOURCE: -2.60, SINR_TARGET: 29.42, TIME_TO_TRIGGER: 8.00, A3_OFFSET: 8.00, HOF: 1
TIMESTAMP: 268, UE_ID: 236, CELL_SOURCE_ID: 2, CELL_TARGET_ID: 1, RSRP_SOURCE: -97.86, RSRP_TARGET: -73.56, RSRQ_SOURCE: -3.00, RSRQ_TARGET: -3.00, SINR_SOURCE: 6.54, SINR_TARGET: 36.18, TIME_TO_TRIGGER: 8.00, A3_OFFSET: 8.00, HOF: 1
TIMESTAMP: 271, UE_ID: 39, CELL_SOURCE_ID: 3, CELL_TARGET_ID: 1, RSRP_SOURCE: -91.14, RSRP_TARGET: -73.75, RSRQ_SOURCE: -3.00, RSRQ_TARGET: -3.00, SINR_SOURCE: 11.12, SINR_TARGET: 36.27, TIME_TO_TRIGGER: 8.00, A3_OFFSET: 8.00, HOF: 1
TIMESTAMP: 277, UE_ID: 28, CELL_SOURCE_ID: 1, CELL_TARGET_ID: 2, RSRP_SOURCE: -97.79, RSRP_TARGET: -82.61, RSRQ_SOURCE: -3.00, RSRQ_TARGET: -3.00, SINR_SOURCE: 2.14, SINR_TARGET: 30.14, TIME_TO_TRIGGER: 8.00, A3_OFFSET: 8.00, HOF: 1
TIMESTAMP: 277, UE_ID: 39, CELL_SOURCE_ID: 1, CELL_TARGET_ID: 2, RSRP_SOURCE: -107.74, RSRP_TARGET: -85.39, RSRQ_SOURCE: -3.00, RSRQ_TARGET: -3.00, SINR_SOURCE: -7.29, SINR_TARGET: 24.66, TIME_TO_TRIGGER: 8.00, A3_OFFSET: 8.00, HOF: 1
TIMESTAMP: 277, UE_ID: 47, CELL_SOURCE_ID: 1, CELL_TARGET_ID: 2, RSRP_SOURCE: -68.90, RSRP_TARGET: -48.94, RSRQ_SOURCE: -3.00, RSRQ_TARGET: -3.00, SINR_SOURCE: 29.11, SINR_TARGET: 61.00, TIME_TO_TRIGGER: 8.00, A3_OFFSET: 8.00, HOF: 1
TIMESTAMP: 277, UE_ID: 57, CELL_SOURCE_ID: 1, CELL_TARGET_ID: 2, RSRP_SOURCE: -100.85, RSRP_TARGET: -79.69, RSRQ_SOURCE: -3.00, RSRQ_TARGET: -3.00, SINR_SOURCE: -2.63, SINR_TARGET: 25.44, TIME_TO_TRIGGER: 8.00, A3_OFFSET: 8.00, HOF: 1
TIMESTAMP: 277, UE_ID: 105, CELL_SOURCE_ID: 1, CELL_TARGET_ID: 2, RSRP_SOURCE: -100.65, RSRP_TARGET: -81.62, RSRQ_SOURCE: -3.00, RSRQ_TARGET: -3.00, SINR_SOURCE: -4.74, SINR_TARGET: 29.20, TIME_TO_TRIGGER: 8.00, A3_OFFSET: 8.00, HOF: 1
TIMESTAMP: 277, UE_ID: 194, CELL_SOURCE_ID: 1, CELL_TARGET_ID: 2, RSRP_SOURCE: -74.20, RSRP_TARGET: -57.59, RSRQ_SOURCE: -3.00, RSRQ_TARGET: -3.00, SINR_SOURCE: 25.50, SINR_TARGET: 53.50, TIME_TO_TRIGGER: 8.00, A3_OFFSET: 8.00, HOF: 1
TIMESTAMP: 277, UE_ID: 236, CELL_SOURCE_ID: 1, CELL_TARGET_ID: 2, RSRP_SOURCE: -104.40, RSRP_TARGET: -81.59, RSRQ_SOURCE: -3.00, RSRQ_TARGET: -3.00, SINR_SOURCE: -7.12, SINR_TARGET: 23.12, TIME_TO_TRIGGER: 8.00, A3_OFFSET: 8.00, HOF: 1
TIMESTAMP: 281, UE_ID: 57, CELL_SOURCE_ID: 2, CELL_TARGET_ID: 1, RSRP_SOURCE: -81.42, RSRP_TARGET: -72.64, RSRQ_SOURCE: -3.00, RSRQ_TARGET: -3.00, SINR_SOURCE: 28.70, SINR_TARGET: 35.96, TIME_TO_TRIGGER: 8.00, A3_OFFSET: 8.00, HOF: 1
TIMESTAMP: 281, UE_ID: 194, CELL_SOURCE_ID: 2, CELL_TARGET_ID: 1, RSRP_SOURCE: -75.09, RSRP_TARGET: -67.02, RSRQ_SOURCE: -3.00, RSRQ_TARGET: -3.00, SINR_SOURCE: 37.67, SINR_TARGET: 41.05, TIME_TO_TRIGGER: 8.00, A3_OFFSET: 8.00, HOF: 1
TIMESTAMP: 282, UE_ID: 28, CELL_SOURCE_ID: 2, CELL_TARGET_ID: 1, RSRP_SOURCE: -58.48, RSRP_TARGET: -45.69, RSRQ_SOURCE: -3.00, RSRQ_TARGET: -3.00, SINR_SOURCE: 52.90, SINR_TARGET: 61.25, TIME_TO_TRIGGER: 8.00, A3_OFFSET: 8.00, HOF: 1
TIMESTAMP: 282, UE_ID: 47, CELL_SOURCE_ID: 2, CELL_TARGET_ID: 1, RSRP_SOURCE: -78.94, RSRP_TARGET: -68.86, RSRQ_SOURCE: -3.00, RSRQ_TARGET: -3.00, SINR_SOURCE: 29.73, SINR_TARGET: 43.34, TIME_TO_TRIGGER: 8.00, A3_OFFSET: 8.00, HOF: 1
TIMESTAMP: 283, UE_ID: 57, CELL_SOURCE_ID: 1, CELL_TARGET_ID: 2, RSRP_SOURCE: -90.73, RSRP_TARGET: -82.37, RSRQ_SOURCE: -3.00, RSRQ_TARGET: -3.00, SINR_SOURCE: 20.06, SINR_TARGET: 29.65, TIME_TO_TRIGGER: 8.00, A3_OFFSET: 8.00, HOF: 1
TIMESTAMP: 293, UE_ID: 39, CELL_SOURCE_ID: 2, CELL_TARGET_ID: 1, RSRP_SOURCE: -83.45, RSRP_TARGET: -74.27, RSRQ_SOURCE: -3.00, RSRQ_TARGET: -3.00, SINR_SOURCE: 27.94, SINR_TARGET: 34.80, TIME_TO_TRIGGER: 8.00, A3_OFFSET: 8.00, HOF: 1
TIMESTAMP: 298, UE_ID: 28, CELL_SOURCE_ID: 1, CELL_TARGET_ID: 2, RSRP_SOURCE: -82.21, RSRP_TARGET: -73.75, RSRQ_SOURCE: -3.00, RSRQ_TARGET: -3.00, SINR_SOURCE: 26.61, SINR_TARGET: 36.17, TIME_TO_TRIGGER: 8.00, A3_OFFSET: 8.00, HOF: 1
TIMESTAMP: 298, UE_ID: 39, CELL_SOURCE_ID: 1, CELL_TARGET_ID: 2, RSRP_SOURCE: -61.31, RSRP_TARGET: -51.97, RSRQ_SOURCE: -3.00, RSRQ_TARGET: -3.00, SINR_SOURCE: 49.05, SINR_TARGET: 60.81, TIME_TO_TRIGGER: 8.00, A3_OFFSET: 8.00, HOF: 1
TIMESTAMP: 298, UE_ID: 47, CELL_SOURCE_ID: 1, CELL_TARGET_ID: 2, RSRP_SOURCE: -84.90, RSRP_TARGET: -75.25, RSRQ_SOURCE: -3.00, RSRQ_TARGET: -3.00, SINR_SOURCE: 20.36, SINR_TARGET: 37.31, TIME_TO_TRIGGER: 8.00, A3_OFFSET: 8.00, HOF: 1
TIMESTAMP: 298, UE_ID: 194, CELL_SOURCE_ID: 1, CELL_TARGET_ID: 2, RSRP_SOURCE: -87.01, RSRP_TARGET: -76.59, RSRQ_SOURCE: -3.00, RSRQ_TARGET: -3.00, SINR_SOURCE: 22.33, SINR_TARGET: 32.98, TIME_TO_TRIGGER: 8.00, A3_OFFSET: 8.00, HOF: 1
TIMESTAMP: 299, UE_ID: 57, CELL_SOURCE_ID: 2, CELL_TARGET_ID: 1, RSRP_SOURCE: -93.61, RSRP_TARGET: -81.90, RSRQ_SOURCE: -3.00, RSRQ_TARGET: -3.00, SINR_SOURCE: 19.32, SINR_TARGET: 29.50, TIME_TO_TRIGGER: 8.00, A3_OFFSET: 8.00, HOF: 1
TIMESTAMP: 299, UE_ID: 105, CELL_SOURCE_ID: 2, CELL_TARGET_ID: 1, RSRP_SOURCE: -55.10, RSRP_TARGET: -42.16, RSRQ_SOURCE: -3.00, RSRQ_TARGET: -3.00, SINR_SOURCE: 54.56, SINR_TARGET: 63.85, TIME_TO_TRIGGER: 8.00, A3_OFFSET: 8.00, HOF: 1
TIMESTAMP: 299, UE_ID: 236, CELL_SOURCE_ID: 2, CELL_TARGET_ID: 1, RSRP_SOURCE: -80.44, RSRP_TARGET: -72.37, RSRQ_SOURCE: -3.00, RSRQ_TARGET: -3.00, SINR_SOURCE: 27.19, SINR_TARGET: 39.66, TIME_TO_TRIGGER: 8.00, A3_OFFSET: 8.00, HOF: 1
TIMESTAMP: 300, UE_ID: 47, CELL_SOURCE_ID: 2, CELL_TARGET_ID: 1, RSRP_SOURCE: -75.69, RSRP_TARGET: -66.64, RSRQ_SOURCE: -3.00, RSRQ_TARGET: -3.00, SINR_SOURCE: 31.32, SINR_TARGET: 44.47, TIME_TO_TRIGGER: 8.00, A3_OFFSET: 8.00, HOF: 1
