TIMESTAMP: 64, UE_ID: 9, CELL_SOURCE_ID: 53, CELL_TARGET_ID: 55, RSRP_SOURCE: -98.07, RSRP_TARGET: -65.28, RSRQ_SOURCE: -3.00, RSRQ_TARGET: -3.00, SINR_SOURCE: 9.41, SINR_TARGET: 43.32, TIME_TO_TRIGGER: 12.00, A3_OFFSET: 10.00, HOF: 1
TIMESTAMP: 69, UE_ID: 96, CELL_SOURCE_ID: 3, CELL_TARGET_ID: 1, RSRP_SOURCE: -99.08, RSRP_TARGET: -88.42, RSRQ_SOURCE: -3.00, RSRQ_TARGET: -3.00, SINR_SOURCE: 14.22, SINR_TARGET: 22.29, TIME_TO_TRIGGER: 12.00, A3_OFFSET: 10.00, HOF: 1
TIMESTAMP: 79, UE_ID: 12, CELL_SOURCE_ID: 49, CELL_TARGET_ID: 1, RSRP_SOURCE: -65.13, RSRP_TARGET: -54.43, RSRQ_SOURCE: -3.00, RSRQ_TARGET: -3.00, SINR_SOURCE: 44.13, SINR_TARGET: 55.04, TIME_TO_TRIGGER: 12.00, A3_OFFSET: 10.00, HOF: 1
TIMESTAMP: 80, UE_ID: 74, CELL_SOURCE_ID: 53, CELL_TARGET_ID: 1, RSRP_SOURCE: -112.96, RSRP_TARGET: -102.84, RSRQ_SOURCE: -3.00, RSRQ_TARGET: -3.00, SINR_SOURCE: -7.97, SINR_TARGET: 7.65, TIME_TO_TRIGGER: 12.00, A3_OFFSET: 10.00, HOF: 1
TIMESTAMP: 81, UE_ID: 10, CELL_SOURCE_ID: 11, CELL_TARGET_ID: 1, RSRP_SOURCE: -98.38, RSRP_TARGET: -85.69, RSRQ_SOURCE: -3.00, RSRQ_TARGET: -3.00, SINR_SOURCE: 11.78, SINR_TARGET: 22.49, TIME_TO_TRIGGER: 12.00, A3_OFFSET: 10.00, HOF: 1
TIMESTAMP: 82, UE_ID: 74, CELL_SOURCE_ID: 1, CELL_TARGET_ID: 2, RSRP_SOURCE: -111.51, RSRP_TARGET: -100.79, RSRQ_SOURCE: -3.00, RSRQ_TARGET: -3.00, SINR_SOURCE: -3.31, SINR_TARGET: 7.08, TIME_TO_TRIGGER: 12.00, A3_OFFSET: 10.00, HOF: 0
TIMESTAMP: 83, UE_ID: 29, CELL_SOURCE_ID: 6, CELL_TARGET_ID: 1, RSRP_SOURCE: -109.76, RSRP_TARGET: -96.15, RSRQ_SOURCE: -3.00, RSRQ_TARGET: -3.00, SINR_SOURCE: -4.65, SINR_TARGET: 16.29, TIME_TO_TRIGGER: 12.00, A3_OFFSET: 10.00, HOF: 1
TIMESTAMP: 89, UE_ID: 74, CELL_SOURCE_ID: 1, CELL_TARGET_ID: 4, RSRP_SOURCE: -114.82, RSRP_TARGET: -104.80, RSRQ_SOURCE: -3.00, RSRQ_TARGET: -3.00, SINR_SOURCE: -9.46, SINR_TARGET: 6.66, TIME_TO_TRIGGER: 12.00, A3_OFFSET: 10.00, HOF: 1
TIMESTAMP: 91, UE_ID: 32, CELL_SOURCE_ID: 38, CELL_TARGET_ID: 40, RSRP_SOURCE: -114.36, RSRP_TARGET: -84.87, RSRQ_SOURCE: -3.00, RSRQ_TARGET: -3.00, SINR_SOURCE: -4.90, SINR_TARGET: 28.40, TIME_TO_TRIGGER: 12.00, A3_OFFSET: 10.00, HOF: 1
TIMESTAMP: 91, UE_ID: 74, CELL_SOURCE_ID: 4, CELL_TARGET_ID: 49, RSRP_SOURCE: -112.56, RSRP_TARGET: -102.27, RSRQ_SOURCE: -3.00, RSRQ_TARGET: -3.00, SINR_SOURCE: -1.43, SINR_TARGET: 6.29, TIME_TO_TRIGGER: 12.00, A3_OFFSET: 10.00, HOF: 1
TIMESTAMP: 96, UE_ID: 29, CELL_SOURCE_ID: 1, CELL_TARGET_ID: 4, RSRP_SOURCE: -113.66, RSRP_TARGET: -98.41, RSRQ_SOURCE: -3.00, RSRQ_TARGET: -3.00, SINR_SOURCE: -0.45, SINR_TARGET: 11.69, TIME_TO_TRIGGER: 12.00, A3_OFFSET: 10.00, HOF: 1
TIMESTAMP: 111, UE_ID: 95, CELL_SOURCE_ID: 17, CELL_TARGET_ID: 1, RSRP_SOURCE: -110.52, RSRP_TARGET: -99.33, RSRQ_SOURCE: -3.00, RSRQ_TARGET: -3.00, SINR_SOURCE: 0.03, SINR_TARGET: 7.28, TIME_TO_TRIGGER: 12.00, A3_OFFSET: 10.00, HOF: 1
TIMESTAMP: 115, UE_ID: 30, CELL_SOURCE_ID: 55, CELL_TARGET_ID: 4, RSRP_SOURCE: -113.44, RSRP_TARGET: -103.15, RSRQ_SOURCE: -3.00, RSRQ_TARGET: -3.00, SINR_SOURCE: -12.49, SINR_TARGET: 4.11, TIME_TO_TRIGGER: 12.00, A3_OFFSET: 10.00, HOF: 1
TIMESTAMP: 143, UE_ID: 87, CELL_SOURCE_ID: 20, CELL_TARGET_ID: 22, RSRP_SOURCE: -107.79, RSRP_TARGET: -94.83, RSRQ_SOURCE: -3.00, RSRQ_TARGET: -3.00, SINR_SOURCE: 2.93, SINR_TARGET: 17.11, TIME_TO_TRIGGER: 12.00, A3_OFFSET: 10.00, HOF: 1
TIMESTAMP: 152, UE_ID: 64, CELL_SOURCE_ID: 6, CELL_TARGET_ID: 7, RSRP_SOURCE: -109.75, RSRP_TARGET: -96.86, RSRQ_SOURCE: -3.00, RSRQ_TARGET: -3.00, SINR_SOURCE: -3.30, SINR_TARGET: 13.07, TIME_TO_TRIGGER: 12.00, A3_OFFSET: 10.00, HOF: 1
TIMESTAMP: 170, UE_ID: 63, CELL_SOURCE_ID: 40, CELL_TARGET_ID: 1, RSRP_SOURCE: -100.76, RSRP_TARGET: -87.51, RSRQ_SOURCE: -3.00, RSRQ_TARGET: -3.00, SINR_SOURCE: 7.19, SINR_TARGET: 22.44, TIME_TO_TRIGGER: 12.00, A3_OFFSET: 10.00, HOF: 1
TIMESTAMP: 175, UE_ID: 4, CELL_SOURCE_ID: 19, CELL_TARGET_ID: 1, RSRP_SOURCE: -103.70, RSRP_TARGET: -92.96, RSRQ_SOURCE: -3.00, RSRQ_TARGET: -3.00, SINR_SOURCE: 3.99, SINR_TARGET: 19.26, TIME_TO_TRIGGER: 12.00, A3_OFFSET: 10.00, HOF: 1
TIMESTAMP: 245, UE_ID: 92, CELL_SOURCE_ID: 31, CELL_TARGET_ID: 1, RSRP_SOURCE: -110.28, RSRP_TARGET: -97.94, RSRQ_SOURCE: -3.00, RSRQ_TARGET: -3.00, SINR_SOURCE: -8.51, SINR_TARGET: 13.98, TIME_TO_TRIGGER: 12.00, A3_OFFSET: 10.00, HOF: 1
TIMESTAMP: 257, UE_ID: 95, CELL_SOURCE_ID: 57, CELL_TARGET_ID: 5, RSRP_SOURCE: -114.73, RSRP_TARGET: -102.28, RSRQ_SOURCE: -3.00, RSRQ_TARGET: -3.00, SINR_SOURCE: -11.77, SINR_TARGET: 9.70, TIME_TO_TRIGGER: 12.00, A3_OFFSET: 10.00, HOF: 1
TIMESTAMP: 273, UE_ID: 96, CELL_SOURCE_ID: 42, CELL_TARGET_ID: 45, RSRP_SOURCE: -112.83, RSRP_TARGET: -101.23, RSRQ_SOURCE: -3.00, RSRQ_TARGET: -3.00, SINR_SOURCE: 0.61, SINR_TARGET: 10.30, TIME_TO_TRIGGER: 12.00, A3_OFFSET: 10.00, HOF: 1
