TIMESTAMP: 37, UE_ID: 35, CELL_SOURCE_ID: 52, CELL_TARGET_ID: 5, RSRP_SOURCE: -109.86, RSRP_TARGET: -97.07, RSRQ_SOURCE: -3.00, RSRQ_TARGET: -3.00, SINR_SOURCE: -10.16, SINR_TARGET: 13.72, TIME_TO_TRIGGER: 12.00, A3_OFFSET: 10.00, HOF: 1
TIMESTAMP: 44, UE_ID: 64, CELL_SOURCE_ID: 19, CELL_TARGET_ID: 1, RSRP_SOURCE: -97.32, RSRP_TARGET: -80.29, RSRQ_SOURCE: -3.00, RSRQ_TARGET: -3.00, SINR_SOURCE: 5.55, SINR_TARGET: 30.64, TIME_TO_TRIGGER: 12.00, A3_OFFSET: 10.00, HOF: 1
TIMESTAMP: 47, UE_ID: 2, CELL_SOURCE_ID: 52, CELL_TARGET_ID: 20, RSRP_SOURCE: -109.21, RSRP_TARGET: -98.94, RSRQ_SOURCE: -3.00, RSRQ_TARGET: -3.00, SINR_SOURCE: -5.38, SINR_TARGET: 10.63, TIME_TO_TRIGGER: 12.00, A3_OFFSET: 10.00, HOF: 1
TIMESTAMP: 47, UE_ID: 74, CELL_SOURCE_ID: 52, CELL_TARGET_ID: 1, RSRP_SOURCE: -112.45, RSRP_TARGET: -98.63, RSRQ_SOURCE: -3.00, RSRQ_TARGET: -3.00, SINR_SOURCE: -12.42, SINR_TARGET: 11.92, TIME_TO_TRIGGER: 12.00, A3_OFFSET: 10.00, HOF: 1
TIMESTAMP: 54, UE_ID: 30, CELL_SOURCE_ID: 52, CELL_TARGET_ID: 4, RSRP_SOURCE: -114.68, RSRP_TARGET: -100.45, RSRQ_SOURCE: -3.00, RSRQ_TARGET: -3.00, SINR_SOURCE: -12.53, SINR_TARGET: 12.39, TIME_TO_TRIGGER: 12.00, A3_OFFSET: 10.00, HOF: 1
TIMESTAMP: 56, UE_ID: 11, CELL_SOURCE_ID: 22, CELL_TARGET_ID: 1, RSRP_SOURCE: -113.74, RSRP_TARGET: -85.56, RSRQ_SOURCE: -3.00, RSRQ_TARGET: -3.00, SINR_SOURCE: -12.65, SINR_TARGET: 27.54, TIME_TO_TRIGGER: 12.00, A3_OFFSET: 10.00, HOF: 1
TIMESTAMP: 58, UE_ID: 38, CELL_SOURCE_ID: 19, CELL_TARGET_ID: 1, RSRP_SOURCE: -108.03, RSRP_TARGET: -91.37, RSRQ_SOURCE: -3.00, RSRQ_TARGET: -3.00, SINR_SOURCE: -12.62, SINR_TARGET: 20.09, TIME_TO_TRIGGER: 12.00, A3_OFFSET: 10.00, HOF: 1
TIMESTAMP: 66, UE_ID: 38, CELL_SOURCE_ID: 1, CELL_TARGET_ID: 2, RSRP_SOURCE: -109.76, RSRP_TARGET: -98.46, RSRQ_SOURCE: -3.00, RSRQ_TARGET: -3.00, SINR_SOURCE: -0.10, SINR_TARGET: 14.70, TIME_TO_TRIGGER: 12.00, A3_OFFSET: 10.00, HOF: 1
TIMESTAMP: 68, UE_ID: 38, CELL_SOURCE_ID: 2, CELL_TARGET_ID: 1, RSRP_SOURCE: -106.24, RSRP_TARGET: -88.28, RSRQ_SOURCE: -3.00, RSRQ_TARGET: -3.00, SINR_SOURCE: 1.89, SINR_TARGET: 20.44, TIME_TO_TRIGGER: 12.00, A3_OFFSET: 10.00, HOF: 1
TIMESTAMP: 70, UE_ID: 47, CELL_SOURCE_ID: 23, CELL_TARGET_ID: 1, RSRP_SOURCE: -97.33, RSRP_TARGET: -84.25, RSRQ_SOURCE: -3.00, RSRQ_TARGET: -3.00, SINR_SOURCE: 12.43, SINR_TARGET: 30.13, TIME_TO_TRIGGER: 12.00, A3_OFFSET: 10.00, HOF: 1
TIMESTAMP: 72, UE_ID: 42, CELL_SOURCE_ID: 40, CELL_TARGET_ID: 11, RSRP_SOURCE: -112.87, RSRP_TARGET: -101.03, RSRQ_SOURCE: -3.00, RSRQ_TARGET: -3.00, SINR_SOURCE: -9.21, SINR_TARGET: 8.18, TIME_TO_TRIGGER: 12.00, A3_OFFSET: 10.00, HOF: 0
TIMESTAMP: 81, UE_ID: 32, CELL_SOURCE_ID: 38, CELL_TARGET_ID: 1, RSRP_SOURCE: -111.59, RSRP_TARGET: -100.12, RSRQ_SOURCE: -3.00, RSRQ_TARGET: -3.00, SINR_SOURCE: -6.04, SINR_TARGET: 9.69, TIME_TO_TRIGGER: 12.00, A3_OFFSET: 10.00, HOF: 1
TIMESTAMP: 86, UE_ID: 38, CELL_SOURCE_ID: 1, CELL_TARGET_ID: 5, RSRP_SOURCE: -114.38, RSRP_TARGET: -103.07, RSRQ_SOURCE: -3.00, RSRQ_TARGET: -3.00, SINR_SOURCE: -3.76, SINR_TARGET: 4.70, TIME_TO_TRIGGER: 12.00, A3_OFFSET: 10.00, HOF: 1
TIMESTAMP: 87, UE_ID: 25, CELL_SOURCE_ID: 43, CELL_TARGET_ID: 1, RSRP_SOURCE: -100.64, RSRP_TARGET: -90.09, RSRQ_SOURCE: -3.00, RSRQ_TARGET: -3.00, SINR_SOURCE: 8.17, SINR_TARGET: 21.75, TIME_TO_TRIGGER: 12.00, A3_OFFSET: 10.00, HOF: 1
TIMESTAMP: 90, UE_ID: 1, CELL_SOURCE_ID: 46, CELL_TARGET_ID: 1, RSRP_SOURCE: -109.88, RSRP_TARGET: -91.14, RSRQ_SOURCE: -3.00, RSRQ_TARGET: -3.00, SINR_SOURCE: -7.95, SINR_TARGET: 17.88, TIME_TO_TRIGGER: 12.00, A3_OFFSET: 10.00, HOF: 0
TIMESTAMP: 93, UE_ID: 92, CELL_SOURCE_ID: 17, CELL_TARGET_ID: 1, RSRP_SOURCE: -102.83, RSRP_TARGET: -87.73, RSRQ_SOURCE: -3.00, RSRQ_TARGET: -3.00, SINR_SOURCE: 7.40, SINR_TARGET: 25.71, TIME_TO_TRIGGER: 12.00, A3_OFFSET: 10.00, HOF: 1
TIMESTAMP: 126, UE_ID: 29, CELL_SOURCE_ID: 20, CELL_TARGET_ID: 52, RSRP_SOURCE: -111.62, RSRP_TARGET: -98.42, RSRQ_SOURCE: -3.00, RSRQ_TARGET: -3.00, SINR_SOURCE: -2.13, SINR_TARGET: 9.77, TIME_TO_TRIGGER: 12.00, A3_OFFSET: 10.00, HOF: 1
TIMESTAMP: 141, UE_ID: 18, CELL_SOURCE_ID: 24, CELL_TARGET_ID: 3, RSRP_SOURCE: -111.04, RSRP_TARGET: -99.91, RSRQ_SOURCE: -3.00, RSRQ_TARGET: -3.00, SINR_SOURCE: -12.84, SINR_TARGET: 10.34, TIME_TO_TRIGGER: 12.00, A3_OFFSET: 10.00, HOF: 0
TIMESTAMP: 144, UE_ID: 5, CELL_SOURCE_ID: 54, CELL_TARGET_ID: 1, RSRP_SOURCE: -102.98, RSRP_TARGET: -92.68, RSRQ_SOURCE: -3.00, RSRQ_TARGET: -3.00, SINR_SOURCE: -5.33, SINR_TARGET: 20.93, TIME_TO_TRIGGER: 12.00, A3_OFFSET: 10.00, HOF: 1
TIMESTAMP: 144, UE_ID: 95, CELL_SOURCE_ID: 54, CELL_TARGET_ID: 1, RSRP_SOURCE: -110.83, RSRP_TARGET: -100.43, RSRQ_SOURCE: -3.00, RSRQ_TARGET: -3.00, SINR_SOURCE: -13.04, SINR_TARGET: 13.32, TIME_TO_TRIGGER: 12.00, A3_OFFSET: 10.00, HOF: 1
TIMESTAMP: 146, UE_ID: 5, CELL_SOURCE_ID: 1, CELL_TARGET_ID: 2, RSRP_SOURCE: -113.14, RSRP_TARGET: -97.85, RSRQ_SOURCE: -3.00, RSRQ_TARGET: -3.00, SINR_SOURCE: -10.08, SINR_TARGET: 14.31, TIME_TO_TRIGGER: 12.00, A3_OFFSET: 10.00, HOF: 1
TIMESTAMP: 150, UE_ID: 12, CELL_SOURCE_ID: 18, CELL_TARGET_ID: 1, RSRP_SOURCE: -99.91, RSRP_TARGET: -78.60, RSRQ_SOURCE: -3.00, RSRQ_TARGET: -3.00, SINR_SOURCE: 8.03, SINR_TARGET: 33.87, TIME_TO_TRIGGER: 12.00, A3_OFFSET: 10.00, HOF: 0
TIMESTAMP: 151, UE_ID: 56, CELL_SOURCE_ID: 53, CELL_TARGET_ID: 14, RSRP_SOURCE: -112.31, RSRP_TARGET: -101.59, RSRQ_SOURCE: -3.00, RSRQ_TARGET: -3.00, SINR_SOURCE: -5.32, SINR_TARGET: 3.71, TIME_TO_TRIGGER: 12.00, A3_OFFSET: 10.00, HOF: 1
TIMESTAMP: 155, UE_ID: 86, CELL_SOURCE_ID: 48, CELL_TARGET_ID: 14, RSRP_SOURCE: -114.65, RSRP_TARGET: -104.51, RSRQ_SOURCE: -3.00, RSRQ_TARGET: -3.00, SINR_SOURCE: -3.49, SINR_TARGET: 5.47, TIME_TO_TRIGGER: 12.00, A3_OFFSET: 10.00, HOF: 0
TIMESTAMP: 156, UE_ID: 87, CELL_SOURCE_ID: 20, CELL_TARGET_ID: 1, RSRP_SOURCE: -112.11, RSRP_TARGET: -98.40, RSRQ_SOURCE: -3.00, RSRQ_TARGET: -3.00, SINR_SOURCE: -10.36, SINR_TARGET: 9.37, TIME_TO_TRIGGER: 12.00, A3_OFFSET: 10.00, HOF: 1
TIMESTAMP: 167, UE_ID: 62, CELL_SOURCE_ID: 23, CELL_TARGET_ID: 1, RSRP_SOURCE: -108.11, RSRP_TARGET: -93.40, RSRQ_SOURCE: -3.00, RSRQ_TARGET: -3.00, SINR_SOURCE: -5.11, SINR_TARGET: 16.83, TIME_TO_TRIGGER: 12.00, A3_OFFSET: 10.00, HOF: 1
TIMESTAMP: 176, UE_ID: 61, CELL_SOURCE_ID: 7, CELL_TARGET_ID: 1, RSRP_SOURCE: -114.80, RSRP_TARGET: -101.22, RSRQ_SOURCE: -3.00, RSRQ_TARGET: -3.00, SINR_SOURCE: -12.26, SINR_TARGET: 8.57, TIME_TO_TRIGGER: 12.00, A3_OFFSET: 10.00, HOF: 1
TIMESTAMP: 189, UE_ID: 15, CELL_SOURCE_ID: 23, CELL_TARGET_ID: 55, RSRP_SOURCE: -113.33, RSRP_TARGET: -102.53, RSRQ_SOURCE: -3.00, RSRQ_TARGET: -3.00, SINR_SOURCE: -4.85, SINR_TARGET: 7.97, TIME_TO_TRIGGER: 12.00, A3_OFFSET: 10.00, HOF: 1
TIMESTAMP: 197, UE_ID: 14, CELL_SOURCE_ID: 28, CELL_TARGET_ID: 29, RSRP_SOURCE: -112.01, RSRP_TARGET: -100.66, RSRQ_SOURCE: -3.00, RSRQ_TARGET: -3.00, SINR_SOURCE: -1.24, SINR_TARGET: 5.16, TIME_TO_TRIGGER: 12.00, A3_OFFSET: 10.00, HOF: 1
TIMESTAMP: 197, UE_ID: 56, CELL_SOURCE_ID: 51, CELL_TARGET_ID: 50, RSRP_SOURCE: -114.38, RSRP_TARGET: -101.72, RSRQ_SOURCE: -3.00, RSRQ_TARGET: -3.00, SINR_SOURCE: -3.92, SINR_TARGET: 9.86, TIME_TO_TRIGGER: 12.00, A3_OFFSET: 10.00, HOF: 1
TIMESTAMP: 202, UE_ID: 1, CELL_SOURCE_ID: 19, CELL_TARGET_ID: 1, RSRP_SOURCE: -110.90, RSRP_TARGET: -98.02, RSRQ_SOURCE: -3.00, RSRQ_TARGET: -3.00, SINR_SOURCE: -12.08, SINR_TARGET: 14.29, TIME_TO_TRIGGER: 12.00, A3_OFFSET: 10.00, HOF: 1
TIMESTAMP: 206, UE_ID: 1, CELL_SOURCE_ID: 1, CELL_TARGET_ID: 2, RSRP_SOURCE: -109.31, RSRP_TARGET: -92.87, RSRQ_SOURCE: -3.00, RSRQ_TARGET: -3.00, SINR_SOURCE: -8.42, SINR_TARGET: 19.73, TIME_TO_TRIGGER: 12.00, A3_OFFSET: 10.00, HOF: 1
TIMESTAMP: 218, UE_ID: 14, CELL_SOURCE_ID: 30, CELL_TARGET_ID: 31, RSRP_SOURCE: -112.28, RSRP_TARGET: -101.63, RSRQ_SOURCE: -3.00, RSRQ_TARGET: -3.00, SINR_SOURCE: -2.32, SINR_TARGET: 7.55, TIME_TO_TRIGGER: 12.00, A3_OFFSET: 10.00, HOF: 1
TIMESTAMP: 227, UE_ID: 4, CELL_SOURCE_ID: 55, CELL_TARGET_ID: 6, RSRP_SOURCE: -113.18, RSRP_TARGET: -101.42, RSRQ_SOURCE: -3.00, RSRQ_TARGET: -3.00, SINR_SOURCE: -13.03, SINR_TARGET: 8.91, TIME_TO_TRIGGER: 12.00, A3_OFFSET: 10.00, HOF: 1
TIMESTAMP: 229, UE_ID: 4, CELL_SOURCE_ID: 6, CELL_TARGET_ID: 3, RSRP_SOURCE: -111.53, RSRP_TARGET: -100.49, RSRQ_SOURCE: -3.00, RSRQ_TARGET: -3.00, SINR_SOURCE: -2.64, SINR_TARGET: 8.29, TIME_TO_TRIGGER: 12.00, A3_OFFSET: 10.00, HOF: 1
TIMESTAMP: 234, UE_ID: 4, CELL_SOURCE_ID: 3, CELL_TARGET_ID: 4, RSRP_SOURCE: -107.82, RSRP_TARGET: -97.65, RSRQ_SOURCE: -3.00, RSRQ_TARGET: -3.00, SINR_SOURCE: 3.46, SINR_TARGET: 12.26, TIME_TO_TRIGGER: 12.00, A3_OFFSET: 10.00, HOF: 1
TIMESTAMP: 250, UE_ID: 82, CELL_SOURCE_ID: 30, CELL_TARGET_ID: 31, RSRP_SOURCE: -113.77, RSRP_TARGET: -103.64, RSRQ_SOURCE: -3.00, RSRQ_TARGET: -3.00, SINR_SOURCE: -4.17, SINR_TARGET: 7.35, TIME_TO_TRIGGER: 12.00, A3_OFFSET: 10.00, HOF: 1
TIMESTAMP: 250, UE_ID: 83, CELL_SOURCE_ID: 24, CELL_TARGET_ID: 22, RSRP_SOURCE: -112.17, RSRP_TARGET: -90.66, RSRQ_SOURCE: -3.00, RSRQ_TARGET: -3.00, SINR_SOURCE: -4.52, SINR_TARGET: 17.02, TIME_TO_TRIGGER: 12.00, A3_OFFSET: 10.00, HOF: 1
TIMESTAMP: 261, UE_ID: 96, CELL_SOURCE_ID: 41, CELL_TARGET_ID: 40, RSRP_SOURCE: -109.94, RSRP_TARGET: -99.14, RSRQ_SOURCE: -3.00, RSRQ_TARGET: -3.00, SINR_SOURCE: 1.66, SINR_TARGET: 9.61, TIME_TO_TRIGGER: 12.00, A3_OFFSET: 10.00, HOF: 1
TIMESTAMP: 299, UE_ID: 10, CELL_SOURCE_ID: 52, CELL_TARGET_ID: 56, RSRP_SOURCE: -113.16, RSRP_TARGET: -101.78, RSRQ_SOURCE: -3.00, RSRQ_TARGET: -3.00, SINR_SOURCE: -7.34, SINR_TARGET: 8.93, TIME_TO_TRIGGER: 12.00, A3_OFFSET: 10.00, HOF: 1
TIMESTAMP: 299, UE_ID: 95, CELL_SOURCE_ID: 55, CELL_TARGET_ID: 56, RSRP_SOURCE: -114.33, RSRP_TARGET: -101.87, RSRQ_SOURCE: -3.00, RSRQ_TARGET: -3.00, SINR_SOURCE: -6.03, SINR_TARGET: 10.13, TIME_TO_TRIGGER: 12.00, A3_OFFSET: 10.00, HOF: 1
