TIMESTAMP: 40, UE_ID: 10, CELL_SOURCE_ID: 11, CELL_TARGET_ID: 1, RSRP_SOURCE: -102.44, RSRP_TARGET: -71.00, RSRQ_SOURCE: -3.00, RSRQ_TARGET: -3.00, SINR_SOURCE: 2.37, SINR_TARGET: 39.77, TIME_TO_TRIGGER: 12.00, A3_OFFSET: 10.00, HOF: 1
TIMESTAMP: 43, UE_ID: 51, CELL_SOURCE_ID: 54, CELL_TARGET_ID: 1, RSRP_SOURCE: -109.67, RSRP_TARGET: -92.02, RSRQ_SOURCE: -3.00, RSRQ_TARGET: -3.00, SINR_SOURCE: -7.24, SINR_TARGET: 14.40, TIME_TO_TRIGGER: 12.00, A3_OFFSET: 10.00, HOF: 1
TIMESTAMP: 51, UE_ID: 13, CELL_SOURCE_ID: 57, CELL_TARGET_ID: 1, RSRP_SOURCE: -112.62, RSRP_TARGET: -101.00, RSRQ_SOURCE: -3.00, RSRQ_TARGET: -3.00, SINR_SOURCE: -12.29, SINR_TARGET: 11.12, TIME_TO_TRIGGER: 12.00, A3_OFFSET: 10.00, HOF: 1
TIMESTAMP: 61, UE_ID: 13, CELL_SOURCE_ID: 1, CELL_TARGET_ID: 3, RSRP_SOURCE: -114.27, RSRP_TARGET: -101.18, RSRQ_SOURCE: -3.00, RSRQ_TARGET: -3.00, SINR_SOURCE: -11.92, SINR_TARGET: 9.45, TIME_TO_TRIGGER: 12.00, A3_OFFSET: 10.00, HOF: 1
TIMESTAMP: 62, UE_ID: 29, CELL_SOURCE_ID: 6, CELL_TARGET_ID: 2, RSRP_SOURCE: -110.77, RSRP_TARGET: -95.85, RSRQ_SOURCE: -3.00, RSRQ_TARGET: -3.00, SINR_SOURCE: -7.77, SINR_TARGET: 15.88, TIME_TO_TRIGGER: 12.00, A3_OFFSET: 10.00, HOF: 1
TIMESTAMP: 97, UE_ID: 29, CELL_SOURCE_ID: 2, CELL_TARGET_ID: 3, RSRP_SOURCE: -112.75, RSRP_TARGET: -101.29, RSRQ_SOURCE: -3.00, RSRQ_TARGET: -3.00, SINR_SOURCE: -3.16, SINR_TARGET: 7.19, TIME_TO_TRIGGER: 12.00, A3_OFFSET: 10.00, HOF: 1
TIMESTAMP: 115, UE_ID: 12, CELL_SOURCE_ID: 46, CELL_TARGET_ID: 1, RSRP_SOURCE: -94.01, RSRP_TARGET: -79.97, RSRQ_SOURCE: -3.00, RSRQ_TARGET: -3.00, SINR_SOURCE: 14.68, SINR_TARGET: 28.70, TIME_TO_TRIGGER: 12.00, A3_OFFSET: 10.00, HOF: 1
TIMESTAMP: 116, UE_ID: 17, CELL_SOURCE_ID: 23, CELL_TARGET_ID: 4, RSRP_SOURCE: -108.90, RSRP_TARGET: -90.80, RSRQ_SOURCE: -3.00, RSRQ_TARGET: -3.00, SINR_SOURCE: -5.44, SINR_TARGET: 20.55, TIME_TO_TRIGGER: 12.00, A3_OFFSET: 10.00, HOF: 1
TIMESTAMP: 118, UE_ID: 17, CELL_SOURCE_ID: 4, CELL_TARGET_ID: 1, RSRP_SOURCE: -114.73, RSRP_TARGET: -98.13, RSRQ_SOURCE: -3.00, RSRQ_TARGET: -3.00, SINR_SOURCE: -16.11, SINR_TARGET: 5.86, TIME_TO_TRIGGER: 12.00, A3_OFFSET: 10.00, HOF: 1
TIMESTAMP: 118, UE_ID: 62, CELL_SOURCE_ID: 4, CELL_TARGET_ID: 1, RSRP_SOURCE: -111.23, RSRP_TARGET: -98.00, RSRQ_SOURCE: -3.00, RSRQ_TARGET: -3.00, SINR_SOURCE: -9.41, SINR_TARGET: 14.16, TIME_TO_TRIGGER: 12.00, A3_OFFSET: 10.00, HOF: 1
TIMESTAMP: 120, UE_ID: 87, CELL_SOURCE_ID: 20, CELL_TARGET_ID: 1, RSRP_SOURCE: -114.42, RSRP_TARGET: -98.67, RSRQ_SOURCE: -3.00, RSRQ_TARGET: -3.00, SINR_SOURCE: -11.85, SINR_TARGET: 7.91, TIME_TO_TRIGGER: 12.00, A3_OFFSET: 10.00, HOF: 1
TIMESTAMP: 122, UE_ID: 53, CELL_SOURCE_ID: 6, CELL_TARGET_ID: 4, RSRP_SOURCE: -107.80, RSRP_TARGET: -97.41, RSRQ_SOURCE: -3.00, RSRQ_TARGET: -3.00, SINR_SOURCE: 5.73, SINR_TARGET: 12.09, TIME_TO_TRIGGER: 12.00, A3_OFFSET: 10.00, HOF: 1
TIMESTAMP: 124, UE_ID: 87, CELL_SOURCE_ID: 1, CELL_TARGET_ID: 4, RSRP_SOURCE: -113.31, RSRP_TARGET: -102.60, RSRQ_SOURCE: -3.00, RSRQ_TARGET: -3.00, SINR_SOURCE: -1.81, SINR_TARGET: 7.57, TIME_TO_TRIGGER: 12.00, A3_OFFSET: 10.00, HOF: 1
TIMESTAMP: 147, UE_ID: 25, CELL_SOURCE_ID: 13, CELL_TARGET_ID: 1, RSRP_SOURCE: -85.90, RSRP_TARGET: -63.24, RSRQ_SOURCE: -3.00, RSRQ_TARGET: -3.00, SINR_SOURCE: 24.37, SINR_TARGET: 46.22, TIME_TO_TRIGGER: 12.00, A3_OFFSET: 10.00, HOF: 1
TIMESTAMP: 193, UE_ID: 2, CELL_SOURCE_ID: 57, CELL_TARGET_ID: 55, RSRP_SOURCE: -114.53, RSRP_TARGET: -101.89, RSRQ_SOURCE: -3.00, RSRQ_TARGET: -3.00, SINR_SOURCE: -8.22, SINR_TARGET: 10.99, TIME_TO_TRIGGER: 12.00, A3_OFFSET: 10.00, HOF: 1
TIMESTAMP: 239, UE_ID: 82, CELL_SOURCE_ID: 27, CELL_TARGET_ID: 28, RSRP_SOURCE: -110.95, RSRP_TARGET: -99.80, RSRQ_SOURCE: -3.00, RSRQ_TARGET: -3.00, SINR_SOURCE: -0.62, SINR_TARGET: 9.48, TIME_TO_TRIGGER: 12.00, A3_OFFSET: 10.00, HOF: 1
TIMESTAMP: 249, UE_ID: 1, CELL_SOURCE_ID: 4, CELL_TARGET_ID: 1, RSRP_SOURCE: -111.54, RSRP_TARGET: -95.43, RSRQ_SOURCE: -3.00, RSRQ_TARGET: -3.00, SINR_SOURCE: -6.83, SINR_TARGET: 13.81, TIME_TO_TRIGGER: 12.00, A3_OFFSET: 10.00, HOF: 1
TIMESTAMP: 251, UE_ID: 1, CELL_SOURCE_ID: 1, CELL_TARGET_ID: 6, RSRP_SOURCE: -112.58, RSRP_TARGET: -102.04, RSRQ_SOURCE: -3.00, RSRQ_TARGET: -3.00, SINR_SOURCE: -2.67, SINR_TARGET: 9.13, TIME_TO_TRIGGER: 12.00, A3_OFFSET: 10.00, HOF: 1
TIMESTAMP: 279, UE_ID: 87, CELL_SOURCE_ID: 55, CELL_TARGET_ID: 26, RSRP_SOURCE: -112.90, RSRP_TARGET: -102.54, RSRQ_SOURCE: -3.00, RSRQ_TARGET: -3.00, SINR_SOURCE: -3.35, SINR_TARGET: 5.06, TIME_TO_TRIGGER: 12.00, A3_OFFSET: 10.00, HOF: 1
TIMESTAMP: 299, UE_ID: 63, CELL_SOURCE_ID: 30, CELL_TARGET_ID: 1, RSRP_SOURCE: -114.45, RSRP_TARGET: -103.67, RSRQ_SOURCE: -3.00, RSRQ_TARGET: -3.00, SINR_SOURCE: -14.84, SINR_TARGET: 7.66, TIME_TO_TRIGGER: 12.00, A3_OFFSET: 10.00, HOF: 1
