TIMESTAMP: 5, UE_ID: 254, CELL_SOURCE_ID: 1, CELL_TARGET_ID: 2, RSRP_SOURCE: -85.72, RSRP_TARGET: -66.93, RSRQ_SOURCE: -3.00, RSRQ_TARGET: -3.00, SINR_SOURCE: 17.29, SINR_TARGET: 42.99, TIME_TO_TRIGGER: 8.00, A3_OFFSET: 8.00, HOF: 1
TIMESTAMP: 10, UE_ID: 254, CELL_SOURCE_ID: 2, CELL_TARGET_ID: 1, RSRP_SOURCE: -91.72, RSRP_TARGET: -79.11, RSRQ_SOURCE: -3.00, RSRQ_TARGET: -3.00, SINR_SOURCE: 11.32, SINR_TARGET: 31.21, TIME_TO_TRIGGER: 8.00, A3_OFFSET: 8.00, HOF: 1
TIMESTAMP: 12, UE_ID: 297, CELL_SOURCE_ID: 6, CELL_TARGET_ID: 1, RSRP_SOURCE: -103.12, RSRP_TARGET: -90.35, RSRQ_SOURCE: -3.00, RSRQ_TARGET: -3.00, SINR_SOURCE: -6.60, SINR_TARGET: 17.60, TIME_TO_TRIGGER: 8.00, A3_OFFSET: 8.00, HOF: 0
TIMESTAMP: 14, UE_ID: 249, CELL_SOURCE_ID: 1, CELL_TARGET_ID: 2, RSRP_SOURCE: -84.70, RSRP_TARGET: -75.08, RSRQ_SOURCE: -3.00, RSRQ_TARGET: -3.00, SINR_SOURCE: 26.64, SINR_TARGET: 36.39, TIME_TO_TRIGGER: 8.00, A3_OFFSET: 8.00, HOF: 1
TIMESTAMP: 14, UE_ID: 297, CELL_SOURCE_ID: 6, CELL_TARGET_ID: 1, RSRP_SOURCE: -100.71, RSRP_TARGET: -88.41, RSRQ_SOURCE: -3.00, RSRQ_TARGET: -3.00, SINR_SOURCE: 0.55, SINR_TARGET: 22.82, TIME_TO_TRIGGER: 8.00, A3_OFFSET: 8.00, HOF: 1
TIMESTAMP: 19, UE_ID: 254, CELL_SOURCE_ID: 1, CELL_TARGET_ID: 2, RSRP_SOURCE: -84.92, RSRP_TARGET: -72.79, RSRQ_SOURCE: -3.00, RSRQ_TARGET: -3.00, SINR_SOURCE: 21.09, SINR_TARGET: 36.88, TIME_TO_TRIGGER: 8.00, A3_OFFSET: 8.00, HOF: 1
TIMESTAMP: 19, UE_ID: 297, CELL_SOURCE_ID: 1, CELL_TARGET_ID: 2, RSRP_SOURCE: -102.63, RSRP_TARGET: -92.66, RSRQ_SOURCE: -3.00, RSRQ_TARGET: -3.00, SINR_SOURCE: 2.21, SINR_TARGET: 21.17, TIME_TO_TRIGGER: 8.00, A3_OFFSET: 8.00, HOF: 1
TIMESTAMP: 27, UE_ID: 278, CELL_SOURCE_ID: 11, CELL_TARGET_ID: 1, RSRP_SOURCE: -80.61, RSRP_TARGET: -68.26, RSRQ_SOURCE: -3.00, RSRQ_TARGET: -3.00, SINR_SOURCE: 27.83, SINR_TARGET: 40.43, TIME_TO_TRIGGER: 8.00, A3_OFFSET: 8.00, HOF: 1
TIMESTAMP: 28, UE_ID: 249, CELL_SOURCE_ID: 2, CELL_TARGET_ID: 1, RSRP_SOURCE: -103.11, RSRP_TARGET: -79.63, RSRQ_SOURCE: -3.00, RSRQ_TARGET: -3.00, SINR_SOURCE: 3.28, SINR_TARGET: 31.61, TIME_TO_TRIGGER: 8.00, A3_OFFSET: 8.00, HOF: 0
TIMESTAMP: 28, UE_ID: 254, CELL_SOURCE_ID: 2, CELL_TARGET_ID: 1, RSRP_SOURCE: -108.04, RSRP_TARGET: -86.06, RSRQ_SOURCE: -3.00, RSRQ_TARGET: -3.00, SINR_SOURCE: -7.47, SINR_TARGET: 23.75, TIME_TO_TRIGGER: 8.00, A3_OFFSET: 8.00, HOF: 0
TIMESTAMP: 29, UE_ID: 262, CELL_SOURCE_ID: 1, CELL_TARGET_ID: 3, RSRP_SOURCE: -99.86, RSRP_TARGET: -80.51, RSRQ_SOURCE: -3.00, RSRQ_TARGET: -3.00, SINR_SOURCE: 3.82, SINR_TARGET: 28.76, TIME_TO_TRIGGER: 8.00, A3_OFFSET: 8.00, HOF: 1
TIMESTAMP: 30, UE_ID: 241, CELL_SOURCE_ID: 18, CELL_TARGET_ID: 1, RSRP_SOURCE: -81.02, RSRP_TARGET: -60.80, RSRQ_SOURCE: -3.00, RSRQ_TARGET: -3.00, SINR_SOURCE: 29.90, SINR_TARGET: 50.15, TIME_TO_TRIGGER: 8.00, A3_OFFSET: 8.00, HOF: 1
TIMESTAMP: 31, UE_ID: 293, CELL_SOURCE_ID: 11, CELL_TARGET_ID: 1, RSRP_SOURCE: -93.05, RSRP_TARGET: -72.42, RSRQ_SOURCE: -3.00, RSRQ_TARGET: -3.00, SINR_SOURCE: 13.60, SINR_TARGET: 37.17, TIME_TO_TRIGGER: 8.00, A3_OFFSET: 8.00, HOF: 1
TIMESTAMP: 32, UE_ID: 296, CELL_SOURCE_ID: 3, CELL_TARGET_ID: 1, RSRP_SOURCE: -80.75, RSRP_TARGET: -71.91, RSRQ_SOURCE: -3.00, RSRQ_TARGET: -3.00, SINR_SOURCE: 26.42, SINR_TARGET: 37.83, TIME_TO_TRIGGER: 8.00, A3_OFFSET: 8.00, HOF: 1
TIMESTAMP: 36, UE_ID: 246, CELL_SOURCE_ID: 1, CELL_TARGET_ID: 2, RSRP_SOURCE: -83.72, RSRP_TARGET: -71.15, RSRQ_SOURCE: -3.00, RSRQ_TARGET: -3.00, SINR_SOURCE: 25.57, SINR_TARGET: 39.22, TIME_TO_TRIGGER: 8.00, A3_OFFSET: 8.00, HOF: 1
TIMESTAMP: 37, UE_ID: 243, CELL_SOURCE_ID: 1, CELL_TARGET_ID: 2, RSRP_SOURCE: -82.20, RSRP_TARGET: -72.00, RSRQ_SOURCE: -3.00, RSRQ_TARGET: -3.00, SINR_SOURCE: 29.41, SINR_TARGET: 38.10, TIME_TO_TRIGGER: 8.00, A3_OFFSET: 8.00, HOF: 1
TIMESTAMP: 37, UE_ID: 296, CELL_SOURCE_ID: 1, CELL_TARGET_ID: 2, RSRP_SOURCE: -78.72, RSRP_TARGET: -66.25, RSRQ_SOURCE: -3.00, RSRQ_TARGET: -3.00, SINR_SOURCE: 32.75, SINR_TARGET: 43.95, TIME_TO_TRIGGER: 8.00, A3_OFFSET: 8.00, HOF: 1
TIMESTAMP: 39, UE_ID: 254, CELL_SOURCE_ID: 2, CELL_TARGET_ID: 1, RSRP_SOURCE: -86.57, RSRP_TARGET: -77.87, RSRQ_SOURCE: -3.00, RSRQ_TARGET: -3.00, SINR_SOURCE: 26.24, SINR_TARGET: 31.96, TIME_TO_TRIGGER: 8.00, A3_OFFSET: 8.00, HOF: 1
TIMESTAMP: 41, UE_ID: 254, CELL_SOURCE_ID: 1, CELL_TARGET_ID: 2, RSRP_SOURCE: -93.59, RSRP_TARGET: -82.91, RSRQ_SOURCE: -3.00, RSRQ_TARGET: -3.00, SINR_SOURCE: 14.59, SINR_TARGET: 29.01, TIME_TO_TRIGGER: 8.00, A3_OFFSET: 8.00, HOF: 1
TIMESTAMP: 42, UE_ID: 249, CELL_SOURCE_ID: 2, CELL_TARGET_ID: 1, RSRP_SOURCE: -104.65, RSRP_TARGET: -90.77, RSRQ_SOURCE: -3.00, RSRQ_TARGET: -3.00, SINR_SOURCE: -2.16, SINR_TARGET: 22.10, TIME_TO_TRIGGER: 8.00, A3_OFFSET: 8.00, HOF: 1
TIMESTAMP: 42, UE_ID: 265, CELL_SOURCE_ID: 1, CELL_TARGET_ID: 3, RSRP_SOURCE: -86.75, RSRP_TARGET: -77.62, RSRQ_SOURCE: -3.00, RSRQ_TARGET: -3.00, SINR_SOURCE: 26.53, SINR_TARGET: 33.46, TIME_TO_TRIGGER: 8.00, A3_OFFSET: 8.00, HOF: 0
TIMESTAMP: 42, UE_ID: 296, CELL_SOURCE_ID: 2, CELL_TARGET_ID: 1, RSRP_SOURCE: -100.95, RSRP_TARGET: -85.03, RSRQ_SOURCE: -3.00, RSRQ_TARGET: -3.00, SINR_SOURCE: -1.96, SINR_TARGET: 21.84, TIME_TO_TRIGGER: 8.00, A3_OFFSET: 8.00, HOF: 1
TIMESTAMP: 42, UE_ID: 298, CELL_SOURCE_ID: 1, CELL_TARGET_ID: 3, RSRP_SOURCE: -92.39, RSRP_TARGET: -83.43, RSRQ_SOURCE: -3.00, RSRQ_TARGET: -3.00, SINR_SOURCE: 18.22, SINR_TARGET: 27.69, TIME_TO_TRIGGER: 8.00, A3_OFFSET: 8.00, HOF: 1
TIMESTAMP: 44, UE_ID: 244, CELL_SOURCE_ID: 15, CELL_TARGET_ID: 1, RSRP_SOURCE: -83.56, RSRP_TARGET: -75.52, RSRQ_SOURCE: -3.00, RSRQ_TARGET: -3.00, SINR_SOURCE: 28.80, SINR_TARGET: 36.59, TIME_TO_TRIGGER: 8.00, A3_OFFSET: 8.00, HOF: 0
TIMESTAMP: 44, UE_ID: 268, CELL_SOURCE_ID: 18, CELL_TARGET_ID: 1, RSRP_SOURCE: -87.58, RSRP_TARGET: -73.79, RSRQ_SOURCE: -3.00, RSRQ_TARGET: -3.00, SINR_SOURCE: 19.52, SINR_TARGET: 37.71, TIME_TO_TRIGGER: 8.00, A3_OFFSET: 8.00, HOF: 1
TIMESTAMP: 44, UE_ID: 283, CELL_SOURCE_ID: 16, CELL_TARGET_ID: 1, RSRP_SOURCE: -108.90, RSRP_TARGET: -89.52, RSRQ_SOURCE: -3.00, RSRQ_TARGET: -3.00, SINR_SOURCE: -7.94, SINR_TARGET: 20.82, TIME_TO_TRIGGER: 8.00, A3_OFFSET: 8.00, HOF: 1
TIMESTAMP: 46, UE_ID: 262, CELL_SOURCE_ID: 3, CELL_TARGET_ID: 1, RSRP_SOURCE: -102.83, RSRP_TARGET: -93.50, RSRQ_SOURCE: -3.00, RSRQ_TARGET: -3.00, SINR_SOURCE: -0.04, SINR_TARGET: 13.33, TIME_TO_TRIGGER: 8.00, A3_OFFSET: 8.00, HOF: 1
TIMESTAMP: 50, UE_ID: 294, CELL_SOURCE_ID: 6, CELL_TARGET_ID: 1, RSRP_SOURCE: -96.65, RSRP_TARGET: -81.75, RSRQ_SOURCE: -3.00, RSRQ_TARGET: -3.00, SINR_SOURCE: 9.19, SINR_TARGET: 27.30, TIME_TO_TRIGGER: 8.00, A3_OFFSET: 8.00, HOF: 1
TIMESTAMP: 55, UE_ID: 243, CELL_SOURCE_ID: 19, CELL_TARGET_ID: 1, RSRP_SOURCE: -95.38, RSRP_TARGET: -86.48, RSRQ_SOURCE: -3.00, RSRQ_TARGET: -3.00, SINR_SOURCE: 8.00, SINR_TARGET: 23.40, TIME_TO_TRIGGER: 8.00, A3_OFFSET: 8.00, HOF: 1
TIMESTAMP: 55, UE_ID: 244, CELL_SOURCE_ID: 16, CELL_TARGET_ID: 1, RSRP_SOURCE: -93.35, RSRP_TARGET: -76.29, RSRQ_SOURCE: -3.00, RSRQ_TARGET: -3.00, SINR_SOURCE: 10.99, SINR_TARGET: 36.62, TIME_TO_TRIGGER: 8.00, A3_OFFSET: 8.00, HOF: 1
TIMESTAMP: 55, UE_ID: 247, CELL_SOURCE_ID: 19, CELL_TARGET_ID: 1, RSRP_SOURCE: -105.62, RSRP_TARGET: -95.30, RSRQ_SOURCE: -3.00, RSRQ_TARGET: -3.00, SINR_SOURCE: -3.98, SINR_TARGET: 13.11, TIME_TO_TRIGGER: 8.00, A3_OFFSET: 8.00, HOF: 1
TIMESTAMP: 55, UE_ID: 253, CELL_SOURCE_ID: 19, CELL_TARGET_ID: 1, RSRP_SOURCE: -107.42, RSRP_TARGET: -87.67, RSRQ_SOURCE: -3.00, RSRQ_TARGET: -3.00, SINR_SOURCE: -6.31, SINR_TARGET: 19.19, TIME_TO_TRIGGER: 8.00, A3_OFFSET: 8.00, HOF: 1
TIMESTAMP: 55, UE_ID: 254, CELL_SOURCE_ID: 19, CELL_TARGET_ID: 1, RSRP_SOURCE: -105.44, RSRP_TARGET: -96.14, RSRQ_SOURCE: -3.00, RSRQ_TARGET: -3.00, SINR_SOURCE: -5.85, SINR_TARGET: 12.73, TIME_TO_TRIGGER: 8.00, A3_OFFSET: 8.00, HOF: 1
TIMESTAMP: 55, UE_ID: 257, CELL_SOURCE_ID: 19, CELL_TARGET_ID: 1, RSRP_SOURCE: -104.80, RSRP_TARGET: -91.87, RSRQ_SOURCE: -3.00, RSRQ_TARGET: -3.00, SINR_SOURCE: -1.97, SINR_TARGET: 15.43, TIME_TO_TRIGGER: 8.00, A3_OFFSET: 8.00, HOF: 1
TIMESTAMP: 55, UE_ID: 295, CELL_SOURCE_ID: 19, CELL_TARGET_ID: 1, RSRP_SOURCE: -103.38, RSRP_TARGET: -92.46, RSRQ_SOURCE: -3.00, RSRQ_TARGET: -3.00, SINR_SOURCE: -1.69, SINR_TARGET: 18.72, TIME_TO_TRIGGER: 8.00, A3_OFFSET: 8.00, HOF: 1
TIMESTAMP: 55, UE_ID: 297, CELL_SOURCE_ID: 19, CELL_TARGET_ID: 1, RSRP_SOURCE: -102.73, RSRP_TARGET: -94.04, RSRQ_SOURCE: -3.00, RSRQ_TARGET: -3.00, SINR_SOURCE: 1.11, SINR_TARGET: 17.05, TIME_TO_TRIGGER: 8.00, A3_OFFSET: 8.00, HOF: 1
TIMESTAMP: 57, UE_ID: 244, CELL_SOURCE_ID: 1, CELL_TARGET_ID: 2, RSRP_SOURCE: -107.02, RSRP_TARGET: -80.16, RSRQ_SOURCE: -3.00, RSRQ_TARGET: -3.00, SINR_SOURCE: -4.51, SINR_TARGET: 30.08, TIME_TO_TRIGGER: 8.00, A3_OFFSET: 8.00, HOF: 1
TIMESTAMP: 57, UE_ID: 273, CELL_SOURCE_ID: 21, CELL_TARGET_ID: 2, RSRP_SOURCE: -98.47, RSRP_TARGET: -83.93, RSRQ_SOURCE: -3.00, RSRQ_TARGET: -3.00, SINR_SOURCE: 5.87, SINR_TARGET: 25.76, TIME_TO_TRIGGER: 8.00, A3_OFFSET: 8.00, HOF: 1
TIMESTAMP: 59, UE_ID: 291, CELL_SOURCE_ID: 15, CELL_TARGET_ID: 2, RSRP_SOURCE: -98.18, RSRP_TARGET: -90.00, RSRQ_SOURCE: -3.00, RSRQ_TARGET: -3.00, SINR_SOURCE: 14.06, SINR_TARGET: 20.73, TIME_TO_TRIGGER: 8.00, A3_OFFSET: 8.00, HOF: 1
TIMESTAMP: 60, UE_ID: 258, CELL_SOURCE_ID: 13, CELL_TARGET_ID: 11, RSRP_SOURCE: -99.79, RSRP_TARGET: -91.56, RSRQ_SOURCE: -3.00, RSRQ_TARGET: -3.00, SINR_SOURCE: 9.10, SINR_TARGET: 20.79, TIME_TO_TRIGGER: 8.00, A3_OFFSET: 8.00, HOF: 1
TIMESTAMP: 61, UE_ID: 278, CELL_SOURCE_ID: 1, CELL_TARGET_ID: 2, RSRP_SOURCE: -89.39, RSRP_TARGET: -78.29, RSRQ_SOURCE: -3.00, RSRQ_TARGET: -3.00, SINR_SOURCE: 20.69, SINR_TARGET: 33.05, TIME_TO_TRIGGER: 8.00, A3_OFFSET: 8.00, HOF: 1
TIMESTAMP: 62, UE_ID: 287, CELL_SOURCE_ID: 3, CELL_TARGET_ID: 1, RSRP_SOURCE: -84.46, RSRP_TARGET: -73.03, RSRQ_SOURCE: -3.00, RSRQ_TARGET: -3.00, SINR_SOURCE: 30.72, SINR_TARGET: 34.64, TIME_TO_TRIGGER: 8.00, A3_OFFSET: 8.00, HOF: 1
TIMESTAMP: 65, UE_ID: 271, CELL_SOURCE_ID: 13, CELL_TARGET_ID: 1, RSRP_SOURCE: -102.38, RSRP_TARGET: -92.56, RSRQ_SOURCE: -3.00, RSRQ_TARGET: -3.00, SINR_SOURCE: 2.80, SINR_TARGET: 22.07, TIME_TO_TRIGGER: 8.00, A3_OFFSET: 8.00, HOF: 1
TIMESTAMP: 67, UE_ID: 294, CELL_SOURCE_ID: 7, CELL_TARGET_ID: 2, RSRP_SOURCE: -107.50, RSRP_TARGET: -98.41, RSRQ_SOURCE: -3.00, RSRQ_TARGET: -3.00, SINR_SOURCE: -6.40, SINR_TARGET: 11.22, TIME_TO_TRIGGER: 8.00, A3_OFFSET: 8.00, HOF: 1
TIMESTAMP: 68, UE_ID: 249, CELL_SOURCE_ID: 5, CELL_TARGET_ID: 1, RSRP_SOURCE: -75.47, RSRP_TARGET: -66.90, RSRQ_SOURCE: -3.00, RSRQ_TARGET: -3.00, SINR_SOURCE: 35.01, SINR_TARGET: 43.92, TIME_TO_TRIGGER: 8.00, A3_OFFSET: 8.00, HOF: 1
TIMESTAMP: 68, UE_ID: 256, CELL_SOURCE_ID: 5, CELL_TARGET_ID: 1, RSRP_SOURCE: -106.10, RSRP_TARGET: -96.36, RSRQ_SOURCE: -3.00, RSRQ_TARGET: -3.00, SINR_SOURCE: 4.61, SINR_TARGET: 14.16, TIME_TO_TRIGGER: 8.00, A3_OFFSET: 8.00, HOF: 1
TIMESTAMP: 70, UE_ID: 252, CELL_SOURCE_ID: 21, CELL_TARGET_ID: 1, RSRP_SOURCE: -107.25, RSRP_TARGET: -89.22, RSRQ_SOURCE: -3.00, RSRQ_TARGET: -3.00, SINR_SOURCE: -3.50, SINR_TARGET: 19.99, TIME_TO_TRIGGER: 8.00, A3_OFFSET: 8.00, HOF: 1
TIMESTAMP: 73, UE_ID: 268, CELL_SOURCE_ID: 1, CELL_TARGET_ID: 2, RSRP_SOURCE: -85.87, RSRP_TARGET: -75.18, RSRQ_SOURCE: -3.00, RSRQ_TARGET: -3.00, SINR_SOURCE: 25.49, SINR_TARGET: 32.75, TIME_TO_TRIGGER: 8.00, A3_OFFSET: 8.00, HOF: 1
TIMESTAMP: 73, UE_ID: 287, CELL_SOURCE_ID: 1, CELL_TARGET_ID: 2, RSRP_SOURCE: -87.78, RSRP_TARGET: -77.43, RSRQ_SOURCE: -3.00, RSRQ_TARGET: -3.00, SINR_SOURCE: 17.17, SINR_TARGET: 29.99, TIME_TO_TRIGGER: 8.00, A3_OFFSET: 8.00, HOF: 1
TIMESTAMP: 73, UE_ID: 293, CELL_SOURCE_ID: 1, CELL_TARGET_ID: 2, RSRP_SOURCE: -93.62, RSRP_TARGET: -81.80, RSRQ_SOURCE: -3.00, RSRQ_TARGET: -3.00, SINR_SOURCE: 17.29, SINR_TARGET: 26.34, TIME_TO_TRIGGER: 8.00, A3_OFFSET: 8.00, HOF: 1
TIMESTAMP: 77, UE_ID: 273, CELL_SOURCE_ID: 2, CELL_TARGET_ID: 1, RSRP_SOURCE: -89.85, RSRP_TARGET: -80.81, RSRQ_SOURCE: -3.00, RSRQ_TARGET: -3.00, SINR_SOURCE: 19.89, SINR_TARGET: 30.84, TIME_TO_TRIGGER: 8.00, A3_OFFSET: 8.00, HOF: 1
TIMESTAMP: 80, UE_ID: 299, CELL_SOURCE_ID: 10, CELL_TARGET_ID: 1, RSRP_SOURCE: -109.13, RSRP_TARGET: -92.36, RSRQ_SOURCE: -3.00, RSRQ_TARGET: -3.00, SINR_SOURCE: -11.18, SINR_TARGET: 17.48, TIME_TO_TRIGGER: 8.00, A3_OFFSET: 8.00, HOF: 1
TIMESTAMP: 86, UE_ID: 172, CELL_SOURCE_ID: 1, CELL_TARGET_ID: 2, RSRP_SOURCE: -83.14, RSRP_TARGET: -66.62, RSRQ_SOURCE: -3.00, RSRQ_TARGET: -3.00, SINR_SOURCE: 18.43, SINR_TARGET: 43.21, TIME_TO_TRIGGER: 8.00, A3_OFFSET: 8.00, HOF: 1
TIMESTAMP: 87, UE_ID: 299, CELL_SOURCE_ID: 8, CELL_TARGET_ID: 1, RSRP_SOURCE: -106.31, RSRP_TARGET: -92.13, RSRQ_SOURCE: -3.00, RSRQ_TARGET: -3.00, SINR_SOURCE: -0.35, SINR_TARGET: 15.06, TIME_TO_TRIGGER: 8.00, A3_OFFSET: 8.00, HOF: 1
TIMESTAMP: 89, UE_ID: 263, CELL_SOURCE_ID: 12, CELL_TARGET_ID: 1, RSRP_SOURCE: -105.63, RSRP_TARGET: -96.65, RSRQ_SOURCE: -3.00, RSRQ_TARGET: -3.00, SINR_SOURCE: 5.88, SINR_TARGET: 11.93, TIME_TO_TRIGGER: 8.00, A3_OFFSET: 8.00, HOF: 1
TIMESTAMP: 89, UE_ID: 272, CELL_SOURCE_ID: 9, CELL_TARGET_ID: 1, RSRP_SOURCE: -97.82, RSRP_TARGET: -88.10, RSRQ_SOURCE: -3.00, RSRQ_TARGET: -3.00, SINR_SOURCE: 11.84, SINR_TARGET: 20.24, TIME_TO_TRIGGER: 8.00, A3_OFFSET: 8.00, HOF: 1
TIMESTAMP: 91, UE_ID: 284, CELL_SOURCE_ID: 20, CELL_TARGET_ID: 16, RSRP_SOURCE: -105.46, RSRP_TARGET: -96.67, RSRQ_SOURCE: -3.00, RSRQ_TARGET: -3.00, SINR_SOURCE: 8.34, SINR_TARGET: 11.53, TIME_TO_TRIGGER: 8.00, A3_OFFSET: 8.00, HOF: 1
TIMESTAMP: 92, UE_ID: 270, CELL_SOURCE_ID: 18, CELL_TARGET_ID: 1, RSRP_SOURCE: -101.03, RSRP_TARGET: -92.36, RSRQ_SOURCE: -3.00, RSRQ_TARGET: -3.00, SINR_SOURCE: 11.62, SINR_TARGET: 18.53, TIME_TO_TRIGGER: 8.00, A3_OFFSET: 8.00, HOF: 1
TIMESTAMP: 92, UE_ID: 293, CELL_SOURCE_ID: 2, CELL_TARGET_ID: 1, RSRP_SOURCE: -106.41, RSRP_TARGET: -91.34, RSRQ_SOURCE: -3.00, RSRQ_TARGET: -3.00, SINR_SOURCE: -0.39, SINR_TARGET: 19.45, TIME_TO_TRIGGER: 8.00, A3_OFFSET: 8.00, HOF: 1
TIMESTAMP: 93, UE_ID: 260, CELL_SOURCE_ID: 20, CELL_TARGET_ID: 2, RSRP_SOURCE: -96.74, RSRP_TARGET: -87.87, RSRQ_SOURCE: -3.00, RSRQ_TARGET: -3.00, SINR_SOURCE: 13.54, SINR_TARGET: 18.96, TIME_TO_TRIGGER: 8.00, A3_OFFSET: 8.00, HOF: 1
TIMESTAMP: 93, UE_ID: 297, CELL_SOURCE_ID: 19, CELL_TARGET_ID: 2, RSRP_SOURCE: -105.93, RSRP_TARGET: -96.92, RSRQ_SOURCE: -3.00, RSRQ_TARGET: -3.00, SINR_SOURCE: 4.54, SINR_TARGET: 11.58, TIME_TO_TRIGGER: 8.00, A3_OFFSET: 8.00, HOF: 1
TIMESTAMP: 94, UE_ID: 251, CELL_SOURCE_ID: 21, CELL_TARGET_ID: 1, RSRP_SOURCE: -108.00, RSRP_TARGET: -96.32, RSRQ_SOURCE: -3.00, RSRQ_TARGET: -3.00, SINR_SOURCE: 4.19, SINR_TARGET: 12.20, TIME_TO_TRIGGER: 8.00, A3_OFFSET: 8.00, HOF: 1
TIMESTAMP: 96, UE_ID: 260, CELL_SOURCE_ID: 2, CELL_TARGET_ID: 1, RSRP_SOURCE: -102.72, RSRP_TARGET: -93.13, RSRQ_SOURCE: -3.00, RSRQ_TARGET: -3.00, SINR_SOURCE: 5.94, SINR_TARGET: 14.20, TIME_TO_TRIGGER: 8.00, A3_OFFSET: 8.00, HOF: 1
TIMESTAMP: 98, UE_ID: 297, CELL_SOURCE_ID: 2, CELL_TARGET_ID: 3, RSRP_SOURCE: -99.28, RSRP_TARGET: -90.94, RSRQ_SOURCE: -3.00, RSRQ_TARGET: -3.00, SINR_SOURCE: 12.33, SINR_TARGET: 20.91, TIME_TO_TRIGGER: 8.00, A3_OFFSET: 8.00, HOF: 1
TIMESTAMP: 105, UE_ID: 260, CELL_SOURCE_ID: 1, CELL_TARGET_ID: 2, RSRP_SOURCE: -96.28, RSRP_TARGET: -84.33, RSRQ_SOURCE: -3.00, RSRQ_TARGET: -3.00, SINR_SOURCE: 12.19, SINR_TARGET: 27.16, TIME_TO_TRIGGER: 8.00, A3_OFFSET: 8.00, HOF: 1
TIMESTAMP: 108, UE_ID: 290, CELL_SOURCE_ID: 18, CELL_TARGET_ID: 3, RSRP_SOURCE: -106.66, RSRP_TARGET: -95.81, RSRQ_SOURCE: -3.00, RSRQ_TARGET: -3.00, SINR_SOURCE: 6.37, SINR_TARGET: 10.53, TIME_TO_TRIGGER: 8.00, A3_OFFSET: 8.00, HOF: 0
TIMESTAMP: 111, UE_ID: 255, CELL_SOURCE_ID: 6, CELL_TARGET_ID: 2, RSRP_SOURCE: -107.91, RSRP_TARGET: -95.03, RSRQ_SOURCE: -3.00, RSRQ_TARGET: -3.00, SINR_SOURCE: 1.12, SINR_TARGET: 12.93, TIME_TO_TRIGGER: 8.00, A3_OFFSET: 8.00, HOF: 1
TIMESTAMP: 111, UE_ID: 267, CELL_SOURCE_ID: 6, CELL_TARGET_ID: 5, RSRP_SOURCE: -109.80, RSRP_TARGET: -97.82, RSRQ_SOURCE: -3.00, RSRQ_TARGET: -3.00, SINR_SOURCE: 0.93, SINR_TARGET: 16.29, TIME_TO_TRIGGER: 8.00, A3_OFFSET: 8.00, HOF: 1
TIMESTAMP: 112, UE_ID: 256, CELL_SOURCE_ID: 6, CELL_TARGET_ID: 3, RSRP_SOURCE: -107.92, RSRP_TARGET: -95.11, RSRQ_SOURCE: -3.00, RSRQ_TARGET: -3.00, SINR_SOURCE: 3.79, SINR_TARGET: 13.64, TIME_TO_TRIGGER: 8.00, A3_OFFSET: 8.00, HOF: 1
TIMESTAMP: 117, UE_ID: 271, CELL_SOURCE_ID: 13, CELL_TARGET_ID: 1, RSRP_SOURCE: -105.41, RSRP_TARGET: -96.62, RSRQ_SOURCE: -3.00, RSRQ_TARGET: -3.00, SINR_SOURCE: 3.85, SINR_TARGET: 14.02, TIME_TO_TRIGGER: 8.00, A3_OFFSET: 8.00, HOF: 1
TIMESTAMP: 117, UE_ID: 292, CELL_SOURCE_ID: 13, CELL_TARGET_ID: 1, RSRP_SOURCE: -104.82, RSRP_TARGET: -96.80, RSRQ_SOURCE: -3.00, RSRQ_TARGET: -3.00, SINR_SOURCE: 4.80, SINR_TARGET: 15.32, TIME_TO_TRIGGER: 8.00, A3_OFFSET: 8.00, HOF: 1
TIMESTAMP: 121, UE_ID: 247, CELL_SOURCE_ID: 20, CELL_TARGET_ID: 3, RSRP_SOURCE: -109.67, RSRP_TARGET: -97.71, RSRQ_SOURCE: -3.00, RSRQ_TARGET: -3.00, SINR_SOURCE: -3.46, SINR_TARGET: 11.89, TIME_TO_TRIGGER: 8.00, A3_OFFSET: 8.00, HOF: 1
TIMESTAMP: 121, UE_ID: 297, CELL_SOURCE_ID: 20, CELL_TARGET_ID: 3, RSRP_SOURCE: -108.23, RSRP_TARGET: -98.25, RSRQ_SOURCE: -3.00, RSRQ_TARGET: -3.00, SINR_SOURCE: 0.66, SINR_TARGET: 13.38, TIME_TO_TRIGGER: 8.00, A3_OFFSET: 8.00, HOF: 1
TIMESTAMP: 123, UE_ID: 288, CELL_SOURCE_ID: 10, CELL_TARGET_ID: 14, RSRP_SOURCE: -104.89, RSRP_TARGET: -96.02, RSRQ_SOURCE: -3.00, RSRQ_TARGET: -3.00, SINR_SOURCE: 5.99, SINR_TARGET: 13.42, TIME_TO_TRIGGER: 8.00, A3_OFFSET: 8.00, HOF: 1
TIMESTAMP: 126, UE_ID: 274, CELL_SOURCE_ID: 21, CELL_TARGET_ID: 1, RSRP_SOURCE: -108.65, RSRP_TARGET: -99.43, RSRQ_SOURCE: -3.00, RSRQ_TARGET: -3.00, SINR_SOURCE: -1.51, SINR_TARGET: 10.78, TIME_TO_TRIGGER: 8.00, A3_OFFSET: 8.00, HOF: 1
TIMESTAMP: 128, UE_ID: 246, CELL_SOURCE_ID: 19, CELL_TARGET_ID: 1, RSRP_SOURCE: -101.61, RSRP_TARGET: -90.43, RSRQ_SOURCE: -3.00, RSRQ_TARGET: -3.00, SINR_SOURCE: 10.44, SINR_TARGET: 19.52, TIME_TO_TRIGGER: 8.00, A3_OFFSET: 8.00, HOF: 1
TIMESTAMP: 128, UE_ID: 253, CELL_SOURCE_ID: 19, CELL_TARGET_ID: 1, RSRP_SOURCE: -93.44, RSRP_TARGET: -84.51, RSRQ_SOURCE: -3.00, RSRQ_TARGET: -3.00, SINR_SOURCE: 18.20, SINR_TARGET: 26.52, TIME_TO_TRIGGER: 8.00, A3_OFFSET: 8.00, HOF: 1
TIMESTAMP: 128, UE_ID: 300, CELL_SOURCE_ID: 19, CELL_TARGET_ID: 1, RSRP_SOURCE: -102.70, RSRP_TARGET: -92.76, RSRQ_SOURCE: -3.00, RSRQ_TARGET: -3.00, SINR_SOURCE: 8.77, SINR_TARGET: 19.84, TIME_TO_TRIGGER: 8.00, A3_OFFSET: 8.00, HOF: 1
TIMESTAMP: 130, UE_ID: 246, CELL_SOURCE_ID: 1, CELL_TARGET_ID: 6, RSRP_SOURCE: -103.62, RSRP_TARGET: -94.55, RSRQ_SOURCE: -3.00, RSRQ_TARGET: -3.00, SINR_SOURCE: 7.19, SINR_TARGET: 18.51, TIME_TO_TRIGGER: 8.00, A3_OFFSET: 8.00, HOF: 1
TIMESTAMP: 131, UE_ID: 255, CELL_SOURCE_ID: 7, CELL_TARGET_ID: 1, RSRP_SOURCE: -106.53, RSRP_TARGET: -97.76, RSRQ_SOURCE: -3.00, RSRQ_TARGET: -3.00, SINR_SOURCE: -2.88, SINR_TARGET: 11.53, TIME_TO_TRIGGER: 8.00, A3_OFFSET: 8.00, HOF: 1
TIMESTAMP: 131, UE_ID: 256, CELL_SOURCE_ID: 20, CELL_TARGET_ID: 1, RSRP_SOURCE: -108.46, RSRP_TARGET: -98.38, RSRQ_SOURCE: -3.00, RSRQ_TARGET: -3.00, SINR_SOURCE: 2.10, SINR_TARGET: 9.77, TIME_TO_TRIGGER: 8.00, A3_OFFSET: 8.00, HOF: 1
TIMESTAMP: 131, UE_ID: 277, CELL_SOURCE_ID: 7, CELL_TARGET_ID: 1, RSRP_SOURCE: -109.59, RSRP_TARGET: -98.46, RSRQ_SOURCE: -3.00, RSRQ_TARGET: -3.00, SINR_SOURCE: 1.14, SINR_TARGET: 10.53, TIME_TO_TRIGGER: 8.00, A3_OFFSET: 8.00, HOF: 0
TIMESTAMP: 133, UE_ID: 272, CELL_SOURCE_ID: 1, CELL_TARGET_ID: 2, RSRP_SOURCE: -105.29, RSRP_TARGET: -95.01, RSRQ_SOURCE: -3.00, RSRQ_TARGET: -3.00, SINR_SOURCE: 3.70, SINR_TARGET: 17.50, TIME_TO_TRIGGER: 8.00, A3_OFFSET: 8.00, HOF: 1
TIMESTAMP: 136, UE_ID: 257, CELL_SOURCE_ID: 20, CELL_TARGET_ID: 1, RSRP_SOURCE: -108.58, RSRP_TARGET: -95.80, RSRQ_SOURCE: -3.00, RSRQ_TARGET: -3.00, SINR_SOURCE: 1.94, SINR_TARGET: 12.21, TIME_TO_TRIGGER: 8.00, A3_OFFSET: 8.00, HOF: 1
TIMESTAMP: 138, UE_ID: 272, CELL_SOURCE_ID: 2, CELL_TARGET_ID: 4, RSRP_SOURCE: -107.69, RSRP_TARGET: -96.96, RSRQ_SOURCE: -3.00, RSRQ_TARGET: -3.00, SINR_SOURCE: 3.07, SINR_TARGET: 14.85, TIME_TO_TRIGGER: 8.00, A3_OFFSET: 8.00, HOF: 1
TIMESTAMP: 141, UE_ID: 257, CELL_SOURCE_ID: 1, CELL_TARGET_ID: 5, RSRP_SOURCE: -105.30, RSRP_TARGET: -96.64, RSRQ_SOURCE: -3.00, RSRQ_TARGET: -3.00, SINR_SOURCE: 5.73, SINR_TARGET: 8.58, TIME_TO_TRIGGER: 8.00, A3_OFFSET: 8.00, HOF: 1
TIMESTAMP: 141, UE_ID: 258, CELL_SOURCE_ID: 10, CELL_TARGET_ID: 11, RSRP_SOURCE: -108.26, RSRP_TARGET: -99.32, RSRQ_SOURCE: -3.00, RSRQ_TARGET: -3.00, SINR_SOURCE: 0.41, SINR_TARGET: 12.52, TIME_TO_TRIGGER: 8.00, A3_OFFSET: 8.00, HOF: 1
TIMESTAMP: 146, UE_ID: 291, CELL_SOURCE_ID: 11, CELL_TARGET_ID: 7, RSRP_SOURCE: -108.19, RSRP_TARGET: -67.48, RSRQ_SOURCE: -3.00, RSRQ_TARGET: -3.00, SINR_SOURCE: 5.43, SINR_TARGET: 40.93, TIME_TO_TRIGGER: 8.00, A3_OFFSET: 8.00, HOF: 1
TIMESTAMP: 147, UE_ID: 257, CELL_SOURCE_ID: 2, CELL_TARGET_ID: 13, RSRP_SOURCE: -108.34, RSRP_TARGET: -99.71, RSRQ_SOURCE: -3.00, RSRQ_TARGET: -3.00, SINR_SOURCE: 1.87, SINR_TARGET: 7.54, TIME_TO_TRIGGER: 8.00, A3_OFFSET: 8.00, HOF: 1
TIMESTAMP: 149, UE_ID: 261, CELL_SOURCE_ID: 15, CELL_TARGET_ID: 8, RSRP_SOURCE: -106.26, RSRP_TARGET: -98.10, RSRQ_SOURCE: -3.00, RSRQ_TARGET: -3.00, SINR_SOURCE: 3.79, SINR_TARGET: 11.56, TIME_TO_TRIGGER: 8.00, A3_OFFSET: 8.00, HOF: 1
TIMESTAMP: 149, UE_ID: 272, CELL_SOURCE_ID: 4, CELL_TARGET_ID: 2, RSRP_SOURCE: -107.35, RSRP_TARGET: -99.19, RSRQ_SOURCE: -3.00, RSRQ_TARGET: -3.00, SINR_SOURCE: 2.70, SINR_TARGET: 11.05, TIME_TO_TRIGGER: 8.00, A3_OFFSET: 8.00, HOF: 1
TIMESTAMP: 152, UE_ID: 260, CELL_SOURCE_ID: 17, CELL_TARGET_ID: 2, RSRP_SOURCE: -109.64, RSRP_TARGET: -99.80, RSRQ_SOURCE: -3.00, RSRQ_TARGET: -3.00, SINR_SOURCE: 3.05, SINR_TARGET: 11.65, TIME_TO_TRIGGER: 8.00, A3_OFFSET: 8.00, HOF: 1
TIMESTAMP: 153, UE_ID: 265, CELL_SOURCE_ID: 15, CELL_TARGET_ID: 3, RSRP_SOURCE: -107.44, RSRP_TARGET: -97.64, RSRQ_SOURCE: -3.00, RSRQ_TARGET: -3.00, SINR_SOURCE: 4.15, SINR_TARGET: 12.87, TIME_TO_TRIGGER: 8.00, A3_OFFSET: 8.00, HOF: 1
TIMESTAMP: 153, UE_ID: 280, CELL_SOURCE_ID: 15, CELL_TARGET_ID: 14, RSRP_SOURCE: -109.69, RSRP_TARGET: -99.07, RSRQ_SOURCE: -3.00, RSRQ_TARGET: -3.00, SINR_SOURCE: -2.65, SINR_TARGET: 10.75, TIME_TO_TRIGGER: 8.00, A3_OFFSET: 8.00, HOF: 0
TIMESTAMP: 157, UE_ID: 242, CELL_SOURCE_ID: 14, CELL_TARGET_ID: 1, RSRP_SOURCE: -85.90, RSRP_TARGET: -75.31, RSRQ_SOURCE: -3.00, RSRQ_TARGET: -3.00, SINR_SOURCE: 15.46, SINR_TARGET: 36.09, TIME_TO_TRIGGER: 8.00, A3_OFFSET: 8.00, HOF: 1
TIMESTAMP: 157, UE_ID: 294, CELL_SOURCE_ID: 8, CELL_TARGET_ID: 7, RSRP_SOURCE: -108.49, RSRP_TARGET: -99.62, RSRQ_SOURCE: -3.00, RSRQ_TARGET: -3.00, SINR_SOURCE: 1.69, SINR_TARGET: 8.62, TIME_TO_TRIGGER: 8.00, A3_OFFSET: 8.00, HOF: 1
TIMESTAMP: 158, UE_ID: 243, CELL_SOURCE_ID: 17, CELL_TARGET_ID: 4, RSRP_SOURCE: -107.92, RSRP_TARGET: -99.43, RSRQ_SOURCE: -3.00, RSRQ_TARGET: -3.00, SINR_SOURCE: -0.60, SINR_TARGET: 12.80, TIME_TO_TRIGGER: 8.00, A3_OFFSET: 8.00, HOF: 1
TIMESTAMP: 158, UE_ID: 252, CELL_SOURCE_ID: 17, CELL_TARGET_ID: 19, RSRP_SOURCE: -108.28, RSRP_TARGET: -98.38, RSRQ_SOURCE: -3.00, RSRQ_TARGET: -3.00, SINR_SOURCE: 4.03, SINR_TARGET: 12.26, TIME_TO_TRIGGER: 8.00, A3_OFFSET: 8.00, HOF: 1
TIMESTAMP: 158, UE_ID: 259, CELL_SOURCE_ID: 17, CELL_TARGET_ID: 10, RSRP_SOURCE: -107.24, RSRP_TARGET: -98.82, RSRQ_SOURCE: -3.00, RSRQ_TARGET: -3.00, SINR_SOURCE: 0.13, SINR_TARGET: 13.49, TIME_TO_TRIGGER: 8.00, A3_OFFSET: 8.00, HOF: 1
TIMESTAMP: 160, UE_ID: 258, CELL_SOURCE_ID: 9, CELL_TARGET_ID: 19, RSRP_SOURCE: -109.59, RSRP_TARGET: -98.80, RSRQ_SOURCE: -3.00, RSRQ_TARGET: -3.00, SINR_SOURCE: -0.31, SINR_TARGET: 9.37, TIME_TO_TRIGGER: 8.00, A3_OFFSET: 8.00, HOF: 1
TIMESTAMP: 160, UE_ID: 288, CELL_SOURCE_ID: 16, CELL_TARGET_ID: 2, RSRP_SOURCE: -107.43, RSRP_TARGET: -98.85, RSRQ_SOURCE: -3.00, RSRQ_TARGET: -3.00, SINR_SOURCE: 2.82, SINR_TARGET: 11.54, TIME_TO_TRIGGER: 8.00, A3_OFFSET: 8.00, HOF: 1
TIMESTAMP: 161, UE_ID: 103, CELL_SOURCE_ID: 3, CELL_TARGET_ID: 1, RSRP_SOURCE: -45.69, RSRP_TARGET: -37.02, RSRQ_SOURCE: -3.00, RSRQ_TARGET: -3.00, SINR_SOURCE: 66.89, SINR_TARGET: 71.70, TIME_TO_TRIGGER: 8.00, A3_OFFSET: 8.00, HOF: 1
TIMESTAMP: 161, UE_ID: 246, CELL_SOURCE_ID: 21, CELL_TARGET_ID: 1, RSRP_SOURCE: -107.23, RSRP_TARGET: -98.63, RSRQ_SOURCE: -3.00, RSRQ_TARGET: -3.00, SINR_SOURCE: 3.10, SINR_TARGET: 12.80, TIME_TO_TRIGGER: 8.00, A3_OFFSET: 8.00, HOF: 0
TIMESTAMP: 161, UE_ID: 300, CELL_SOURCE_ID: 21, CELL_TARGET_ID: 9, RSRP_SOURCE: -107.53, RSRP_TARGET: -98.34, RSRQ_SOURCE: -3.00, RSRQ_TARGET: -3.00, SINR_SOURCE: 2.19, SINR_TARGET: 6.06, TIME_TO_TRIGGER: 8.00, A3_OFFSET: 8.00, HOF: 1
TIMESTAMP: 162, UE_ID: 57, CELL_SOURCE_ID: 21, CELL_TARGET_ID: 1, RSRP_SOURCE: -71.02, RSRP_TARGET: -54.26, RSRQ_SOURCE: -3.00, RSRQ_TARGET: -3.00, SINR_SOURCE: 28.23, SINR_TARGET: 56.36, TIME_TO_TRIGGER: 8.00, A3_OFFSET: 8.00, HOF: 1
TIMESTAMP: 164, UE_ID: 57, CELL_SOURCE_ID: 1, CELL_TARGET_ID: 2, RSRP_SOURCE: -59.28, RSRP_TARGET: -49.15, RSRQ_SOURCE: -3.00, RSRQ_TARGET: -3.00, SINR_SOURCE: 51.45, SINR_TARGET: 59.45, TIME_TO_TRIGGER: 8.00, A3_OFFSET: 8.00, HOF: 1
TIMESTAMP: 164, UE_ID: 244, CELL_SOURCE_ID: 1, CELL_TARGET_ID: 2, RSRP_SOURCE: -105.68, RSRP_TARGET: -95.95, RSRQ_SOURCE: -3.00, RSRQ_TARGET: -3.00, SINR_SOURCE: 4.97, SINR_TARGET: 16.02, TIME_TO_TRIGGER: 8.00, A3_OFFSET: 8.00, HOF: 1
TIMESTAMP: 166, UE_ID: 289, CELL_SOURCE_ID: 11, CELL_TARGET_ID: 1, RSRP_SOURCE: -108.82, RSRP_TARGET: -98.02, RSRQ_SOURCE: -3.00, RSRQ_TARGET: -3.00, SINR_SOURCE: -2.91, SINR_TARGET: 12.21, TIME_TO_TRIGGER: 8.00, A3_OFFSET: 8.00, HOF: 1
TIMESTAMP: 166, UE_ID: 297, CELL_SOURCE_ID: 11, CELL_TARGET_ID: 1, RSRP_SOURCE: -108.92, RSRP_TARGET: -99.01, RSRQ_SOURCE: -3.00, RSRQ_TARGET: -3.00, SINR_SOURCE: 3.37, SINR_TARGET: 7.83, TIME_TO_TRIGGER: 8.00, A3_OFFSET: 8.00, HOF: 1
TIMESTAMP: 167, UE_ID: 261, CELL_SOURCE_ID: 2, CELL_TARGET_ID: 1, RSRP_SOURCE: -107.73, RSRP_TARGET: -98.68, RSRQ_SOURCE: -3.00, RSRQ_TARGET: -3.00, SINR_SOURCE: 4.07, SINR_TARGET: 10.74, TIME_TO_TRIGGER: 8.00, A3_OFFSET: 8.00, HOF: 1
TIMESTAMP: 169, UE_ID: 253, CELL_SOURCE_ID: 21, CELL_TARGET_ID: 1, RSRP_SOURCE: -99.75, RSRP_TARGET: -91.35, RSRQ_SOURCE: -3.00, RSRQ_TARGET: -3.00, SINR_SOURCE: 10.74, SINR_TARGET: 17.33, TIME_TO_TRIGGER: 8.00, A3_OFFSET: 8.00, HOF: 1
TIMESTAMP: 172, UE_ID: 57, CELL_SOURCE_ID: 2, CELL_TARGET_ID: 1, RSRP_SOURCE: -88.12, RSRP_TARGET: -78.90, RSRQ_SOURCE: -3.00, RSRQ_TARGET: -3.00, SINR_SOURCE: 22.32, SINR_TARGET: 28.96, TIME_TO_TRIGGER: 8.00, A3_OFFSET: 8.00, HOF: 1
TIMESTAMP: 174, UE_ID: 57, CELL_SOURCE_ID: 1, CELL_TARGET_ID: 2, RSRP_SOURCE: -87.35, RSRP_TARGET: -76.78, RSRQ_SOURCE: -3.00, RSRQ_TARGET: -3.00, SINR_SOURCE: 22.74, SINR_TARGET: 35.97, TIME_TO_TRIGGER: 8.00, A3_OFFSET: 8.00, HOF: 1
TIMESTAMP: 174, UE_ID: 292, CELL_SOURCE_ID: 14, CELL_TARGET_ID: 2, RSRP_SOURCE: -107.37, RSRP_TARGET: -98.90, RSRQ_SOURCE: -3.00, RSRQ_TARGET: -3.00, SINR_SOURCE: 3.60, SINR_TARGET: 10.15, TIME_TO_TRIGGER: 8.00, A3_OFFSET: 8.00, HOF: 1
TIMESTAMP: 175, UE_ID: 244, CELL_SOURCE_ID: 19, CELL_TARGET_ID: 6, RSRP_SOURCE: -107.80, RSRP_TARGET: -98.80, RSRQ_SOURCE: -3.00, RSRQ_TARGET: -3.00, SINR_SOURCE: 0.26, SINR_TARGET: 13.65, TIME_TO_TRIGGER: 8.00, A3_OFFSET: 8.00, HOF: 1
TIMESTAMP: 175, UE_ID: 267, CELL_SOURCE_ID: 9, CELL_TARGET_ID: 2, RSRP_SOURCE: -108.69, RSRP_TARGET: -98.12, RSRQ_SOURCE: -3.00, RSRQ_TARGET: -3.00, SINR_SOURCE: 1.45, SINR_TARGET: 14.60, TIME_TO_TRIGGER: 8.00, A3_OFFSET: 8.00, HOF: 1
TIMESTAMP: 181, UE_ID: 242, CELL_SOURCE_ID: 12, CELL_TARGET_ID: 7, RSRP_SOURCE: -109.48, RSRP_TARGET: -98.86, RSRQ_SOURCE: -3.00, RSRQ_TARGET: -3.00, SINR_SOURCE: -1.54, SINR_TARGET: 8.56, TIME_TO_TRIGGER: 8.00, A3_OFFSET: 8.00, HOF: 1
TIMESTAMP: 181, UE_ID: 260, CELL_SOURCE_ID: 17, CELL_TARGET_ID: 15, RSRP_SOURCE: -106.35, RSRP_TARGET: -98.18, RSRQ_SOURCE: -3.00, RSRQ_TARGET: -3.00, SINR_SOURCE: 2.11, SINR_TARGET: 11.99, TIME_TO_TRIGGER: 8.00, A3_OFFSET: 8.00, HOF: 1
TIMESTAMP: 181, UE_ID: 286, CELL_SOURCE_ID: 11, CELL_TARGET_ID: 6, RSRP_SOURCE: -107.12, RSRP_TARGET: -98.88, RSRQ_SOURCE: -3.00, RSRQ_TARGET: -3.00, SINR_SOURCE: 0.02, SINR_TARGET: 10.22, TIME_TO_TRIGGER: 8.00, A3_OFFSET: 8.00, HOF: 1
TIMESTAMP: 181, UE_ID: 288, CELL_SOURCE_ID: 1, CELL_TARGET_ID: 13, RSRP_SOURCE: -107.94, RSRP_TARGET: -96.99, RSRQ_SOURCE: -3.00, RSRQ_TARGET: -3.00, SINR_SOURCE: 2.38, SINR_TARGET: 12.43, TIME_TO_TRIGGER: 8.00, A3_OFFSET: 8.00, HOF: 1
TIMESTAMP: 182, UE_ID: 300, CELL_SOURCE_ID: 4, CELL_TARGET_ID: 3, RSRP_SOURCE: -108.73, RSRP_TARGET: -98.49, RSRQ_SOURCE: -3.00, RSRQ_TARGET: -3.00, SINR_SOURCE: -1.36, SINR_TARGET: 11.68, TIME_TO_TRIGGER: 8.00, A3_OFFSET: 8.00, HOF: 0
TIMESTAMP: 184, UE_ID: 248, CELL_SOURCE_ID: 16, CELL_TARGET_ID: 17, RSRP_SOURCE: -109.34, RSRP_TARGET: -99.74, RSRQ_SOURCE: -3.00, RSRQ_TARGET: -3.00, SINR_SOURCE: 1.36, SINR_TARGET: 7.75, TIME_TO_TRIGGER: 8.00, A3_OFFSET: 8.00, HOF: 1
TIMESTAMP: 186, UE_ID: 57, CELL_SOURCE_ID: 2, CELL_TARGET_ID: 1, RSRP_SOURCE: -92.18, RSRP_TARGET: -81.35, RSRQ_SOURCE: -3.00, RSRQ_TARGET: -3.00, SINR_SOURCE: 10.07, SINR_TARGET: 28.99, TIME_TO_TRIGGER: 8.00, A3_OFFSET: 8.00, HOF: 1
TIMESTAMP: 191, UE_ID: 273, CELL_SOURCE_ID: 19, CELL_TARGET_ID: 3, RSRP_SOURCE: -109.54, RSRP_TARGET: -98.65, RSRQ_SOURCE: -3.00, RSRQ_TARGET: -3.00, SINR_SOURCE: 2.28, SINR_TARGET: 10.92, TIME_TO_TRIGGER: 8.00, A3_OFFSET: 8.00, HOF: 1
TIMESTAMP: 192, UE_ID: 57, CELL_SOURCE_ID: 1, CELL_TARGET_ID: 2, RSRP_SOURCE: -84.00, RSRP_TARGET: -73.67, RSRQ_SOURCE: -3.00, RSRQ_TARGET: -3.00, SINR_SOURCE: 27.11, SINR_TARGET: 34.12, TIME_TO_TRIGGER: 8.00, A3_OFFSET: 8.00, HOF: 1
TIMESTAMP: 193, UE_ID: 296, CELL_SOURCE_ID: 2, CELL_TARGET_ID: 17, RSRP_SOURCE: -108.96, RSRP_TARGET: -98.47, RSRQ_SOURCE: -3.00, RSRQ_TARGET: -3.00, SINR_SOURCE: -0.58, SINR_TARGET: 12.77, TIME_TO_TRIGGER: 8.00, A3_OFFSET: 8.00, HOF: 1
TIMESTAMP: 194, UE_ID: 57, CELL_SOURCE_ID: 2, CELL_TARGET_ID: 1, RSRP_SOURCE: -90.28, RSRP_TARGET: -80.38, RSRQ_SOURCE: -3.00, RSRQ_TARGET: -3.00, SINR_SOURCE: 19.37, SINR_TARGET: 27.94, TIME_TO_TRIGGER: 8.00, A3_OFFSET: 8.00, HOF: 1
TIMESTAMP: 197, UE_ID: 263, CELL_SOURCE_ID: 8, CELL_TARGET_ID: 7, RSRP_SOURCE: -108.33, RSRP_TARGET: -99.74, RSRQ_SOURCE: -3.00, RSRQ_TARGET: -3.00, SINR_SOURCE: 3.21, SINR_TARGET: 10.04, TIME_TO_TRIGGER: 8.00, A3_OFFSET: 8.00, HOF: 1
TIMESTAMP: 197, UE_ID: 273, CELL_SOURCE_ID: 3, CELL_TARGET_ID: 1, RSRP_SOURCE: -108.92, RSRP_TARGET: -97.82, RSRQ_SOURCE: -3.00, RSRQ_TARGET: -3.00, SINR_SOURCE: -0.96, SINR_TARGET: 13.93, TIME_TO_TRIGGER: 8.00, A3_OFFSET: 8.00, HOF: 1
TIMESTAMP: 198, UE_ID: 265, CELL_SOURCE_ID: 13, CELL_TARGET_ID: 1, RSRP_SOURCE: -107.17, RSRP_TARGET: -98.58, RSRQ_SOURCE: -3.00, RSRQ_TARGET: -3.00, SINR_SOURCE: 3.88, SINR_TARGET: 14.96, TIME_TO_TRIGGER: 8.00, A3_OFFSET: 8.00, HOF: 1
TIMESTAMP: 200, UE_ID: 57, CELL_SOURCE_ID: 1, CELL_TARGET_ID: 2, RSRP_SOURCE: -86.87, RSRP_TARGET: -78.76, RSRQ_SOURCE: -3.00, RSRQ_TARGET: -3.00, SINR_SOURCE: 22.94, SINR_TARGET: 28.05, TIME_TO_TRIGGER: 8.00, A3_OFFSET: 8.00, HOF: 1
TIMESTAMP: 202, UE_ID: 287, CELL_SOURCE_ID: 4, CELL_TARGET_ID: 6, RSRP_SOURCE: -105.12, RSRP_TARGET: -95.60, RSRQ_SOURCE: -3.00, RSRQ_TARGET: -3.00, SINR_SOURCE: 8.55, SINR_TARGET: 13.16, TIME_TO_TRIGGER: 8.00, A3_OFFSET: 8.00, HOF: 1
TIMESTAMP: 207, UE_ID: 289, CELL_SOURCE_ID: 17, CELL_TARGET_ID: 16, RSRP_SOURCE: -106.87, RSRP_TARGET: -97.21, RSRQ_SOURCE: -3.00, RSRQ_TARGET: -3.00, SINR_SOURCE: 6.05, SINR_TARGET: 16.60, TIME_TO_TRIGGER: 8.00, A3_OFFSET: 8.00, HOF: 1
TIMESTAMP: 209, UE_ID: 57, CELL_SOURCE_ID: 2, CELL_TARGET_ID: 1, RSRP_SOURCE: -101.54, RSRP_TARGET: -76.99, RSRQ_SOURCE: -3.00, RSRQ_TARGET: -3.00, SINR_SOURCE: -7.15, SINR_TARGET: 34.44, TIME_TO_TRIGGER: 8.00, A3_OFFSET: 8.00, HOF: 1
TIMESTAMP: 210, UE_ID: 172, CELL_SOURCE_ID: 2, CELL_TARGET_ID: 1, RSRP_SOURCE: -65.40, RSRP_TARGET: -42.16, RSRQ_SOURCE: -3.00, RSRQ_TARGET: -3.00, SINR_SOURCE: 34.92, SINR_TARGET: 68.08, TIME_TO_TRIGGER: 8.00, A3_OFFSET: 8.00, HOF: 1
TIMESTAMP: 219, UE_ID: 281, CELL_SOURCE_ID: 15, CELL_TARGET_ID: 7, RSRP_SOURCE: -105.37, RSRP_TARGET: -96.69, RSRQ_SOURCE: -3.00, RSRQ_TARGET: -3.00, SINR_SOURCE: 5.78, SINR_TARGET: 12.80, TIME_TO_TRIGGER: 8.00, A3_OFFSET: 8.00, HOF: 1
TIMESTAMP: 227, UE_ID: 249, CELL_SOURCE_ID: 5, CELL_TARGET_ID: 3, RSRP_SOURCE: -107.58, RSRP_TARGET: -99.08, RSRQ_SOURCE: -3.00, RSRQ_TARGET: -3.00, SINR_SOURCE: 0.46, SINR_TARGET: 12.11, TIME_TO_TRIGGER: 8.00, A3_OFFSET: 8.00, HOF: 1
TIMESTAMP: 229, UE_ID: 57, CELL_SOURCE_ID: 1, CELL_TARGET_ID: 2, RSRP_SOURCE: -100.62, RSRP_TARGET: -84.64, RSRQ_SOURCE: -3.00, RSRQ_TARGET: -3.00, SINR_SOURCE: -1.98, SINR_TARGET: 29.78, TIME_TO_TRIGGER: 8.00, A3_OFFSET: 8.00, HOF: 1
TIMESTAMP: 230, UE_ID: 74, CELL_SOURCE_ID: 1, CELL_TARGET_ID: 2, RSRP_SOURCE: -83.08, RSRP_TARGET: -69.46, RSRQ_SOURCE: -3.00, RSRQ_TARGET: -3.00, SINR_SOURCE: 20.32, SINR_TARGET: 42.82, TIME_TO_TRIGGER: 8.00, A3_OFFSET: 8.00, HOF: 1
TIMESTAMP: 230, UE_ID: 103, CELL_SOURCE_ID: 1, CELL_TARGET_ID: 2, RSRP_SOURCE: -82.59, RSRP_TARGET: -68.98, RSRQ_SOURCE: -3.00, RSRQ_TARGET: -3.00, SINR_SOURCE: 21.54, SINR_TARGET: 39.63, TIME_TO_TRIGGER: 8.00, A3_OFFSET: 8.00, HOF: 1
TIMESTAMP: 230, UE_ID: 111, CELL_SOURCE_ID: 1, CELL_TARGET_ID: 2, RSRP_SOURCE: -54.53, RSRP_TARGET: -38.54, RSRQ_SOURCE: -3.00, RSRQ_TARGET: -3.00, SINR_SOURCE: 50.02, SINR_TARGET: 70.34, TIME_TO_TRIGGER: 8.00, A3_OFFSET: 8.00, HOF: 1
TIMESTAMP: 230, UE_ID: 172, CELL_SOURCE_ID: 1, CELL_TARGET_ID: 2, RSRP_SOURCE: -65.83, RSRP_TARGET: -47.35, RSRQ_SOURCE: -3.00, RSRQ_TARGET: -3.00, SINR_SOURCE: 31.88, SINR_TARGET: 63.28, TIME_TO_TRIGGER: 8.00, A3_OFFSET: 8.00, HOF: 1
TIMESTAMP: 234, UE_ID: 272, CELL_SOURCE_ID: 11, CELL_TARGET_ID: 6, RSRP_SOURCE: -109.13, RSRP_TARGET: -98.15, RSRQ_SOURCE: -3.00, RSRQ_TARGET: -3.00, SINR_SOURCE: -2.50, SINR_TARGET: 14.86, TIME_TO_TRIGGER: 8.00, A3_OFFSET: 8.00, HOF: 1
TIMESTAMP: 234, UE_ID: 278, CELL_SOURCE_ID: 8, CELL_TARGET_ID: 6, RSRP_SOURCE: -108.86, RSRP_TARGET: -98.61, RSRQ_SOURCE: -3.00, RSRQ_TARGET: -3.00, SINR_SOURCE: 0.81, SINR_TARGET: 9.28, TIME_TO_TRIGGER: 8.00, A3_OFFSET: 8.00, HOF: 1
TIMESTAMP: 236, UE_ID: 251, CELL_SOURCE_ID: 13, CELL_TARGET_ID: 10, RSRP_SOURCE: -107.66, RSRP_TARGET: -98.76, RSRQ_SOURCE: -3.00, RSRQ_TARGET: -3.00, SINR_SOURCE: 5.38, SINR_TARGET: 9.46, TIME_TO_TRIGGER: 8.00, A3_OFFSET: 8.00, HOF: 1
TIMESTAMP: 238, UE_ID: 291, CELL_SOURCE_ID: 9, CELL_TARGET_ID: 8, RSRP_SOURCE: -108.68, RSRP_TARGET: -96.52, RSRQ_SOURCE: -3.00, RSRQ_TARGET: -3.00, SINR_SOURCE: 1.29, SINR_TARGET: 16.41, TIME_TO_TRIGGER: 8.00, A3_OFFSET: 8.00, HOF: 1
TIMESTAMP: 241, UE_ID: 57, CELL_SOURCE_ID: 2, CELL_TARGET_ID: 1, RSRP_SOURCE: -87.31, RSRP_TARGET: -76.04, RSRQ_SOURCE: -3.00, RSRQ_TARGET: -3.00, SINR_SOURCE: 27.48, SINR_TARGET: 33.48, TIME_TO_TRIGGER: 8.00, A3_OFFSET: 8.00, HOF: 1
TIMESTAMP: 247, UE_ID: 57, CELL_SOURCE_ID: 1, CELL_TARGET_ID: 2, RSRP_SOURCE: -105.33, RSRP_TARGET: -81.97, RSRQ_SOURCE: -3.00, RSRQ_TARGET: -3.00, SINR_SOURCE: -0.80, SINR_TARGET: 27.23, TIME_TO_TRIGGER: 8.00, A3_OFFSET: 8.00, HOF: 1
TIMESTAMP: 250, UE_ID: 57, CELL_SOURCE_ID: 2, CELL_TARGET_ID: 1, RSRP_SOURCE: -59.86, RSRP_TARGET: -43.20, RSRQ_SOURCE: -3.00, RSRQ_TARGET: -3.00, SINR_SOURCE: 45.27, SINR_TARGET: 68.09, TIME_TO_TRIGGER: 8.00, A3_OFFSET: 8.00, HOF: 1
TIMESTAMP: 252, UE_ID: 268, CELL_SOURCE_ID: 7, CELL_TARGET_ID: 2, RSRP_SOURCE: -106.78, RSRP_TARGET: -98.44, RSRQ_SOURCE: -3.00, RSRQ_TARGET: -3.00, SINR_SOURCE: 6.74, SINR_TARGET: 14.16, TIME_TO_TRIGGER: 8.00, A3_OFFSET: 8.00, HOF: 1
TIMESTAMP: 257, UE_ID: 172, CELL_SOURCE_ID: 2, CELL_TARGET_ID: 1, RSRP_SOURCE: -53.39, RSRP_TARGET: -43.53, RSRQ_SOURCE: -3.00, RSRQ_TARGET: -3.00, SINR_SOURCE: 57.98, SINR_TARGET: 67.10, TIME_TO_TRIGGER: 8.00, A3_OFFSET: 8.00, HOF: 1
TIMESTAMP: 258, UE_ID: 57, CELL_SOURCE_ID: 1, CELL_TARGET_ID: 2, RSRP_SOURCE: -63.91, RSRP_TARGET: -51.58, RSRQ_SOURCE: -3.00, RSRQ_TARGET: -3.00, SINR_SOURCE: 46.22, SINR_TARGET: 56.10, TIME_TO_TRIGGER: 8.00, A3_OFFSET: 8.00, HOF: 1
TIMESTAMP: 274, UE_ID: 57, CELL_SOURCE_ID: 2, CELL_TARGET_ID: 1, RSRP_SOURCE: -84.07, RSRP_TARGET: -75.14, RSRQ_SOURCE: -3.00, RSRQ_TARGET: -3.00, SINR_SOURCE: 24.69, SINR_TARGET: 34.22, TIME_TO_TRIGGER: 8.00, A3_OFFSET: 8.00, HOF: 1
TIMESTAMP: 286, UE_ID: 57, CELL_SOURCE_ID: 1, CELL_TARGET_ID: 2, RSRP_SOURCE: -82.67, RSRP_TARGET: -73.74, RSRQ_SOURCE: -3.00, RSRQ_TARGET: -3.00, SINR_SOURCE: 27.78, SINR_TARGET: 37.85, TIME_TO_TRIGGER: 8.00, A3_OFFSET: 8.00, HOF: 1
TIMESTAMP: 290, UE_ID: 57, CELL_SOURCE_ID: 2, CELL_TARGET_ID: 1, RSRP_SOURCE: -80.13, RSRP_TARGET: -71.14, RSRQ_SOURCE: -3.00, RSRQ_TARGET: -3.00, SINR_SOURCE: 32.08, SINR_TARGET: 37.33, TIME_TO_TRIGGER: 8.00, A3_OFFSET: 8.00, HOF: 1
TIMESTAMP: 291, UE_ID: 28, CELL_SOURCE_ID: 21, CELL_TARGET_ID: 1, RSRP_SOURCE: -88.24, RSRP_TARGET: -78.33, RSRQ_SOURCE: -3.00, RSRQ_TARGET: -3.00, SINR_SOURCE: 11.63, SINR_TARGET: 31.87, TIME_TO_TRIGGER: 8.00, A3_OFFSET: 8.00, HOF: 1
TIMESTAMP: 291, UE_ID: 99, CELL_SOURCE_ID: 21, CELL_TARGET_ID: 1, RSRP_SOURCE: -75.26, RSRP_TARGET: -58.58, RSRQ_SOURCE: -3.00, RSRQ_TARGET: -3.00, SINR_SOURCE: 21.77, SINR_TARGET: 53.01, TIME_TO_TRIGGER: 8.00, A3_OFFSET: 8.00, HOF: 1
TIMESTAMP: 291, UE_ID: 105, CELL_SOURCE_ID: 21, CELL_TARGET_ID: 1, RSRP_SOURCE: -83.07, RSRP_TARGET: -61.03, RSRQ_SOURCE: -3.00, RSRQ_TARGET: -3.00, SINR_SOURCE: 15.39, SINR_TARGET: 48.56, TIME_TO_TRIGGER: 8.00, A3_OFFSET: 8.00, HOF: 1
TIMESTAMP: 291, UE_ID: 127, CELL_SOURCE_ID: 21, CELL_TARGET_ID: 1, RSRP_SOURCE: -62.36, RSRP_TARGET: -47.67, RSRQ_SOURCE: -3.00, RSRQ_TARGET: -3.00, SINR_SOURCE: 35.31, SINR_TARGET: 62.93, TIME_TO_TRIGGER: 8.00, A3_OFFSET: 8.00, HOF: 1
TIMESTAMP: 297, UE_ID: 28, CELL_SOURCE_ID: 1, CELL_TARGET_ID: 2, RSRP_SOURCE: -97.64, RSRP_TARGET: -86.96, RSRQ_SOURCE: -3.00, RSRQ_TARGET: -3.00, SINR_SOURCE: 6.88, SINR_TARGET: 20.51, TIME_TO_TRIGGER: 8.00, A3_OFFSET: 8.00, HOF: 1
TIMESTAMP: 297, UE_ID: 57, CELL_SOURCE_ID: 1, CELL_TARGET_ID: 2, RSRP_SOURCE: -88.00, RSRP_TARGET: -77.11, RSRQ_SOURCE: -3.00, RSRQ_TARGET: -3.00, SINR_SOURCE: 21.01, SINR_TARGET: 30.12, TIME_TO_TRIGGER: 8.00, A3_OFFSET: 8.00, HOF: 1
TIMESTAMP: 297, UE_ID: 127, CELL_SOURCE_ID: 1, CELL_TARGET_ID: 2, RSRP_SOURCE: -90.87, RSRP_TARGET: -77.75, RSRQ_SOURCE: -3.00, RSRQ_TARGET: -3.00, SINR_SOURCE: 17.21, SINR_TARGET: 31.06, TIME_TO_TRIGGER: 8.00, A3_OFFSET: 8.00, HOF: 1
