TIMESTAMP: 7, UE_ID: 274, CELL_SOURCE_ID: 9, CELL_TARGET_ID: 1, RSRP_SOURCE: -85.23, RSRP_TARGET: -68.75, RSRQ_SOURCE: -3.00, RSRQ_TARGET: -3.00, SINR_SOURCE: 13.96, SINR_TARGET: 38.94, TIME_TO_TRIGGER: 8.00, A3_OFFSET: 8.00, HOF: 1
TIMESTAMP: 8, UE_ID: 249, CELL_SOURCE_ID: 2, CELL_TARGET_ID: 1, RSRP_SOURCE: -74.99, RSRP_TARGET: -66.49, RSRQ_SOURCE: -3.00, RSRQ_TARGET: -3.00, SINR_SOURCE: 33.26, SINR_TARGET: 43.29, TIME_TO_TRIGGER: 8.00, A3_OFFSET: 8.00, HOF: 1
TIMESTAMP: 11, UE_ID: 285, CELL_SOURCE_ID: 3, CELL_TARGET_ID: 1, RSRP_SOURCE: -92.14, RSRP_TARGET: -83.31, RSRQ_SOURCE: -3.00, RSRQ_TARGET: -3.00, SINR_SOURCE: 14.67, SINR_TARGET: 30.49, TIME_TO_TRIGGER: 8.00, A3_OFFSET: 8.00, HOF: 1
TIMESTAMP: 14, UE_ID: 254, CELL_SOURCE_ID: 2, CELL_TARGET_ID: 1, RSRP_SOURCE: -91.82, RSRP_TARGET: -76.51, RSRQ_SOURCE: -3.00, RSRQ_TARGET: -3.00, SINR_SOURCE: 11.30, SINR_TARGET: 31.53, TIME_TO_TRIGGER: 8.00, A3_OFFSET: 8.00, HOF: 1
TIMESTAMP: 14, UE_ID: 295, CELL_SOURCE_ID: 20, CELL_TARGET_ID: 3, RSRP_SOURCE: -104.38, RSRP_TARGET: -90.50, RSRQ_SOURCE: -3.00, RSRQ_TARGET: -3.00, SINR_SOURCE: -3.25, SINR_TARGET: 20.73, TIME_TO_TRIGGER: 8.00, A3_OFFSET: 8.00, HOF: 1
TIMESTAMP: 16, UE_ID: 249, CELL_SOURCE_ID: 1, CELL_TARGET_ID: 2, RSRP_SOURCE: -92.09, RSRP_TARGET: -74.44, RSRQ_SOURCE: -3.00, RSRQ_TARGET: -3.00, SINR_SOURCE: 7.19, SINR_TARGET: 37.48, TIME_TO_TRIGGER: 8.00, A3_OFFSET: 8.00, HOF: 1
TIMESTAMP: 20, UE_ID: 246, CELL_SOURCE_ID: 11, CELL_TARGET_ID: 1, RSRP_SOURCE: -77.52, RSRP_TARGET: -28.10, RSRQ_SOURCE: -3.00, RSRQ_TARGET: -3.00, SINR_SOURCE: 35.54, SINR_TARGET: 78.35, TIME_TO_TRIGGER: 8.00, A3_OFFSET: 8.00, HOF: 1
TIMESTAMP: 24, UE_ID: 241, CELL_SOURCE_ID: 18, CELL_TARGET_ID: 1, RSRP_SOURCE: -89.33, RSRP_TARGET: -70.05, RSRQ_SOURCE: -3.00, RSRQ_TARGET: -3.00, SINR_SOURCE: 14.94, SINR_TARGET: 38.65, TIME_TO_TRIGGER: 8.00, A3_OFFSET: 8.00, HOF: 1
TIMESTAMP: 24, UE_ID: 254, CELL_SOURCE_ID: 1, CELL_TARGET_ID: 2, RSRP_SOURCE: -82.31, RSRP_TARGET: -71.16, RSRQ_SOURCE: -3.00, RSRQ_TARGET: -3.00, SINR_SOURCE: 26.62, SINR_TARGET: 36.87, TIME_TO_TRIGGER: 8.00, A3_OFFSET: 8.00, HOF: 1
TIMESTAMP: 24, UE_ID: 256, CELL_SOURCE_ID: 18, CELL_TARGET_ID: 1, RSRP_SOURCE: -95.78, RSRP_TARGET: -87.33, RSRQ_SOURCE: -3.00, RSRQ_TARGET: -3.00, SINR_SOURCE: 11.63, SINR_TARGET: 19.92, TIME_TO_TRIGGER: 8.00, A3_OFFSET: 8.00, HOF: 1
TIMESTAMP: 24, UE_ID: 267, CELL_SOURCE_ID: 18, CELL_TARGET_ID: 1, RSRP_SOURCE: -98.68, RSRP_TARGET: -87.82, RSRQ_SOURCE: -3.00, RSRQ_TARGET: -3.00, SINR_SOURCE: 7.01, SINR_TARGET: 21.27, TIME_TO_TRIGGER: 8.00, A3_OFFSET: 8.00, HOF: 1
TIMESTAMP: 25, UE_ID: 249, CELL_SOURCE_ID: 2, CELL_TARGET_ID: 1, RSRP_SOURCE: -86.77, RSRP_TARGET: -77.65, RSRQ_SOURCE: -3.00, RSRQ_TARGET: -3.00, SINR_SOURCE: 24.13, SINR_TARGET: 32.96, TIME_TO_TRIGGER: 8.00, A3_OFFSET: 8.00, HOF: 1
TIMESTAMP: 28, UE_ID: 267, CELL_SOURCE_ID: 1, CELL_TARGET_ID: 2, RSRP_SOURCE: -90.05, RSRP_TARGET: -79.04, RSRQ_SOURCE: -3.00, RSRQ_TARGET: -3.00, SINR_SOURCE: 20.99, SINR_TARGET: 29.81, TIME_TO_TRIGGER: 8.00, A3_OFFSET: 8.00, HOF: 1
TIMESTAMP: 29, UE_ID: 249, CELL_SOURCE_ID: 1, CELL_TARGET_ID: 2, RSRP_SOURCE: -103.48, RSRP_TARGET: -87.46, RSRQ_SOURCE: -3.00, RSRQ_TARGET: -3.00, SINR_SOURCE: -1.94, SINR_TARGET: 20.97, TIME_TO_TRIGGER: 8.00, A3_OFFSET: 8.00, HOF: 1
TIMESTAMP: 29, UE_ID: 262, CELL_SOURCE_ID: 2, CELL_TARGET_ID: 3, RSRP_SOURCE: -84.04, RSRP_TARGET: -73.40, RSRQ_SOURCE: -3.00, RSRQ_TARGET: -3.00, SINR_SOURCE: 28.53, SINR_TARGET: 35.87, TIME_TO_TRIGGER: 8.00, A3_OFFSET: 8.00, HOF: 1
TIMESTAMP: 30, UE_ID: 243, CELL_SOURCE_ID: 1, CELL_TARGET_ID: 2, RSRP_SOURCE: -74.95, RSRP_TARGET: -66.55, RSRQ_SOURCE: -3.00, RSRQ_TARGET: -3.00, SINR_SOURCE: 33.90, SINR_TARGET: 39.97, TIME_TO_TRIGGER: 8.00, A3_OFFSET: 8.00, HOF: 1
TIMESTAMP: 30, UE_ID: 298, CELL_SOURCE_ID: 1, CELL_TARGET_ID: 2, RSRP_SOURCE: -79.86, RSRP_TARGET: -70.67, RSRQ_SOURCE: -3.00, RSRQ_TARGET: -3.00, SINR_SOURCE: 27.35, SINR_TARGET: 38.08, TIME_TO_TRIGGER: 8.00, A3_OFFSET: 8.00, HOF: 1
TIMESTAMP: 31, UE_ID: 250, CELL_SOURCE_ID: 10, CELL_TARGET_ID: 1, RSRP_SOURCE: -100.36, RSRP_TARGET: -90.66, RSRQ_SOURCE: -3.00, RSRQ_TARGET: -3.00, SINR_SOURCE: -0.76, SINR_TARGET: 19.95, TIME_TO_TRIGGER: 8.00, A3_OFFSET: 8.00, HOF: 1
TIMESTAMP: 31, UE_ID: 256, CELL_SOURCE_ID: 1, CELL_TARGET_ID: 2, RSRP_SOURCE: -106.70, RSRP_TARGET: -87.79, RSRQ_SOURCE: -3.00, RSRQ_TARGET: -3.00, SINR_SOURCE: 4.66, SINR_TARGET: 20.91, TIME_TO_TRIGGER: 8.00, A3_OFFSET: 8.00, HOF: 1
TIMESTAMP: 32, UE_ID: 262, CELL_SOURCE_ID: 3, CELL_TARGET_ID: 1, RSRP_SOURCE: -92.41, RSRP_TARGET: -81.37, RSRQ_SOURCE: -3.00, RSRQ_TARGET: -3.00, SINR_SOURCE: 15.03, SINR_TARGET: 28.88, TIME_TO_TRIGGER: 8.00, A3_OFFSET: 8.00, HOF: 1
TIMESTAMP: 32, UE_ID: 267, CELL_SOURCE_ID: 2, CELL_TARGET_ID: 1, RSRP_SOURCE: -88.47, RSRP_TARGET: -79.51, RSRQ_SOURCE: -3.00, RSRQ_TARGET: -3.00, SINR_SOURCE: 25.46, SINR_TARGET: 29.06, TIME_TO_TRIGGER: 8.00, A3_OFFSET: 8.00, HOF: 1
TIMESTAMP: 32, UE_ID: 287, CELL_SOURCE_ID: 18, CELL_TARGET_ID: 1, RSRP_SOURCE: -79.37, RSRP_TARGET: -66.98, RSRQ_SOURCE: -3.00, RSRQ_TARGET: -3.00, SINR_SOURCE: 31.19, SINR_TARGET: 41.24, TIME_TO_TRIGGER: 8.00, A3_OFFSET: 8.00, HOF: 1
TIMESTAMP: 32, UE_ID: 296, CELL_SOURCE_ID: 3, CELL_TARGET_ID: 1, RSRP_SOURCE: -84.71, RSRP_TARGET: -75.91, RSRQ_SOURCE: -3.00, RSRQ_TARGET: -3.00, SINR_SOURCE: 22.24, SINR_TARGET: 33.83, TIME_TO_TRIGGER: 8.00, A3_OFFSET: 8.00, HOF: 1
TIMESTAMP: 36, UE_ID: 243, CELL_SOURCE_ID: 2, CELL_TARGET_ID: 1, RSRP_SOURCE: -82.66, RSRP_TARGET: -70.04, RSRQ_SOURCE: -3.00, RSRQ_TARGET: -3.00, SINR_SOURCE: 26.72, SINR_TARGET: 38.48, TIME_TO_TRIGGER: 8.00, A3_OFFSET: 8.00, HOF: 1
TIMESTAMP: 36, UE_ID: 254, CELL_SOURCE_ID: 2, CELL_TARGET_ID: 1, RSRP_SOURCE: -89.90, RSRP_TARGET: -78.84, RSRQ_SOURCE: -3.00, RSRQ_TARGET: -3.00, SINR_SOURCE: 20.08, SINR_TARGET: 31.58, TIME_TO_TRIGGER: 8.00, A3_OFFSET: 8.00, HOF: 1
TIMESTAMP: 38, UE_ID: 249, CELL_SOURCE_ID: 2, CELL_TARGET_ID: 1, RSRP_SOURCE: -90.97, RSRP_TARGET: -69.59, RSRQ_SOURCE: -3.00, RSRQ_TARGET: -3.00, SINR_SOURCE: 13.00, SINR_TARGET: 39.74, TIME_TO_TRIGGER: 8.00, A3_OFFSET: 8.00, HOF: 1
TIMESTAMP: 38, UE_ID: 256, CELL_SOURCE_ID: 2, CELL_TARGET_ID: 1, RSRP_SOURCE: -81.67, RSRP_TARGET: -54.70, RSRQ_SOURCE: -3.00, RSRQ_TARGET: -3.00, SINR_SOURCE: 19.85, SINR_TARGET: 54.97, TIME_TO_TRIGGER: 8.00, A3_OFFSET: 8.00, HOF: 1
TIMESTAMP: 38, UE_ID: 268, CELL_SOURCE_ID: 18, CELL_TARGET_ID: 1, RSRP_SOURCE: -80.96, RSRP_TARGET: -67.27, RSRQ_SOURCE: -3.00, RSRQ_TARGET: -3.00, SINR_SOURCE: 27.81, SINR_TARGET: 42.48, TIME_TO_TRIGGER: 8.00, A3_OFFSET: 8.00, HOF: 1
TIMESTAMP: 39, UE_ID: 248, CELL_SOURCE_ID: 3, CELL_TARGET_ID: 1, RSRP_SOURCE: -99.43, RSRP_TARGET: -84.29, RSRQ_SOURCE: -3.00, RSRQ_TARGET: -3.00, SINR_SOURCE: -0.04, SINR_TARGET: 25.82, TIME_TO_TRIGGER: 8.00, A3_OFFSET: 8.00, HOF: 1
TIMESTAMP: 39, UE_ID: 262, CELL_SOURCE_ID: 1, CELL_TARGET_ID: 4, RSRP_SOURCE: -86.10, RSRP_TARGET: -74.82, RSRQ_SOURCE: -3.00, RSRQ_TARGET: -3.00, SINR_SOURCE: 22.29, SINR_TARGET: 32.98, TIME_TO_TRIGGER: 8.00, A3_OFFSET: 8.00, HOF: 1
TIMESTAMP: 39, UE_ID: 289, CELL_SOURCE_ID: 2, CELL_TARGET_ID: 1, RSRP_SOURCE: -103.72, RSRP_TARGET: -94.83, RSRQ_SOURCE: -3.00, RSRQ_TARGET: -3.00, SINR_SOURCE: 1.35, SINR_TARGET: 15.91, TIME_TO_TRIGGER: 8.00, A3_OFFSET: 8.00, HOF: 1
TIMESTAMP: 39, UE_ID: 290, CELL_SOURCE_ID: 3, CELL_TARGET_ID: 1, RSRP_SOURCE: -104.95, RSRP_TARGET: -89.39, RSRQ_SOURCE: -3.00, RSRQ_TARGET: -3.00, SINR_SOURCE: -8.04, SINR_TARGET: 21.43, TIME_TO_TRIGGER: 8.00, A3_OFFSET: 8.00, HOF: 1
TIMESTAMP: 39, UE_ID: 298, CELL_SOURCE_ID: 2, CELL_TARGET_ID: 1, RSRP_SOURCE: -102.68, RSRP_TARGET: -90.73, RSRQ_SOURCE: -3.00, RSRQ_TARGET: -3.00, SINR_SOURCE: 3.23, SINR_TARGET: 14.24, TIME_TO_TRIGGER: 8.00, A3_OFFSET: 8.00, HOF: 1
TIMESTAMP: 40, UE_ID: 243, CELL_SOURCE_ID: 1, CELL_TARGET_ID: 2, RSRP_SOURCE: -100.34, RSRP_TARGET: -82.40, RSRQ_SOURCE: -3.00, RSRQ_TARGET: -3.00, SINR_SOURCE: 1.00, SINR_TARGET: 27.96, TIME_TO_TRIGGER: 8.00, A3_OFFSET: 8.00, HOF: 1
TIMESTAMP: 40, UE_ID: 246, CELL_SOURCE_ID: 1, CELL_TARGET_ID: 2, RSRP_SOURCE: -94.16, RSRP_TARGET: -77.12, RSRQ_SOURCE: -3.00, RSRQ_TARGET: -3.00, SINR_SOURCE: 6.82, SINR_TARGET: 35.05, TIME_TO_TRIGGER: 8.00, A3_OFFSET: 8.00, HOF: 1
TIMESTAMP: 40, UE_ID: 254, CELL_SOURCE_ID: 1, CELL_TARGET_ID: 2, RSRP_SOURCE: -106.96, RSRP_TARGET: -90.52, RSRQ_SOURCE: -3.00, RSRQ_TARGET: -3.00, SINR_SOURCE: -2.39, SINR_TARGET: 19.48, TIME_TO_TRIGGER: 8.00, A3_OFFSET: 8.00, HOF: 1
TIMESTAMP: 40, UE_ID: 256, CELL_SOURCE_ID: 1, CELL_TARGET_ID: 2, RSRP_SOURCE: -109.60, RSRP_TARGET: -91.54, RSRQ_SOURCE: -3.00, RSRQ_TARGET: -3.00, SINR_SOURCE: -7.56, SINR_TARGET: 19.92, TIME_TO_TRIGGER: 8.00, A3_OFFSET: 8.00, HOF: 1
TIMESTAMP: 40, UE_ID: 296, CELL_SOURCE_ID: 1, CELL_TARGET_ID: 2, RSRP_SOURCE: -104.71, RSRP_TARGET: -84.11, RSRQ_SOURCE: -3.00, RSRQ_TARGET: -3.00, SINR_SOURCE: -3.29, SINR_TARGET: 26.24, TIME_TO_TRIGGER: 8.00, A3_OFFSET: 8.00, HOF: 1
TIMESTAMP: 42, UE_ID: 160, CELL_SOURCE_ID: 3, CELL_TARGET_ID: 1, RSRP_SOURCE: -48.05, RSRP_TARGET: -38.86, RSRQ_SOURCE: -3.00, RSRQ_TARGET: -3.00, SINR_SOURCE: 60.60, SINR_TARGET: 68.95, TIME_TO_TRIGGER: 8.00, A3_OFFSET: 8.00, HOF: 1
TIMESTAMP: 42, UE_ID: 244, CELL_SOURCE_ID: 15, CELL_TARGET_ID: 1, RSRP_SOURCE: -81.66, RSRP_TARGET: -64.36, RSRQ_SOURCE: -3.00, RSRQ_TARGET: -3.00, SINR_SOURCE: 31.34, SINR_TARGET: 47.76, TIME_TO_TRIGGER: 8.00, A3_OFFSET: 8.00, HOF: 1
TIMESTAMP: 42, UE_ID: 260, CELL_SOURCE_ID: 3, CELL_TARGET_ID: 1, RSRP_SOURCE: -83.83, RSRP_TARGET: -74.89, RSRQ_SOURCE: -3.00, RSRQ_TARGET: -3.00, SINR_SOURCE: 27.64, SINR_TARGET: 34.85, TIME_TO_TRIGGER: 8.00, A3_OFFSET: 8.00, HOF: 1
TIMESTAMP: 45, UE_ID: 243, CELL_SOURCE_ID: 2, CELL_TARGET_ID: 1, RSRP_SOURCE: -83.31, RSRP_TARGET: -74.01, RSRQ_SOURCE: -3.00, RSRQ_TARGET: -3.00, SINR_SOURCE: 25.76, SINR_TARGET: 33.66, TIME_TO_TRIGGER: 8.00, A3_OFFSET: 8.00, HOF: 1
TIMESTAMP: 45, UE_ID: 247, CELL_SOURCE_ID: 20, CELL_TARGET_ID: 1, RSRP_SOURCE: -99.96, RSRP_TARGET: -82.65, RSRQ_SOURCE: -3.00, RSRQ_TARGET: -3.00, SINR_SOURCE: 12.07, SINR_TARGET: 26.72, TIME_TO_TRIGGER: 8.00, A3_OFFSET: 8.00, HOF: 1
TIMESTAMP: 45, UE_ID: 253, CELL_SOURCE_ID: 20, CELL_TARGET_ID: 1, RSRP_SOURCE: -92.10, RSRP_TARGET: -80.83, RSRQ_SOURCE: -3.00, RSRQ_TARGET: -3.00, SINR_SOURCE: 17.99, SINR_TARGET: 26.27, TIME_TO_TRIGGER: 8.00, A3_OFFSET: 8.00, HOF: 1
TIMESTAMP: 45, UE_ID: 254, CELL_SOURCE_ID: 2, CELL_TARGET_ID: 1, RSRP_SOURCE: -89.23, RSRP_TARGET: -76.24, RSRQ_SOURCE: -3.00, RSRQ_TARGET: -3.00, SINR_SOURCE: 20.82, SINR_TARGET: 34.73, TIME_TO_TRIGGER: 8.00, A3_OFFSET: 8.00, HOF: 1
TIMESTAMP: 45, UE_ID: 266, CELL_SOURCE_ID: 20, CELL_TARGET_ID: 1, RSRP_SOURCE: -102.27, RSRP_TARGET: -90.40, RSRQ_SOURCE: -3.00, RSRQ_TARGET: -3.00, SINR_SOURCE: 5.48, SINR_TARGET: 20.68, TIME_TO_TRIGGER: 8.00, A3_OFFSET: 8.00, HOF: 1
TIMESTAMP: 45, UE_ID: 273, CELL_SOURCE_ID: 20, CELL_TARGET_ID: 1, RSRP_SOURCE: -82.29, RSRP_TARGET: -69.38, RSRQ_SOURCE: -3.00, RSRQ_TARGET: -3.00, SINR_SOURCE: 27.83, SINR_TARGET: 40.02, TIME_TO_TRIGGER: 8.00, A3_OFFSET: 8.00, HOF: 1
TIMESTAMP: 45, UE_ID: 275, CELL_SOURCE_ID: 20, CELL_TARGET_ID: 1, RSRP_SOURCE: -101.19, RSRP_TARGET: -89.34, RSRQ_SOURCE: -3.00, RSRQ_TARGET: -3.00, SINR_SOURCE: 8.20, SINR_TARGET: 20.67, TIME_TO_TRIGGER: 8.00, A3_OFFSET: 8.00, HOF: 1
TIMESTAMP: 45, UE_ID: 278, CELL_SOURCE_ID: 11, CELL_TARGET_ID: 1, RSRP_SOURCE: -79.96, RSRP_TARGET: -70.89, RSRQ_SOURCE: -3.00, RSRQ_TARGET: -3.00, SINR_SOURCE: 31.08, SINR_TARGET: 37.08, TIME_TO_TRIGGER: 8.00, A3_OFFSET: 8.00, HOF: 1
TIMESTAMP: 45, UE_ID: 293, CELL_SOURCE_ID: 11, CELL_TARGET_ID: 1, RSRP_SOURCE: -84.45, RSRP_TARGET: -67.16, RSRQ_SOURCE: -3.00, RSRQ_TARGET: -3.00, SINR_SOURCE: 21.69, SINR_TARGET: 45.30, TIME_TO_TRIGGER: 8.00, A3_OFFSET: 8.00, HOF: 1
TIMESTAMP: 45, UE_ID: 296, CELL_SOURCE_ID: 2, CELL_TARGET_ID: 1, RSRP_SOURCE: -87.68, RSRP_TARGET: -77.72, RSRQ_SOURCE: -3.00, RSRQ_TARGET: -3.00, SINR_SOURCE: 25.28, SINR_TARGET: 31.06, TIME_TO_TRIGGER: 8.00, A3_OFFSET: 8.00, HOF: 1
TIMESTAMP: 45, UE_ID: 297, CELL_SOURCE_ID: 20, CELL_TARGET_ID: 1, RSRP_SOURCE: -100.54, RSRP_TARGET: -91.27, RSRQ_SOURCE: -3.00, RSRQ_TARGET: -3.00, SINR_SOURCE: 8.68, SINR_TARGET: 21.69, TIME_TO_TRIGGER: 8.00, A3_OFFSET: 8.00, HOF: 1
TIMESTAMP: 48, UE_ID: 246, CELL_SOURCE_ID: 2, CELL_TARGET_ID: 1, RSRP_SOURCE: -90.62, RSRP_TARGET: -76.64, RSRQ_SOURCE: -3.00, RSRQ_TARGET: -3.00, SINR_SOURCE: 13.44, SINR_TARGET: 31.29, TIME_TO_TRIGGER: 8.00, A3_OFFSET: 8.00, HOF: 1
TIMESTAMP: 51, UE_ID: 246, CELL_SOURCE_ID: 1, CELL_TARGET_ID: 2, RSRP_SOURCE: -106.79, RSRP_TARGET: -79.33, RSRQ_SOURCE: -3.00, RSRQ_TARGET: -3.00, SINR_SOURCE: -4.83, SINR_TARGET: 33.36, TIME_TO_TRIGGER: 8.00, A3_OFFSET: 8.00, HOF: 1
TIMESTAMP: 52, UE_ID: 253, CELL_SOURCE_ID: 1, CELL_TARGET_ID: 5, RSRP_SOURCE: -95.53, RSRP_TARGET: -86.00, RSRQ_SOURCE: -3.00, RSRQ_TARGET: -3.00, SINR_SOURCE: 16.13, SINR_TARGET: 23.35, TIME_TO_TRIGGER: 8.00, A3_OFFSET: 8.00, HOF: 1
TIMESTAMP: 52, UE_ID: 262, CELL_SOURCE_ID: 4, CELL_TARGET_ID: 1, RSRP_SOURCE: -102.89, RSRP_TARGET: -81.70, RSRQ_SOURCE: -3.00, RSRQ_TARGET: -3.00, SINR_SOURCE: 2.62, SINR_TARGET: 27.93, TIME_TO_TRIGGER: 8.00, A3_OFFSET: 8.00, HOF: 1
TIMESTAMP: 52, UE_ID: 272, CELL_SOURCE_ID: 11, CELL_TARGET_ID: 1, RSRP_SOURCE: -90.16, RSRP_TARGET: -75.84, RSRQ_SOURCE: -3.00, RSRQ_TARGET: -3.00, SINR_SOURCE: 20.51, SINR_TARGET: 36.27, TIME_TO_TRIGGER: 8.00, A3_OFFSET: 8.00, HOF: 1
TIMESTAMP: 54, UE_ID: 294, CELL_SOURCE_ID: 2, CELL_TARGET_ID: 4, RSRP_SOURCE: -99.35, RSRP_TARGET: -91.03, RSRQ_SOURCE: -3.00, RSRQ_TARGET: -3.00, SINR_SOURCE: 13.72, SINR_TARGET: 16.13, TIME_TO_TRIGGER: 8.00, A3_OFFSET: 8.00, HOF: 1
TIMESTAMP: 56, UE_ID: 252, CELL_SOURCE_ID: 18, CELL_TARGET_ID: 1, RSRP_SOURCE: -105.91, RSRP_TARGET: -89.90, RSRQ_SOURCE: -3.00, RSRQ_TARGET: -3.00, SINR_SOURCE: -5.38, SINR_TARGET: 18.02, TIME_TO_TRIGGER: 8.00, A3_OFFSET: 8.00, HOF: 1
TIMESTAMP: 56, UE_ID: 280, CELL_SOURCE_ID: 18, CELL_TARGET_ID: 1, RSRP_SOURCE: -109.37, RSRP_TARGET: -89.35, RSRQ_SOURCE: -3.00, RSRQ_TARGET: -3.00, SINR_SOURCE: -11.79, SINR_TARGET: 17.19, TIME_TO_TRIGGER: 8.00, A3_OFFSET: 8.00, HOF: 1
TIMESTAMP: 56, UE_ID: 284, CELL_SOURCE_ID: 18, CELL_TARGET_ID: 1, RSRP_SOURCE: -105.95, RSRP_TARGET: -97.51, RSRQ_SOURCE: -3.00, RSRQ_TARGET: -3.00, SINR_SOURCE: -7.39, SINR_TARGET: 16.55, TIME_TO_TRIGGER: 8.00, A3_OFFSET: 8.00, HOF: 1
TIMESTAMP: 58, UE_ID: 295, CELL_SOURCE_ID: 20, CELL_TARGET_ID: 1, RSRP_SOURCE: -109.49, RSRP_TARGET: -99.71, RSRQ_SOURCE: -3.00, RSRQ_TARGET: -3.00, SINR_SOURCE: 0.56, SINR_TARGET: 13.73, TIME_TO_TRIGGER: 8.00, A3_OFFSET: 8.00, HOF: 1
TIMESTAMP: 58, UE_ID: 297, CELL_SOURCE_ID: 20, CELL_TARGET_ID: 1, RSRP_SOURCE: -107.10, RSRP_TARGET: -97.71, RSRQ_SOURCE: -3.00, RSRQ_TARGET: -3.00, SINR_SOURCE: -0.30, SINR_TARGET: 9.62, TIME_TO_TRIGGER: 8.00, A3_OFFSET: 8.00, HOF: 1
TIMESTAMP: 59, UE_ID: 246, CELL_SOURCE_ID: 2, CELL_TARGET_ID: 3, RSRP_SOURCE: -98.02, RSRP_TARGET: -89.24, RSRQ_SOURCE: -3.00, RSRQ_TARGET: -3.00, SINR_SOURCE: 14.19, SINR_TARGET: 19.15, TIME_TO_TRIGGER: 8.00, A3_OFFSET: 8.00, HOF: 1
TIMESTAMP: 60, UE_ID: 244, CELL_SOURCE_ID: 1, CELL_TARGET_ID: 2, RSRP_SOURCE: -71.44, RSRP_TARGET: -61.00, RSRQ_SOURCE: -3.00, RSRQ_TARGET: -3.00, SINR_SOURCE: 36.75, SINR_TARGET: 49.66, TIME_TO_TRIGGER: 8.00, A3_OFFSET: 8.00, HOF: 1
TIMESTAMP: 60, UE_ID: 252, CELL_SOURCE_ID: 1, CELL_TARGET_ID: 2, RSRP_SOURCE: -84.36, RSRP_TARGET: -65.56, RSRQ_SOURCE: -3.00, RSRQ_TARGET: -3.00, SINR_SOURCE: 19.52, SINR_TARGET: 43.00, TIME_TO_TRIGGER: 8.00, A3_OFFSET: 8.00, HOF: 1
TIMESTAMP: 60, UE_ID: 254, CELL_SOURCE_ID: 1, CELL_TARGET_ID: 2, RSRP_SOURCE: -108.20, RSRP_TARGET: -95.76, RSRQ_SOURCE: -3.00, RSRQ_TARGET: -3.00, SINR_SOURCE: -4.64, SINR_TARGET: 12.94, TIME_TO_TRIGGER: 8.00, A3_OFFSET: 8.00, HOF: 1
TIMESTAMP: 60, UE_ID: 260, CELL_SOURCE_ID: 1, CELL_TARGET_ID: 2, RSRP_SOURCE: -91.55, RSRP_TARGET: -81.69, RSRQ_SOURCE: -3.00, RSRQ_TARGET: -3.00, SINR_SOURCE: 14.73, SINR_TARGET: 28.39, TIME_TO_TRIGGER: 8.00, A3_OFFSET: 8.00, HOF: 1
TIMESTAMP: 60, UE_ID: 262, CELL_SOURCE_ID: 1, CELL_TARGET_ID: 2, RSRP_SOURCE: -98.98, RSRP_TARGET: -88.98, RSRQ_SOURCE: -3.00, RSRQ_TARGET: -3.00, SINR_SOURCE: 5.37, SINR_TARGET: 21.84, TIME_TO_TRIGGER: 8.00, A3_OFFSET: 8.00, HOF: 1
TIMESTAMP: 60, UE_ID: 272, CELL_SOURCE_ID: 1, CELL_TARGET_ID: 2, RSRP_SOURCE: -104.97, RSRP_TARGET: -94.53, RSRQ_SOURCE: -3.00, RSRQ_TARGET: -3.00, SINR_SOURCE: -2.76, SINR_TARGET: 17.11, TIME_TO_TRIGGER: 8.00, A3_OFFSET: 8.00, HOF: 1
TIMESTAMP: 60, UE_ID: 293, CELL_SOURCE_ID: 1, CELL_TARGET_ID: 2, RSRP_SOURCE: -90.69, RSRP_TARGET: -81.14, RSRQ_SOURCE: -3.00, RSRQ_TARGET: -3.00, SINR_SOURCE: 10.45, SINR_TARGET: 28.64, TIME_TO_TRIGGER: 8.00, A3_OFFSET: 8.00, HOF: 1
TIMESTAMP: 60, UE_ID: 296, CELL_SOURCE_ID: 1, CELL_TARGET_ID: 2, RSRP_SOURCE: -107.84, RSRP_TARGET: -95.86, RSRQ_SOURCE: -3.00, RSRQ_TARGET: -3.00, SINR_SOURCE: -2.08, SINR_TARGET: 12.33, TIME_TO_TRIGGER: 8.00, A3_OFFSET: 8.00, HOF: 1
TIMESTAMP: 62, UE_ID: 243, CELL_SOURCE_ID: 1, CELL_TARGET_ID: 3, RSRP_SOURCE: -108.34, RSRP_TARGET: -96.12, RSRQ_SOURCE: -3.00, RSRQ_TARGET: -3.00, SINR_SOURCE: -1.58, SINR_TARGET: 16.20, TIME_TO_TRIGGER: 8.00, A3_OFFSET: 8.00, HOF: 1
TIMESTAMP: 62, UE_ID: 252, CELL_SOURCE_ID: 2, CELL_TARGET_ID: 3, RSRP_SOURCE: -109.81, RSRP_TARGET: -98.29, RSRQ_SOURCE: -3.00, RSRQ_TARGET: -3.00, SINR_SOURCE: -6.95, SINR_TARGET: 12.62, TIME_TO_TRIGGER: 8.00, A3_OFFSET: 8.00, HOF: 1
TIMESTAMP: 62, UE_ID: 272, CELL_SOURCE_ID: 2, CELL_TARGET_ID: 3, RSRP_SOURCE: -104.66, RSRP_TARGET: -95.72, RSRQ_SOURCE: -3.00, RSRQ_TARGET: -3.00, SINR_SOURCE: 2.47, SINR_TARGET: 18.97, TIME_TO_TRIGGER: 8.00, A3_OFFSET: 8.00, HOF: 1
TIMESTAMP: 63, UE_ID: 246, CELL_SOURCE_ID: 3, CELL_TARGET_ID: 1, RSRP_SOURCE: -96.82, RSRP_TARGET: -85.61, RSRQ_SOURCE: -3.00, RSRQ_TARGET: -3.00, SINR_SOURCE: 12.86, SINR_TARGET: 24.00, TIME_TO_TRIGGER: 8.00, A3_OFFSET: 8.00, HOF: 0
TIMESTAMP: 63, UE_ID: 278, CELL_SOURCE_ID: 1, CELL_TARGET_ID: 4, RSRP_SOURCE: -92.91, RSRP_TARGET: -79.95, RSRQ_SOURCE: -3.00, RSRQ_TARGET: -3.00, SINR_SOURCE: 17.90, SINR_TARGET: 32.08, TIME_TO_TRIGGER: 8.00, A3_OFFSET: 8.00, HOF: 1
TIMESTAMP: 63, UE_ID: 296, CELL_SOURCE_ID: 2, CELL_TARGET_ID: 1, RSRP_SOURCE: -92.11, RSRP_TARGET: -83.51, RSRQ_SOURCE: -3.00, RSRQ_TARGET: -3.00, SINR_SOURCE: 17.18, SINR_TARGET: 29.45, TIME_TO_TRIGGER: 8.00, A3_OFFSET: 8.00, HOF: 1
TIMESTAMP: 65, UE_ID: 243, CELL_SOURCE_ID: 3, CELL_TARGET_ID: 1, RSRP_SOURCE: -88.93, RSRP_TARGET: -76.61, RSRQ_SOURCE: -3.00, RSRQ_TARGET: -3.00, SINR_SOURCE: 23.45, SINR_TARGET: 32.65, TIME_TO_TRIGGER: 8.00, A3_OFFSET: 8.00, HOF: 1
TIMESTAMP: 65, UE_ID: 246, CELL_SOURCE_ID: 3, CELL_TARGET_ID: 1, RSRP_SOURCE: -91.46, RSRP_TARGET: -79.21, RSRQ_SOURCE: -3.00, RSRQ_TARGET: -3.00, SINR_SOURCE: 13.40, SINR_TARGET: 28.22, TIME_TO_TRIGGER: 8.00, A3_OFFSET: 8.00, HOF: 1
TIMESTAMP: 65, UE_ID: 249, CELL_SOURCE_ID: 20, CELL_TARGET_ID: 1, RSRP_SOURCE: -106.27, RSRP_TARGET: -92.89, RSRQ_SOURCE: -3.00, RSRQ_TARGET: -3.00, SINR_SOURCE: -0.12, SINR_TARGET: 15.12, TIME_TO_TRIGGER: 8.00, A3_OFFSET: 8.00, HOF: 1
TIMESTAMP: 65, UE_ID: 252, CELL_SOURCE_ID: 3, CELL_TARGET_ID: 1, RSRP_SOURCE: -99.04, RSRP_TARGET: -86.08, RSRQ_SOURCE: -3.00, RSRQ_TARGET: -3.00, SINR_SOURCE: 14.09, SINR_TARGET: 23.78, TIME_TO_TRIGGER: 8.00, A3_OFFSET: 8.00, HOF: 1
TIMESTAMP: 65, UE_ID: 267, CELL_SOURCE_ID: 20, CELL_TARGET_ID: 1, RSRP_SOURCE: -98.41, RSRP_TARGET: -90.04, RSRQ_SOURCE: -3.00, RSRQ_TARGET: -3.00, SINR_SOURCE: 8.80, SINR_TARGET: 22.04, TIME_TO_TRIGGER: 8.00, A3_OFFSET: 8.00, HOF: 1
TIMESTAMP: 65, UE_ID: 272, CELL_SOURCE_ID: 3, CELL_TARGET_ID: 1, RSRP_SOURCE: -83.47, RSRP_TARGET: -74.78, RSRQ_SOURCE: -3.00, RSRQ_TARGET: -3.00, SINR_SOURCE: 30.77, SINR_TARGET: 34.36, TIME_TO_TRIGGER: 8.00, A3_OFFSET: 8.00, HOF: 1
TIMESTAMP: 65, UE_ID: 291, CELL_SOURCE_ID: 15, CELL_TARGET_ID: 1, RSRP_SOURCE: -94.05, RSRP_TARGET: -85.73, RSRQ_SOURCE: -3.00, RSRQ_TARGET: -3.00, SINR_SOURCE: 14.99, SINR_TARGET: 24.38, TIME_TO_TRIGGER: 8.00, A3_OFFSET: 8.00, HOF: 1
TIMESTAMP: 67, UE_ID: 249, CELL_SOURCE_ID: 1, CELL_TARGET_ID: 5, RSRP_SOURCE: -107.75, RSRP_TARGET: -94.55, RSRQ_SOURCE: -3.00, RSRQ_TARGET: -3.00, SINR_SOURCE: -3.63, SINR_TARGET: 12.67, TIME_TO_TRIGGER: 8.00, A3_OFFSET: 8.00, HOF: 1
TIMESTAMP: 67, UE_ID: 273, CELL_SOURCE_ID: 1, CELL_TARGET_ID: 3, RSRP_SOURCE: -101.95, RSRP_TARGET: -93.87, RSRQ_SOURCE: -3.00, RSRQ_TARGET: -3.00, SINR_SOURCE: 3.02, SINR_TARGET: 20.51, TIME_TO_TRIGGER: 8.00, A3_OFFSET: 8.00, HOF: 1
TIMESTAMP: 68, UE_ID: 243, CELL_SOURCE_ID: 1, CELL_TARGET_ID: 2, RSRP_SOURCE: -94.81, RSRP_TARGET: -83.61, RSRQ_SOURCE: -3.00, RSRQ_TARGET: -3.00, SINR_SOURCE: 12.92, SINR_TARGET: 26.33, TIME_TO_TRIGGER: 8.00, A3_OFFSET: 8.00, HOF: 1
TIMESTAMP: 68, UE_ID: 246, CELL_SOURCE_ID: 1, CELL_TARGET_ID: 2, RSRP_SOURCE: -101.04, RSRP_TARGET: -85.33, RSRQ_SOURCE: -3.00, RSRQ_TARGET: -3.00, SINR_SOURCE: 8.73, SINR_TARGET: 29.05, TIME_TO_TRIGGER: 8.00, A3_OFFSET: 8.00, HOF: 1
TIMESTAMP: 68, UE_ID: 272, CELL_SOURCE_ID: 1, CELL_TARGET_ID: 2, RSRP_SOURCE: -103.67, RSRP_TARGET: -92.22, RSRQ_SOURCE: -3.00, RSRQ_TARGET: -3.00, SINR_SOURCE: 5.23, SINR_TARGET: 16.82, TIME_TO_TRIGGER: 8.00, A3_OFFSET: 8.00, HOF: 1
TIMESTAMP: 68, UE_ID: 284, CELL_SOURCE_ID: 15, CELL_TARGET_ID: 2, RSRP_SOURCE: -103.55, RSRP_TARGET: -94.50, RSRQ_SOURCE: -3.00, RSRQ_TARGET: -3.00, SINR_SOURCE: 9.34, SINR_TARGET: 16.89, TIME_TO_TRIGGER: 8.00, A3_OFFSET: 8.00, HOF: 1
TIMESTAMP: 68, UE_ID: 296, CELL_SOURCE_ID: 1, CELL_TARGET_ID: 2, RSRP_SOURCE: -92.78, RSRP_TARGET: -82.14, RSRQ_SOURCE: -3.00, RSRQ_TARGET: -3.00, SINR_SOURCE: 22.58, SINR_TARGET: 27.53, TIME_TO_TRIGGER: 8.00, A3_OFFSET: 8.00, HOF: 1
TIMESTAMP: 70, UE_ID: 269, CELL_SOURCE_ID: 8, CELL_TARGET_ID: 2, RSRP_SOURCE: -104.37, RSRP_TARGET: -95.16, RSRQ_SOURCE: -3.00, RSRQ_TARGET: -3.00, SINR_SOURCE: 6.97, SINR_TARGET: 13.27, TIME_TO_TRIGGER: 8.00, A3_OFFSET: 8.00, HOF: 1
TIMESTAMP: 71, UE_ID: 287, CELL_SOURCE_ID: 1, CELL_TARGET_ID: 2, RSRP_SOURCE: -101.98, RSRP_TARGET: -76.51, RSRQ_SOURCE: -3.00, RSRQ_TARGET: -3.00, SINR_SOURCE: -5.58, SINR_TARGET: 34.53, TIME_TO_TRIGGER: 8.00, A3_OFFSET: 8.00, HOF: 1
TIMESTAMP: 76, UE_ID: 272, CELL_SOURCE_ID: 2, CELL_TARGET_ID: 3, RSRP_SOURCE: -95.47, RSRP_TARGET: -85.34, RSRQ_SOURCE: -3.00, RSRQ_TARGET: -3.00, SINR_SOURCE: 11.94, SINR_TARGET: 26.01, TIME_TO_TRIGGER: 8.00, A3_OFFSET: 8.00, HOF: 1
TIMESTAMP: 79, UE_ID: 288, CELL_SOURCE_ID: 16, CELL_TARGET_ID: 3, RSRP_SOURCE: -104.40, RSRP_TARGET: -96.34, RSRQ_SOURCE: -3.00, RSRQ_TARGET: -3.00, SINR_SOURCE: 0.46, SINR_TARGET: 11.09, TIME_TO_TRIGGER: 8.00, A3_OFFSET: 8.00, HOF: 0
TIMESTAMP: 81, UE_ID: 253, CELL_SOURCE_ID: 19, CELL_TARGET_ID: 4, RSRP_SOURCE: -98.37, RSRP_TARGET: -90.27, RSRQ_SOURCE: -3.00, RSRQ_TARGET: -3.00, SINR_SOURCE: 9.74, SINR_TARGET: 22.20, TIME_TO_TRIGGER: 8.00, A3_OFFSET: 8.00, HOF: 1
TIMESTAMP: 81, UE_ID: 267, CELL_SOURCE_ID: 19, CELL_TARGET_ID: 4, RSRP_SOURCE: -70.89, RSRP_TARGET: -62.56, RSRQ_SOURCE: -3.00, RSRQ_TARGET: -3.00, SINR_SOURCE: 41.27, SINR_TARGET: 44.29, TIME_TO_TRIGGER: 8.00, A3_OFFSET: 8.00, HOF: 1
TIMESTAMP: 82, UE_ID: 255, CELL_SOURCE_ID: 2, CELL_TARGET_ID: 4, RSRP_SOURCE: -100.93, RSRP_TARGET: -92.79, RSRQ_SOURCE: -3.00, RSRQ_TARGET: -3.00, SINR_SOURCE: 8.14, SINR_TARGET: 15.90, TIME_TO_TRIGGER: 8.00, A3_OFFSET: 8.00, HOF: 1
TIMESTAMP: 82, UE_ID: 258, CELL_SOURCE_ID: 10, CELL_TARGET_ID: 11, RSRP_SOURCE: -109.40, RSRP_TARGET: -98.33, RSRQ_SOURCE: -3.00, RSRQ_TARGET: -3.00, SINR_SOURCE: 0.49, SINR_TARGET: 12.48, TIME_TO_TRIGGER: 8.00, A3_OFFSET: 8.00, HOF: 1
TIMESTAMP: 82, UE_ID: 263, CELL_SOURCE_ID: 7, CELL_TARGET_ID: 9, RSRP_SOURCE: -108.64, RSRP_TARGET: -98.33, RSRQ_SOURCE: -3.00, RSRQ_TARGET: -3.00, SINR_SOURCE: 1.51, SINR_TARGET: 8.87, TIME_TO_TRIGGER: 8.00, A3_OFFSET: 8.00, HOF: 1
TIMESTAMP: 86, UE_ID: 247, CELL_SOURCE_ID: 8, CELL_TARGET_ID: 4, RSRP_SOURCE: -107.93, RSRP_TARGET: -95.84, RSRQ_SOURCE: -3.00, RSRQ_TARGET: -3.00, SINR_SOURCE: 2.15, SINR_TARGET: 9.92, TIME_TO_TRIGGER: 8.00, A3_OFFSET: 8.00, HOF: 1
TIMESTAMP: 88, UE_ID: 277, CELL_SOURCE_ID: 15, CELL_TARGET_ID: 11, RSRP_SOURCE: -106.29, RSRP_TARGET: -96.90, RSRQ_SOURCE: -3.00, RSRQ_TARGET: -3.00, SINR_SOURCE: 4.90, SINR_TARGET: 14.62, TIME_TO_TRIGGER: 8.00, A3_OFFSET: 8.00, HOF: 1
TIMESTAMP: 91, UE_ID: 290, CELL_SOURCE_ID: 18, CELL_TARGET_ID: 2, RSRP_SOURCE: -106.53, RSRP_TARGET: -92.02, RSRQ_SOURCE: -3.00, RSRQ_TARGET: -3.00, SINR_SOURCE: -6.96, SINR_TARGET: 16.99, TIME_TO_TRIGGER: 8.00, A3_OFFSET: 8.00, HOF: 0
TIMESTAMP: 91, UE_ID: 293, CELL_SOURCE_ID: 2, CELL_TARGET_ID: 4, RSRP_SOURCE: -103.90, RSRP_TARGET: -94.31, RSRQ_SOURCE: -3.00, RSRQ_TARGET: -3.00, SINR_SOURCE: 7.38, SINR_TARGET: 12.72, TIME_TO_TRIGGER: 8.00, A3_OFFSET: 8.00, HOF: 1
TIMESTAMP: 95, UE_ID: 103, CELL_SOURCE_ID: 3, CELL_TARGET_ID: 1, RSRP_SOURCE: -81.60, RSRP_TARGET: -73.01, RSRQ_SOURCE: -3.00, RSRQ_TARGET: -3.00, SINR_SOURCE: 17.45, SINR_TARGET: 35.00, TIME_TO_TRIGGER: 8.00, A3_OFFSET: 8.00, HOF: 1
TIMESTAMP: 95, UE_ID: 172, CELL_SOURCE_ID: 3, CELL_TARGET_ID: 1, RSRP_SOURCE: -81.40, RSRP_TARGET: -65.50, RSRQ_SOURCE: -3.00, RSRQ_TARGET: -3.00, SINR_SOURCE: 19.03, SINR_TARGET: 46.84, TIME_TO_TRIGGER: 8.00, A3_OFFSET: 8.00, HOF: 0
TIMESTAMP: 96, UE_ID: 287, CELL_SOURCE_ID: 2, CELL_TARGET_ID: 4, RSRP_SOURCE: -105.88, RSRP_TARGET: -95.31, RSRQ_SOURCE: -3.00, RSRQ_TARGET: -3.00, SINR_SOURCE: 2.14, SINR_TARGET: 12.20, TIME_TO_TRIGGER: 8.00, A3_OFFSET: 8.00, HOF: 1
TIMESTAMP: 104, UE_ID: 298, CELL_SOURCE_ID: 13, CELL_TARGET_ID: 15, RSRP_SOURCE: -109.48, RSRP_TARGET: -96.91, RSRQ_SOURCE: -3.00, RSRQ_TARGET: -3.00, SINR_SOURCE: -2.80, SINR_TARGET: 12.10, TIME_TO_TRIGGER: 8.00, A3_OFFSET: 8.00, HOF: 1
TIMESTAMP: 109, UE_ID: 172, CELL_SOURCE_ID: 3, CELL_TARGET_ID: 1, RSRP_SOURCE: -85.98, RSRP_TARGET: -74.89, RSRQ_SOURCE: -3.00, RSRQ_TARGET: -3.00, SINR_SOURCE: 16.87, SINR_TARGET: 37.28, TIME_TO_TRIGGER: 8.00, A3_OFFSET: 8.00, HOF: 1
TIMESTAMP: 115, UE_ID: 279, CELL_SOURCE_ID: 20, CELL_TARGET_ID: 4, RSRP_SOURCE: -109.68, RSRP_TARGET: -96.94, RSRQ_SOURCE: -3.00, RSRQ_TARGET: -3.00, SINR_SOURCE: -1.66, SINR_TARGET: 16.36, TIME_TO_TRIGGER: 8.00, A3_OFFSET: 8.00, HOF: 1
TIMESTAMP: 116, UE_ID: 277, CELL_SOURCE_ID: 11, CELL_TARGET_ID: 12, RSRP_SOURCE: -107.87, RSRP_TARGET: -96.66, RSRQ_SOURCE: -3.00, RSRQ_TARGET: -3.00, SINR_SOURCE: -1.60, SINR_TARGET: 12.80, TIME_TO_TRIGGER: 8.00, A3_OFFSET: 8.00, HOF: 1
TIMESTAMP: 117, UE_ID: 273, CELL_SOURCE_ID: 9, CELL_TARGET_ID: 4, RSRP_SOURCE: -108.20, RSRP_TARGET: -94.13, RSRQ_SOURCE: -3.00, RSRQ_TARGET: -3.00, SINR_SOURCE: -4.30, SINR_TARGET: 16.80, TIME_TO_TRIGGER: 8.00, A3_OFFSET: 8.00, HOF: 1
TIMESTAMP: 122, UE_ID: 280, CELL_SOURCE_ID: 18, CELL_TARGET_ID: 8, RSRP_SOURCE: -108.68, RSRP_TARGET: -96.84, RSRQ_SOURCE: -3.00, RSRQ_TARGET: -3.00, SINR_SOURCE: 1.46, SINR_TARGET: 14.66, TIME_TO_TRIGGER: 8.00, A3_OFFSET: 8.00, HOF: 1
TIMESTAMP: 127, UE_ID: 247, CELL_SOURCE_ID: 8, CELL_TARGET_ID: 5, RSRP_SOURCE: -105.13, RSRP_TARGET: -95.41, RSRQ_SOURCE: -3.00, RSRQ_TARGET: -3.00, SINR_SOURCE: 3.91, SINR_TARGET: 15.70, TIME_TO_TRIGGER: 8.00, A3_OFFSET: 8.00, HOF: 1
TIMESTAMP: 127, UE_ID: 279, CELL_SOURCE_ID: 8, CELL_TARGET_ID: 5, RSRP_SOURCE: -106.54, RSRP_TARGET: -98.52, RSRQ_SOURCE: -3.00, RSRQ_TARGET: -3.00, SINR_SOURCE: 0.40, SINR_TARGET: 10.93, TIME_TO_TRIGGER: 8.00, A3_OFFSET: 8.00, HOF: 1
TIMESTAMP: 129, UE_ID: 262, CELL_SOURCE_ID: 5, CELL_TARGET_ID: 20, RSRP_SOURCE: -109.08, RSRP_TARGET: -98.66, RSRQ_SOURCE: -3.00, RSRQ_TARGET: -3.00, SINR_SOURCE: 1.07, SINR_TARGET: 13.26, TIME_TO_TRIGGER: 8.00, A3_OFFSET: 8.00, HOF: 0
TIMESTAMP: 129, UE_ID: 280, CELL_SOURCE_ID: 8, CELL_TARGET_ID: 10, RSRP_SOURCE: -109.88, RSRP_TARGET: -72.46, RSRQ_SOURCE: -3.00, RSRQ_TARGET: -3.00, SINR_SOURCE: -1.29, SINR_TARGET: 36.85, TIME_TO_TRIGGER: 8.00, A3_OFFSET: 8.00, HOF: 1
TIMESTAMP: 129, UE_ID: 293, CELL_SOURCE_ID: 8, CELL_TARGET_ID: 20, RSRP_SOURCE: -108.01, RSRP_TARGET: -98.26, RSRQ_SOURCE: -3.00, RSRQ_TARGET: -3.00, SINR_SOURCE: 3.21, SINR_TARGET: 7.42, TIME_TO_TRIGGER: 8.00, A3_OFFSET: 8.00, HOF: 1
TIMESTAMP: 130, UE_ID: 286, CELL_SOURCE_ID: 8, CELL_TARGET_ID: 10, RSRP_SOURCE: -106.74, RSRP_TARGET: -96.85, RSRQ_SOURCE: -3.00, RSRQ_TARGET: -3.00, SINR_SOURCE: 3.01, SINR_TARGET: 11.88, TIME_TO_TRIGGER: 8.00, A3_OFFSET: 8.00, HOF: 1
TIMESTAMP: 132, UE_ID: 242, CELL_SOURCE_ID: 17, CELL_TARGET_ID: 1, RSRP_SOURCE: -106.24, RSRP_TARGET: -96.54, RSRQ_SOURCE: -3.00, RSRQ_TARGET: -3.00, SINR_SOURCE: 2.26, SINR_TARGET: 16.24, TIME_TO_TRIGGER: 8.00, A3_OFFSET: 8.00, HOF: 1
TIMESTAMP: 132, UE_ID: 249, CELL_SOURCE_ID: 20, CELL_TARGET_ID: 21, RSRP_SOURCE: -108.49, RSRP_TARGET: -99.25, RSRQ_SOURCE: -3.00, RSRQ_TARGET: -3.00, SINR_SOURCE: 0.89, SINR_TARGET: 10.51, TIME_TO_TRIGGER: 8.00, A3_OFFSET: 8.00, HOF: 1
TIMESTAMP: 134, UE_ID: 247, CELL_SOURCE_ID: 21, CELL_TARGET_ID: 18, RSRP_SOURCE: -108.82, RSRP_TARGET: -99.40, RSRQ_SOURCE: -3.00, RSRQ_TARGET: -3.00, SINR_SOURCE: -0.78, SINR_TARGET: 9.77, TIME_TO_TRIGGER: 8.00, A3_OFFSET: 8.00, HOF: 0
TIMESTAMP: 136, UE_ID: 266, CELL_SOURCE_ID: 17, CELL_TARGET_ID: 4, RSRP_SOURCE: -108.73, RSRP_TARGET: -98.66, RSRQ_SOURCE: -3.00, RSRQ_TARGET: -3.00, SINR_SOURCE: 3.25, SINR_TARGET: 12.56, TIME_TO_TRIGGER: 8.00, A3_OFFSET: 8.00, HOF: 1
TIMESTAMP: 136, UE_ID: 270, CELL_SOURCE_ID: 11, CELL_TARGET_ID: 4, RSRP_SOURCE: -104.54, RSRP_TARGET: -94.99, RSRQ_SOURCE: -3.00, RSRQ_TARGET: -3.00, SINR_SOURCE: 5.80, SINR_TARGET: 13.47, TIME_TO_TRIGGER: 8.00, A3_OFFSET: 8.00, HOF: 1
TIMESTAMP: 136, UE_ID: 284, CELL_SOURCE_ID: 17, CELL_TARGET_ID: 4, RSRP_SOURCE: -102.65, RSRP_TARGET: -94.02, RSRQ_SOURCE: -3.00, RSRQ_TARGET: -3.00, SINR_SOURCE: 7.02, SINR_TARGET: 18.24, TIME_TO_TRIGGER: 8.00, A3_OFFSET: 8.00, HOF: 1
TIMESTAMP: 136, UE_ID: 296, CELL_SOURCE_ID: 1, CELL_TARGET_ID: 4, RSRP_SOURCE: -107.23, RSRP_TARGET: -91.11, RSRQ_SOURCE: -3.00, RSRQ_TARGET: -3.00, SINR_SOURCE: 1.54, SINR_TARGET: 18.38, TIME_TO_TRIGGER: 8.00, A3_OFFSET: 8.00, HOF: 0
TIMESTAMP: 138, UE_ID: 255, CELL_SOURCE_ID: 8, CELL_TARGET_ID: 4, RSRP_SOURCE: -103.10, RSRP_TARGET: -94.78, RSRQ_SOURCE: -3.00, RSRQ_TARGET: -3.00, SINR_SOURCE: 6.06, SINR_TARGET: 15.59, TIME_TO_TRIGGER: 8.00, A3_OFFSET: 8.00, HOF: 1
TIMESTAMP: 138, UE_ID: 286, CELL_SOURCE_ID: 4, CELL_TARGET_ID: 11, RSRP_SOURCE: -100.26, RSRP_TARGET: -91.87, RSRQ_SOURCE: -3.00, RSRQ_TARGET: -3.00, SINR_SOURCE: 9.59, SINR_TARGET: 17.67, TIME_TO_TRIGGER: 8.00, A3_OFFSET: 8.00, HOF: 1
TIMESTAMP: 138, UE_ID: 297, CELL_SOURCE_ID: 6, CELL_TARGET_ID: 4, RSRP_SOURCE: -108.65, RSRP_TARGET: -96.85, RSRQ_SOURCE: -3.00, RSRQ_TARGET: -3.00, SINR_SOURCE: -0.36, SINR_TARGET: 12.85, TIME_TO_TRIGGER: 8.00, A3_OFFSET: 8.00, HOF: 1
TIMESTAMP: 144, UE_ID: 268, CELL_SOURCE_ID: 15, CELL_TARGET_ID: 11, RSRP_SOURCE: -106.53, RSRP_TARGET: -98.38, RSRQ_SOURCE: -3.00, RSRQ_TARGET: -3.00, SINR_SOURCE: 4.32, SINR_TARGET: 13.57, TIME_TO_TRIGGER: 8.00, A3_OFFSET: 8.00, HOF: 0
TIMESTAMP: 146, UE_ID: 259, CELL_SOURCE_ID: 14, CELL_TARGET_ID: 1, RSRP_SOURCE: -108.10, RSRP_TARGET: -98.81, RSRQ_SOURCE: -3.00, RSRQ_TARGET: -3.00, SINR_SOURCE: 1.91, SINR_TARGET: 9.12, TIME_TO_TRIGGER: 8.00, A3_OFFSET: 8.00, HOF: 1
TIMESTAMP: 146, UE_ID: 260, CELL_SOURCE_ID: 18, CELL_TARGET_ID: 17, RSRP_SOURCE: -105.05, RSRP_TARGET: -96.28, RSRQ_SOURCE: -3.00, RSRQ_TARGET: -3.00, SINR_SOURCE: 3.25, SINR_TARGET: 16.05, TIME_TO_TRIGGER: 8.00, A3_OFFSET: 8.00, HOF: 0
TIMESTAMP: 151, UE_ID: 272, CELL_SOURCE_ID: 4, CELL_TARGET_ID: 9, RSRP_SOURCE: -108.17, RSRP_TARGET: -99.29, RSRQ_SOURCE: -3.00, RSRQ_TARGET: -3.00, SINR_SOURCE: -0.09, SINR_TARGET: 12.20, TIME_TO_TRIGGER: 8.00, A3_OFFSET: 8.00, HOF: 1
TIMESTAMP: 155, UE_ID: 241, CELL_SOURCE_ID: 3, CELL_TARGET_ID: 7, RSRP_SOURCE: -105.26, RSRP_TARGET: -96.11, RSRQ_SOURCE: -3.00, RSRQ_TARGET: -3.00, SINR_SOURCE: 2.63, SINR_TARGET: 17.17, TIME_TO_TRIGGER: 8.00, A3_OFFSET: 8.00, HOF: 1
TIMESTAMP: 155, UE_ID: 243, CELL_SOURCE_ID: 3, CELL_TARGET_ID: 18, RSRP_SOURCE: -108.05, RSRP_TARGET: -97.63, RSRQ_SOURCE: -3.00, RSRQ_TARGET: -3.00, SINR_SOURCE: 1.29, SINR_TARGET: 9.16, TIME_TO_TRIGGER: 8.00, A3_OFFSET: 8.00, HOF: 0
TIMESTAMP: 160, UE_ID: 266, CELL_SOURCE_ID: 1, CELL_TARGET_ID: 11, RSRP_SOURCE: -107.49, RSRP_TARGET: -93.10, RSRQ_SOURCE: -3.00, RSRQ_TARGET: -3.00, SINR_SOURCE: 1.79, SINR_TARGET: 15.06, TIME_TO_TRIGGER: 8.00, A3_OFFSET: 8.00, HOF: 1
TIMESTAMP: 161, UE_ID: 296, CELL_SOURCE_ID: 1, CELL_TARGET_ID: 20, RSRP_SOURCE: -107.35, RSRP_TARGET: -96.40, RSRQ_SOURCE: -3.00, RSRQ_TARGET: -3.00, SINR_SOURCE: 4.58, SINR_TARGET: 13.85, TIME_TO_TRIGGER: 8.00, A3_OFFSET: 8.00, HOF: 1
TIMESTAMP: 165, UE_ID: 236, CELL_SOURCE_ID: 19, CELL_TARGET_ID: 1, RSRP_SOURCE: -57.27, RSRP_TARGET: -45.67, RSRQ_SOURCE: -3.00, RSRQ_TARGET: -3.00, SINR_SOURCE: 42.15, SINR_TARGET: 66.19, TIME_TO_TRIGGER: 8.00, A3_OFFSET: 8.00, HOF: 1
TIMESTAMP: 166, UE_ID: 73, CELL_SOURCE_ID: 20, CELL_TARGET_ID: 1, RSRP_SOURCE: -67.91, RSRP_TARGET: -57.71, RSRQ_SOURCE: -3.00, RSRQ_TARGET: -3.00, SINR_SOURCE: 37.36, SINR_TARGET: 50.71, TIME_TO_TRIGGER: 8.00, A3_OFFSET: 8.00, HOF: 1
TIMESTAMP: 166, UE_ID: 105, CELL_SOURCE_ID: 20, CELL_TARGET_ID: 1, RSRP_SOURCE: -75.73, RSRP_TARGET: -64.41, RSRQ_SOURCE: -3.00, RSRQ_TARGET: -3.00, SINR_SOURCE: 24.02, SINR_TARGET: 45.71, TIME_TO_TRIGGER: 8.00, A3_OFFSET: 8.00, HOF: 0
TIMESTAMP: 167, UE_ID: 236, CELL_SOURCE_ID: 1, CELL_TARGET_ID: 2, RSRP_SOURCE: -88.65, RSRP_TARGET: -77.55, RSRQ_SOURCE: -3.00, RSRQ_TARGET: -3.00, SINR_SOURCE: 15.47, SINR_TARGET: 25.71, TIME_TO_TRIGGER: 8.00, A3_OFFSET: 8.00, HOF: 1
TIMESTAMP: 172, UE_ID: 73, CELL_SOURCE_ID: 1, CELL_TARGET_ID: 2, RSRP_SOURCE: -65.88, RSRP_TARGET: -57.12, RSRQ_SOURCE: -3.00, RSRQ_TARGET: -3.00, SINR_SOURCE: 38.40, SINR_TARGET: 53.48, TIME_TO_TRIGGER: 8.00, A3_OFFSET: 8.00, HOF: 1
TIMESTAMP: 173, UE_ID: 298, CELL_SOURCE_ID: 12, CELL_TARGET_ID: 1, RSRP_SOURCE: -105.35, RSRP_TARGET: -96.55, RSRQ_SOURCE: -3.00, RSRQ_TARGET: -3.00, SINR_SOURCE: 2.76, SINR_TARGET: 12.39, TIME_TO_TRIGGER: 8.00, A3_OFFSET: 8.00, HOF: 1
TIMESTAMP: 175, UE_ID: 47, CELL_SOURCE_ID: 19, CELL_TARGET_ID: 1, RSRP_SOURCE: -58.16, RSRP_TARGET: -45.12, RSRQ_SOURCE: -3.00, RSRQ_TARGET: -3.00, SINR_SOURCE: 43.78, SINR_TARGET: 65.26, TIME_TO_TRIGGER: 8.00, A3_OFFSET: 8.00, HOF: 1
TIMESTAMP: 175, UE_ID: 286, CELL_SOURCE_ID: 12, CELL_TARGET_ID: 1, RSRP_SOURCE: -107.67, RSRP_TARGET: -97.45, RSRQ_SOURCE: -3.00, RSRQ_TARGET: -3.00, SINR_SOURCE: 5.05, SINR_TARGET: 11.04, TIME_TO_TRIGGER: 8.00, A3_OFFSET: 8.00, HOF: 1
TIMESTAMP: 178, UE_ID: 73, CELL_SOURCE_ID: 2, CELL_TARGET_ID: 1, RSRP_SOURCE: -82.34, RSRP_TARGET: -73.07, RSRQ_SOURCE: -3.00, RSRQ_TARGET: -3.00, SINR_SOURCE: 27.16, SINR_TARGET: 34.22, TIME_TO_TRIGGER: 8.00, A3_OFFSET: 8.00, HOF: 1
TIMESTAMP: 178, UE_ID: 105, CELL_SOURCE_ID: 20, CELL_TARGET_ID: 1, RSRP_SOURCE: -80.18, RSRP_TARGET: -71.81, RSRQ_SOURCE: -3.00, RSRQ_TARGET: -3.00, SINR_SOURCE: 23.10, SINR_TARGET: 35.26, TIME_TO_TRIGGER: 8.00, A3_OFFSET: 8.00, HOF: 1
TIMESTAMP: 178, UE_ID: 236, CELL_SOURCE_ID: 2, CELL_TARGET_ID: 1, RSRP_SOURCE: -88.62, RSRP_TARGET: -80.46, RSRQ_SOURCE: -3.00, RSRQ_TARGET: -3.00, SINR_SOURCE: 21.26, SINR_TARGET: 29.11, TIME_TO_TRIGGER: 8.00, A3_OFFSET: 8.00, HOF: 1
TIMESTAMP: 179, UE_ID: 286, CELL_SOURCE_ID: 1, CELL_TARGET_ID: 14, RSRP_SOURCE: -107.50, RSRP_TARGET: -95.06, RSRQ_SOURCE: -3.00, RSRQ_TARGET: -3.00, SINR_SOURCE: 1.93, SINR_TARGET: 12.53, TIME_TO_TRIGGER: 8.00, A3_OFFSET: 8.00, HOF: 1
TIMESTAMP: 183, UE_ID: 73, CELL_SOURCE_ID: 1, CELL_TARGET_ID: 2, RSRP_SOURCE: -71.14, RSRP_TARGET: -56.85, RSRQ_SOURCE: -3.00, RSRQ_TARGET: -3.00, SINR_SOURCE: 30.44, SINR_TARGET: 53.33, TIME_TO_TRIGGER: 8.00, A3_OFFSET: 8.00, HOF: 1
TIMESTAMP: 183, UE_ID: 236, CELL_SOURCE_ID: 1, CELL_TARGET_ID: 2, RSRP_SOURCE: -87.19, RSRP_TARGET: -73.25, RSRQ_SOURCE: -3.00, RSRQ_TARGET: -3.00, SINR_SOURCE: 15.42, SINR_TARGET: 37.44, TIME_TO_TRIGGER: 8.00, A3_OFFSET: 8.00, HOF: 1
TIMESTAMP: 184, UE_ID: 47, CELL_SOURCE_ID: 1, CELL_TARGET_ID: 2, RSRP_SOURCE: -90.27, RSRP_TARGET: -79.76, RSRQ_SOURCE: -3.00, RSRQ_TARGET: -3.00, SINR_SOURCE: 19.65, SINR_TARGET: 33.52, TIME_TO_TRIGGER: 8.00, A3_OFFSET: 8.00, HOF: 1
TIMESTAMP: 186, UE_ID: 47, CELL_SOURCE_ID: 2, CELL_TARGET_ID: 1, RSRP_SOURCE: -73.71, RSRP_TARGET: -61.53, RSRQ_SOURCE: -3.00, RSRQ_TARGET: -3.00, SINR_SOURCE: 34.27, SINR_TARGET: 48.89, TIME_TO_TRIGGER: 8.00, A3_OFFSET: 8.00, HOF: 1
TIMESTAMP: 186, UE_ID: 194, CELL_SOURCE_ID: 19, CELL_TARGET_ID: 1, RSRP_SOURCE: -79.23, RSRP_TARGET: -70.29, RSRQ_SOURCE: -3.00, RSRQ_TARGET: -3.00, SINR_SOURCE: 23.50, SINR_TARGET: 40.39, TIME_TO_TRIGGER: 8.00, A3_OFFSET: 8.00, HOF: 1
TIMESTAMP: 188, UE_ID: 260, CELL_SOURCE_ID: 14, CELL_TARGET_ID: 3, RSRP_SOURCE: -109.07, RSRP_TARGET: -98.26, RSRQ_SOURCE: -3.00, RSRQ_TARGET: -3.00, SINR_SOURCE: 1.23, SINR_TARGET: 14.89, TIME_TO_TRIGGER: 8.00, A3_OFFSET: 8.00, HOF: 1
TIMESTAMP: 190, UE_ID: 73, CELL_SOURCE_ID: 2, CELL_TARGET_ID: 1, RSRP_SOURCE: -79.01, RSRP_TARGET: -69.55, RSRQ_SOURCE: -3.00, RSRQ_TARGET: -3.00, SINR_SOURCE: 29.77, SINR_TARGET: 40.74, TIME_TO_TRIGGER: 8.00, A3_OFFSET: 8.00, HOF: 1
TIMESTAMP: 193, UE_ID: 39, CELL_SOURCE_ID: 19, CELL_TARGET_ID: 1, RSRP_SOURCE: -81.95, RSRP_TARGET: -72.67, RSRQ_SOURCE: -3.00, RSRQ_TARGET: -3.00, SINR_SOURCE: 17.59, SINR_TARGET: 37.76, TIME_TO_TRIGGER: 8.00, A3_OFFSET: 8.00, HOF: 1
TIMESTAMP: 196, UE_ID: 39, CELL_SOURCE_ID: 1, CELL_TARGET_ID: 2, RSRP_SOURCE: -62.41, RSRP_TARGET: -53.65, RSRQ_SOURCE: -3.00, RSRQ_TARGET: -3.00, SINR_SOURCE: 50.73, SINR_TARGET: 57.18, TIME_TO_TRIGGER: 8.00, A3_OFFSET: 8.00, HOF: 1
TIMESTAMP: 196, UE_ID: 47, CELL_SOURCE_ID: 1, CELL_TARGET_ID: 2, RSRP_SOURCE: -74.85, RSRP_TARGET: -65.53, RSRQ_SOURCE: -3.00, RSRQ_TARGET: -3.00, SINR_SOURCE: 34.19, SINR_TARGET: 40.78, TIME_TO_TRIGGER: 8.00, A3_OFFSET: 8.00, HOF: 1
TIMESTAMP: 197, UE_ID: 281, CELL_SOURCE_ID: 2, CELL_TARGET_ID: 12, RSRP_SOURCE: -109.71, RSRP_TARGET: -94.50, RSRQ_SOURCE: -3.00, RSRQ_TARGET: -3.00, SINR_SOURCE: 1.76, SINR_TARGET: 15.04, TIME_TO_TRIGGER: 8.00, A3_OFFSET: 8.00, HOF: 1
TIMESTAMP: 197, UE_ID: 287, CELL_SOURCE_ID: 14, CELL_TARGET_ID: 6, RSRP_SOURCE: -107.86, RSRP_TARGET: -99.84, RSRQ_SOURCE: -3.00, RSRQ_TARGET: -3.00, SINR_SOURCE: 2.84, SINR_TARGET: 9.71, TIME_TO_TRIGGER: 8.00, A3_OFFSET: 8.00, HOF: 1
TIMESTAMP: 198, UE_ID: 39, CELL_SOURCE_ID: 2, CELL_TARGET_ID: 1, RSRP_SOURCE: -69.53, RSRP_TARGET: -60.11, RSRQ_SOURCE: -3.00, RSRQ_TARGET: -3.00, SINR_SOURCE: 34.06, SINR_TARGET: 49.40, TIME_TO_TRIGGER: 8.00, A3_OFFSET: 8.00, HOF: 1
TIMESTAMP: 200, UE_ID: 73, CELL_SOURCE_ID: 1, CELL_TARGET_ID: 2, RSRP_SOURCE: -78.26, RSRP_TARGET: -69.22, RSRQ_SOURCE: -3.00, RSRQ_TARGET: -3.00, SINR_SOURCE: 30.44, SINR_TARGET: 39.41, TIME_TO_TRIGGER: 8.00, A3_OFFSET: 8.00, HOF: 1
TIMESTAMP: 201, UE_ID: 39, CELL_SOURCE_ID: 1, CELL_TARGET_ID: 2, RSRP_SOURCE: -92.69, RSRP_TARGET: -83.41, RSRQ_SOURCE: -3.00, RSRQ_TARGET: -3.00, SINR_SOURCE: 16.73, SINR_TARGET: 27.43, TIME_TO_TRIGGER: 8.00, A3_OFFSET: 8.00, HOF: 1
TIMESTAMP: 201, UE_ID: 194, CELL_SOURCE_ID: 1, CELL_TARGET_ID: 2, RSRP_SOURCE: -92.98, RSRP_TARGET: -84.75, RSRQ_SOURCE: -3.00, RSRQ_TARGET: -3.00, SINR_SOURCE: 15.83, SINR_TARGET: 24.83, TIME_TO_TRIGGER: 8.00, A3_OFFSET: 8.00, HOF: 1
TIMESTAMP: 201, UE_ID: 250, CELL_SOURCE_ID: 2, CELL_TARGET_ID: 11, RSRP_SOURCE: -105.81, RSRP_TARGET: -97.33, RSRQ_SOURCE: -3.00, RSRQ_TARGET: -3.00, SINR_SOURCE: 3.14, SINR_TARGET: 9.98, TIME_TO_TRIGGER: 8.00, A3_OFFSET: 8.00, HOF: 1
TIMESTAMP: 203, UE_ID: 194, CELL_SOURCE_ID: 2, CELL_TARGET_ID: 1, RSRP_SOURCE: -102.07, RSRP_TARGET: -90.24, RSRQ_SOURCE: -3.00, RSRQ_TARGET: -3.00, SINR_SOURCE: 4.31, SINR_TARGET: 16.88, TIME_TO_TRIGGER: 8.00, A3_OFFSET: 8.00, HOF: 1
TIMESTAMP: 204, UE_ID: 39, CELL_SOURCE_ID: 2, CELL_TARGET_ID: 1, RSRP_SOURCE: -101.21, RSRP_TARGET: -78.70, RSRQ_SOURCE: -3.00, RSRQ_TARGET: -3.00, SINR_SOURCE: -0.59, SINR_TARGET: 30.60, TIME_TO_TRIGGER: 8.00, A3_OFFSET: 8.00, HOF: 1
TIMESTAMP: 204, UE_ID: 47, CELL_SOURCE_ID: 2, CELL_TARGET_ID: 1, RSRP_SOURCE: -86.11, RSRP_TARGET: -62.52, RSRQ_SOURCE: -3.00, RSRQ_TARGET: -3.00, SINR_SOURCE: 16.04, SINR_TARGET: 48.67, TIME_TO_TRIGGER: 8.00, A3_OFFSET: 8.00, HOF: 1
TIMESTAMP: 204, UE_ID: 73, CELL_SOURCE_ID: 2, CELL_TARGET_ID: 1, RSRP_SOURCE: -93.40, RSRP_TARGET: -73.40, RSRQ_SOURCE: -3.00, RSRQ_TARGET: -3.00, SINR_SOURCE: 11.55, SINR_TARGET: 36.63, TIME_TO_TRIGGER: 8.00, A3_OFFSET: 8.00, HOF: 1
TIMESTAMP: 205, UE_ID: 194, CELL_SOURCE_ID: 1, CELL_TARGET_ID: 2, RSRP_SOURCE: -86.17, RSRP_TARGET: -77.86, RSRQ_SOURCE: -3.00, RSRQ_TARGET: -3.00, SINR_SOURCE: 26.20, SINR_TARGET: 33.19, TIME_TO_TRIGGER: 8.00, A3_OFFSET: 8.00, HOF: 1
TIMESTAMP: 207, UE_ID: 194, CELL_SOURCE_ID: 2, CELL_TARGET_ID: 1, RSRP_SOURCE: -94.15, RSRP_TARGET: -76.54, RSRQ_SOURCE: -3.00, RSRQ_TARGET: -3.00, SINR_SOURCE: 12.79, SINR_TARGET: 28.97, TIME_TO_TRIGGER: 8.00, A3_OFFSET: 8.00, HOF: 0
TIMESTAMP: 210, UE_ID: 194, CELL_SOURCE_ID: 2, CELL_TARGET_ID: 1, RSRP_SOURCE: -91.63, RSRP_TARGET: -83.45, RSRQ_SOURCE: -3.00, RSRQ_TARGET: -3.00, SINR_SOURCE: 18.72, SINR_TARGET: 25.76, TIME_TO_TRIGGER: 8.00, A3_OFFSET: 8.00, HOF: 1
TIMESTAMP: 214, UE_ID: 47, CELL_SOURCE_ID: 1, CELL_TARGET_ID: 2, RSRP_SOURCE: -69.81, RSRP_TARGET: -60.67, RSRQ_SOURCE: -3.00, RSRQ_TARGET: -3.00, SINR_SOURCE: 29.35, SINR_TARGET: 47.77, TIME_TO_TRIGGER: 8.00, A3_OFFSET: 8.00, HOF: 1
TIMESTAMP: 214, UE_ID: 73, CELL_SOURCE_ID: 1, CELL_TARGET_ID: 2, RSRP_SOURCE: -96.54, RSRP_TARGET: -81.34, RSRQ_SOURCE: -3.00, RSRQ_TARGET: -3.00, SINR_SOURCE: 4.95, SINR_TARGET: 28.15, TIME_TO_TRIGGER: 8.00, A3_OFFSET: 8.00, HOF: 0
TIMESTAMP: 214, UE_ID: 105, CELL_SOURCE_ID: 1, CELL_TARGET_ID: 2, RSRP_SOURCE: -90.10, RSRP_TARGET: -78.39, RSRQ_SOURCE: -3.00, RSRQ_TARGET: -3.00, SINR_SOURCE: 8.94, SINR_TARGET: 31.62, TIME_TO_TRIGGER: 8.00, A3_OFFSET: 8.00, HOF: 1
TIMESTAMP: 215, UE_ID: 103, CELL_SOURCE_ID: 1, CELL_TARGET_ID: 2, RSRP_SOURCE: -68.28, RSRP_TARGET: -53.03, RSRQ_SOURCE: -3.00, RSRQ_TARGET: -3.00, SINR_SOURCE: 28.80, SINR_TARGET: 58.90, TIME_TO_TRIGGER: 8.00, A3_OFFSET: 8.00, HOF: 1
TIMESTAMP: 215, UE_ID: 172, CELL_SOURCE_ID: 1, CELL_TARGET_ID: 2, RSRP_SOURCE: -65.15, RSRP_TARGET: -52.07, RSRQ_SOURCE: -3.00, RSRQ_TARGET: -3.00, SINR_SOURCE: 35.63, SINR_TARGET: 55.04, TIME_TO_TRIGGER: 8.00, A3_OFFSET: 8.00, HOF: 1
TIMESTAMP: 215, UE_ID: 194, CELL_SOURCE_ID: 1, CELL_TARGET_ID: 2, RSRP_SOURCE: -100.93, RSRP_TARGET: -90.76, RSRQ_SOURCE: -3.00, RSRQ_TARGET: -3.00, SINR_SOURCE: 0.45, SINR_TARGET: 20.91, TIME_TO_TRIGGER: 8.00, A3_OFFSET: 8.00, HOF: 1
TIMESTAMP: 216, UE_ID: 47, CELL_SOURCE_ID: 2, CELL_TARGET_ID: 1, RSRP_SOURCE: -77.85, RSRP_TARGET: -69.06, RSRQ_SOURCE: -3.00, RSRQ_TARGET: -3.00, SINR_SOURCE: 30.87, SINR_TARGET: 40.74, TIME_TO_TRIGGER: 8.00, A3_OFFSET: 8.00, HOF: 1
TIMESTAMP: 219, UE_ID: 105, CELL_SOURCE_ID: 2, CELL_TARGET_ID: 1, RSRP_SOURCE: -86.08, RSRP_TARGET: -68.22, RSRQ_SOURCE: -3.00, RSRQ_TARGET: -3.00, SINR_SOURCE: 20.47, SINR_TARGET: 40.89, TIME_TO_TRIGGER: 8.00, A3_OFFSET: 8.00, HOF: 1
TIMESTAMP: 219, UE_ID: 194, CELL_SOURCE_ID: 2, CELL_TARGET_ID: 1, RSRP_SOURCE: -98.58, RSRP_TARGET: -87.48, RSRQ_SOURCE: -3.00, RSRQ_TARGET: -3.00, SINR_SOURCE: 3.66, SINR_TARGET: 21.27, TIME_TO_TRIGGER: 8.00, A3_OFFSET: 8.00, HOF: 1
TIMESTAMP: 221, UE_ID: 73, CELL_SOURCE_ID: 1, CELL_TARGET_ID: 3, RSRP_SOURCE: -101.47, RSRP_TARGET: -72.00, RSRQ_SOURCE: -3.00, RSRQ_TARGET: -3.00, SINR_SOURCE: -4.85, SINR_TARGET: 38.50, TIME_TO_TRIGGER: 8.00, A3_OFFSET: 8.00, HOF: 1
TIMESTAMP: 221, UE_ID: 194, CELL_SOURCE_ID: 1, CELL_TARGET_ID: 3, RSRP_SOURCE: -107.73, RSRP_TARGET: -79.52, RSRQ_SOURCE: -3.00, RSRQ_TARGET: -3.00, SINR_SOURCE: -9.70, SINR_TARGET: 27.87, TIME_TO_TRIGGER: 8.00, A3_OFFSET: 8.00, HOF: 1
TIMESTAMP: 226, UE_ID: 105, CELL_SOURCE_ID: 1, CELL_TARGET_ID: 2, RSRP_SOURCE: -92.87, RSRP_TARGET: -76.81, RSRQ_SOURCE: -3.00, RSRQ_TARGET: -3.00, SINR_SOURCE: 6.21, SINR_TARGET: 31.80, TIME_TO_TRIGGER: 8.00, A3_OFFSET: 8.00, HOF: 1
TIMESTAMP: 229, UE_ID: 73, CELL_SOURCE_ID: 3, CELL_TARGET_ID: 1, RSRP_SOURCE: -52.94, RSRP_TARGET: -43.06, RSRQ_SOURCE: -3.00, RSRQ_TARGET: -3.00, SINR_SOURCE: 58.33, SINR_TARGET: 67.86, TIME_TO_TRIGGER: 8.00, A3_OFFSET: 8.00, HOF: 1
TIMESTAMP: 233, UE_ID: 105, CELL_SOURCE_ID: 2, CELL_TARGET_ID: 1, RSRP_SOURCE: -87.84, RSRP_TARGET: -74.04, RSRQ_SOURCE: -3.00, RSRQ_TARGET: -3.00, SINR_SOURCE: 24.31, SINR_TARGET: 34.24, TIME_TO_TRIGGER: 8.00, A3_OFFSET: 8.00, HOF: 0
TIMESTAMP: 237, UE_ID: 47, CELL_SOURCE_ID: 19, CELL_TARGET_ID: 1, RSRP_SOURCE: -71.92, RSRP_TARGET: -54.84, RSRQ_SOURCE: -3.00, RSRQ_TARGET: -3.00, SINR_SOURCE: 26.38, SINR_TARGET: 55.64, TIME_TO_TRIGGER: 8.00, A3_OFFSET: 8.00, HOF: 1
TIMESTAMP: 239, UE_ID: 47, CELL_SOURCE_ID: 1, CELL_TARGET_ID: 2, RSRP_SOURCE: -100.41, RSRP_TARGET: -76.37, RSRQ_SOURCE: -3.00, RSRQ_TARGET: -3.00, SINR_SOURCE: -3.25, SINR_TARGET: 31.71, TIME_TO_TRIGGER: 8.00, A3_OFFSET: 8.00, HOF: 1
TIMESTAMP: 239, UE_ID: 73, CELL_SOURCE_ID: 1, CELL_TARGET_ID: 2, RSRP_SOURCE: -99.27, RSRP_TARGET: -76.65, RSRQ_SOURCE: -3.00, RSRQ_TARGET: -3.00, SINR_SOURCE: -2.00, SINR_TARGET: 33.01, TIME_TO_TRIGGER: 8.00, A3_OFFSET: 8.00, HOF: 1
TIMESTAMP: 241, UE_ID: 73, CELL_SOURCE_ID: 2, CELL_TARGET_ID: 1, RSRP_SOURCE: -91.38, RSRP_TARGET: -82.71, RSRQ_SOURCE: -3.00, RSRQ_TARGET: -3.00, SINR_SOURCE: 9.16, SINR_TARGET: 19.91, TIME_TO_TRIGGER: 8.00, A3_OFFSET: 8.00, HOF: 1
TIMESTAMP: 242, UE_ID: 194, CELL_SOURCE_ID: 3, CELL_TARGET_ID: 1, RSRP_SOURCE: -98.62, RSRP_TARGET: -90.33, RSRQ_SOURCE: -3.00, RSRQ_TARGET: -3.00, SINR_SOURCE: 13.21, SINR_TARGET: 19.26, TIME_TO_TRIGGER: 8.00, A3_OFFSET: 8.00, HOF: 1
TIMESTAMP: 247, UE_ID: 47, CELL_SOURCE_ID: 2, CELL_TARGET_ID: 1, RSRP_SOURCE: -79.95, RSRP_TARGET: -62.77, RSRQ_SOURCE: -3.00, RSRQ_TARGET: -3.00, SINR_SOURCE: 25.51, SINR_TARGET: 45.01, TIME_TO_TRIGGER: 8.00, A3_OFFSET: 8.00, HOF: 1
TIMESTAMP: 247, UE_ID: 103, CELL_SOURCE_ID: 2, CELL_TARGET_ID: 1, RSRP_SOURCE: -85.29, RSRP_TARGET: -57.83, RSRQ_SOURCE: -3.00, RSRQ_TARGET: -3.00, SINR_SOURCE: 16.76, SINR_TARGET: 53.27, TIME_TO_TRIGGER: 8.00, A3_OFFSET: 8.00, HOF: 1
TIMESTAMP: 247, UE_ID: 105, CELL_SOURCE_ID: 2, CELL_TARGET_ID: 1, RSRP_SOURCE: -90.17, RSRP_TARGET: -62.79, RSRQ_SOURCE: -3.00, RSRQ_TARGET: -3.00, SINR_SOURCE: 12.61, SINR_TARGET: 45.19, TIME_TO_TRIGGER: 8.00, A3_OFFSET: 8.00, HOF: 1
TIMESTAMP: 247, UE_ID: 172, CELL_SOURCE_ID: 2, CELL_TARGET_ID: 1, RSRP_SOURCE: -65.74, RSRP_TARGET: -33.25, RSRQ_SOURCE: -3.00, RSRQ_TARGET: -3.00, SINR_SOURCE: 34.42, SINR_TARGET: 78.60, TIME_TO_TRIGGER: 8.00, A3_OFFSET: 8.00, HOF: 1
TIMESTAMP: 249, UE_ID: 47, CELL_SOURCE_ID: 1, CELL_TARGET_ID: 2, RSRP_SOURCE: -91.22, RSRP_TARGET: -75.79, RSRQ_SOURCE: -3.00, RSRQ_TARGET: -3.00, SINR_SOURCE: 5.75, SINR_TARGET: 33.41, TIME_TO_TRIGGER: 8.00, A3_OFFSET: 8.00, HOF: 1
TIMESTAMP: 249, UE_ID: 73, CELL_SOURCE_ID: 1, CELL_TARGET_ID: 2, RSRP_SOURCE: -95.09, RSRP_TARGET: -80.64, RSRQ_SOURCE: -3.00, RSRQ_TARGET: -3.00, SINR_SOURCE: 4.42, SINR_TARGET: 31.25, TIME_TO_TRIGGER: 8.00, A3_OFFSET: 8.00, HOF: 1
TIMESTAMP: 249, UE_ID: 105, CELL_SOURCE_ID: 1, CELL_TARGET_ID: 2, RSRP_SOURCE: -100.84, RSRP_TARGET: -75.63, RSRQ_SOURCE: -3.00, RSRQ_TARGET: -3.00, SINR_SOURCE: -6.74, SINR_TARGET: 34.15, TIME_TO_TRIGGER: 8.00, A3_OFFSET: 8.00, HOF: 1
TIMESTAMP: 249, UE_ID: 194, CELL_SOURCE_ID: 1, CELL_TARGET_ID: 2, RSRP_SOURCE: -106.61, RSRP_TARGET: -86.22, RSRQ_SOURCE: -3.00, RSRQ_TARGET: -3.00, SINR_SOURCE: -10.18, SINR_TARGET: 25.20, TIME_TO_TRIGGER: 8.00, A3_OFFSET: 8.00, HOF: 1
TIMESTAMP: 250, UE_ID: 172, CELL_SOURCE_ID: 1, CELL_TARGET_ID: 2, RSRP_SOURCE: -71.71, RSRP_TARGET: -62.72, RSRQ_SOURCE: -3.00, RSRQ_TARGET: -3.00, SINR_SOURCE: 31.00, SINR_TARGET: 44.13, TIME_TO_TRIGGER: 8.00, A3_OFFSET: 8.00, HOF: 1
TIMESTAMP: 254, UE_ID: 73, CELL_SOURCE_ID: 2, CELL_TARGET_ID: 1, RSRP_SOURCE: -91.00, RSRP_TARGET: -73.92, RSRQ_SOURCE: -3.00, RSRQ_TARGET: -3.00, SINR_SOURCE: 7.62, SINR_TARGET: 38.31, TIME_TO_TRIGGER: 8.00, A3_OFFSET: 8.00, HOF: 1
TIMESTAMP: 254, UE_ID: 105, CELL_SOURCE_ID: 2, CELL_TARGET_ID: 1, RSRP_SOURCE: -100.82, RSRP_TARGET: -76.50, RSRQ_SOURCE: -3.00, RSRQ_TARGET: -3.00, SINR_SOURCE: 2.93, SINR_TARGET: 33.04, TIME_TO_TRIGGER: 8.00, A3_OFFSET: 8.00, HOF: 1
TIMESTAMP: 254, UE_ID: 194, CELL_SOURCE_ID: 2, CELL_TARGET_ID: 1, RSRP_SOURCE: -97.03, RSRP_TARGET: -79.76, RSRQ_SOURCE: -3.00, RSRQ_TARGET: -3.00, SINR_SOURCE: 1.98, SINR_TARGET: 28.12, TIME_TO_TRIGGER: 8.00, A3_OFFSET: 8.00, HOF: 1
TIMESTAMP: 255, UE_ID: 47, CELL_SOURCE_ID: 2, CELL_TARGET_ID: 1, RSRP_SOURCE: -94.00, RSRP_TARGET: -71.89, RSRQ_SOURCE: -3.00, RSRQ_TARGET: -3.00, SINR_SOURCE: 4.94, SINR_TARGET: 37.66, TIME_TO_TRIGGER: 8.00, A3_OFFSET: 8.00, HOF: 1
TIMESTAMP: 257, UE_ID: 22, CELL_SOURCE_ID: 20, CELL_TARGET_ID: 1, RSRP_SOURCE: -66.91, RSRP_TARGET: -55.70, RSRQ_SOURCE: -3.00, RSRQ_TARGET: -3.00, SINR_SOURCE: 37.52, SINR_TARGET: 54.58, TIME_TO_TRIGGER: 8.00, A3_OFFSET: 8.00, HOF: 1
TIMESTAMP: 261, UE_ID: 22, CELL_SOURCE_ID: 1, CELL_TARGET_ID: 2, RSRP_SOURCE: -68.78, RSRP_TARGET: -56.15, RSRQ_SOURCE: -3.00, RSRQ_TARGET: -3.00, SINR_SOURCE: 40.72, SINR_TARGET: 51.78, TIME_TO_TRIGGER: 8.00, A3_OFFSET: 8.00, HOF: 1
TIMESTAMP: 261, UE_ID: 47, CELL_SOURCE_ID: 1, CELL_TARGET_ID: 2, RSRP_SOURCE: -75.83, RSRP_TARGET: -63.30, RSRQ_SOURCE: -3.00, RSRQ_TARGET: -3.00, SINR_SOURCE: 34.10, SINR_TARGET: 47.18, TIME_TO_TRIGGER: 8.00, A3_OFFSET: 8.00, HOF: 1
TIMESTAMP: 261, UE_ID: 73, CELL_SOURCE_ID: 1, CELL_TARGET_ID: 2, RSRP_SOURCE: -84.77, RSRP_TARGET: -75.09, RSRQ_SOURCE: -3.00, RSRQ_TARGET: -3.00, SINR_SOURCE: 20.24, SINR_TARGET: 37.72, TIME_TO_TRIGGER: 8.00, A3_OFFSET: 8.00, HOF: 1
TIMESTAMP: 261, UE_ID: 103, CELL_SOURCE_ID: 1, CELL_TARGET_ID: 2, RSRP_SOURCE: -68.77, RSRP_TARGET: -56.41, RSRQ_SOURCE: -3.00, RSRQ_TARGET: -3.00, SINR_SOURCE: 42.70, SINR_TARGET: 51.91, TIME_TO_TRIGGER: 8.00, A3_OFFSET: 8.00, HOF: 1
TIMESTAMP: 261, UE_ID: 105, CELL_SOURCE_ID: 1, CELL_TARGET_ID: 2, RSRP_SOURCE: -55.85, RSRP_TARGET: -46.35, RSRQ_SOURCE: -3.00, RSRQ_TARGET: -3.00, SINR_SOURCE: 53.30, SINR_TARGET: 63.22, TIME_TO_TRIGGER: 8.00, A3_OFFSET: 8.00, HOF: 0
TIMESTAMP: 262, UE_ID: 194, CELL_SOURCE_ID: 1, CELL_TARGET_ID: 2, RSRP_SOURCE: -96.84, RSRP_TARGET: -84.99, RSRQ_SOURCE: -3.00, RSRQ_TARGET: -3.00, SINR_SOURCE: 7.68, SINR_TARGET: 27.18, TIME_TO_TRIGGER: 8.00, A3_OFFSET: 8.00, HOF: 1
TIMESTAMP: 263, UE_ID: 105, CELL_SOURCE_ID: 1, CELL_TARGET_ID: 2, RSRP_SOURCE: -69.14, RSRP_TARGET: -60.71, RSRQ_SOURCE: -3.00, RSRQ_TARGET: -3.00, SINR_SOURCE: 40.80, SINR_TARGET: 50.00, TIME_TO_TRIGGER: 8.00, A3_OFFSET: 8.00, HOF: 1
TIMESTAMP: 269, UE_ID: 22, CELL_SOURCE_ID: 2, CELL_TARGET_ID: 1, RSRP_SOURCE: -97.79, RSRP_TARGET: -77.11, RSRQ_SOURCE: -3.00, RSRQ_TARGET: -3.00, SINR_SOURCE: 3.33, SINR_TARGET: 32.19, TIME_TO_TRIGGER: 8.00, A3_OFFSET: 8.00, HOF: 1
TIMESTAMP: 269, UE_ID: 73, CELL_SOURCE_ID: 2, CELL_TARGET_ID: 1, RSRP_SOURCE: -87.12, RSRP_TARGET: -68.48, RSRQ_SOURCE: -3.00, RSRQ_TARGET: -3.00, SINR_SOURCE: 17.87, SINR_TARGET: 40.89, TIME_TO_TRIGGER: 8.00, A3_OFFSET: 8.00, HOF: 1
TIMESTAMP: 269, UE_ID: 194, CELL_SOURCE_ID: 2, CELL_TARGET_ID: 1, RSRP_SOURCE: -102.82, RSRP_TARGET: -82.80, RSRQ_SOURCE: -3.00, RSRQ_TARGET: -3.00, SINR_SOURCE: -2.49, SINR_TARGET: 25.37, TIME_TO_TRIGGER: 8.00, A3_OFFSET: 8.00, HOF: 0
TIMESTAMP: 271, UE_ID: 22, CELL_SOURCE_ID: 1, CELL_TARGET_ID: 2, RSRP_SOURCE: -90.38, RSRP_TARGET: -75.64, RSRQ_SOURCE: -3.00, RSRQ_TARGET: -3.00, SINR_SOURCE: 14.09, SINR_TARGET: 32.49, TIME_TO_TRIGGER: 8.00, A3_OFFSET: 8.00, HOF: 1
TIMESTAMP: 271, UE_ID: 73, CELL_SOURCE_ID: 1, CELL_TARGET_ID: 2, RSRP_SOURCE: -68.25, RSRP_TARGET: -47.54, RSRQ_SOURCE: -3.00, RSRQ_TARGET: -3.00, SINR_SOURCE: 33.21, SINR_TARGET: 62.55, TIME_TO_TRIGGER: 8.00, A3_OFFSET: 8.00, HOF: 1
TIMESTAMP: 272, UE_ID: 47, CELL_SOURCE_ID: 2, CELL_TARGET_ID: 1, RSRP_SOURCE: -48.96, RSRP_TARGET: -40.09, RSRQ_SOURCE: -3.00, RSRQ_TARGET: -3.00, SINR_SOURCE: 61.75, SINR_TARGET: 70.67, TIME_TO_TRIGGER: 8.00, A3_OFFSET: 8.00, HOF: 1
TIMESTAMP: 274, UE_ID: 22, CELL_SOURCE_ID: 2, CELL_TARGET_ID: 1, RSRP_SOURCE: -89.12, RSRP_TARGET: -68.03, RSRQ_SOURCE: -3.00, RSRQ_TARGET: -3.00, SINR_SOURCE: 8.37, SINR_TARGET: 41.01, TIME_TO_TRIGGER: 8.00, A3_OFFSET: 8.00, HOF: 1
TIMESTAMP: 274, UE_ID: 73, CELL_SOURCE_ID: 2, CELL_TARGET_ID: 1, RSRP_SOURCE: -101.23, RSRP_TARGET: -71.22, RSRQ_SOURCE: -3.00, RSRQ_TARGET: -3.00, SINR_SOURCE: 1.59, SINR_TARGET: 39.91, TIME_TO_TRIGGER: 8.00, A3_OFFSET: 8.00, HOF: 1
TIMESTAMP: 274, UE_ID: 105, CELL_SOURCE_ID: 2, CELL_TARGET_ID: 1, RSRP_SOURCE: -83.96, RSRP_TARGET: -63.15, RSRQ_SOURCE: -3.00, RSRQ_TARGET: -3.00, SINR_SOURCE: 15.49, SINR_TARGET: 44.17, TIME_TO_TRIGGER: 8.00, A3_OFFSET: 8.00, HOF: 1
TIMESTAMP: 274, UE_ID: 194, CELL_SOURCE_ID: 2, CELL_TARGET_ID: 1, RSRP_SOURCE: -106.88, RSRP_TARGET: -80.49, RSRQ_SOURCE: -3.00, RSRQ_TARGET: -3.00, SINR_SOURCE: -8.75, SINR_TARGET: 32.49, TIME_TO_TRIGGER: 8.00, A3_OFFSET: 8.00, HOF: 1
TIMESTAMP: 276, UE_ID: 22, CELL_SOURCE_ID: 1, CELL_TARGET_ID: 2, RSRP_SOURCE: -76.44, RSRP_TARGET: -67.79, RSRQ_SOURCE: -3.00, RSRQ_TARGET: -3.00, SINR_SOURCE: 35.79, SINR_TARGET: 43.82, TIME_TO_TRIGGER: 8.00, A3_OFFSET: 8.00, HOF: 1
TIMESTAMP: 276, UE_ID: 47, CELL_SOURCE_ID: 1, CELL_TARGET_ID: 2, RSRP_SOURCE: -75.91, RSRP_TARGET: -67.01, RSRQ_SOURCE: -3.00, RSRQ_TARGET: -3.00, SINR_SOURCE: 35.19, SINR_TARGET: 42.34, TIME_TO_TRIGGER: 8.00, A3_OFFSET: 8.00, HOF: 1
TIMESTAMP: 281, UE_ID: 22, CELL_SOURCE_ID: 2, CELL_TARGET_ID: 1, RSRP_SOURCE: -79.68, RSRP_TARGET: -70.86, RSRQ_SOURCE: -3.00, RSRQ_TARGET: -3.00, SINR_SOURCE: 32.86, SINR_TARGET: 39.54, TIME_TO_TRIGGER: 8.00, A3_OFFSET: 8.00, HOF: 1
TIMESTAMP: 283, UE_ID: 22, CELL_SOURCE_ID: 1, CELL_TARGET_ID: 2, RSRP_SOURCE: -92.67, RSRP_TARGET: -77.66, RSRQ_SOURCE: -3.00, RSRQ_TARGET: -3.00, SINR_SOURCE: 12.39, SINR_TARGET: 32.92, TIME_TO_TRIGGER: 8.00, A3_OFFSET: 8.00, HOF: 1
TIMESTAMP: 283, UE_ID: 73, CELL_SOURCE_ID: 1, CELL_TARGET_ID: 2, RSRP_SOURCE: -87.73, RSRP_TARGET: -72.93, RSRQ_SOURCE: -3.00, RSRQ_TARGET: -3.00, SINR_SOURCE: 14.40, SINR_TARGET: 35.63, TIME_TO_TRIGGER: 8.00, A3_OFFSET: 8.00, HOF: 1
TIMESTAMP: 283, UE_ID: 105, CELL_SOURCE_ID: 1, CELL_TARGET_ID: 2, RSRP_SOURCE: -94.61, RSRP_TARGET: -76.90, RSRQ_SOURCE: -3.00, RSRQ_TARGET: -3.00, SINR_SOURCE: 5.84, SINR_TARGET: 30.79, TIME_TO_TRIGGER: 8.00, A3_OFFSET: 8.00, HOF: 0
TIMESTAMP: 283, UE_ID: 194, CELL_SOURCE_ID: 1, CELL_TARGET_ID: 2, RSRP_SOURCE: -71.26, RSRP_TARGET: -52.65, RSRQ_SOURCE: -3.00, RSRQ_TARGET: -3.00, SINR_SOURCE: 34.52, SINR_TARGET: 59.73, TIME_TO_TRIGGER: 8.00, A3_OFFSET: 8.00, HOF: 1
TIMESTAMP: 285, UE_ID: 105, CELL_SOURCE_ID: 1, CELL_TARGET_ID: 2, RSRP_SOURCE: -98.37, RSRP_TARGET: -88.80, RSRQ_SOURCE: -3.00, RSRQ_TARGET: -3.00, SINR_SOURCE: 2.64, SINR_TARGET: 21.39, TIME_TO_TRIGGER: 8.00, A3_OFFSET: 8.00, HOF: 1
TIMESTAMP: 288, UE_ID: 22, CELL_SOURCE_ID: 2, CELL_TARGET_ID: 1, RSRP_SOURCE: -60.70, RSRP_TARGET: -42.05, RSRQ_SOURCE: -3.00, RSRQ_TARGET: -3.00, SINR_SOURCE: 45.54, SINR_TARGET: 67.41, TIME_TO_TRIGGER: 8.00, A3_OFFSET: 8.00, HOF: 1
TIMESTAMP: 288, UE_ID: 47, CELL_SOURCE_ID: 2, CELL_TARGET_ID: 1, RSRP_SOURCE: -84.46, RSRP_TARGET: -66.39, RSRQ_SOURCE: -3.00, RSRQ_TARGET: -3.00, SINR_SOURCE: 23.94, SINR_TARGET: 39.85, TIME_TO_TRIGGER: 8.00, A3_OFFSET: 8.00, HOF: 1
TIMESTAMP: 288, UE_ID: 73, CELL_SOURCE_ID: 2, CELL_TARGET_ID: 1, RSRP_SOURCE: -79.89, RSRP_TARGET: -59.61, RSRQ_SOURCE: -3.00, RSRQ_TARGET: -3.00, SINR_SOURCE: 22.66, SINR_TARGET: 51.07, TIME_TO_TRIGGER: 8.00, A3_OFFSET: 8.00, HOF: 1
TIMESTAMP: 288, UE_ID: 105, CELL_SOURCE_ID: 2, CELL_TARGET_ID: 1, RSRP_SOURCE: -89.68, RSRP_TARGET: -66.51, RSRQ_SOURCE: -3.00, RSRQ_TARGET: -3.00, SINR_SOURCE: 15.32, SINR_TARGET: 39.02, TIME_TO_TRIGGER: 8.00, A3_OFFSET: 8.00, HOF: 1
TIMESTAMP: 288, UE_ID: 194, CELL_SOURCE_ID: 2, CELL_TARGET_ID: 1, RSRP_SOURCE: -95.38, RSRP_TARGET: -74.24, RSRQ_SOURCE: -3.00, RSRQ_TARGET: -3.00, SINR_SOURCE: 8.32, SINR_TARGET: 37.64, TIME_TO_TRIGGER: 8.00, A3_OFFSET: 8.00, HOF: 1
TIMESTAMP: 293, UE_ID: 22, CELL_SOURCE_ID: 1, CELL_TARGET_ID: 2, RSRP_SOURCE: -75.50, RSRP_TARGET: -66.34, RSRQ_SOURCE: -3.00, RSRQ_TARGET: -3.00, SINR_SOURCE: 37.09, SINR_TARGET: 46.68, TIME_TO_TRIGGER: 8.00, A3_OFFSET: 8.00, HOF: 0
TIMESTAMP: 293, UE_ID: 105, CELL_SOURCE_ID: 1, CELL_TARGET_ID: 2, RSRP_SOURCE: -86.38, RSRP_TARGET: -70.33, RSRQ_SOURCE: -3.00, RSRQ_TARGET: -3.00, SINR_SOURCE: 26.83, SINR_TARGET: 36.98, TIME_TO_TRIGGER: 8.00, A3_OFFSET: 8.00, HOF: 1
TIMESTAMP: 293, UE_ID: 194, CELL_SOURCE_ID: 1, CELL_TARGET_ID: 2, RSRP_SOURCE: -92.35, RSRP_TARGET: -80.78, RSRQ_SOURCE: -3.00, RSRQ_TARGET: -3.00, SINR_SOURCE: 19.17, SINR_TARGET: 28.52, TIME_TO_TRIGGER: 8.00, A3_OFFSET: 8.00, HOF: 1
TIMESTAMP: 294, UE_ID: 47, CELL_SOURCE_ID: 1, CELL_TARGET_ID: 2, RSRP_SOURCE: -100.19, RSRP_TARGET: -81.40, RSRQ_SOURCE: -3.00, RSRQ_TARGET: -3.00, SINR_SOURCE: -1.54, SINR_TARGET: 27.58, TIME_TO_TRIGGER: 8.00, A3_OFFSET: 8.00, HOF: 1
TIMESTAMP: 294, UE_ID: 73, CELL_SOURCE_ID: 1, CELL_TARGET_ID: 2, RSRP_SOURCE: -104.79, RSRP_TARGET: -81.37, RSRQ_SOURCE: -3.00, RSRQ_TARGET: -3.00, SINR_SOURCE: -6.45, SINR_TARGET: 30.02, TIME_TO_TRIGGER: 8.00, A3_OFFSET: 8.00, HOF: 1
TIMESTAMP: 295, UE_ID: 105, CELL_SOURCE_ID: 2, CELL_TARGET_ID: 1, RSRP_SOURCE: -82.59, RSRP_TARGET: -70.46, RSRQ_SOURCE: -3.00, RSRQ_TARGET: -3.00, SINR_SOURCE: 26.31, SINR_TARGET: 42.66, TIME_TO_TRIGGER: 8.00, A3_OFFSET: 8.00, HOF: 1
TIMESTAMP: 295, UE_ID: 194, CELL_SOURCE_ID: 2, CELL_TARGET_ID: 1, RSRP_SOURCE: -91.31, RSRP_TARGET: -80.43, RSRQ_SOURCE: -3.00, RSRQ_TARGET: -3.00, SINR_SOURCE: 20.74, SINR_TARGET: 30.28, TIME_TO_TRIGGER: 8.00, A3_OFFSET: 8.00, HOF: 1
TIMESTAMP: 297, UE_ID: 47, CELL_SOURCE_ID: 2, CELL_TARGET_ID: 1, RSRP_SOURCE: -80.26, RSRP_TARGET: -71.74, RSRQ_SOURCE: -3.00, RSRQ_TARGET: -3.00, SINR_SOURCE: 26.35, SINR_TARGET: 41.08, TIME_TO_TRIGGER: 8.00, A3_OFFSET: 8.00, HOF: 1
TIMESTAMP: 299, UE_ID: 73, CELL_SOURCE_ID: 2, CELL_TARGET_ID: 1, RSRP_SOURCE: -93.69, RSRP_TARGET: -68.95, RSRQ_SOURCE: -3.00, RSRQ_TARGET: -3.00, SINR_SOURCE: 4.20, SINR_TARGET: 41.89, TIME_TO_TRIGGER: 8.00, A3_OFFSET: 8.00, HOF: 1
TIMESTAMP: 299, UE_ID: 223, CELL_SOURCE_ID: 16, CELL_TARGET_ID: 1, RSRP_SOURCE: -89.29, RSRP_TARGET: -75.88, RSRQ_SOURCE: -3.00, RSRQ_TARGET: -3.00, SINR_SOURCE: 15.62, SINR_TARGET: 34.11, TIME_TO_TRIGGER: 8.00, A3_OFFSET: 8.00, HOF: 1
TIMESTAMP: 300, UE_ID: 7, CELL_SOURCE_ID: 2, CELL_TARGET_ID: 1, RSRP_SOURCE: -72.59, RSRP_TARGET: -56.23, RSRQ_SOURCE: -3.00, RSRQ_TARGET: -3.00, SINR_SOURCE: 25.71, SINR_TARGET: 54.93, TIME_TO_TRIGGER: 8.00, A3_OFFSET: 8.00, HOF: 1
TIMESTAMP: 300, UE_ID: 111, CELL_SOURCE_ID: 2, CELL_TARGET_ID: 1, RSRP_SOURCE: -74.76, RSRP_TARGET: -57.21, RSRQ_SOURCE: -3.00, RSRQ_TARGET: -3.00, SINR_SOURCE: 24.53, SINR_TARGET: 51.49, TIME_TO_TRIGGER: 8.00, A3_OFFSET: 8.00, HOF: 1
TIMESTAMP: 300, UE_ID: 172, CELL_SOURCE_ID: 2, CELL_TARGET_ID: 1, RSRP_SOURCE: -89.14, RSRP_TARGET: -71.62, RSRQ_SOURCE: -3.00, RSRQ_TARGET: -3.00, SINR_SOURCE: 7.85, SINR_TARGET: 38.54, TIME_TO_TRIGGER: 8.00, A3_OFFSET: 8.00, HOF: 1
