TIMESTAMP: 12, UE_ID: 243, CELL_SOURCE_ID: 12, CELL_TARGET_ID: 1, RSRP_SOURCE: -75.38, RSRP_TARGET: -33.15, RSRQ_SOURCE: -3.00, RSRQ_TARGET: -3.00, SINR_SOURCE: 35.98, SINR_TARGET: 78.37, TIME_TO_TRIGGER: 8.00, A3_OFFSET: 8.00, HOF: 1
TIMESTAMP: 12, UE_ID: 246, CELL_SOURCE_ID: 12, CELL_TARGET_ID: 1, RSRP_SOURCE: -51.55, RSRP_TARGET: -41.97, RSRQ_SOURCE: -3.00, RSRQ_TARGET: -3.00, SINR_SOURCE: 62.29, SINR_TARGET: 69.87, TIME_TO_TRIGGER: 8.00, A3_OFFSET: 8.00, HOF: 1
TIMESTAMP: 17, UE_ID: 242, CELL_SOURCE_ID: 18, CELL_TARGET_ID: 1, RSRP_SOURCE: -89.36, RSRP_TARGET: -78.47, RSRQ_SOURCE: -3.00, RSRQ_TARGET: -3.00, SINR_SOURCE: 8.12, SINR_TARGET: 30.89, TIME_TO_TRIGGER: 8.00, A3_OFFSET: 8.00, HOF: 1
TIMESTAMP: 17, UE_ID: 254, CELL_SOURCE_ID: 18, CELL_TARGET_ID: 1, RSRP_SOURCE: -92.28, RSRP_TARGET: -82.72, RSRQ_SOURCE: -3.00, RSRQ_TARGET: -3.00, SINR_SOURCE: 11.78, SINR_TARGET: 25.28, TIME_TO_TRIGGER: 8.00, A3_OFFSET: 8.00, HOF: 0
TIMESTAMP: 23, UE_ID: 254, CELL_SOURCE_ID: 18, CELL_TARGET_ID: 1, RSRP_SOURCE: -89.23, RSRP_TARGET: -78.13, RSRQ_SOURCE: -3.00, RSRQ_TARGET: -3.00, SINR_SOURCE: 23.71, SINR_TARGET: 35.27, TIME_TO_TRIGGER: 8.00, A3_OFFSET: 8.00, HOF: 1
TIMESTAMP: 23, UE_ID: 274, CELL_SOURCE_ID: 7, CELL_TARGET_ID: 1, RSRP_SOURCE: -95.59, RSRP_TARGET: -75.95, RSRQ_SOURCE: -3.00, RSRQ_TARGET: -3.00, SINR_SOURCE: 13.33, SINR_TARGET: 34.28, TIME_TO_TRIGGER: 8.00, A3_OFFSET: 8.00, HOF: 1
TIMESTAMP: 25, UE_ID: 254, CELL_SOURCE_ID: 1, CELL_TARGET_ID: 2, RSRP_SOURCE: -89.51, RSRP_TARGET: -80.00, RSRQ_SOURCE: -3.00, RSRQ_TARGET: -3.00, SINR_SOURCE: 22.99, SINR_TARGET: 31.78, TIME_TO_TRIGGER: 8.00, A3_OFFSET: 8.00, HOF: 0
TIMESTAMP: 25, UE_ID: 278, CELL_SOURCE_ID: 10, CELL_TARGET_ID: 1, RSRP_SOURCE: -83.40, RSRP_TARGET: -68.89, RSRQ_SOURCE: -3.00, RSRQ_TARGET: -3.00, SINR_SOURCE: 22.89, SINR_TARGET: 43.51, TIME_TO_TRIGGER: 8.00, A3_OFFSET: 8.00, HOF: 1
TIMESTAMP: 26, UE_ID: 260, CELL_SOURCE_ID: 12, CELL_TARGET_ID: 1, RSRP_SOURCE: -72.19, RSRP_TARGET: -62.88, RSRQ_SOURCE: -3.00, RSRQ_TARGET: -3.00, SINR_SOURCE: 37.66, SINR_TARGET: 49.85, TIME_TO_TRIGGER: 8.00, A3_OFFSET: 8.00, HOF: 1
TIMESTAMP: 26, UE_ID: 295, CELL_SOURCE_ID: 19, CELL_TARGET_ID: 1, RSRP_SOURCE: -109.23, RSRP_TARGET: -93.08, RSRQ_SOURCE: -3.00, RSRQ_TARGET: -3.00, SINR_SOURCE: -8.60, SINR_TARGET: 18.44, TIME_TO_TRIGGER: 8.00, A3_OFFSET: 8.00, HOF: 1
TIMESTAMP: 29, UE_ID: 249, CELL_SOURCE_ID: 3, CELL_TARGET_ID: 1, RSRP_SOURCE: -98.80, RSRP_TARGET: -80.84, RSRQ_SOURCE: -3.00, RSRQ_TARGET: -3.00, SINR_SOURCE: 9.24, SINR_TARGET: 29.91, TIME_TO_TRIGGER: 8.00, A3_OFFSET: 8.00, HOF: 0
TIMESTAMP: 29, UE_ID: 262, CELL_SOURCE_ID: 3, CELL_TARGET_ID: 1, RSRP_SOURCE: -86.05, RSRP_TARGET: -75.70, RSRQ_SOURCE: -3.00, RSRQ_TARGET: -3.00, SINR_SOURCE: 18.54, SINR_TARGET: 34.10, TIME_TO_TRIGGER: 8.00, A3_OFFSET: 8.00, HOF: 1
TIMESTAMP: 29, UE_ID: 296, CELL_SOURCE_ID: 3, CELL_TARGET_ID: 1, RSRP_SOURCE: -79.41, RSRP_TARGET: -70.82, RSRQ_SOURCE: -3.00, RSRQ_TARGET: -3.00, SINR_SOURCE: 30.44, SINR_TARGET: 38.72, TIME_TO_TRIGGER: 8.00, A3_OFFSET: 8.00, HOF: 1
TIMESTAMP: 30, UE_ID: 254, CELL_SOURCE_ID: 1, CELL_TARGET_ID: 2, RSRP_SOURCE: -104.79, RSRP_TARGET: -83.00, RSRQ_SOURCE: -3.00, RSRQ_TARGET: -3.00, SINR_SOURCE: -1.59, SINR_TARGET: 29.38, TIME_TO_TRIGGER: 8.00, A3_OFFSET: 8.00, HOF: 1
TIMESTAMP: 32, UE_ID: 293, CELL_SOURCE_ID: 12, CELL_TARGET_ID: 1, RSRP_SOURCE: -78.71, RSRP_TARGET: -62.47, RSRQ_SOURCE: -3.00, RSRQ_TARGET: -3.00, SINR_SOURCE: 31.85, SINR_TARGET: 45.98, TIME_TO_TRIGGER: 8.00, A3_OFFSET: 8.00, HOF: 1
TIMESTAMP: 33, UE_ID: 295, CELL_SOURCE_ID: 6, CELL_TARGET_ID: 1, RSRP_SOURCE: -97.48, RSRP_TARGET: -87.79, RSRQ_SOURCE: -3.00, RSRQ_TARGET: -3.00, SINR_SOURCE: 12.34, SINR_TARGET: 23.37, TIME_TO_TRIGGER: 8.00, A3_OFFSET: 8.00, HOF: 1
TIMESTAMP: 34, UE_ID: 249, CELL_SOURCE_ID: 3, CELL_TARGET_ID: 1, RSRP_SOURCE: -95.53, RSRP_TARGET: -83.45, RSRQ_SOURCE: -3.00, RSRQ_TARGET: -3.00, SINR_SOURCE: 4.28, SINR_TARGET: 31.33, TIME_TO_TRIGGER: 8.00, A3_OFFSET: 8.00, HOF: 1
TIMESTAMP: 35, UE_ID: 103, CELL_SOURCE_ID: 3, CELL_TARGET_ID: 1, RSRP_SOURCE: -50.31, RSRP_TARGET: -40.03, RSRQ_SOURCE: -3.00, RSRQ_TARGET: -3.00, SINR_SOURCE: 62.01, SINR_TARGET: 72.37, TIME_TO_TRIGGER: 8.00, A3_OFFSET: 8.00, HOF: 1
TIMESTAMP: 35, UE_ID: 160, CELL_SOURCE_ID: 3, CELL_TARGET_ID: 1, RSRP_SOURCE: -53.36, RSRP_TARGET: -43.07, RSRQ_SOURCE: -3.00, RSRQ_TARGET: -3.00, SINR_SOURCE: 56.77, SINR_TARGET: 69.23, TIME_TO_TRIGGER: 8.00, A3_OFFSET: 8.00, HOF: 1
TIMESTAMP: 35, UE_ID: 253, CELL_SOURCE_ID: 18, CELL_TARGET_ID: 1, RSRP_SOURCE: -109.55, RSRP_TARGET: -79.24, RSRQ_SOURCE: -3.00, RSRQ_TARGET: -3.00, SINR_SOURCE: -7.04, SINR_TARGET: 26.86, TIME_TO_TRIGGER: 8.00, A3_OFFSET: 8.00, HOF: 0
TIMESTAMP: 35, UE_ID: 256, CELL_SOURCE_ID: 18, CELL_TARGET_ID: 1, RSRP_SOURCE: -106.28, RSRP_TARGET: -83.28, RSRQ_SOURCE: -3.00, RSRQ_TARGET: -3.00, SINR_SOURCE: -7.59, SINR_TARGET: 24.94, TIME_TO_TRIGGER: 8.00, A3_OFFSET: 8.00, HOF: 1
TIMESTAMP: 36, UE_ID: 241, CELL_SOURCE_ID: 18, CELL_TARGET_ID: 1, RSRP_SOURCE: -85.38, RSRP_TARGET: -68.55, RSRQ_SOURCE: -3.00, RSRQ_TARGET: -3.00, SINR_SOURCE: 20.60, SINR_TARGET: 40.41, TIME_TO_TRIGGER: 8.00, A3_OFFSET: 8.00, HOF: 1
TIMESTAMP: 36, UE_ID: 283, CELL_SOURCE_ID: 18, CELL_TARGET_ID: 1, RSRP_SOURCE: -71.16, RSRP_TARGET: -62.60, RSRQ_SOURCE: -3.00, RSRQ_TARGET: -3.00, SINR_SOURCE: 37.65, SINR_TARGET: 44.15, TIME_TO_TRIGGER: 8.00, A3_OFFSET: 8.00, HOF: 1
TIMESTAMP: 36, UE_ID: 287, CELL_SOURCE_ID: 18, CELL_TARGET_ID: 1, RSRP_SOURCE: -94.48, RSRP_TARGET: -66.28, RSRQ_SOURCE: -3.00, RSRQ_TARGET: -3.00, SINR_SOURCE: 13.09, SINR_TARGET: 45.81, TIME_TO_TRIGGER: 8.00, A3_OFFSET: 8.00, HOF: 1
TIMESTAMP: 36, UE_ID: 300, CELL_SOURCE_ID: 7, CELL_TARGET_ID: 1, RSRP_SOURCE: -99.76, RSRP_TARGET: -85.01, RSRQ_SOURCE: -3.00, RSRQ_TARGET: -3.00, SINR_SOURCE: 4.63, SINR_TARGET: 22.38, TIME_TO_TRIGGER: 8.00, A3_OFFSET: 8.00, HOF: 1
TIMESTAMP: 37, UE_ID: 254, CELL_SOURCE_ID: 2, CELL_TARGET_ID: 1, RSRP_SOURCE: -93.53, RSRP_TARGET: -81.86, RSRQ_SOURCE: -3.00, RSRQ_TARGET: -3.00, SINR_SOURCE: 14.50, SINR_TARGET: 31.45, TIME_TO_TRIGGER: 8.00, A3_OFFSET: 8.00, HOF: 1
TIMESTAMP: 44, UE_ID: 244, CELL_SOURCE_ID: 14, CELL_TARGET_ID: 1, RSRP_SOURCE: -87.99, RSRP_TARGET: -75.51, RSRQ_SOURCE: -3.00, RSRQ_TARGET: -3.00, SINR_SOURCE: 22.91, SINR_TARGET: 36.60, TIME_TO_TRIGGER: 8.00, A3_OFFSET: 8.00, HOF: 1
TIMESTAMP: 46, UE_ID: 295, CELL_SOURCE_ID: 1, CELL_TARGET_ID: 3, RSRP_SOURCE: -103.99, RSRP_TARGET: -93.49, RSRQ_SOURCE: -3.00, RSRQ_TARGET: -3.00, SINR_SOURCE: 10.50, SINR_TARGET: 18.99, TIME_TO_TRIGGER: 8.00, A3_OFFSET: 8.00, HOF: 1
TIMESTAMP: 47, UE_ID: 243, CELL_SOURCE_ID: 1, CELL_TARGET_ID: 2, RSRP_SOURCE: -92.91, RSRP_TARGET: -71.24, RSRQ_SOURCE: -3.00, RSRQ_TARGET: -3.00, SINR_SOURCE: 10.41, SINR_TARGET: 36.30, TIME_TO_TRIGGER: 8.00, A3_OFFSET: 8.00, HOF: 1
TIMESTAMP: 47, UE_ID: 244, CELL_SOURCE_ID: 1, CELL_TARGET_ID: 2, RSRP_SOURCE: -93.34, RSRP_TARGET: -69.52, RSRQ_SOURCE: -3.00, RSRQ_TARGET: -3.00, SINR_SOURCE: 9.05, SINR_TARGET: 38.84, TIME_TO_TRIGGER: 8.00, A3_OFFSET: 8.00, HOF: 1
TIMESTAMP: 47, UE_ID: 246, CELL_SOURCE_ID: 1, CELL_TARGET_ID: 2, RSRP_SOURCE: -100.15, RSRP_TARGET: -75.03, RSRQ_SOURCE: -3.00, RSRQ_TARGET: -3.00, SINR_SOURCE: 3.49, SINR_TARGET: 32.19, TIME_TO_TRIGGER: 8.00, A3_OFFSET: 8.00, HOF: 1
TIMESTAMP: 47, UE_ID: 249, CELL_SOURCE_ID: 1, CELL_TARGET_ID: 2, RSRP_SOURCE: -109.95, RSRP_TARGET: -80.11, RSRQ_SOURCE: -3.00, RSRQ_TARGET: -3.00, SINR_SOURCE: -9.55, SINR_TARGET: 30.15, TIME_TO_TRIGGER: 8.00, A3_OFFSET: 8.00, HOF: 1
TIMESTAMP: 47, UE_ID: 254, CELL_SOURCE_ID: 1, CELL_TARGET_ID: 2, RSRP_SOURCE: -101.69, RSRP_TARGET: -83.15, RSRQ_SOURCE: -3.00, RSRQ_TARGET: -3.00, SINR_SOURCE: 1.26, SINR_TARGET: 25.01, TIME_TO_TRIGGER: 8.00, A3_OFFSET: 8.00, HOF: 1
TIMESTAMP: 47, UE_ID: 262, CELL_SOURCE_ID: 1, CELL_TARGET_ID: 2, RSRP_SOURCE: -98.09, RSRP_TARGET: -78.77, RSRQ_SOURCE: -3.00, RSRQ_TARGET: -3.00, SINR_SOURCE: 4.03, SINR_TARGET: 34.91, TIME_TO_TRIGGER: 8.00, A3_OFFSET: 8.00, HOF: 1
TIMESTAMP: 47, UE_ID: 293, CELL_SOURCE_ID: 1, CELL_TARGET_ID: 2, RSRP_SOURCE: -102.12, RSRP_TARGET: -69.63, RSRQ_SOURCE: -3.00, RSRQ_TARGET: -3.00, SINR_SOURCE: -1.32, SINR_TARGET: 43.03, TIME_TO_TRIGGER: 8.00, A3_OFFSET: 8.00, HOF: 1
TIMESTAMP: 47, UE_ID: 296, CELL_SOURCE_ID: 1, CELL_TARGET_ID: 2, RSRP_SOURCE: -97.27, RSRP_TARGET: -71.26, RSRQ_SOURCE: -3.00, RSRQ_TARGET: -3.00, SINR_SOURCE: 6.38, SINR_TARGET: 38.75, TIME_TO_TRIGGER: 8.00, A3_OFFSET: 8.00, HOF: 1
TIMESTAMP: 47, UE_ID: 300, CELL_SOURCE_ID: 1, CELL_TARGET_ID: 2, RSRP_SOURCE: -104.00, RSRP_TARGET: -78.36, RSRQ_SOURCE: -3.00, RSRQ_TARGET: -3.00, SINR_SOURCE: -1.00, SINR_TARGET: 33.46, TIME_TO_TRIGGER: 8.00, A3_OFFSET: 8.00, HOF: 1
TIMESTAMP: 49, UE_ID: 243, CELL_SOURCE_ID: 2, CELL_TARGET_ID: 1, RSRP_SOURCE: -108.24, RSRP_TARGET: -76.90, RSRQ_SOURCE: -3.00, RSRQ_TARGET: -3.00, SINR_SOURCE: -8.36, SINR_TARGET: 32.74, TIME_TO_TRIGGER: 8.00, A3_OFFSET: 8.00, HOF: 1
TIMESTAMP: 49, UE_ID: 244, CELL_SOURCE_ID: 2, CELL_TARGET_ID: 1, RSRP_SOURCE: -101.97, RSRP_TARGET: -73.15, RSRQ_SOURCE: -3.00, RSRQ_TARGET: -3.00, SINR_SOURCE: -1.60, SINR_TARGET: 34.97, TIME_TO_TRIGGER: 8.00, A3_OFFSET: 8.00, HOF: 1
TIMESTAMP: 49, UE_ID: 249, CELL_SOURCE_ID: 2, CELL_TARGET_ID: 1, RSRP_SOURCE: -109.09, RSRP_TARGET: -74.75, RSRQ_SOURCE: -3.00, RSRQ_TARGET: -3.00, SINR_SOURCE: -7.01, SINR_TARGET: 30.00, TIME_TO_TRIGGER: 8.00, A3_OFFSET: 8.00, HOF: 1
TIMESTAMP: 49, UE_ID: 262, CELL_SOURCE_ID: 2, CELL_TARGET_ID: 1, RSRP_SOURCE: -100.10, RSRP_TARGET: -73.75, RSRQ_SOURCE: -3.00, RSRQ_TARGET: -3.00, SINR_SOURCE: 1.20, SINR_TARGET: 38.22, TIME_TO_TRIGGER: 8.00, A3_OFFSET: 8.00, HOF: 1
TIMESTAMP: 49, UE_ID: 272, CELL_SOURCE_ID: 12, CELL_TARGET_ID: 1, RSRP_SOURCE: -99.86, RSRP_TARGET: -89.15, RSRQ_SOURCE: -3.00, RSRQ_TARGET: -3.00, SINR_SOURCE: 4.63, SINR_TARGET: 20.37, TIME_TO_TRIGGER: 8.00, A3_OFFSET: 8.00, HOF: 1
TIMESTAMP: 49, UE_ID: 296, CELL_SOURCE_ID: 2, CELL_TARGET_ID: 1, RSRP_SOURCE: -105.46, RSRP_TARGET: -83.03, RSRQ_SOURCE: -3.00, RSRQ_TARGET: -3.00, SINR_SOURCE: -8.54, SINR_TARGET: 24.15, TIME_TO_TRIGGER: 8.00, A3_OFFSET: 8.00, HOF: 1
TIMESTAMP: 49, UE_ID: 300, CELL_SOURCE_ID: 2, CELL_TARGET_ID: 1, RSRP_SOURCE: -104.86, RSRP_TARGET: -75.32, RSRQ_SOURCE: -3.00, RSRQ_TARGET: -3.00, SINR_SOURCE: -4.66, SINR_TARGET: 38.82, TIME_TO_TRIGGER: 8.00, A3_OFFSET: 8.00, HOF: 1
TIMESTAMP: 52, UE_ID: 260, CELL_SOURCE_ID: 1, CELL_TARGET_ID: 2, RSRP_SOURCE: -96.30, RSRP_TARGET: -87.13, RSRQ_SOURCE: -3.00, RSRQ_TARGET: -3.00, SINR_SOURCE: 9.69, SINR_TARGET: 24.41, TIME_TO_TRIGGER: 8.00, A3_OFFSET: 8.00, HOF: 1
TIMESTAMP: 52, UE_ID: 296, CELL_SOURCE_ID: 1, CELL_TARGET_ID: 2, RSRP_SOURCE: -89.94, RSRP_TARGET: -78.88, RSRQ_SOURCE: -3.00, RSRQ_TARGET: -3.00, SINR_SOURCE: 17.33, SINR_TARGET: 33.40, TIME_TO_TRIGGER: 8.00, A3_OFFSET: 8.00, HOF: 1
TIMESTAMP: 52, UE_ID: 300, CELL_SOURCE_ID: 1, CELL_TARGET_ID: 2, RSRP_SOURCE: -90.01, RSRP_TARGET: -81.08, RSRQ_SOURCE: -3.00, RSRQ_TARGET: -3.00, SINR_SOURCE: 18.03, SINR_TARGET: 30.94, TIME_TO_TRIGGER: 8.00, A3_OFFSET: 8.00, HOF: 1
TIMESTAMP: 53, UE_ID: 295, CELL_SOURCE_ID: 3, CELL_TARGET_ID: 1, RSRP_SOURCE: -106.32, RSRP_TARGET: -94.08, RSRQ_SOURCE: -3.00, RSRQ_TARGET: -3.00, SINR_SOURCE: 2.17, SINR_TARGET: 17.36, TIME_TO_TRIGGER: 8.00, A3_OFFSET: 8.00, HOF: 1
TIMESTAMP: 54, UE_ID: 279, CELL_SOURCE_ID: 4, CELL_TARGET_ID: 1, RSRP_SOURCE: -92.67, RSRP_TARGET: -83.30, RSRQ_SOURCE: -3.00, RSRQ_TARGET: -3.00, SINR_SOURCE: 14.66, SINR_TARGET: 24.45, TIME_TO_TRIGGER: 8.00, A3_OFFSET: 8.00, HOF: 1
TIMESTAMP: 54, UE_ID: 297, CELL_SOURCE_ID: 4, CELL_TARGET_ID: 1, RSRP_SOURCE: -101.85, RSRP_TARGET: -85.61, RSRQ_SOURCE: -3.00, RSRQ_TARGET: -3.00, SINR_SOURCE: 5.99, SINR_TARGET: 26.17, TIME_TO_TRIGGER: 8.00, A3_OFFSET: 8.00, HOF: 1
TIMESTAMP: 57, UE_ID: 251, CELL_SOURCE_ID: 19, CELL_TARGET_ID: 3, RSRP_SOURCE: -100.64, RSRP_TARGET: -87.68, RSRQ_SOURCE: -3.00, RSRQ_TARGET: -3.00, SINR_SOURCE: 0.45, SINR_TARGET: 21.63, TIME_TO_TRIGGER: 8.00, A3_OFFSET: 8.00, HOF: 1
TIMESTAMP: 59, UE_ID: 256, CELL_SOURCE_ID: 21, CELL_TARGET_ID: 1, RSRP_SOURCE: -108.52, RSRP_TARGET: -93.82, RSRQ_SOURCE: -3.00, RSRQ_TARGET: -3.00, SINR_SOURCE: -6.36, SINR_TARGET: 17.72, TIME_TO_TRIGGER: 8.00, A3_OFFSET: 8.00, HOF: 1
TIMESTAMP: 59, UE_ID: 257, CELL_SOURCE_ID: 21, CELL_TARGET_ID: 1, RSRP_SOURCE: -109.09, RSRP_TARGET: -95.35, RSRQ_SOURCE: -3.00, RSRQ_TARGET: -3.00, SINR_SOURCE: -5.72, SINR_TARGET: 17.19, TIME_TO_TRIGGER: 8.00, A3_OFFSET: 8.00, HOF: 1
TIMESTAMP: 59, UE_ID: 267, CELL_SOURCE_ID: 21, CELL_TARGET_ID: 3, RSRP_SOURCE: -107.31, RSRP_TARGET: -90.44, RSRQ_SOURCE: -3.00, RSRQ_TARGET: -3.00, SINR_SOURCE: -5.55, SINR_TARGET: 20.49, TIME_TO_TRIGGER: 8.00, A3_OFFSET: 8.00, HOF: 1
TIMESTAMP: 59, UE_ID: 295, CELL_SOURCE_ID: 1, CELL_TARGET_ID: 3, RSRP_SOURCE: -107.40, RSRP_TARGET: -92.90, RSRQ_SOURCE: -3.00, RSRQ_TARGET: -3.00, SINR_SOURCE: 0.41, SINR_TARGET: 13.99, TIME_TO_TRIGGER: 8.00, A3_OFFSET: 8.00, HOF: 1
TIMESTAMP: 59, UE_ID: 300, CELL_SOURCE_ID: 2, CELL_TARGET_ID: 3, RSRP_SOURCE: -106.63, RSRP_TARGET: -91.06, RSRQ_SOURCE: -3.00, RSRQ_TARGET: -3.00, SINR_SOURCE: 3.45, SINR_TARGET: 20.12, TIME_TO_TRIGGER: 8.00, A3_OFFSET: 8.00, HOF: 1
TIMESTAMP: 62, UE_ID: 243, CELL_SOURCE_ID: 1, CELL_TARGET_ID: 2, RSRP_SOURCE: -108.83, RSRP_TARGET: -88.28, RSRQ_SOURCE: -3.00, RSRQ_TARGET: -3.00, SINR_SOURCE: -2.40, SINR_TARGET: 19.55, TIME_TO_TRIGGER: 8.00, A3_OFFSET: 8.00, HOF: 1
TIMESTAMP: 62, UE_ID: 244, CELL_SOURCE_ID: 1, CELL_TARGET_ID: 2, RSRP_SOURCE: -93.62, RSRP_TARGET: -80.33, RSRQ_SOURCE: -3.00, RSRQ_TARGET: -3.00, SINR_SOURCE: 12.01, SINR_TARGET: 31.99, TIME_TO_TRIGGER: 8.00, A3_OFFSET: 8.00, HOF: 1
TIMESTAMP: 62, UE_ID: 252, CELL_SOURCE_ID: 18, CELL_TARGET_ID: 2, RSRP_SOURCE: -103.53, RSRP_TARGET: -93.92, RSRQ_SOURCE: -3.00, RSRQ_TARGET: -3.00, SINR_SOURCE: 3.14, SINR_TARGET: 17.34, TIME_TO_TRIGGER: 8.00, A3_OFFSET: 8.00, HOF: 1
TIMESTAMP: 63, UE_ID: 256, CELL_SOURCE_ID: 1, CELL_TARGET_ID: 4, RSRP_SOURCE: -106.08, RSRP_TARGET: -94.28, RSRQ_SOURCE: -3.00, RSRQ_TARGET: -3.00, SINR_SOURCE: 8.01, SINR_TARGET: 17.23, TIME_TO_TRIGGER: 8.00, A3_OFFSET: 8.00, HOF: 1
TIMESTAMP: 63, UE_ID: 278, CELL_SOURCE_ID: 1, CELL_TARGET_ID: 4, RSRP_SOURCE: -99.56, RSRP_TARGET: -80.97, RSRQ_SOURCE: -3.00, RSRQ_TARGET: -3.00, SINR_SOURCE: 11.25, SINR_TARGET: 31.06, TIME_TO_TRIGGER: 8.00, A3_OFFSET: 8.00, HOF: 1
TIMESTAMP: 63, UE_ID: 279, CELL_SOURCE_ID: 1, CELL_TARGET_ID: 4, RSRP_SOURCE: -105.01, RSRP_TARGET: -88.79, RSRQ_SOURCE: -3.00, RSRQ_TARGET: -3.00, SINR_SOURCE: 4.00, SINR_TARGET: 18.30, TIME_TO_TRIGGER: 8.00, A3_OFFSET: 8.00, HOF: 1
TIMESTAMP: 63, UE_ID: 296, CELL_SOURCE_ID: 2, CELL_TARGET_ID: 1, RSRP_SOURCE: -106.45, RSRP_TARGET: -90.16, RSRQ_SOURCE: -3.00, RSRQ_TARGET: -3.00, SINR_SOURCE: -3.27, SINR_TARGET: 22.81, TIME_TO_TRIGGER: 8.00, A3_OFFSET: 8.00, HOF: 1
TIMESTAMP: 64, UE_ID: 243, CELL_SOURCE_ID: 2, CELL_TARGET_ID: 1, RSRP_SOURCE: -97.28, RSRP_TARGET: -84.36, RSRQ_SOURCE: -3.00, RSRQ_TARGET: -3.00, SINR_SOURCE: 8.91, SINR_TARGET: 19.53, TIME_TO_TRIGGER: 8.00, A3_OFFSET: 8.00, HOF: 1
TIMESTAMP: 64, UE_ID: 260, CELL_SOURCE_ID: 2, CELL_TARGET_ID: 1, RSRP_SOURCE: -97.81, RSRP_TARGET: -87.08, RSRQ_SOURCE: -3.00, RSRQ_TARGET: -3.00, SINR_SOURCE: 12.51, SINR_TARGET: 22.88, TIME_TO_TRIGGER: 8.00, A3_OFFSET: 8.00, HOF: 1
TIMESTAMP: 64, UE_ID: 274, CELL_SOURCE_ID: 20, CELL_TARGET_ID: 1, RSRP_SOURCE: -106.09, RSRP_TARGET: -87.15, RSRQ_SOURCE: -3.00, RSRQ_TARGET: -3.00, SINR_SOURCE: -6.59, SINR_TARGET: 21.45, TIME_TO_TRIGGER: 8.00, A3_OFFSET: 8.00, HOF: 1
TIMESTAMP: 64, UE_ID: 293, CELL_SOURCE_ID: 2, CELL_TARGET_ID: 1, RSRP_SOURCE: -87.09, RSRP_TARGET: -77.43, RSRQ_SOURCE: -3.00, RSRQ_TARGET: -3.00, SINR_SOURCE: 20.47, SINR_TARGET: 33.34, TIME_TO_TRIGGER: 8.00, A3_OFFSET: 8.00, HOF: 1
TIMESTAMP: 65, UE_ID: 295, CELL_SOURCE_ID: 3, CELL_TARGET_ID: 21, RSRP_SOURCE: -106.18, RSRP_TARGET: -97.55, RSRQ_SOURCE: -3.00, RSRQ_TARGET: -3.00, SINR_SOURCE: 4.03, SINR_TARGET: 11.92, TIME_TO_TRIGGER: 8.00, A3_OFFSET: 8.00, HOF: 1
TIMESTAMP: 66, UE_ID: 241, CELL_SOURCE_ID: 1, CELL_TARGET_ID: 2, RSRP_SOURCE: -97.12, RSRP_TARGET: -85.64, RSRQ_SOURCE: -3.00, RSRQ_TARGET: -3.00, SINR_SOURCE: 10.18, SINR_TARGET: 24.80, TIME_TO_TRIGGER: 8.00, A3_OFFSET: 8.00, HOF: 1
TIMESTAMP: 66, UE_ID: 243, CELL_SOURCE_ID: 1, CELL_TARGET_ID: 2, RSRP_SOURCE: -98.48, RSRP_TARGET: -84.38, RSRQ_SOURCE: -3.00, RSRQ_TARGET: -3.00, SINR_SOURCE: 7.74, SINR_TARGET: 27.37, TIME_TO_TRIGGER: 8.00, A3_OFFSET: 8.00, HOF: 1
TIMESTAMP: 66, UE_ID: 252, CELL_SOURCE_ID: 19, CELL_TARGET_ID: 2, RSRP_SOURCE: -106.37, RSRP_TARGET: -94.52, RSRQ_SOURCE: -3.00, RSRQ_TARGET: -3.00, SINR_SOURCE: -9.34, SINR_TARGET: 15.83, TIME_TO_TRIGGER: 8.00, A3_OFFSET: 8.00, HOF: 1
TIMESTAMP: 66, UE_ID: 260, CELL_SOURCE_ID: 1, CELL_TARGET_ID: 2, RSRP_SOURCE: -101.19, RSRP_TARGET: -87.52, RSRQ_SOURCE: -3.00, RSRQ_TARGET: -3.00, SINR_SOURCE: 2.46, SINR_TARGET: 21.68, TIME_TO_TRIGGER: 8.00, A3_OFFSET: 8.00, HOF: 1
TIMESTAMP: 66, UE_ID: 262, CELL_SOURCE_ID: 1, CELL_TARGET_ID: 2, RSRP_SOURCE: -109.46, RSRP_TARGET: -90.19, RSRQ_SOURCE: -3.00, RSRQ_TARGET: -3.00, SINR_SOURCE: -4.67, SINR_TARGET: 19.92, TIME_TO_TRIGGER: 8.00, A3_OFFSET: 8.00, HOF: 1
TIMESTAMP: 66, UE_ID: 272, CELL_SOURCE_ID: 1, CELL_TARGET_ID: 2, RSRP_SOURCE: -108.73, RSRP_TARGET: -97.31, RSRQ_SOURCE: -3.00, RSRQ_TARGET: -3.00, SINR_SOURCE: -5.63, SINR_TARGET: 12.81, TIME_TO_TRIGGER: 8.00, A3_OFFSET: 8.00, HOF: 1
TIMESTAMP: 66, UE_ID: 293, CELL_SOURCE_ID: 1, CELL_TARGET_ID: 2, RSRP_SOURCE: -101.18, RSRP_TARGET: -87.00, RSRQ_SOURCE: -3.00, RSRQ_TARGET: -3.00, SINR_SOURCE: 1.84, SINR_TARGET: 21.99, TIME_TO_TRIGGER: 8.00, A3_OFFSET: 8.00, HOF: 1
TIMESTAMP: 66, UE_ID: 296, CELL_SOURCE_ID: 1, CELL_TARGET_ID: 2, RSRP_SOURCE: -106.23, RSRP_TARGET: -97.80, RSRQ_SOURCE: -3.00, RSRQ_TARGET: -3.00, SINR_SOURCE: -6.39, SINR_TARGET: 13.89, TIME_TO_TRIGGER: 8.00, A3_OFFSET: 8.00, HOF: 1
TIMESTAMP: 67, UE_ID: 287, CELL_SOURCE_ID: 1, CELL_TARGET_ID: 2, RSRP_SOURCE: -90.48, RSRP_TARGET: -80.43, RSRQ_SOURCE: -3.00, RSRQ_TARGET: -3.00, SINR_SOURCE: 24.09, SINR_TARGET: 30.80, TIME_TO_TRIGGER: 8.00, A3_OFFSET: 8.00, HOF: 0
TIMESTAMP: 68, UE_ID: 243, CELL_SOURCE_ID: 2, CELL_TARGET_ID: 3, RSRP_SOURCE: -105.08, RSRP_TARGET: -83.88, RSRQ_SOURCE: -3.00, RSRQ_TARGET: -3.00, SINR_SOURCE: -5.42, SINR_TARGET: 26.05, TIME_TO_TRIGGER: 8.00, A3_OFFSET: 8.00, HOF: 1
TIMESTAMP: 75, UE_ID: 253, CELL_SOURCE_ID: 20, CELL_TARGET_ID: 1, RSRP_SOURCE: -107.53, RSRP_TARGET: -88.18, RSRQ_SOURCE: -3.00, RSRQ_TARGET: -3.00, SINR_SOURCE: -6.05, SINR_TARGET: 21.58, TIME_TO_TRIGGER: 8.00, A3_OFFSET: 8.00, HOF: 1
TIMESTAMP: 75, UE_ID: 274, CELL_SOURCE_ID: 20, CELL_TARGET_ID: 1, RSRP_SOURCE: -101.85, RSRP_TARGET: -83.66, RSRQ_SOURCE: -3.00, RSRQ_TARGET: -3.00, SINR_SOURCE: 1.01, SINR_TARGET: 29.52, TIME_TO_TRIGGER: 8.00, A3_OFFSET: 8.00, HOF: 1
TIMESTAMP: 75, UE_ID: 288, CELL_SOURCE_ID: 11, CELL_TARGET_ID: 1, RSRP_SOURCE: -101.30, RSRP_TARGET: -89.85, RSRQ_SOURCE: -3.00, RSRQ_TARGET: -3.00, SINR_SOURCE: 9.10, SINR_TARGET: 19.59, TIME_TO_TRIGGER: 8.00, A3_OFFSET: 8.00, HOF: 1
TIMESTAMP: 77, UE_ID: 279, CELL_SOURCE_ID: 4, CELL_TARGET_ID: 2, RSRP_SOURCE: -106.69, RSRP_TARGET: -97.52, RSRQ_SOURCE: -3.00, RSRQ_TARGET: -3.00, SINR_SOURCE: 1.03, SINR_TARGET: 18.48, TIME_TO_TRIGGER: 8.00, A3_OFFSET: 8.00, HOF: 1
TIMESTAMP: 80, UE_ID: 297, CELL_SOURCE_ID: 5, CELL_TARGET_ID: 1, RSRP_SOURCE: -106.57, RSRP_TARGET: -98.10, RSRQ_SOURCE: -3.00, RSRQ_TARGET: -3.00, SINR_SOURCE: 4.22, SINR_TARGET: 13.79, TIME_TO_TRIGGER: 8.00, A3_OFFSET: 8.00, HOF: 1
TIMESTAMP: 83, UE_ID: 243, CELL_SOURCE_ID: 3, CELL_TARGET_ID: 1, RSRP_SOURCE: -102.98, RSRP_TARGET: -91.18, RSRQ_SOURCE: -3.00, RSRQ_TARGET: -3.00, SINR_SOURCE: 2.27, SINR_TARGET: 19.70, TIME_TO_TRIGGER: 8.00, A3_OFFSET: 8.00, HOF: 1
TIMESTAMP: 84, UE_ID: 254, CELL_SOURCE_ID: 16, CELL_TARGET_ID: 1, RSRP_SOURCE: -97.19, RSRP_TARGET: -85.91, RSRQ_SOURCE: -3.00, RSRQ_TARGET: -3.00, SINR_SOURCE: 14.88, SINR_TARGET: 22.18, TIME_TO_TRIGGER: 8.00, A3_OFFSET: 8.00, HOF: 1
TIMESTAMP: 84, UE_ID: 267, CELL_SOURCE_ID: 16, CELL_TARGET_ID: 1, RSRP_SOURCE: -102.70, RSRP_TARGET: -93.43, RSRQ_SOURCE: -3.00, RSRQ_TARGET: -3.00, SINR_SOURCE: 9.53, SINR_TARGET: 18.06, TIME_TO_TRIGGER: 8.00, A3_OFFSET: 8.00, HOF: 1
TIMESTAMP: 84, UE_ID: 269, CELL_SOURCE_ID: 5, CELL_TARGET_ID: 1, RSRP_SOURCE: -107.52, RSRP_TARGET: -99.14, RSRQ_SOURCE: -3.00, RSRQ_TARGET: -3.00, SINR_SOURCE: -1.03, SINR_TARGET: 12.92, TIME_TO_TRIGGER: 8.00, A3_OFFSET: 8.00, HOF: 1
TIMESTAMP: 84, UE_ID: 295, CELL_SOURCE_ID: 5, CELL_TARGET_ID: 2, RSRP_SOURCE: -109.94, RSRP_TARGET: -99.49, RSRQ_SOURCE: -3.00, RSRQ_TARGET: -3.00, SINR_SOURCE: -1.95, SINR_TARGET: 8.94, TIME_TO_TRIGGER: 8.00, A3_OFFSET: 8.00, HOF: 1
TIMESTAMP: 84, UE_ID: 296, CELL_SOURCE_ID: 16, CELL_TARGET_ID: 1, RSRP_SOURCE: -68.90, RSRP_TARGET: -55.32, RSRQ_SOURCE: -3.00, RSRQ_TARGET: -3.00, SINR_SOURCE: 40.92, SINR_TARGET: 53.11, TIME_TO_TRIGGER: 8.00, A3_OFFSET: 8.00, HOF: 1
TIMESTAMP: 86, UE_ID: 268, CELL_SOURCE_ID: 10, CELL_TARGET_ID: 3, RSRP_SOURCE: -101.42, RSRP_TARGET: -86.93, RSRQ_SOURCE: -3.00, RSRQ_TARGET: -3.00, SINR_SOURCE: 0.95, SINR_TARGET: 24.33, TIME_TO_TRIGGER: 8.00, A3_OFFSET: 8.00, HOF: 1
TIMESTAMP: 87, UE_ID: 269, CELL_SOURCE_ID: 1, CELL_TARGET_ID: 6, RSRP_SOURCE: -108.42, RSRP_TARGET: -98.70, RSRQ_SOURCE: -3.00, RSRQ_TARGET: -3.00, SINR_SOURCE: -0.33, SINR_TARGET: 6.66, TIME_TO_TRIGGER: 8.00, A3_OFFSET: 8.00, HOF: 0
TIMESTAMP: 88, UE_ID: 277, CELL_SOURCE_ID: 12, CELL_TARGET_ID: 7, RSRP_SOURCE: -102.51, RSRP_TARGET: -92.63, RSRQ_SOURCE: -3.00, RSRQ_TARGET: -3.00, SINR_SOURCE: 6.42, SINR_TARGET: 15.89, TIME_TO_TRIGGER: 8.00, A3_OFFSET: 8.00, HOF: 1
TIMESTAMP: 88, UE_ID: 285, CELL_SOURCE_ID: 5, CELL_TARGET_ID: 7, RSRP_SOURCE: -102.96, RSRP_TARGET: -94.61, RSRQ_SOURCE: -3.00, RSRQ_TARGET: -3.00, SINR_SOURCE: 9.50, SINR_TARGET: 16.59, TIME_TO_TRIGGER: 8.00, A3_OFFSET: 8.00, HOF: 1
TIMESTAMP: 88, UE_ID: 299, CELL_SOURCE_ID: 11, CELL_TARGET_ID: 7, RSRP_SOURCE: -100.54, RSRP_TARGET: -90.71, RSRQ_SOURCE: -3.00, RSRQ_TARGET: -3.00, SINR_SOURCE: 8.77, SINR_TARGET: 16.74, TIME_TO_TRIGGER: 8.00, A3_OFFSET: 8.00, HOF: 1
TIMESTAMP: 89, UE_ID: 119, CELL_SOURCE_ID: 19, CELL_TARGET_ID: 1, RSRP_SOURCE: -81.51, RSRP_TARGET: -71.04, RSRQ_SOURCE: -3.00, RSRQ_TARGET: -3.00, SINR_SOURCE: 17.23, SINR_TARGET: 38.35, TIME_TO_TRIGGER: 8.00, A3_OFFSET: 8.00, HOF: 1
TIMESTAMP: 89, UE_ID: 229, CELL_SOURCE_ID: 19, CELL_TARGET_ID: 1, RSRP_SOURCE: -78.19, RSRP_TARGET: -68.87, RSRQ_SOURCE: -3.00, RSRQ_TARGET: -3.00, SINR_SOURCE: 20.96, SINR_TARGET: 40.68, TIME_TO_TRIGGER: 8.00, A3_OFFSET: 8.00, HOF: 1
TIMESTAMP: 92, UE_ID: 142, CELL_SOURCE_ID: 14, CELL_TARGET_ID: 1, RSRP_SOURCE: -66.49, RSRP_TARGET: -46.81, RSRQ_SOURCE: -3.00, RSRQ_TARGET: -3.00, SINR_SOURCE: 37.43, SINR_TARGET: 64.12, TIME_TO_TRIGGER: 8.00, A3_OFFSET: 8.00, HOF: 1
TIMESTAMP: 92, UE_ID: 253, CELL_SOURCE_ID: 16, CELL_TARGET_ID: 1, RSRP_SOURCE: -106.07, RSRP_TARGET: -95.28, RSRQ_SOURCE: -3.00, RSRQ_TARGET: -3.00, SINR_SOURCE: 8.34, SINR_TARGET: 13.30, TIME_TO_TRIGGER: 8.00, A3_OFFSET: 8.00, HOF: 1
TIMESTAMP: 92, UE_ID: 266, CELL_SOURCE_ID: 16, CELL_TARGET_ID: 1, RSRP_SOURCE: -101.90, RSRP_TARGET: -92.56, RSRQ_SOURCE: -3.00, RSRQ_TARGET: -3.00, SINR_SOURCE: 8.32, SINR_TARGET: 17.22, TIME_TO_TRIGGER: 8.00, A3_OFFSET: 8.00, HOF: 1
TIMESTAMP: 92, UE_ID: 275, CELL_SOURCE_ID: 16, CELL_TARGET_ID: 1, RSRP_SOURCE: -101.53, RSRP_TARGET: -93.49, RSRQ_SOURCE: -3.00, RSRQ_TARGET: -3.00, SINR_SOURCE: 11.93, SINR_TARGET: 17.39, TIME_TO_TRIGGER: 8.00, A3_OFFSET: 8.00, HOF: 1
TIMESTAMP: 93, UE_ID: 244, CELL_SOURCE_ID: 21, CELL_TARGET_ID: 1, RSRP_SOURCE: -108.02, RSRP_TARGET: -93.02, RSRQ_SOURCE: -3.00, RSRQ_TARGET: -3.00, SINR_SOURCE: -10.17, SINR_TARGET: 13.60, TIME_TO_TRIGGER: 8.00, A3_OFFSET: 8.00, HOF: 1
TIMESTAMP: 94, UE_ID: 258, CELL_SOURCE_ID: 1, CELL_TARGET_ID: 8, RSRP_SOURCE: -106.54, RSRP_TARGET: -97.56, RSRQ_SOURCE: -3.00, RSRQ_TARGET: -3.00, SINR_SOURCE: 2.82, SINR_TARGET: 15.20, TIME_TO_TRIGGER: 8.00, A3_OFFSET: 8.00, HOF: 1
TIMESTAMP: 94, UE_ID: 263, CELL_SOURCE_ID: 9, CELL_TARGET_ID: 8, RSRP_SOURCE: -104.93, RSRP_TARGET: -95.03, RSRQ_SOURCE: -3.00, RSRQ_TARGET: -3.00, SINR_SOURCE: 7.26, SINR_TARGET: 18.11, TIME_TO_TRIGGER: 8.00, A3_OFFSET: 8.00, HOF: 1
TIMESTAMP: 95, UE_ID: 119, CELL_SOURCE_ID: 1, CELL_TARGET_ID: 2, RSRP_SOURCE: -77.94, RSRP_TARGET: -51.75, RSRQ_SOURCE: -3.00, RSRQ_TARGET: -3.00, SINR_SOURCE: 22.47, SINR_TARGET: 58.15, TIME_TO_TRIGGER: 8.00, A3_OFFSET: 8.00, HOF: 1
TIMESTAMP: 95, UE_ID: 229, CELL_SOURCE_ID: 1, CELL_TARGET_ID: 2, RSRP_SOURCE: -95.59, RSRP_TARGET: -71.98, RSRQ_SOURCE: -3.00, RSRQ_TARGET: -3.00, SINR_SOURCE: 6.80, SINR_TARGET: 37.91, TIME_TO_TRIGGER: 8.00, A3_OFFSET: 8.00, HOF: 1
TIMESTAMP: 96, UE_ID: 270, CELL_SOURCE_ID: 9, CELL_TARGET_ID: 1, RSRP_SOURCE: -68.67, RSRP_TARGET: -57.76, RSRQ_SOURCE: -3.00, RSRQ_TARGET: -3.00, SINR_SOURCE: 40.29, SINR_TARGET: 53.06, TIME_TO_TRIGGER: 8.00, A3_OFFSET: 8.00, HOF: 1
TIMESTAMP: 97, UE_ID: 229, CELL_SOURCE_ID: 2, CELL_TARGET_ID: 1, RSRP_SOURCE: -79.50, RSRP_TARGET: -71.43, RSRQ_SOURCE: -3.00, RSRQ_TARGET: -3.00, SINR_SOURCE: 30.35, SINR_TARGET: 34.32, TIME_TO_TRIGGER: 8.00, A3_OFFSET: 8.00, HOF: 1
TIMESTAMP: 97, UE_ID: 274, CELL_SOURCE_ID: 5, CELL_TARGET_ID: 1, RSRP_SOURCE: -99.35, RSRP_TARGET: -90.71, RSRQ_SOURCE: -3.00, RSRQ_TARGET: -3.00, SINR_SOURCE: 6.11, SINR_TARGET: 17.68, TIME_TO_TRIGGER: 8.00, A3_OFFSET: 8.00, HOF: 1
TIMESTAMP: 97, UE_ID: 300, CELL_SOURCE_ID: 5, CELL_TARGET_ID: 1, RSRP_SOURCE: -109.15, RSRP_TARGET: -99.37, RSRQ_SOURCE: -3.00, RSRQ_TARGET: -3.00, SINR_SOURCE: -1.27, SINR_TARGET: 9.61, TIME_TO_TRIGGER: 8.00, A3_OFFSET: 8.00, HOF: 1
TIMESTAMP: 98, UE_ID: 119, CELL_SOURCE_ID: 2, CELL_TARGET_ID: 1, RSRP_SOURCE: -109.42, RSRP_TARGET: -90.70, RSRQ_SOURCE: -3.00, RSRQ_TARGET: -3.00, SINR_SOURCE: -10.42, SINR_TARGET: 18.16, TIME_TO_TRIGGER: 8.00, A3_OFFSET: 8.00, HOF: 1
TIMESTAMP: 98, UE_ID: 242, CELL_SOURCE_ID: 14, CELL_TARGET_ID: 3, RSRP_SOURCE: -99.68, RSRP_TARGET: -91.55, RSRQ_SOURCE: -3.00, RSRQ_TARGET: -3.00, SINR_SOURCE: 13.57, SINR_TARGET: 10.64, TIME_TO_TRIGGER: 8.00, A3_OFFSET: 8.00, HOF: 1
TIMESTAMP: 98, UE_ID: 261, CELL_SOURCE_ID: 7, CELL_TARGET_ID: 3, RSRP_SOURCE: -101.16, RSRP_TARGET: -91.88, RSRQ_SOURCE: -3.00, RSRQ_TARGET: -3.00, SINR_SOURCE: 6.56, SINR_TARGET: 21.31, TIME_TO_TRIGGER: 8.00, A3_OFFSET: 8.00, HOF: 1
TIMESTAMP: 98, UE_ID: 279, CELL_SOURCE_ID: 7, CELL_TARGET_ID: 3, RSRP_SOURCE: -96.81, RSRP_TARGET: -84.78, RSRQ_SOURCE: -3.00, RSRQ_TARGET: -3.00, SINR_SOURCE: 12.94, SINR_TARGET: 24.87, TIME_TO_TRIGGER: 8.00, A3_OFFSET: 8.00, HOF: 1
TIMESTAMP: 98, UE_ID: 285, CELL_SOURCE_ID: 7, CELL_TARGET_ID: 3, RSRP_SOURCE: -104.59, RSRP_TARGET: -96.40, RSRQ_SOURCE: -3.00, RSRQ_TARGET: -3.00, SINR_SOURCE: 6.48, SINR_TARGET: 12.56, TIME_TO_TRIGGER: 8.00, A3_OFFSET: 8.00, HOF: 1
TIMESTAMP: 98, UE_ID: 288, CELL_SOURCE_ID: 14, CELL_TARGET_ID: 3, RSRP_SOURCE: -108.11, RSRP_TARGET: -97.57, RSRQ_SOURCE: -3.00, RSRQ_TARGET: -3.00, SINR_SOURCE: 5.84, SINR_TARGET: 11.17, TIME_TO_TRIGGER: 8.00, A3_OFFSET: 8.00, HOF: 1
TIMESTAMP: 98, UE_ID: 296, CELL_SOURCE_ID: 18, CELL_TARGET_ID: 19, RSRP_SOURCE: -109.97, RSRP_TARGET: -92.41, RSRQ_SOURCE: -3.00, RSRQ_TARGET: -3.00, SINR_SOURCE: 0.06, SINR_TARGET: 17.55, TIME_TO_TRIGGER: 8.00, A3_OFFSET: 8.00, HOF: 1
TIMESTAMP: 99, UE_ID: 253, CELL_SOURCE_ID: 4, CELL_TARGET_ID: 1, RSRP_SOURCE: -108.97, RSRP_TARGET: -99.02, RSRQ_SOURCE: -3.00, RSRQ_TARGET: -3.00, SINR_SOURCE: 0.17, SINR_TARGET: 13.08, TIME_TO_TRIGGER: 8.00, A3_OFFSET: 8.00, HOF: 1
TIMESTAMP: 99, UE_ID: 274, CELL_SOURCE_ID: 1, CELL_TARGET_ID: 3, RSRP_SOURCE: -107.50, RSRP_TARGET: -98.02, RSRQ_SOURCE: -3.00, RSRQ_TARGET: -3.00, SINR_SOURCE: 2.40, SINR_TARGET: 11.49, TIME_TO_TRIGGER: 8.00, A3_OFFSET: 8.00, HOF: 1
TIMESTAMP: 100, UE_ID: 263, CELL_SOURCE_ID: 8, CELL_TARGET_ID: 6, RSRP_SOURCE: -107.67, RSRP_TARGET: -97.88, RSRQ_SOURCE: -3.00, RSRQ_TARGET: -3.00, SINR_SOURCE: 2.58, SINR_TARGET: 11.74, TIME_TO_TRIGGER: 8.00, A3_OFFSET: 8.00, HOF: 1
TIMESTAMP: 100, UE_ID: 300, CELL_SOURCE_ID: 1, CELL_TARGET_ID: 5, RSRP_SOURCE: -104.19, RSRP_TARGET: -94.06, RSRQ_SOURCE: -3.00, RSRQ_TARGET: -3.00, SINR_SOURCE: 6.19, SINR_TARGET: 15.21, TIME_TO_TRIGGER: 8.00, A3_OFFSET: 8.00, HOF: 1
TIMESTAMP: 101, UE_ID: 276, CELL_SOURCE_ID: 8, CELL_TARGET_ID: 7, RSRP_SOURCE: -104.29, RSRP_TARGET: -95.73, RSRQ_SOURCE: -3.00, RSRQ_TARGET: -3.00, SINR_SOURCE: 6.56, SINR_TARGET: 12.31, TIME_TO_TRIGGER: 8.00, A3_OFFSET: 8.00, HOF: 1
TIMESTAMP: 102, UE_ID: 119, CELL_SOURCE_ID: 1, CELL_TARGET_ID: 2, RSRP_SOURCE: -107.24, RSRP_TARGET: -79.71, RSRQ_SOURCE: -3.00, RSRQ_TARGET: -3.00, SINR_SOURCE: -4.28, SINR_TARGET: 33.81, TIME_TO_TRIGGER: 8.00, A3_OFFSET: 8.00, HOF: 1
TIMESTAMP: 102, UE_ID: 229, CELL_SOURCE_ID: 1, CELL_TARGET_ID: 2, RSRP_SOURCE: -98.00, RSRP_TARGET: -72.80, RSRQ_SOURCE: -3.00, RSRQ_TARGET: -3.00, SINR_SOURCE: 0.80, SINR_TARGET: 39.00, TIME_TO_TRIGGER: 8.00, A3_OFFSET: 8.00, HOF: 1
TIMESTAMP: 104, UE_ID: 256, CELL_SOURCE_ID: 17, CELL_TARGET_ID: 18, RSRP_SOURCE: -109.97, RSRP_TARGET: -98.93, RSRQ_SOURCE: -3.00, RSRQ_TARGET: -3.00, SINR_SOURCE: -0.18, SINR_TARGET: 12.39, TIME_TO_TRIGGER: 8.00, A3_OFFSET: 8.00, HOF: 1
TIMESTAMP: 105, UE_ID: 275, CELL_SOURCE_ID: 4, CELL_TARGET_ID: 1, RSRP_SOURCE: -109.84, RSRP_TARGET: -99.08, RSRQ_SOURCE: -3.00, RSRQ_TARGET: -3.00, SINR_SOURCE: 1.02, SINR_TARGET: 10.56, TIME_TO_TRIGGER: 8.00, A3_OFFSET: 8.00, HOF: 1
TIMESTAMP: 107, UE_ID: 254, CELL_SOURCE_ID: 21, CELL_TARGET_ID: 4, RSRP_SOURCE: -98.61, RSRP_TARGET: -86.65, RSRQ_SOURCE: -3.00, RSRQ_TARGET: -3.00, SINR_SOURCE: 12.52, SINR_TARGET: 21.54, TIME_TO_TRIGGER: 8.00, A3_OFFSET: 8.00, HOF: 1
TIMESTAMP: 107, UE_ID: 267, CELL_SOURCE_ID: 21, CELL_TARGET_ID: 4, RSRP_SOURCE: -103.32, RSRP_TARGET: -93.74, RSRQ_SOURCE: -3.00, RSRQ_TARGET: -3.00, SINR_SOURCE: 6.40, SINR_TARGET: 17.25, TIME_TO_TRIGGER: 8.00, A3_OFFSET: 8.00, HOF: 1
TIMESTAMP: 108, UE_ID: 119, CELL_SOURCE_ID: 2, CELL_TARGET_ID: 1, RSRP_SOURCE: -97.65, RSRP_TARGET: -74.34, RSRQ_SOURCE: -3.00, RSRQ_TARGET: -3.00, SINR_SOURCE: 5.79, SINR_TARGET: 34.52, TIME_TO_TRIGGER: 8.00, A3_OFFSET: 8.00, HOF: 1
TIMESTAMP: 108, UE_ID: 229, CELL_SOURCE_ID: 2, CELL_TARGET_ID: 1, RSRP_SOURCE: -89.64, RSRP_TARGET: -65.70, RSRQ_SOURCE: -3.00, RSRQ_TARGET: -3.00, SINR_SOURCE: 9.42, SINR_TARGET: 42.87, TIME_TO_TRIGGER: 8.00, A3_OFFSET: 8.00, HOF: 1
TIMESTAMP: 108, UE_ID: 247, CELL_SOURCE_ID: 21, CELL_TARGET_ID: 1, RSRP_SOURCE: -105.73, RSRP_TARGET: -96.73, RSRQ_SOURCE: -3.00, RSRQ_TARGET: -3.00, SINR_SOURCE: 6.99, SINR_TARGET: 13.15, TIME_TO_TRIGGER: 8.00, A3_OFFSET: 8.00, HOF: 1
TIMESTAMP: 108, UE_ID: 294, CELL_SOURCE_ID: 11, CELL_TARGET_ID: 1, RSRP_SOURCE: -100.79, RSRP_TARGET: -92.79, RSRQ_SOURCE: -3.00, RSRQ_TARGET: -3.00, SINR_SOURCE: 7.95, SINR_TARGET: 16.73, TIME_TO_TRIGGER: 8.00, A3_OFFSET: 8.00, HOF: 1
TIMESTAMP: 108, UE_ID: 297, CELL_SOURCE_ID: 2, CELL_TARGET_ID: 1, RSRP_SOURCE: -88.01, RSRP_TARGET: -64.20, RSRQ_SOURCE: -3.00, RSRQ_TARGET: -3.00, SINR_SOURCE: 12.44, SINR_TARGET: 44.11, TIME_TO_TRIGGER: 8.00, A3_OFFSET: 8.00, HOF: 1
TIMESTAMP: 109, UE_ID: 279, CELL_SOURCE_ID: 7, CELL_TARGET_ID: 9, RSRP_SOURCE: -108.47, RSRP_TARGET: -98.03, RSRQ_SOURCE: -3.00, RSRQ_TARGET: -3.00, SINR_SOURCE: 1.10, SINR_TARGET: 9.32, TIME_TO_TRIGGER: 8.00, A3_OFFSET: 8.00, HOF: 1
TIMESTAMP: 110, UE_ID: 242, CELL_SOURCE_ID: 17, CELL_TARGET_ID: 1, RSRP_SOURCE: -104.56, RSRP_TARGET: -87.66, RSRQ_SOURCE: -3.00, RSRQ_TARGET: -3.00, SINR_SOURCE: 5.84, SINR_TARGET: 25.16, TIME_TO_TRIGGER: 8.00, A3_OFFSET: 8.00, HOF: 1
TIMESTAMP: 110, UE_ID: 283, CELL_SOURCE_ID: 17, CELL_TARGET_ID: 14, RSRP_SOURCE: -106.97, RSRP_TARGET: -98.83, RSRQ_SOURCE: -3.00, RSRQ_TARGET: -3.00, SINR_SOURCE: 4.52, SINR_TARGET: 15.32, TIME_TO_TRIGGER: 8.00, A3_OFFSET: 8.00, HOF: 1
TIMESTAMP: 110, UE_ID: 288, CELL_SOURCE_ID: 17, CELL_TARGET_ID: 14, RSRP_SOURCE: -107.03, RSRP_TARGET: -96.46, RSRQ_SOURCE: -3.00, RSRQ_TARGET: -3.00, SINR_SOURCE: 3.91, SINR_TARGET: 12.25, TIME_TO_TRIGGER: 8.00, A3_OFFSET: 8.00, HOF: 1
TIMESTAMP: 111, UE_ID: 300, CELL_SOURCE_ID: 5, CELL_TARGET_ID: 1, RSRP_SOURCE: -101.49, RSRP_TARGET: -89.16, RSRQ_SOURCE: -3.00, RSRQ_TARGET: -3.00, SINR_SOURCE: 2.00, SINR_TARGET: 19.21, TIME_TO_TRIGGER: 8.00, A3_OFFSET: 8.00, HOF: 1
TIMESTAMP: 113, UE_ID: 119, CELL_SOURCE_ID: 1, CELL_TARGET_ID: 2, RSRP_SOURCE: -100.21, RSRP_TARGET: -86.96, RSRQ_SOURCE: -3.00, RSRQ_TARGET: -3.00, SINR_SOURCE: 0.86, SINR_TARGET: 25.64, TIME_TO_TRIGGER: 8.00, A3_OFFSET: 8.00, HOF: 1
TIMESTAMP: 113, UE_ID: 229, CELL_SOURCE_ID: 1, CELL_TARGET_ID: 2, RSRP_SOURCE: -97.34, RSRP_TARGET: -78.32, RSRQ_SOURCE: -3.00, RSRQ_TARGET: -3.00, SINR_SOURCE: 8.03, SINR_TARGET: 35.51, TIME_TO_TRIGGER: 8.00, A3_OFFSET: 8.00, HOF: 1
TIMESTAMP: 115, UE_ID: 246, CELL_SOURCE_ID: 21, CELL_TARGET_ID: 2, RSRP_SOURCE: -95.85, RSRP_TARGET: -86.07, RSRQ_SOURCE: -3.00, RSRQ_TARGET: -3.00, SINR_SOURCE: 15.02, SINR_TARGET: 27.58, TIME_TO_TRIGGER: 8.00, A3_OFFSET: 8.00, HOF: 1
TIMESTAMP: 117, UE_ID: 263, CELL_SOURCE_ID: 11, CELL_TARGET_ID: 9, RSRP_SOURCE: -103.05, RSRP_TARGET: -94.09, RSRQ_SOURCE: -3.00, RSRQ_TARGET: -3.00, SINR_SOURCE: 6.70, SINR_TARGET: 16.54, TIME_TO_TRIGGER: 8.00, A3_OFFSET: 8.00, HOF: 0
TIMESTAMP: 117, UE_ID: 299, CELL_SOURCE_ID: 11, CELL_TARGET_ID: 9, RSRP_SOURCE: -108.93, RSRP_TARGET: -99.89, RSRQ_SOURCE: -3.00, RSRQ_TARGET: -3.00, SINR_SOURCE: 3.26, SINR_TARGET: 13.42, TIME_TO_TRIGGER: 8.00, A3_OFFSET: 8.00, HOF: 1
TIMESTAMP: 120, UE_ID: 264, CELL_SOURCE_ID: 8, CELL_TARGET_ID: 2, RSRP_SOURCE: -107.74, RSRP_TARGET: -94.66, RSRQ_SOURCE: -3.00, RSRQ_TARGET: -3.00, SINR_SOURCE: 1.93, SINR_TARGET: 12.71, TIME_TO_TRIGGER: 8.00, A3_OFFSET: 8.00, HOF: 1
TIMESTAMP: 121, UE_ID: 244, CELL_SOURCE_ID: 4, CELL_TARGET_ID: 1, RSRP_SOURCE: -103.26, RSRP_TARGET: -88.65, RSRQ_SOURCE: -3.00, RSRQ_TARGET: -3.00, SINR_SOURCE: 7.21, SINR_TARGET: 22.33, TIME_TO_TRIGGER: 8.00, A3_OFFSET: 8.00, HOF: 1
TIMESTAMP: 121, UE_ID: 258, CELL_SOURCE_ID: 16, CELL_TARGET_ID: 1, RSRP_SOURCE: -105.83, RSRP_TARGET: -97.20, RSRQ_SOURCE: -3.00, RSRQ_TARGET: -3.00, SINR_SOURCE: 5.41, SINR_TARGET: 15.22, TIME_TO_TRIGGER: 8.00, A3_OFFSET: 8.00, HOF: 1
TIMESTAMP: 122, UE_ID: 272, CELL_SOURCE_ID: 4, CELL_TARGET_ID: 6, RSRP_SOURCE: -103.41, RSRP_TARGET: -93.24, RSRQ_SOURCE: -3.00, RSRQ_TARGET: -3.00, SINR_SOURCE: 6.11, SINR_TARGET: 12.59, TIME_TO_TRIGGER: 8.00, A3_OFFSET: 8.00, HOF: 1
TIMESTAMP: 122, UE_ID: 277, CELL_SOURCE_ID: 9, CELL_TARGET_ID: 1, RSRP_SOURCE: -108.33, RSRP_TARGET: -99.43, RSRQ_SOURCE: -3.00, RSRQ_TARGET: -3.00, SINR_SOURCE: 5.00, SINR_TARGET: 6.41, TIME_TO_TRIGGER: 8.00, A3_OFFSET: 8.00, HOF: 1
TIMESTAMP: 123, UE_ID: 119, CELL_SOURCE_ID: 2, CELL_TARGET_ID: 1, RSRP_SOURCE: -105.83, RSRP_TARGET: -89.86, RSRQ_SOURCE: -3.00, RSRQ_TARGET: -3.00, SINR_SOURCE: -3.79, SINR_TARGET: 19.48, TIME_TO_TRIGGER: 8.00, A3_OFFSET: 8.00, HOF: 1
TIMESTAMP: 123, UE_ID: 229, CELL_SOURCE_ID: 2, CELL_TARGET_ID: 1, RSRP_SOURCE: -64.39, RSRP_TARGET: -48.84, RSRQ_SOURCE: -3.00, RSRQ_TARGET: -3.00, SINR_SOURCE: 38.66, SINR_TARGET: 63.52, TIME_TO_TRIGGER: 8.00, A3_OFFSET: 8.00, HOF: 1
TIMESTAMP: 123, UE_ID: 252, CELL_SOURCE_ID: 5, CELL_TARGET_ID: 3, RSRP_SOURCE: -106.56, RSRP_TARGET: -96.54, RSRQ_SOURCE: -3.00, RSRQ_TARGET: -3.00, SINR_SOURCE: -1.12, SINR_TARGET: 10.48, TIME_TO_TRIGGER: 8.00, A3_OFFSET: 8.00, HOF: 1
TIMESTAMP: 123, UE_ID: 276, CELL_SOURCE_ID: 11, CELL_TARGET_ID: 3, RSRP_SOURCE: -108.80, RSRP_TARGET: -99.52, RSRQ_SOURCE: -3.00, RSRQ_TARGET: -3.00, SINR_SOURCE: 0.51, SINR_TARGET: 11.19, TIME_TO_TRIGGER: 8.00, A3_OFFSET: 8.00, HOF: 1
TIMESTAMP: 124, UE_ID: 253, CELL_SOURCE_ID: 5, CELL_TARGET_ID: 4, RSRP_SOURCE: -109.54, RSRP_TARGET: -99.90, RSRQ_SOURCE: -3.00, RSRQ_TARGET: -3.00, SINR_SOURCE: -0.98, SINR_TARGET: 8.57, TIME_TO_TRIGGER: 8.00, A3_OFFSET: 8.00, HOF: 1
TIMESTAMP: 125, UE_ID: 244, CELL_SOURCE_ID: 1, CELL_TARGET_ID: 3, RSRP_SOURCE: -106.31, RSRP_TARGET: -97.25, RSRQ_SOURCE: -3.00, RSRQ_TARGET: -3.00, SINR_SOURCE: 0.05, SINR_TARGET: 15.02, TIME_TO_TRIGGER: 8.00, A3_OFFSET: 8.00, HOF: 1
TIMESTAMP: 127, UE_ID: 298, CELL_SOURCE_ID: 15, CELL_TARGET_ID: 16, RSRP_SOURCE: -104.84, RSRP_TARGET: -61.35, RSRQ_SOURCE: -3.00, RSRQ_TARGET: -3.00, SINR_SOURCE: 7.13, SINR_TARGET: 47.59, TIME_TO_TRIGGER: 8.00, A3_OFFSET: 8.00, HOF: 1
TIMESTAMP: 128, UE_ID: 229, CELL_SOURCE_ID: 1, CELL_TARGET_ID: 2, RSRP_SOURCE: -83.24, RSRP_TARGET: -74.61, RSRQ_SOURCE: -3.00, RSRQ_TARGET: -3.00, SINR_SOURCE: 26.73, SINR_TARGET: 32.91, TIME_TO_TRIGGER: 8.00, A3_OFFSET: 8.00, HOF: 1
TIMESTAMP: 129, UE_ID: 119, CELL_SOURCE_ID: 1, CELL_TARGET_ID: 2, RSRP_SOURCE: -98.02, RSRP_TARGET: -79.97, RSRQ_SOURCE: -3.00, RSRQ_TARGET: -3.00, SINR_SOURCE: 1.16, SINR_TARGET: 30.44, TIME_TO_TRIGGER: 8.00, A3_OFFSET: 8.00, HOF: 1
TIMESTAMP: 130, UE_ID: 249, CELL_SOURCE_ID: 16, CELL_TARGET_ID: 3, RSRP_SOURCE: -103.45, RSRP_TARGET: -94.66, RSRQ_SOURCE: -3.00, RSRQ_TARGET: -3.00, SINR_SOURCE: 4.45, SINR_TARGET: 18.41, TIME_TO_TRIGGER: 8.00, A3_OFFSET: 8.00, HOF: 1
TIMESTAMP: 132, UE_ID: 286, CELL_SOURCE_ID: 9, CELL_TARGET_ID: 1, RSRP_SOURCE: -105.98, RSRP_TARGET: -97.01, RSRQ_SOURCE: -3.00, RSRQ_TARGET: -3.00, SINR_SOURCE: 2.12, SINR_TARGET: 13.76, TIME_TO_TRIGGER: 8.00, A3_OFFSET: 8.00, HOF: 1
TIMESTAMP: 132, UE_ID: 292, CELL_SOURCE_ID: 7, CELL_TARGET_ID: 10, RSRP_SOURCE: -104.77, RSRP_TARGET: -95.79, RSRQ_SOURCE: -3.00, RSRQ_TARGET: -3.00, SINR_SOURCE: 8.66, SINR_TARGET: 12.89, TIME_TO_TRIGGER: 8.00, A3_OFFSET: 8.00, HOF: 1
TIMESTAMP: 133, UE_ID: 254, CELL_SOURCE_ID: 13, CELL_TARGET_ID: 3, RSRP_SOURCE: -104.18, RSRP_TARGET: -93.82, RSRQ_SOURCE: -3.00, RSRQ_TARGET: -3.00, SINR_SOURCE: 4.39, SINR_TARGET: 14.32, TIME_TO_TRIGGER: 8.00, A3_OFFSET: 8.00, HOF: 1
TIMESTAMP: 133, UE_ID: 267, CELL_SOURCE_ID: 5, CELL_TARGET_ID: 21, RSRP_SOURCE: -109.42, RSRP_TARGET: -98.74, RSRQ_SOURCE: -3.00, RSRQ_TARGET: -3.00, SINR_SOURCE: 2.24, SINR_TARGET: 9.57, TIME_TO_TRIGGER: 8.00, A3_OFFSET: 8.00, HOF: 1
TIMESTAMP: 134, UE_ID: 259, CELL_SOURCE_ID: 13, CELL_TARGET_ID: 2, RSRP_SOURCE: -109.67, RSRP_TARGET: -95.82, RSRQ_SOURCE: -3.00, RSRQ_TARGET: -3.00, SINR_SOURCE: -1.92, SINR_TARGET: 16.10, TIME_TO_TRIGGER: 8.00, A3_OFFSET: 8.00, HOF: 1
TIMESTAMP: 134, UE_ID: 274, CELL_SOURCE_ID: 18, CELL_TARGET_ID: 2, RSRP_SOURCE: -107.99, RSRP_TARGET: -98.97, RSRQ_SOURCE: -3.00, RSRQ_TARGET: -3.00, SINR_SOURCE: 2.62, SINR_TARGET: 14.97, TIME_TO_TRIGGER: 8.00, A3_OFFSET: 8.00, HOF: 1
TIMESTAMP: 137, UE_ID: 119, CELL_SOURCE_ID: 2, CELL_TARGET_ID: 1, RSRP_SOURCE: -94.94, RSRP_TARGET: -82.86, RSRQ_SOURCE: -3.00, RSRQ_TARGET: -3.00, SINR_SOURCE: 10.25, SINR_TARGET: 28.15, TIME_TO_TRIGGER: 8.00, A3_OFFSET: 8.00, HOF: 1
TIMESTAMP: 137, UE_ID: 229, CELL_SOURCE_ID: 2, CELL_TARGET_ID: 1, RSRP_SOURCE: -82.61, RSRP_TARGET: -66.57, RSRQ_SOURCE: -3.00, RSRQ_TARGET: -3.00, SINR_SOURCE: 20.43, SINR_TARGET: 43.56, TIME_TO_TRIGGER: 8.00, A3_OFFSET: 8.00, HOF: 1
TIMESTAMP: 140, UE_ID: 119, CELL_SOURCE_ID: 1, CELL_TARGET_ID: 2, RSRP_SOURCE: -93.30, RSRP_TARGET: -81.25, RSRQ_SOURCE: -3.00, RSRQ_TARGET: -3.00, SINR_SOURCE: 17.34, SINR_TARGET: 29.00, TIME_TO_TRIGGER: 8.00, A3_OFFSET: 8.00, HOF: 1
TIMESTAMP: 140, UE_ID: 229, CELL_SOURCE_ID: 1, CELL_TARGET_ID: 2, RSRP_SOURCE: -76.03, RSRP_TARGET: -66.07, RSRQ_SOURCE: -3.00, RSRQ_TARGET: -3.00, SINR_SOURCE: 31.97, SINR_TARGET: 43.73, TIME_TO_TRIGGER: 8.00, A3_OFFSET: 8.00, HOF: 1
TIMESTAMP: 145, UE_ID: 119, CELL_SOURCE_ID: 2, CELL_TARGET_ID: 1, RSRP_SOURCE: -83.79, RSRP_TARGET: -72.02, RSRQ_SOURCE: -3.00, RSRQ_TARGET: -3.00, SINR_SOURCE: 24.38, SINR_TARGET: 34.90, TIME_TO_TRIGGER: 8.00, A3_OFFSET: 8.00, HOF: 1
TIMESTAMP: 145, UE_ID: 266, CELL_SOURCE_ID: 14, CELL_TARGET_ID: 11, RSRP_SOURCE: -107.58, RSRP_TARGET: -99.29, RSRQ_SOURCE: -3.00, RSRQ_TARGET: -3.00, SINR_SOURCE: 0.82, SINR_TARGET: 12.58, TIME_TO_TRIGGER: 8.00, A3_OFFSET: 8.00, HOF: 1
TIMESTAMP: 145, UE_ID: 289, CELL_SOURCE_ID: 15, CELL_TARGET_ID: 1, RSRP_SOURCE: -109.37, RSRP_TARGET: -99.19, RSRQ_SOURCE: -3.00, RSRQ_TARGET: -3.00, SINR_SOURCE: -5.32, SINR_TARGET: 9.72, TIME_TO_TRIGGER: 8.00, A3_OFFSET: 8.00, HOF: 1
TIMESTAMP: 147, UE_ID: 229, CELL_SOURCE_ID: 2, CELL_TARGET_ID: 1, RSRP_SOURCE: -103.09, RSRP_TARGET: -79.29, RSRQ_SOURCE: -3.00, RSRQ_TARGET: -3.00, SINR_SOURCE: 0.32, SINR_TARGET: 28.47, TIME_TO_TRIGGER: 8.00, A3_OFFSET: 8.00, HOF: 1
TIMESTAMP: 148, UE_ID: 278, CELL_SOURCE_ID: 4, CELL_TARGET_ID: 5, RSRP_SOURCE: -103.40, RSRP_TARGET: -91.49, RSRQ_SOURCE: -3.00, RSRQ_TARGET: -3.00, SINR_SOURCE: 8.18, SINR_TARGET: 18.09, TIME_TO_TRIGGER: 8.00, A3_OFFSET: 8.00, HOF: 1
TIMESTAMP: 149, UE_ID: 251, CELL_SOURCE_ID: 17, CELL_TARGET_ID: 3, RSRP_SOURCE: -109.70, RSRP_TARGET: -98.09, RSRQ_SOURCE: -3.00, RSRQ_TARGET: -3.00, SINR_SOURCE: 0.90, SINR_TARGET: 10.37, TIME_TO_TRIGGER: 8.00, A3_OFFSET: 8.00, HOF: 1
TIMESTAMP: 150, UE_ID: 266, CELL_SOURCE_ID: 11, CELL_TARGET_ID: 17, RSRP_SOURCE: -107.83, RSRP_TARGET: -99.35, RSRQ_SOURCE: -3.00, RSRQ_TARGET: -3.00, SINR_SOURCE: 3.50, SINR_TARGET: 9.82, TIME_TO_TRIGGER: 8.00, A3_OFFSET: 8.00, HOF: 1
TIMESTAMP: 153, UE_ID: 229, CELL_SOURCE_ID: 1, CELL_TARGET_ID: 2, RSRP_SOURCE: -74.82, RSRP_TARGET: -61.33, RSRQ_SOURCE: -3.00, RSRQ_TARGET: -3.00, SINR_SOURCE: 31.90, SINR_TARGET: 47.00, TIME_TO_TRIGGER: 8.00, A3_OFFSET: 8.00, HOF: 1
TIMESTAMP: 153, UE_ID: 296, CELL_SOURCE_ID: 8, CELL_TARGET_ID: 4, RSRP_SOURCE: -105.62, RSRP_TARGET: -96.95, RSRQ_SOURCE: -3.00, RSRQ_TARGET: -3.00, SINR_SOURCE: 4.90, SINR_TARGET: 13.03, TIME_TO_TRIGGER: 8.00, A3_OFFSET: 8.00, HOF: 1
TIMESTAMP: 154, UE_ID: 105, CELL_SOURCE_ID: 21, CELL_TARGET_ID: 1, RSRP_SOURCE: -87.87, RSRP_TARGET: -78.77, RSRQ_SOURCE: -3.00, RSRQ_TARGET: -3.00, SINR_SOURCE: 9.67, SINR_TARGET: 32.37, TIME_TO_TRIGGER: 8.00, A3_OFFSET: 8.00, HOF: 1
TIMESTAMP: 154, UE_ID: 284, CELL_SOURCE_ID: 19, CELL_TARGET_ID: 2, RSRP_SOURCE: -109.32, RSRP_TARGET: -97.79, RSRQ_SOURCE: -3.00, RSRQ_TARGET: -3.00, SINR_SOURCE: -2.36, SINR_TARGET: 14.24, TIME_TO_TRIGGER: 8.00, A3_OFFSET: 8.00, HOF: 1
TIMESTAMP: 156, UE_ID: 105, CELL_SOURCE_ID: 1, CELL_TARGET_ID: 2, RSRP_SOURCE: -71.83, RSRP_TARGET: -63.44, RSRQ_SOURCE: -3.00, RSRQ_TARGET: -3.00, SINR_SOURCE: 36.50, SINR_TARGET: 47.38, TIME_TO_TRIGGER: 8.00, A3_OFFSET: 8.00, HOF: 1
TIMESTAMP: 156, UE_ID: 119, CELL_SOURCE_ID: 1, CELL_TARGET_ID: 2, RSRP_SOURCE: -81.05, RSRP_TARGET: -71.77, RSRQ_SOURCE: -3.00, RSRQ_TARGET: -3.00, SINR_SOURCE: 27.40, SINR_TARGET: 36.61, TIME_TO_TRIGGER: 8.00, A3_OFFSET: 8.00, HOF: 0
TIMESTAMP: 158, UE_ID: 105, CELL_SOURCE_ID: 2, CELL_TARGET_ID: 1, RSRP_SOURCE: -79.40, RSRP_TARGET: -68.59, RSRQ_SOURCE: -3.00, RSRQ_TARGET: -3.00, SINR_SOURCE: 29.73, SINR_TARGET: 37.98, TIME_TO_TRIGGER: 8.00, A3_OFFSET: 8.00, HOF: 1
TIMESTAMP: 159, UE_ID: 263, CELL_SOURCE_ID: 10, CELL_TARGET_ID: 12, RSRP_SOURCE: -108.03, RSRP_TARGET: -99.73, RSRQ_SOURCE: -3.00, RSRQ_TARGET: -3.00, SINR_SOURCE: 3.41, SINR_TARGET: 11.76, TIME_TO_TRIGGER: 8.00, A3_OFFSET: 8.00, HOF: 1
TIMESTAMP: 160, UE_ID: 105, CELL_SOURCE_ID: 1, CELL_TARGET_ID: 2, RSRP_SOURCE: -102.38, RSRP_TARGET: -75.52, RSRQ_SOURCE: -3.00, RSRQ_TARGET: -3.00, SINR_SOURCE: -1.13, SINR_TARGET: 34.77, TIME_TO_TRIGGER: 8.00, A3_OFFSET: 8.00, HOF: 0
TIMESTAMP: 160, UE_ID: 119, CELL_SOURCE_ID: 1, CELL_TARGET_ID: 2, RSRP_SOURCE: -103.87, RSRP_TARGET: -82.01, RSRQ_SOURCE: -3.00, RSRQ_TARGET: -3.00, SINR_SOURCE: -3.35, SINR_TARGET: 31.93, TIME_TO_TRIGGER: 8.00, A3_OFFSET: 8.00, HOF: 0
TIMESTAMP: 161, UE_ID: 103, CELL_SOURCE_ID: 1, CELL_TARGET_ID: 2, RSRP_SOURCE: -70.58, RSRP_TARGET: -46.07, RSRQ_SOURCE: -3.00, RSRQ_TARGET: -3.00, SINR_SOURCE: 30.52, SINR_TARGET: 63.82, TIME_TO_TRIGGER: 8.00, A3_OFFSET: 8.00, HOF: 1
TIMESTAMP: 161, UE_ID: 142, CELL_SOURCE_ID: 1, CELL_TARGET_ID: 2, RSRP_SOURCE: -97.68, RSRP_TARGET: -74.31, RSRQ_SOURCE: -3.00, RSRQ_TARGET: -3.00, SINR_SOURCE: 0.51, SINR_TARGET: 31.15, TIME_TO_TRIGGER: 8.00, A3_OFFSET: 8.00, HOF: 1
TIMESTAMP: 164, UE_ID: 229, CELL_SOURCE_ID: 2, CELL_TARGET_ID: 1, RSRP_SOURCE: -74.73, RSRP_TARGET: -58.54, RSRQ_SOURCE: -3.00, RSRQ_TARGET: -3.00, SINR_SOURCE: 36.31, SINR_TARGET: 56.47, TIME_TO_TRIGGER: 8.00, A3_OFFSET: 8.00, HOF: 1
TIMESTAMP: 165, UE_ID: 259, CELL_SOURCE_ID: 3, CELL_TARGET_ID: 12, RSRP_SOURCE: -109.52, RSRP_TARGET: -99.52, RSRQ_SOURCE: -3.00, RSRQ_TARGET: -3.00, SINR_SOURCE: 1.95, SINR_TARGET: 12.45, TIME_TO_TRIGGER: 8.00, A3_OFFSET: 8.00, HOF: 1
TIMESTAMP: 168, UE_ID: 229, CELL_SOURCE_ID: 1, CELL_TARGET_ID: 2, RSRP_SOURCE: -78.83, RSRP_TARGET: -67.20, RSRQ_SOURCE: -3.00, RSRQ_TARGET: -3.00, SINR_SOURCE: 33.05, SINR_TARGET: 43.85, TIME_TO_TRIGGER: 8.00, A3_OFFSET: 8.00, HOF: 1
TIMESTAMP: 169, UE_ID: 270, CELL_SOURCE_ID: 14, CELL_TARGET_ID: 1, RSRP_SOURCE: -104.10, RSRP_TARGET: -95.34, RSRQ_SOURCE: -3.00, RSRQ_TARGET: -3.00, SINR_SOURCE: 9.18, SINR_TARGET: 13.83, TIME_TO_TRIGGER: 8.00, A3_OFFSET: 8.00, HOF: 1
TIMESTAMP: 169, UE_ID: 297, CELL_SOURCE_ID: 14, CELL_TARGET_ID: 1, RSRP_SOURCE: -101.07, RSRP_TARGET: -92.91, RSRQ_SOURCE: -3.00, RSRQ_TARGET: -3.00, SINR_SOURCE: 10.13, SINR_TARGET: 14.22, TIME_TO_TRIGGER: 8.00, A3_OFFSET: 8.00, HOF: 1
TIMESTAMP: 170, UE_ID: 274, CELL_SOURCE_ID: 19, CELL_TARGET_ID: 4, RSRP_SOURCE: -107.73, RSRP_TARGET: -99.71, RSRQ_SOURCE: -3.00, RSRQ_TARGET: -3.00, SINR_SOURCE: 2.69, SINR_TARGET: 13.89, TIME_TO_TRIGGER: 8.00, A3_OFFSET: 8.00, HOF: 1
TIMESTAMP: 171, UE_ID: 246, CELL_SOURCE_ID: 5, CELL_TARGET_ID: 1, RSRP_SOURCE: -77.21, RSRP_TARGET: -67.08, RSRQ_SOURCE: -3.00, RSRQ_TARGET: -3.00, SINR_SOURCE: 35.86, SINR_TARGET: 41.69, TIME_TO_TRIGGER: 8.00, A3_OFFSET: 8.00, HOF: 1
TIMESTAMP: 171, UE_ID: 253, CELL_SOURCE_ID: 5, CELL_TARGET_ID: 3, RSRP_SOURCE: -109.59, RSRP_TARGET: -97.96, RSRQ_SOURCE: -3.00, RSRQ_TARGET: -3.00, SINR_SOURCE: -0.77, SINR_TARGET: 8.02, TIME_TO_TRIGGER: 8.00, A3_OFFSET: 8.00, HOF: 1
TIMESTAMP: 172, UE_ID: 229, CELL_SOURCE_ID: 2, CELL_TARGET_ID: 1, RSRP_SOURCE: -95.25, RSRP_TARGET: -74.64, RSRQ_SOURCE: -3.00, RSRQ_TARGET: -3.00, SINR_SOURCE: 7.64, SINR_TARGET: 35.38, TIME_TO_TRIGGER: 8.00, A3_OFFSET: 8.00, HOF: 1
TIMESTAMP: 175, UE_ID: 293, CELL_SOURCE_ID: 4, CELL_TARGET_ID: 6, RSRP_SOURCE: -106.82, RSRP_TARGET: -95.68, RSRQ_SOURCE: -3.00, RSRQ_TARGET: -3.00, SINR_SOURCE: 2.84, SINR_TARGET: 12.78, TIME_TO_TRIGGER: 8.00, A3_OFFSET: 8.00, HOF: 0
TIMESTAMP: 177, UE_ID: 263, CELL_SOURCE_ID: 9, CELL_TARGET_ID: 8, RSRP_SOURCE: -109.20, RSRP_TARGET: -98.58, RSRQ_SOURCE: -3.00, RSRQ_TARGET: -3.00, SINR_SOURCE: 2.55, SINR_TARGET: 12.66, TIME_TO_TRIGGER: 8.00, A3_OFFSET: 8.00, HOF: 1
TIMESTAMP: 178, UE_ID: 293, CELL_SOURCE_ID: 4, CELL_TARGET_ID: 9, RSRP_SOURCE: -108.55, RSRP_TARGET: -99.64, RSRQ_SOURCE: -3.00, RSRQ_TARGET: -3.00, SINR_SOURCE: -0.25, SINR_TARGET: 7.41, TIME_TO_TRIGGER: 8.00, A3_OFFSET: 8.00, HOF: 1
TIMESTAMP: 182, UE_ID: 253, CELL_SOURCE_ID: 18, CELL_TARGET_ID: 3, RSRP_SOURCE: -108.11, RSRP_TARGET: -98.51, RSRQ_SOURCE: -3.00, RSRQ_TARGET: -3.00, SINR_SOURCE: 1.23, SINR_TARGET: 12.10, TIME_TO_TRIGGER: 8.00, A3_OFFSET: 8.00, HOF: 1
TIMESTAMP: 182, UE_ID: 276, CELL_SOURCE_ID: 9, CELL_TARGET_ID: 2, RSRP_SOURCE: -107.13, RSRP_TARGET: -98.80, RSRQ_SOURCE: -3.00, RSRQ_TARGET: -3.00, SINR_SOURCE: -1.67, SINR_TARGET: 7.34, TIME_TO_TRIGGER: 8.00, A3_OFFSET: 8.00, HOF: 1
TIMESTAMP: 183, UE_ID: 291, CELL_SOURCE_ID: 9, CELL_TARGET_ID: 1, RSRP_SOURCE: -102.23, RSRP_TARGET: -92.89, RSRQ_SOURCE: -3.00, RSRQ_TARGET: -3.00, SINR_SOURCE: 8.16, SINR_TARGET: 16.78, TIME_TO_TRIGGER: 8.00, A3_OFFSET: 8.00, HOF: 1
TIMESTAMP: 184, UE_ID: 293, CELL_SOURCE_ID: 9, CELL_TARGET_ID: 4, RSRP_SOURCE: -109.27, RSRP_TARGET: -97.49, RSRQ_SOURCE: -3.00, RSRQ_TARGET: -3.00, SINR_SOURCE: 1.89, SINR_TARGET: 12.16, TIME_TO_TRIGGER: 8.00, A3_OFFSET: 8.00, HOF: 1
TIMESTAMP: 186, UE_ID: 256, CELL_SOURCE_ID: 16, CELL_TARGET_ID: 19, RSRP_SOURCE: -109.17, RSRP_TARGET: -99.52, RSRQ_SOURCE: -3.00, RSRQ_TARGET: -3.00, SINR_SOURCE: 2.09, SINR_TARGET: 10.52, TIME_TO_TRIGGER: 8.00, A3_OFFSET: 8.00, HOF: 1
TIMESTAMP: 187, UE_ID: 57, CELL_SOURCE_ID: 20, CELL_TARGET_ID: 1, RSRP_SOURCE: -72.36, RSRP_TARGET: -57.70, RSRQ_SOURCE: -3.00, RSRQ_TARGET: -3.00, SINR_SOURCE: 25.59, SINR_TARGET: 53.05, TIME_TO_TRIGGER: 8.00, A3_OFFSET: 8.00, HOF: 1
TIMESTAMP: 188, UE_ID: 105, CELL_SOURCE_ID: 1, CELL_TARGET_ID: 2, RSRP_SOURCE: -71.05, RSRP_TARGET: -61.37, RSRQ_SOURCE: -3.00, RSRQ_TARGET: -3.00, SINR_SOURCE: 41.08, SINR_TARGET: 46.52, TIME_TO_TRIGGER: 8.00, A3_OFFSET: 8.00, HOF: 1
TIMESTAMP: 188, UE_ID: 229, CELL_SOURCE_ID: 1, CELL_TARGET_ID: 2, RSRP_SOURCE: -80.83, RSRP_TARGET: -71.93, RSRQ_SOURCE: -3.00, RSRQ_TARGET: -3.00, SINR_SOURCE: 26.00, SINR_TARGET: 37.78, TIME_TO_TRIGGER: 8.00, A3_OFFSET: 8.00, HOF: 1
TIMESTAMP: 188, UE_ID: 272, CELL_SOURCE_ID: 6, CELL_TARGET_ID: 2, RSRP_SOURCE: -109.37, RSRP_TARGET: -99.42, RSRQ_SOURCE: -3.00, RSRQ_TARGET: -3.00, SINR_SOURCE: 1.34, SINR_TARGET: 10.88, TIME_TO_TRIGGER: 8.00, A3_OFFSET: 8.00, HOF: 0
TIMESTAMP: 189, UE_ID: 293, CELL_SOURCE_ID: 4, CELL_TARGET_ID: 1, RSRP_SOURCE: -108.43, RSRP_TARGET: -99.30, RSRQ_SOURCE: -3.00, RSRQ_TARGET: -3.00, SINR_SOURCE: -2.40, SINR_TARGET: 12.95, TIME_TO_TRIGGER: 8.00, A3_OFFSET: 8.00, HOF: 1
TIMESTAMP: 192, UE_ID: 265, CELL_SOURCE_ID: 1, CELL_TARGET_ID: 18, RSRP_SOURCE: -108.67, RSRP_TARGET: -99.84, RSRQ_SOURCE: -3.00, RSRQ_TARGET: -3.00, SINR_SOURCE: 0.81, SINR_TARGET: 9.41, TIME_TO_TRIGGER: 8.00, A3_OFFSET: 8.00, HOF: 1
TIMESTAMP: 193, UE_ID: 264, CELL_SOURCE_ID: 1, CELL_TARGET_ID: 8, RSRP_SOURCE: -108.86, RSRP_TARGET: -97.65, RSRQ_SOURCE: -3.00, RSRQ_TARGET: -3.00, SINR_SOURCE: 0.21, SINR_TARGET: 11.14, TIME_TO_TRIGGER: 8.00, A3_OFFSET: 8.00, HOF: 1
TIMESTAMP: 194, UE_ID: 282, CELL_SOURCE_ID: 14, CELL_TARGET_ID: 9, RSRP_SOURCE: -104.23, RSRP_TARGET: -93.32, RSRQ_SOURCE: -3.00, RSRQ_TARGET: -3.00, SINR_SOURCE: 4.92, SINR_TARGET: 16.78, TIME_TO_TRIGGER: 8.00, A3_OFFSET: 8.00, HOF: 0
TIMESTAMP: 199, UE_ID: 260, CELL_SOURCE_ID: 20, CELL_TARGET_ID: 1, RSRP_SOURCE: -102.51, RSRP_TARGET: -94.32, RSRQ_SOURCE: -3.00, RSRQ_TARGET: -3.00, SINR_SOURCE: 6.03, SINR_TARGET: 17.29, TIME_TO_TRIGGER: 8.00, A3_OFFSET: 8.00, HOF: 1
TIMESTAMP: 201, UE_ID: 262, CELL_SOURCE_ID: 21, CELL_TARGET_ID: 2, RSRP_SOURCE: -109.47, RSRP_TARGET: -99.07, RSRQ_SOURCE: -3.00, RSRQ_TARGET: -3.00, SINR_SOURCE: -4.19, SINR_TARGET: 7.61, TIME_TO_TRIGGER: 8.00, A3_OFFSET: 8.00, HOF: 1
TIMESTAMP: 201, UE_ID: 284, CELL_SOURCE_ID: 20, CELL_TARGET_ID: 12, RSRP_SOURCE: -108.40, RSRP_TARGET: -98.72, RSRQ_SOURCE: -3.00, RSRQ_TARGET: -3.00, SINR_SOURCE: 2.30, SINR_TARGET: 12.95, TIME_TO_TRIGGER: 8.00, A3_OFFSET: 8.00, HOF: 1
TIMESTAMP: 202, UE_ID: 250, CELL_SOURCE_ID: 4, CELL_TARGET_ID: 8, RSRP_SOURCE: -106.42, RSRP_TARGET: -96.16, RSRQ_SOURCE: -3.00, RSRQ_TARGET: -3.00, SINR_SOURCE: 2.60, SINR_TARGET: 12.00, TIME_TO_TRIGGER: 8.00, A3_OFFSET: 8.00, HOF: 1
TIMESTAMP: 203, UE_ID: 57, CELL_SOURCE_ID: 1, CELL_TARGET_ID: 2, RSRP_SOURCE: -83.33, RSRP_TARGET: -69.19, RSRQ_SOURCE: -3.00, RSRQ_TARGET: -3.00, SINR_SOURCE: 24.85, SINR_TARGET: 39.46, TIME_TO_TRIGGER: 8.00, A3_OFFSET: 8.00, HOF: 1
TIMESTAMP: 205, UE_ID: 229, CELL_SOURCE_ID: 2, CELL_TARGET_ID: 1, RSRP_SOURCE: -98.42, RSRP_TARGET: -69.93, RSRQ_SOURCE: -3.00, RSRQ_TARGET: -3.00, SINR_SOURCE: 0.35, SINR_TARGET: 39.89, TIME_TO_TRIGGER: 8.00, A3_OFFSET: 8.00, HOF: 1
TIMESTAMP: 205, UE_ID: 283, CELL_SOURCE_ID: 19, CELL_TARGET_ID: 21, RSRP_SOURCE: -109.32, RSRP_TARGET: -98.78, RSRQ_SOURCE: -3.00, RSRQ_TARGET: -3.00, SINR_SOURCE: 3.79, SINR_TARGET: 12.95, TIME_TO_TRIGGER: 8.00, A3_OFFSET: 8.00, HOF: 1
TIMESTAMP: 205, UE_ID: 290, CELL_SOURCE_ID: 11, CELL_TARGET_ID: 1, RSRP_SOURCE: -107.65, RSRP_TARGET: -98.54, RSRQ_SOURCE: -3.00, RSRQ_TARGET: -3.00, SINR_SOURCE: 3.41, SINR_TARGET: 9.67, TIME_TO_TRIGGER: 8.00, A3_OFFSET: 8.00, HOF: 1
TIMESTAMP: 208, UE_ID: 229, CELL_SOURCE_ID: 1, CELL_TARGET_ID: 2, RSRP_SOURCE: -81.27, RSRP_TARGET: -72.07, RSRQ_SOURCE: -3.00, RSRQ_TARGET: -3.00, SINR_SOURCE: 29.51, SINR_TARGET: 38.49, TIME_TO_TRIGGER: 8.00, A3_OFFSET: 8.00, HOF: 1
TIMESTAMP: 219, UE_ID: 49, CELL_SOURCE_ID: 20, CELL_TARGET_ID: 1, RSRP_SOURCE: -59.05, RSRP_TARGET: -44.73, RSRQ_SOURCE: -3.00, RSRQ_TARGET: -3.00, SINR_SOURCE: 35.31, SINR_TARGET: 67.43, TIME_TO_TRIGGER: 8.00, A3_OFFSET: 8.00, HOF: 1
TIMESTAMP: 219, UE_ID: 105, CELL_SOURCE_ID: 2, CELL_TARGET_ID: 1, RSRP_SOURCE: -69.98, RSRP_TARGET: -61.18, RSRQ_SOURCE: -3.00, RSRQ_TARGET: -3.00, SINR_SOURCE: 38.87, SINR_TARGET: 47.93, TIME_TO_TRIGGER: 8.00, A3_OFFSET: 8.00, HOF: 1
TIMESTAMP: 219, UE_ID: 229, CELL_SOURCE_ID: 2, CELL_TARGET_ID: 1, RSRP_SOURCE: -68.46, RSRP_TARGET: -59.81, RSRQ_SOURCE: -3.00, RSRQ_TARGET: -3.00, SINR_SOURCE: 44.58, SINR_TARGET: 49.88, TIME_TO_TRIGGER: 8.00, A3_OFFSET: 8.00, HOF: 1
TIMESTAMP: 221, UE_ID: 172, CELL_SOURCE_ID: 3, CELL_TARGET_ID: 1, RSRP_SOURCE: -68.37, RSRP_TARGET: -57.20, RSRQ_SOURCE: -3.00, RSRQ_TARGET: -3.00, SINR_SOURCE: 44.02, SINR_TARGET: 55.17, TIME_TO_TRIGGER: 8.00, A3_OFFSET: 8.00, HOF: 1
TIMESTAMP: 221, UE_ID: 267, CELL_SOURCE_ID: 21, CELL_TARGET_ID: 1, RSRP_SOURCE: -81.77, RSRP_TARGET: -67.16, RSRQ_SOURCE: -3.00, RSRQ_TARGET: -3.00, SINR_SOURCE: 32.20, SINR_TARGET: 43.00, TIME_TO_TRIGGER: 8.00, A3_OFFSET: 8.00, HOF: 1
TIMESTAMP: 222, UE_ID: 298, CELL_SOURCE_ID: 19, CELL_TARGET_ID: 17, RSRP_SOURCE: -109.49, RSRP_TARGET: -99.10, RSRQ_SOURCE: -3.00, RSRQ_TARGET: -3.00, SINR_SOURCE: 2.93, SINR_TARGET: 11.60, TIME_TO_TRIGGER: 8.00, A3_OFFSET: 8.00, HOF: 1
TIMESTAMP: 224, UE_ID: 22, CELL_SOURCE_ID: 19, CELL_TARGET_ID: 1, RSRP_SOURCE: -86.74, RSRP_TARGET: -73.87, RSRQ_SOURCE: -3.00, RSRQ_TARGET: -3.00, SINR_SOURCE: 14.88, SINR_TARGET: 33.66, TIME_TO_TRIGGER: 8.00, A3_OFFSET: 8.00, HOF: 1
TIMESTAMP: 224, UE_ID: 236, CELL_SOURCE_ID: 19, CELL_TARGET_ID: 1, RSRP_SOURCE: -84.45, RSRP_TARGET: -68.83, RSRQ_SOURCE: -3.00, RSRQ_TARGET: -3.00, SINR_SOURCE: 17.75, SINR_TARGET: 44.82, TIME_TO_TRIGGER: 8.00, A3_OFFSET: 8.00, HOF: 1
TIMESTAMP: 234, UE_ID: 24, CELL_SOURCE_ID: 18, CELL_TARGET_ID: 1, RSRP_SOURCE: -82.30, RSRP_TARGET: -62.10, RSRQ_SOURCE: -3.00, RSRQ_TARGET: -3.00, SINR_SOURCE: 16.85, SINR_TARGET: 47.04, TIME_TO_TRIGGER: 8.00, A3_OFFSET: 8.00, HOF: 1
TIMESTAMP: 234, UE_ID: 124, CELL_SOURCE_ID: 18, CELL_TARGET_ID: 1, RSRP_SOURCE: -82.61, RSRP_TARGET: -72.34, RSRQ_SOURCE: -3.00, RSRQ_TARGET: -3.00, SINR_SOURCE: 21.29, SINR_TARGET: 36.57, TIME_TO_TRIGGER: 8.00, A3_OFFSET: 8.00, HOF: 1
TIMESTAMP: 236, UE_ID: 298, CELL_SOURCE_ID: 20, CELL_TARGET_ID: 1, RSRP_SOURCE: -73.84, RSRP_TARGET: -64.58, RSRQ_SOURCE: -3.00, RSRQ_TARGET: -3.00, SINR_SOURCE: 36.29, SINR_TARGET: 47.62, TIME_TO_TRIGGER: 8.00, A3_OFFSET: 8.00, HOF: 1
TIMESTAMP: 246, UE_ID: 93, CELL_SOURCE_ID: 21, CELL_TARGET_ID: 1, RSRP_SOURCE: -64.93, RSRP_TARGET: -49.32, RSRQ_SOURCE: -3.00, RSRQ_TARGET: -3.00, SINR_SOURCE: 33.31, SINR_TARGET: 64.21, TIME_TO_TRIGGER: 8.00, A3_OFFSET: 8.00, HOF: 1
TIMESTAMP: 250, UE_ID: 22, CELL_SOURCE_ID: 1, CELL_TARGET_ID: 2, RSRP_SOURCE: -77.75, RSRP_TARGET: -66.22, RSRQ_SOURCE: -3.00, RSRQ_TARGET: -3.00, SINR_SOURCE: 34.39, SINR_TARGET: 41.68, TIME_TO_TRIGGER: 8.00, A3_OFFSET: 8.00, HOF: 1
TIMESTAMP: 250, UE_ID: 93, CELL_SOURCE_ID: 1, CELL_TARGET_ID: 2, RSRP_SOURCE: -81.81, RSRP_TARGET: -72.62, RSRQ_SOURCE: -3.00, RSRQ_TARGET: -3.00, SINR_SOURCE: 24.36, SINR_TARGET: 34.53, TIME_TO_TRIGGER: 8.00, A3_OFFSET: 8.00, HOF: 1
TIMESTAMP: 250, UE_ID: 105, CELL_SOURCE_ID: 1, CELL_TARGET_ID: 2, RSRP_SOURCE: -81.15, RSRP_TARGET: -72.30, RSRQ_SOURCE: -3.00, RSRQ_TARGET: -3.00, SINR_SOURCE: 28.27, SINR_TARGET: 38.87, TIME_TO_TRIGGER: 8.00, A3_OFFSET: 8.00, HOF: 1
TIMESTAMP: 250, UE_ID: 236, CELL_SOURCE_ID: 1, CELL_TARGET_ID: 2, RSRP_SOURCE: -80.46, RSRP_TARGET: -68.20, RSRQ_SOURCE: -3.00, RSRQ_TARGET: -3.00, SINR_SOURCE: 28.56, SINR_TARGET: 43.07, TIME_TO_TRIGGER: 8.00, A3_OFFSET: 8.00, HOF: 1
TIMESTAMP: 253, UE_ID: 49, CELL_SOURCE_ID: 1, CELL_TARGET_ID: 2, RSRP_SOURCE: -87.10, RSRP_TARGET: -72.45, RSRQ_SOURCE: -3.00, RSRQ_TARGET: -3.00, SINR_SOURCE: 21.99, SINR_TARGET: 39.96, TIME_TO_TRIGGER: 8.00, A3_OFFSET: 8.00, HOF: 1
TIMESTAMP: 253, UE_ID: 229, CELL_SOURCE_ID: 1, CELL_TARGET_ID: 2, RSRP_SOURCE: -74.21, RSRP_TARGET: -58.49, RSRQ_SOURCE: -3.00, RSRQ_TARGET: -3.00, SINR_SOURCE: 35.98, SINR_TARGET: 54.81, TIME_TO_TRIGGER: 8.00, A3_OFFSET: 8.00, HOF: 1
TIMESTAMP: 255, UE_ID: 22, CELL_SOURCE_ID: 2, CELL_TARGET_ID: 1, RSRP_SOURCE: -84.79, RSRP_TARGET: -75.64, RSRQ_SOURCE: -3.00, RSRQ_TARGET: -3.00, SINR_SOURCE: 24.63, SINR_TARGET: 36.47, TIME_TO_TRIGGER: 8.00, A3_OFFSET: 8.00, HOF: 1
TIMESTAMP: 255, UE_ID: 49, CELL_SOURCE_ID: 2, CELL_TARGET_ID: 1, RSRP_SOURCE: -91.81, RSRP_TARGET: -78.42, RSRQ_SOURCE: -3.00, RSRQ_TARGET: -3.00, SINR_SOURCE: 22.89, SINR_TARGET: 31.08, TIME_TO_TRIGGER: 8.00, A3_OFFSET: 8.00, HOF: 1
TIMESTAMP: 255, UE_ID: 93, CELL_SOURCE_ID: 2, CELL_TARGET_ID: 1, RSRP_SOURCE: -80.07, RSRP_TARGET: -68.69, RSRQ_SOURCE: -3.00, RSRQ_TARGET: -3.00, SINR_SOURCE: 27.81, SINR_TARGET: 40.48, TIME_TO_TRIGGER: 8.00, A3_OFFSET: 8.00, HOF: 1
TIMESTAMP: 255, UE_ID: 105, CELL_SOURCE_ID: 2, CELL_TARGET_ID: 1, RSRP_SOURCE: -78.85, RSRP_TARGET: -67.60, RSRQ_SOURCE: -3.00, RSRQ_TARGET: -3.00, SINR_SOURCE: 29.80, SINR_TARGET: 42.86, TIME_TO_TRIGGER: 8.00, A3_OFFSET: 8.00, HOF: 1
TIMESTAMP: 255, UE_ID: 236, CELL_SOURCE_ID: 2, CELL_TARGET_ID: 1, RSRP_SOURCE: -77.31, RSRP_TARGET: -67.11, RSRQ_SOURCE: -3.00, RSRQ_TARGET: -3.00, SINR_SOURCE: 34.08, SINR_TARGET: 42.74, TIME_TO_TRIGGER: 8.00, A3_OFFSET: 8.00, HOF: 1
TIMESTAMP: 256, UE_ID: 229, CELL_SOURCE_ID: 2, CELL_TARGET_ID: 1, RSRP_SOURCE: -82.19, RSRP_TARGET: -66.36, RSRQ_SOURCE: -3.00, RSRQ_TARGET: -3.00, SINR_SOURCE: 25.79, SINR_TARGET: 41.72, TIME_TO_TRIGGER: 8.00, A3_OFFSET: 8.00, HOF: 1
TIMESTAMP: 258, UE_ID: 49, CELL_SOURCE_ID: 1, CELL_TARGET_ID: 2, RSRP_SOURCE: -81.71, RSRP_TARGET: -73.36, RSRQ_SOURCE: -3.00, RSRQ_TARGET: -3.00, SINR_SOURCE: 28.50, SINR_TARGET: 39.45, TIME_TO_TRIGGER: 8.00, A3_OFFSET: 8.00, HOF: 1
TIMESTAMP: 258, UE_ID: 93, CELL_SOURCE_ID: 1, CELL_TARGET_ID: 2, RSRP_SOURCE: -86.59, RSRP_TARGET: -78.45, RSRQ_SOURCE: -3.00, RSRQ_TARGET: -3.00, SINR_SOURCE: 22.07, SINR_TARGET: 31.03, TIME_TO_TRIGGER: 8.00, A3_OFFSET: 8.00, HOF: 1
TIMESTAMP: 260, UE_ID: 93, CELL_SOURCE_ID: 2, CELL_TARGET_ID: 1, RSRP_SOURCE: -76.62, RSRP_TARGET: -66.98, RSRQ_SOURCE: -3.00, RSRQ_TARGET: -3.00, SINR_SOURCE: 36.77, SINR_TARGET: 43.99, TIME_TO_TRIGGER: 8.00, A3_OFFSET: 8.00, HOF: 1
TIMESTAMP: 261, UE_ID: 22, CELL_SOURCE_ID: 1, CELL_TARGET_ID: 2, RSRP_SOURCE: -62.80, RSRP_TARGET: -53.04, RSRQ_SOURCE: -3.00, RSRQ_TARGET: -3.00, SINR_SOURCE: 46.71, SINR_TARGET: 54.89, TIME_TO_TRIGGER: 8.00, A3_OFFSET: 8.00, HOF: 1
TIMESTAMP: 261, UE_ID: 229, CELL_SOURCE_ID: 1, CELL_TARGET_ID: 2, RSRP_SOURCE: -77.64, RSRP_TARGET: -69.43, RSRQ_SOURCE: -3.00, RSRQ_TARGET: -3.00, SINR_SOURCE: 34.14, SINR_TARGET: 41.40, TIME_TO_TRIGGER: 8.00, A3_OFFSET: 8.00, HOF: 1
TIMESTAMP: 261, UE_ID: 236, CELL_SOURCE_ID: 1, CELL_TARGET_ID: 2, RSRP_SOURCE: -80.51, RSRP_TARGET: -69.38, RSRQ_SOURCE: -3.00, RSRQ_TARGET: -3.00, SINR_SOURCE: 31.57, SINR_TARGET: 39.53, TIME_TO_TRIGGER: 8.00, A3_OFFSET: 8.00, HOF: 1
TIMESTAMP: 263, UE_ID: 236, CELL_SOURCE_ID: 2, CELL_TARGET_ID: 1, RSRP_SOURCE: -76.48, RSRP_TARGET: -68.31, RSRQ_SOURCE: -3.00, RSRQ_TARGET: -3.00, SINR_SOURCE: 34.51, SINR_TARGET: 39.25, TIME_TO_TRIGGER: 8.00, A3_OFFSET: 8.00, HOF: 1
TIMESTAMP: 267, UE_ID: 22, CELL_SOURCE_ID: 2, CELL_TARGET_ID: 1, RSRP_SOURCE: -91.03, RSRP_TARGET: -63.07, RSRQ_SOURCE: -3.00, RSRQ_TARGET: -3.00, SINR_SOURCE: 14.22, SINR_TARGET: 45.62, TIME_TO_TRIGGER: 8.00, A3_OFFSET: 8.00, HOF: 1
TIMESTAMP: 267, UE_ID: 49, CELL_SOURCE_ID: 2, CELL_TARGET_ID: 1, RSRP_SOURCE: -102.78, RSRP_TARGET: -77.54, RSRQ_SOURCE: -3.00, RSRQ_TARGET: -3.00, SINR_SOURCE: -1.29, SINR_TARGET: 31.27, TIME_TO_TRIGGER: 8.00, A3_OFFSET: 8.00, HOF: 1
TIMESTAMP: 267, UE_ID: 229, CELL_SOURCE_ID: 2, CELL_TARGET_ID: 1, RSRP_SOURCE: -87.87, RSRP_TARGET: -69.44, RSRQ_SOURCE: -3.00, RSRQ_TARGET: -3.00, SINR_SOURCE: 14.26, SINR_TARGET: 40.29, TIME_TO_TRIGGER: 8.00, A3_OFFSET: 8.00, HOF: 1
TIMESTAMP: 274, UE_ID: 22, CELL_SOURCE_ID: 1, CELL_TARGET_ID: 2, RSRP_SOURCE: -78.21, RSRP_TARGET: -63.20, RSRQ_SOURCE: -3.00, RSRQ_TARGET: -3.00, SINR_SOURCE: 28.48, SINR_TARGET: 45.40, TIME_TO_TRIGGER: 8.00, A3_OFFSET: 8.00, HOF: 1
TIMESTAMP: 274, UE_ID: 49, CELL_SOURCE_ID: 1, CELL_TARGET_ID: 2, RSRP_SOURCE: -87.33, RSRP_TARGET: -75.63, RSRQ_SOURCE: -3.00, RSRQ_TARGET: -3.00, SINR_SOURCE: 20.24, SINR_TARGET: 35.50, TIME_TO_TRIGGER: 8.00, A3_OFFSET: 8.00, HOF: 1
TIMESTAMP: 274, UE_ID: 93, CELL_SOURCE_ID: 1, CELL_TARGET_ID: 2, RSRP_SOURCE: -87.29, RSRP_TARGET: -73.85, RSRQ_SOURCE: -3.00, RSRQ_TARGET: -3.00, SINR_SOURCE: 19.95, SINR_TARGET: 34.76, TIME_TO_TRIGGER: 8.00, A3_OFFSET: 8.00, HOF: 0
TIMESTAMP: 274, UE_ID: 105, CELL_SOURCE_ID: 1, CELL_TARGET_ID: 2, RSRP_SOURCE: -72.29, RSRP_TARGET: -59.44, RSRQ_SOURCE: -3.00, RSRQ_TARGET: -3.00, SINR_SOURCE: 34.96, SINR_TARGET: 50.68, TIME_TO_TRIGGER: 8.00, A3_OFFSET: 8.00, HOF: 1
TIMESTAMP: 274, UE_ID: 229, CELL_SOURCE_ID: 1, CELL_TARGET_ID: 2, RSRP_SOURCE: -92.99, RSRP_TARGET: -75.24, RSRQ_SOURCE: -3.00, RSRQ_TARGET: -3.00, SINR_SOURCE: 14.94, SINR_TARGET: 37.12, TIME_TO_TRIGGER: 8.00, A3_OFFSET: 8.00, HOF: 0
TIMESTAMP: 274, UE_ID: 236, CELL_SOURCE_ID: 1, CELL_TARGET_ID: 2, RSRP_SOURCE: -84.31, RSRP_TARGET: -68.23, RSRQ_SOURCE: -3.00, RSRQ_TARGET: -3.00, SINR_SOURCE: 25.43, SINR_TARGET: 41.20, TIME_TO_TRIGGER: 8.00, A3_OFFSET: 8.00, HOF: 1
TIMESTAMP: 276, UE_ID: 93, CELL_SOURCE_ID: 1, CELL_TARGET_ID: 2, RSRP_SOURCE: -95.93, RSRP_TARGET: -71.95, RSRQ_SOURCE: -3.00, RSRQ_TARGET: -3.00, SINR_SOURCE: 3.05, SINR_TARGET: 41.76, TIME_TO_TRIGGER: 8.00, A3_OFFSET: 8.00, HOF: 1
TIMESTAMP: 276, UE_ID: 229, CELL_SOURCE_ID: 1, CELL_TARGET_ID: 2, RSRP_SOURCE: -91.62, RSRP_TARGET: -75.22, RSRQ_SOURCE: -3.00, RSRQ_TARGET: -3.00, SINR_SOURCE: 13.21, SINR_TARGET: 36.19, TIME_TO_TRIGGER: 8.00, A3_OFFSET: 8.00, HOF: 1
TIMESTAMP: 278, UE_ID: 105, CELL_SOURCE_ID: 2, CELL_TARGET_ID: 1, RSRP_SOURCE: -73.54, RSRP_TARGET: -64.09, RSRQ_SOURCE: -3.00, RSRQ_TARGET: -3.00, SINR_SOURCE: 33.19, SINR_TARGET: 45.81, TIME_TO_TRIGGER: 8.00, A3_OFFSET: 8.00, HOF: 1
TIMESTAMP: 280, UE_ID: 229, CELL_SOURCE_ID: 2, CELL_TARGET_ID: 1, RSRP_SOURCE: -91.88, RSRP_TARGET: -83.60, RSRQ_SOURCE: -3.00, RSRQ_TARGET: -3.00, SINR_SOURCE: 17.55, SINR_TARGET: 27.78, TIME_TO_TRIGGER: 8.00, A3_OFFSET: 8.00, HOF: 1
TIMESTAMP: 282, UE_ID: 229, CELL_SOURCE_ID: 1, CELL_TARGET_ID: 2, RSRP_SOURCE: -75.28, RSRP_TARGET: -66.49, RSRQ_SOURCE: -3.00, RSRQ_TARGET: -3.00, SINR_SOURCE: 35.35, SINR_TARGET: 46.07, TIME_TO_TRIGGER: 8.00, A3_OFFSET: 8.00, HOF: 1
TIMESTAMP: 284, UE_ID: 22, CELL_SOURCE_ID: 2, CELL_TARGET_ID: 1, RSRP_SOURCE: -91.77, RSRP_TARGET: -73.91, RSRQ_SOURCE: -3.00, RSRQ_TARGET: -3.00, SINR_SOURCE: 9.70, SINR_TARGET: 37.80, TIME_TO_TRIGGER: 8.00, A3_OFFSET: 8.00, HOF: 1
TIMESTAMP: 284, UE_ID: 49, CELL_SOURCE_ID: 2, CELL_TARGET_ID: 1, RSRP_SOURCE: -107.64, RSRP_TARGET: -80.86, RSRQ_SOURCE: -3.00, RSRQ_TARGET: -3.00, SINR_SOURCE: -6.48, SINR_TARGET: 27.96, TIME_TO_TRIGGER: 8.00, A3_OFFSET: 8.00, HOF: 1
TIMESTAMP: 284, UE_ID: 93, CELL_SOURCE_ID: 2, CELL_TARGET_ID: 1, RSRP_SOURCE: -90.47, RSRP_TARGET: -71.01, RSRQ_SOURCE: -3.00, RSRQ_TARGET: -3.00, SINR_SOURCE: 13.98, SINR_TARGET: 40.10, TIME_TO_TRIGGER: 8.00, A3_OFFSET: 8.00, HOF: 1
TIMESTAMP: 284, UE_ID: 229, CELL_SOURCE_ID: 2, CELL_TARGET_ID: 1, RSRP_SOURCE: -100.03, RSRP_TARGET: -84.81, RSRQ_SOURCE: -3.00, RSRQ_TARGET: -3.00, SINR_SOURCE: -2.71, SINR_TARGET: 26.93, TIME_TO_TRIGGER: 8.00, A3_OFFSET: 8.00, HOF: 1
TIMESTAMP: 284, UE_ID: 236, CELL_SOURCE_ID: 2, CELL_TARGET_ID: 1, RSRP_SOURCE: -84.48, RSRP_TARGET: -69.15, RSRQ_SOURCE: -3.00, RSRQ_TARGET: -3.00, SINR_SOURCE: 19.72, SINR_TARGET: 40.91, TIME_TO_TRIGGER: 8.00, A3_OFFSET: 8.00, HOF: 1
TIMESTAMP: 287, UE_ID: 22, CELL_SOURCE_ID: 1, CELL_TARGET_ID: 2, RSRP_SOURCE: -70.46, RSRP_TARGET: -61.21, RSRQ_SOURCE: -3.00, RSRQ_TARGET: -3.00, SINR_SOURCE: 39.89, SINR_TARGET: 52.18, TIME_TO_TRIGGER: 8.00, A3_OFFSET: 8.00, HOF: 1
TIMESTAMP: 287, UE_ID: 49, CELL_SOURCE_ID: 1, CELL_TARGET_ID: 2, RSRP_SOURCE: -85.60, RSRP_TARGET: -75.18, RSRQ_SOURCE: -3.00, RSRQ_TARGET: -3.00, SINR_SOURCE: 24.39, SINR_TARGET: 33.66, TIME_TO_TRIGGER: 8.00, A3_OFFSET: 8.00, HOF: 1
TIMESTAMP: 287, UE_ID: 93, CELL_SOURCE_ID: 1, CELL_TARGET_ID: 2, RSRP_SOURCE: -76.28, RSRP_TARGET: -65.95, RSRQ_SOURCE: -3.00, RSRQ_TARGET: -3.00, SINR_SOURCE: 34.74, SINR_TARGET: 43.20, TIME_TO_TRIGGER: 8.00, A3_OFFSET: 8.00, HOF: 1
TIMESTAMP: 287, UE_ID: 105, CELL_SOURCE_ID: 1, CELL_TARGET_ID: 2, RSRP_SOURCE: -52.36, RSRP_TARGET: -43.04, RSRQ_SOURCE: -3.00, RSRQ_TARGET: -3.00, SINR_SOURCE: 56.04, SINR_TARGET: 70.27, TIME_TO_TRIGGER: 8.00, A3_OFFSET: 8.00, HOF: 1
TIMESTAMP: 287, UE_ID: 124, CELL_SOURCE_ID: 1, CELL_TARGET_ID: 2, RSRP_SOURCE: -78.26, RSRP_TARGET: -66.37, RSRQ_SOURCE: -3.00, RSRQ_TARGET: -3.00, SINR_SOURCE: 27.73, SINR_TARGET: 43.29, TIME_TO_TRIGGER: 8.00, A3_OFFSET: 8.00, HOF: 1
TIMESTAMP: 287, UE_ID: 229, CELL_SOURCE_ID: 1, CELL_TARGET_ID: 2, RSRP_SOURCE: -69.91, RSRP_TARGET: -61.84, RSRQ_SOURCE: -3.00, RSRQ_TARGET: -3.00, SINR_SOURCE: 38.01, SINR_TARGET: 48.74, TIME_TO_TRIGGER: 8.00, A3_OFFSET: 8.00, HOF: 1
TIMESTAMP: 294, UE_ID: 22, CELL_SOURCE_ID: 2, CELL_TARGET_ID: 1, RSRP_SOURCE: -91.78, RSRP_TARGET: -72.97, RSRQ_SOURCE: -3.00, RSRQ_TARGET: -3.00, SINR_SOURCE: 8.00, SINR_TARGET: 35.65, TIME_TO_TRIGGER: 8.00, A3_OFFSET: 8.00, HOF: 1
TIMESTAMP: 294, UE_ID: 49, CELL_SOURCE_ID: 2, CELL_TARGET_ID: 1, RSRP_SOURCE: -101.36, RSRP_TARGET: -83.59, RSRQ_SOURCE: -3.00, RSRQ_TARGET: -3.00, SINR_SOURCE: -1.31, SINR_TARGET: 25.18, TIME_TO_TRIGGER: 8.00, A3_OFFSET: 8.00, HOF: 1
TIMESTAMP: 294, UE_ID: 93, CELL_SOURCE_ID: 2, CELL_TARGET_ID: 1, RSRP_SOURCE: -76.05, RSRP_TARGET: -55.40, RSRQ_SOURCE: -3.00, RSRQ_TARGET: -3.00, SINR_SOURCE: 24.86, SINR_TARGET: 52.13, TIME_TO_TRIGGER: 8.00, A3_OFFSET: 8.00, HOF: 1
TIMESTAMP: 294, UE_ID: 229, CELL_SOURCE_ID: 2, CELL_TARGET_ID: 1, RSRP_SOURCE: -97.21, RSRP_TARGET: -78.10, RSRQ_SOURCE: -3.00, RSRQ_TARGET: -3.00, SINR_SOURCE: 4.07, SINR_TARGET: 31.50, TIME_TO_TRIGGER: 8.00, A3_OFFSET: 8.00, HOF: 1
TIMESTAMP: 297, UE_ID: 105, CELL_SOURCE_ID: 2, CELL_TARGET_ID: 1, RSRP_SOURCE: -77.15, RSRP_TARGET: -62.51, RSRQ_SOURCE: -3.00, RSRQ_TARGET: -3.00, SINR_SOURCE: 33.71, SINR_TARGET: 48.28, TIME_TO_TRIGGER: 8.00, A3_OFFSET: 8.00, HOF: 1
TIMESTAMP: 297, UE_ID: 124, CELL_SOURCE_ID: 2, CELL_TARGET_ID: 1, RSRP_SOURCE: -84.46, RSRP_TARGET: -68.60, RSRQ_SOURCE: -3.00, RSRQ_TARGET: -3.00, SINR_SOURCE: 31.35, SINR_TARGET: 40.88, TIME_TO_TRIGGER: 8.00, A3_OFFSET: 8.00, HOF: 1
TIMESTAMP: 299, UE_ID: 22, CELL_SOURCE_ID: 1, CELL_TARGET_ID: 2, RSRP_SOURCE: -86.32, RSRP_TARGET: -73.12, RSRQ_SOURCE: -3.00, RSRQ_TARGET: -3.00, SINR_SOURCE: 25.25, SINR_TARGET: 38.64, TIME_TO_TRIGGER: 8.00, A3_OFFSET: 8.00, HOF: 0
TIMESTAMP: 299, UE_ID: 49, CELL_SOURCE_ID: 1, CELL_TARGET_ID: 2, RSRP_SOURCE: -83.33, RSRP_TARGET: -71.79, RSRQ_SOURCE: -3.00, RSRQ_TARGET: -3.00, SINR_SOURCE: 27.59, SINR_TARGET: 37.24, TIME_TO_TRIGGER: 8.00, A3_OFFSET: 8.00, HOF: 1
TIMESTAMP: 299, UE_ID: 93, CELL_SOURCE_ID: 1, CELL_TARGET_ID: 2, RSRP_SOURCE: -77.73, RSRP_TARGET: -66.61, RSRQ_SOURCE: -3.00, RSRQ_TARGET: -3.00, SINR_SOURCE: 33.32, SINR_TARGET: 42.73, TIME_TO_TRIGGER: 8.00, A3_OFFSET: 8.00, HOF: 1
TIMESTAMP: 299, UE_ID: 229, CELL_SOURCE_ID: 1, CELL_TARGET_ID: 2, RSRP_SOURCE: -78.90, RSRP_TARGET: -68.27, RSRQ_SOURCE: -3.00, RSRQ_TARGET: -3.00, SINR_SOURCE: 33.68, SINR_TARGET: 42.73, TIME_TO_TRIGGER: 8.00, A3_OFFSET: 8.00, HOF: 1
